# JRE version: OpenJDK Runtime Environment (8.0_152-b02) (build 1.8.0_152-release-1024-b02)
# Java VM: OpenJDK 64-Bit Server VM (25.152-b02 mixed mode windows-amd64 compressed oops)
Heap:
 PSYoungGen      total 128512K, used 76483K [0x00000000e0000000, 0x00000000e8900000, 0x0000000100000000)
  eden space 117760K, 55% used [0x00000000e0000000,0x00000000e4034df0,0x00000000e7300000)
  from space 10752K, 99% used [0x00000000e7400000,0x00000000e7e7c100,0x00000000e7e80000)
  to   space 9216K, 0% used [0x00000000e8000000,0x00000000e8000000,0x00000000e8900000)
 ParOldGen       total 54272K, used 25721K [0x00000000a0000000, 0x00000000a3500000, 0x00000000e0000000)
  object space 54272K, 47% used [0x00000000a0000000,0x00000000a191e5f8,0x00000000a3500000)
 Metaspace       used 53900K, capacity 55700K, committed 55896K, reserved 1097728K
  class space    used 7482K, capacity 7951K, committed 8024K, reserved 1048576K
GC Heap History (10 events):
Event: 10.502 GC heap before
{Heap before GC invocations=11 (full 1):
 PSYoungGen      total 72704K, used 72166K [0x00000000e0000000, 0x00000000e6900000, 0x0000000100000000)
  eden space 65536K, 100% used [0x00000000e0000000,0x00000000e4000000,0x00000000e4000000)
  from space 7168K, 92% used [0x00000000e4000000,0x00000000e46798f0,0x00000000e4700000)
  to   space 8192K, 0% used [0x00000000e6100000,0x00000000e6100000,0x00000000e6900000)
 ParOldGen       total 32256K, used 7972K [0x00000000a0000000, 0x00000000a1f80000, 0x00000000e0000000)
  object space 32256K, 24% used [0x00000000a0000000,0x00000000a07c9300,0x00000000a1f80000)
 Metaspace       used 30270K, capacity 30960K, committed 31104K, reserved 1075200K
  class space    used 4264K, capacity 4449K, committed 4480K, reserved 1048576K
Event: 10.526 GC heap after
Heap after GC invocations=11 (full 1):
 PSYoungGen      total 97792K, used 8187K [0x00000000e0000000, 0x00000000e6b00000, 0x0000000100000000)
  eden space 89600K, 0% used [0x00000000e0000000,0x00000000e0000000,0x00000000e5780000)
  from space 8192K, 99% used [0x00000000e6100000,0x00000000e68fecf8,0x00000000e6900000)
  to   space 9728K, 0% used [0x00000000e5780000,0x00000000e5780000,0x00000000e6100000)
 ParOldGen       total 32256K, used 9787K [0x00000000a0000000, 0x00000000a1f80000, 0x00000000e0000000)
  object space 32256K, 30% used [0x00000000a0000000,0x00000000a098efa0,0x00000000a1f80000)
 Metaspace       used 30270K, capacity 30960K, committed 31104K, reserved 1075200K
  class space    used 4264K, capacity 4449K, committed 4480K, reserved 1048576K
}
Event: 12.307 GC heap before
{Heap before GC invocations=12 (full 1):
 PSYoungGen      total 97792K, used 44243K [0x00000000e0000000, 0x00000000e6b00000, 0x0000000100000000)
  eden space 89600K, 40% used [0x00000000e0000000,0x00000000e23360e8,0x00000000e5780000)
  from space 8192K, 99% used [0x00000000e6100000,0x00000000e68fecf8,0x00000000e6900000)
  to   space 9728K, 0% used [0x00000000e5780000,0x00000000e5780000,0x00000000e6100000)
 ParOldGen       total 32256K, used 9787K [0x00000000a0000000, 0x00000000a1f80000, 0x00000000e0000000)
  object space 32256K, 30% used [0x00000000a0000000,0x00000000a098efa0,0x00000000a1f80000)
 Metaspace       used 34382K, capacity 35268K, committed 35416K, reserved 1079296K
  class space    used 4817K, capacity 5123K, committed 5208K, reserved 1048576K
Event: 12.327 GC heap after
Heap after GC invocations=12 (full 1):
 PSYoungGen      total 99328K, used 4407K [0x00000000e0000000, 0x00000000e8900000, 0x0000000100000000)
  eden space 89600K, 0% used [0x00000000e0000000,0x00000000e0000000,0x00000000e5780000)
  from space 9728K, 45% used [0x00000000e5780000,0x00000000e5bcdf60,0x00000000e6100000)
  to   space 9216K, 0% used [0x00000000e8000000,0x00000000e8000000,0x00000000e8900000)
 ParOldGen       total 32256K, used 16297K [0x00000000a0000000, 0x00000000a1f80000, 0x00000000e0000000)
  object space 32256K, 50% used [0x00000000a0000000,0x00000000a0fea650,0x00000000a1f80000)
 Metaspace       used 34382K, capacity 35268K, committed 35416K, reserved 1079296K
  class space    used 4817K, capacity 5123K, committed 5208K, reserved 1048576K
}
Event: 12.327 GC heap before
{Heap before GC invocations=13 (full 2):
 PSYoungGen      total 99328K, used 4407K [0x00000000e0000000, 0x00000000e8900000, 0x0000000100000000)
  eden space 89600K, 0% used [0x00000000e0000000,0x00000000e0000000,0x00000000e5780000)
  from space 9728K, 45% used [0x00000000e5780000,0x00000000e5bcdf60,0x00000000e6100000)
  to   space 9216K, 0% used [0x00000000e8000000,0x00000000e8000000,0x00000000e8900000)
 ParOldGen       total 32256K, used 16297K [0x00000000a0000000, 0x00000000a1f80000, 0x00000000e0000000)
  object space 32256K, 50% used [0x00000000a0000000,0x00000000a0fea650,0x00000000a1f80000)
 Metaspace       used 34382K, capacity 35268K, committed 35416K, reserved 1079296K
  class space    used 4817K, capacity 5123K, committed 5208K, reserved 1048576K
Event: 12.423 GC heap after
Heap after GC invocations=13 (full 2):
 PSYoungGen      total 99328K, used 0K [0x00000000e0000000, 0x00000000e8900000, 0x0000000100000000)
  eden space 89600K, 0% used [0x00000000e0000000,0x00000000e0000000,0x00000000e5780000)
  from space 9728K, 0% used [0x00000000e5780000,0x00000000e5780000,0x00000000e6100000)
  to   space 9216K, 0% used [0x00000000e8000000,0x00000000e8000000,0x00000000e8900000)
 ParOldGen       total 54272K, used 17510K [0x00000000a0000000, 0x00000000a3500000, 0x00000000e0000000)
  object space 54272K, 32% used [0x00000000a0000000,0x00000000a11199c8,0x00000000a3500000)
 Metaspace       used 34382K, capacity 35268K, committed 35416K, reserved 1079296K
  class space    used 4817K, capacity 5123K, committed 5208K, reserved 1048576K
}
Event: 14.308 GC heap before
{Heap before GC invocations=14 (full 2):
 PSYoungGen      total 99328K, used 89600K [0x00000000e0000000, 0x00000000e8900000, 0x0000000100000000)
  eden space 89600K, 100% used [0x00000000e0000000,0x00000000e5780000,0x00000000e5780000)
  from space 9728K, 0% used [0x00000000e5780000,0x00000000e5780000,0x00000000e6100000)
  to   space 9216K, 0% used [0x00000000e8000000,0x00000000e8000000,0x00000000e8900000)
 ParOldGen       total 54272K, used 17510K [0x00000000a0000000, 0x00000000a3500000, 0x00000000e0000000)
  object space 54272K, 32% used [0x00000000a0000000,0x00000000a11199c8,0x00000000a3500000)
 Metaspace       used 40642K, capacity 41594K, committed 41816K, reserved 1085440K
  class space    used 5554K, capacity 5880K, committed 5976K, reserved 1048576K
Event: 14.325 GC heap after
Heap after GC invocations=14 (full 2):
 PSYoungGen      total 126976K, used 9196K [0x00000000e0000000, 0x00000000e8900000, 0x0000000100000000)
  eden space 117760K, 0% used [0x00000000e0000000,0x00000000e0000000,0x00000000e7300000)
  from space 9216K, 99% used [0x00000000e8000000,0x00000000e88fb338,0x00000000e8900000)
  to   space 10752K, 0% used [0x00000000e7400000,0x00000000e7400000,0x00000000e7e80000)
 ParOldGen       total 54272K, used 18155K [0x00000000a0000000, 0x00000000a3500000, 0x00000000e0000000)
  object space 54272K, 33% used [0x00000000a0000000,0x00000000a11bad88,0x00000000a3500000)
 Metaspace       used 40642K, capacity 41594K, committed 41816K, reserved 1085440K
  class space    used 5554K, capacity 5880K, committed 5976K, reserved 1048576K
}
Event: 18.076 GC heap before
{Heap before GC invocations=15 (full 2):
 PSYoungGen      total 126976K, used 126956K [0x00000000e0000000, 0x00000000e8900000, 0x0000000100000000)
  eden space 117760K, 100% used [0x00000000e0000000,0x00000000e7300000,0x00000000e7300000)
  from space 9216K, 99% used [0x00000000e8000000,0x00000000e88fb338,0x00000000e8900000)
  to   space 10752K, 0% used [0x00000000e7400000,0x00000000e7400000,0x00000000e7e80000)
 ParOldGen       total 54272K, used 18155K [0x00000000a0000000, 0x00000000a3500000, 0x00000000e0000000)
  object space 54272K, 33% used [0x00000000a0000000,0x00000000a11bad88,0x00000000a3500000)
 Metaspace       used 50838K, capacity 52498K, committed 52824K, reserved 1095680K
  class space    used 6977K, capacity 7433K, committed 7512K, reserved 1048576K
Event: 18.141 GC heap after
Heap after GC invocations=15 (full 2):
 PSYoungGen      total 128512K, used 10736K [0x00000000e0000000, 0x00000000e8900000, 0x0000000100000000)
  eden space 117760K, 0% used [0x00000000e0000000,0x00000000e0000000,0x00000000e7300000)
  from space 10752K, 99% used [0x00000000e7400000,0x00000000e7e7c100,0x00000000e7e80000)
  to   space 9216K, 0% used [0x00000000e8000000,0x00000000e8000000,0x00000000e8900000)
 ParOldGen       total 54272K, used 25721K [0x00000000a0000000, 0x00000000a3500000, 0x00000000e0000000)
  object space 54272K, 47% used [0x00000000a0000000,0x00000000a191e5f8,0x00000000a3500000)
 Metaspace       used 50838K, capacity 52498K, committed 52824K, reserved 1095680K
  class space    used 6977K, capacity 7433K, committed 7512K, reserved 1048576K
}

