# JRE version: OpenJDK Runtime Environment (8.0_152-b02) (build 1.8.0_152-release-1024-b02)
# Java VM: OpenJDK 64-Bit Server VM (25.152-b02 mixed mode windows-amd64 compressed oops)
Heap:
 PSYoungGen      total 94208K, used 54435K [0x00000000e0000000, 0x00000000e7c00000, 0x0000000100000000)
  eden space 84992K, 64% used [0x00000000e0000000,0x00000000e3528f78,0x00000000e5300000)
  from space 9216K, 0% used [0x00000000e5300000,0x00000000e5300000,0x00000000e5c00000)
  to   space 9216K, 0% used [0x00000000e7300000,0x00000000e7300000,0x00000000e7c00000)
 ParOldGen       total 34304K, used 16203K [0x00000000a0000000, 0x00000000a2180000, 0x00000000e0000000)
  object space 34304K, 47% used [0x00000000a0000000,0x00000000a0fd2e88,0x00000000a2180000)
 Metaspace       used 37035K, capacity 37853K, committed 38232K, reserved 1085440K
  class space    used 5091K, capacity 5365K, committed 5504K, reserved 1048576K
GC Heap History (10 events):
Event: 7.248 GC heap before
{Heap before GC invocations=9 (full 1):
 PSYoungGen      total 72704K, used 4766K [0x00000000e0000000, 0x00000000e4e00000, 0x0000000100000000)
  eden space 65536K, 0% used [0x00000000e0000000,0x00000000e0000000,0x00000000e4000000)
  from space 7168K, 66% used [0x00000000e4700000,0x00000000e4ba7ba0,0x00000000e4e00000)
  to   space 7168K, 0% used [0x00000000e4000000,0x00000000e4000000,0x00000000e4700000)
 ParOldGen       total 44032K, used 7343K [0x00000000a0000000, 0x00000000a2b00000, 0x00000000e0000000)
  object space 44032K, 16% used [0x00000000a0000000,0x00000000a072bee8,0x00000000a2b00000)
 Metaspace       used 20825K, capacity 21200K, committed 21248K, reserved 1067008K
  class space    used 2904K, capacity 3038K, committed 3072K, reserved 1048576K
Event: 7.341 GC heap after
Heap after GC invocations=9 (full 1):
 PSYoungGen      total 72704K, used 0K [0x00000000e0000000, 0x00000000e4e00000, 0x0000000100000000)
  eden space 65536K, 0% used [0x00000000e0000000,0x00000000e0000000,0x00000000e4000000)
  from space 7168K, 0% used [0x00000000e4700000,0x00000000e4700000,0x00000000e4e00000)
  to   space 7168K, 0% used [0x00000000e4000000,0x00000000e4000000,0x00000000e4700000)
 ParOldGen       total 34304K, used 7817K [0x00000000a0000000, 0x00000000a2180000, 0x00000000e0000000)
  object space 34304K, 22% used [0x00000000a0000000,0x00000000a07a2618,0x00000000a2180000)
 Metaspace       used 20825K, capacity 21200K, committed 21248K, reserved 1067008K
  class space    used 2904K, capacity 3038K, committed 3072K, reserved 1048576K
}
Event: 9.720 GC heap before
{Heap before GC invocations=10 (full 1):
 PSYoungGen      total 72704K, used 65536K [0x00000000e0000000, 0x00000000e4e00000, 0x0000000100000000)
  eden space 65536K, 100% used [0x00000000e0000000,0x00000000e4000000,0x00000000e4000000)
  from space 7168K, 0% used [0x00000000e4700000,0x00000000e4700000,0x00000000e4e00000)
  to   space 7168K, 0% used [0x00000000e4000000,0x00000000e4000000,0x00000000e4700000)
 ParOldGen       total 34304K, used 7817K [0x00000000a0000000, 0x00000000a2180000, 0x00000000e0000000)
  object space 34304K, 22% used [0x00000000a0000000,0x00000000a07a2618,0x00000000a2180000)
 Metaspace       used 26603K, capacity 27056K, committed 27136K, reserved 1073152K
  class space    used 3664K, capacity 3829K, committed 3840K, reserved 1048576K
Event: 9.741 GC heap after
Heap after GC invocations=10 (full 1):
 PSYoungGen      total 72704K, used 7150K [0x00000000e0000000, 0x00000000e6480000, 0x0000000100000000)
  eden space 65536K, 0% used [0x00000000e0000000,0x00000000e0000000,0x00000000e4000000)
  from space 7168K, 99% used [0x00000000e4000000,0x00000000e46fba80,0x00000000e4700000)
  to   space 8192K, 0% used [0x00000000e5c80000,0x00000000e5c80000,0x00000000e6480000)
 ParOldGen       total 34304K, used 7906K [0x00000000a0000000, 0x00000000a2180000, 0x00000000e0000000)
  object space 34304K, 23% used [0x00000000a0000000,0x00000000a07b8a18,0x00000000a2180000)
 Metaspace       used 26603K, capacity 27056K, committed 27136K, reserved 1073152K
  class space    used 3664K, capacity 3829K, committed 3840K, reserved 1048576K
}
Event: 15.521 GC heap before
{Heap before GC invocations=11 (full 1):
 PSYoungGen      total 72704K, used 72686K [0x00000000e0000000, 0x00000000e6480000, 0x0000000100000000)
  eden space 65536K, 100% used [0x00000000e0000000,0x00000000e4000000,0x00000000e4000000)
  from space 7168K, 99% used [0x00000000e4000000,0x00000000e46fba80,0x00000000e4700000)
  to   space 8192K, 0% used [0x00000000e5c80000,0x00000000e5c80000,0x00000000e6480000)
 ParOldGen       total 34304K, used 7906K [0x00000000a0000000, 0x00000000a2180000, 0x00000000e0000000)
  object space 34304K, 23% used [0x00000000a0000000,0x00000000a07b8a18,0x00000000a2180000)
 Metaspace       used 29993K, capacity 30622K, committed 30848K, reserved 1075200K
  class space    used 4199K, capacity 4418K, committed 4480K, reserved 1048576K
Event: 15.553 GC heap after
Heap after GC invocations=11 (full 1):
 PSYoungGen      total 93184K, used 8178K [0x00000000e0000000, 0x00000000e6500000, 0x0000000100000000)
  eden space 84992K, 0% used [0x00000000e0000000,0x00000000e0000000,0x00000000e5300000)
  from space 8192K, 99% used [0x00000000e5c80000,0x00000000e647ca08,0x00000000e6480000)
  to   space 9216K, 0% used [0x00000000e5300000,0x00000000e5300000,0x00000000e5c00000)
 ParOldGen       total 34304K, used 8864K [0x00000000a0000000, 0x00000000a2180000, 0x00000000e0000000)
  object space 34304K, 25% used [0x00000000a0000000,0x00000000a08a8080,0x00000000a2180000)
 Metaspace       used 29993K, capacity 30622K, committed 30848K, reserved 1075200K
  class space    used 4199K, capacity 4418K, committed 4480K, reserved 1048576K
}
Event: 18.087 GC heap before
{Heap before GC invocations=12 (full 1):
 PSYoungGen      total 93184K, used 33950K [0x00000000e0000000, 0x00000000e6500000, 0x0000000100000000)
  eden space 84992K, 30% used [0x00000000e0000000,0x00000000e192b128,0x00000000e5300000)
  from space 8192K, 99% used [0x00000000e5c80000,0x00000000e647ca08,0x00000000e6480000)
  to   space 9216K, 0% used [0x00000000e5300000,0x00000000e5300000,0x00000000e5c00000)
 ParOldGen       total 34304K, used 8864K [0x00000000a0000000, 0x00000000a2180000, 0x00000000e0000000)
  object space 34304K, 25% used [0x00000000a0000000,0x00000000a08a8080,0x00000000a2180000)
 Metaspace       used 34596K, capacity 35261K, committed 35416K, reserved 1079296K
  class space    used 4768K, capacity 4992K, committed 4992K, reserved 1048576K
Event: 18.106 GC heap after
Heap after GC invocations=12 (full 1):
 PSYoungGen      total 94208K, used 3859K [0x00000000e0000000, 0x00000000e7c00000, 0x0000000100000000)
  eden space 84992K, 0% used [0x00000000e0000000,0x00000000e0000000,0x00000000e5300000)
  from space 9216K, 41% used [0x00000000e5300000,0x00000000e56c4f28,0x00000000e5c00000)
  to   space 9216K, 0% used [0x00000000e7300000,0x00000000e7300000,0x00000000e7c00000)
 ParOldGen       total 34304K, used 14752K [0x00000000a0000000, 0x00000000a2180000, 0x00000000e0000000)
  object space 34304K, 43% used [0x00000000a0000000,0x00000000a0e68060,0x00000000a2180000)
 Metaspace       used 34596K, capacity 35261K, committed 35416K, reserved 1079296K
  class space    used 4768K, capacity 4992K, committed 4992K, reserved 1048576K
}
Event: 18.106 GC heap before
{Heap before GC invocations=13 (full 2):
 PSYoungGen      total 94208K, used 3859K [0x00000000e0000000, 0x00000000e7c00000, 0x0000000100000000)
  eden space 84992K, 0% used [0x00000000e0000000,0x00000000e0000000,0x00000000e5300000)
  from space 9216K, 41% used [0x00000000e5300000,0x00000000e56c4f28,0x00000000e5c00000)
  to   space 9216K, 0% used [0x00000000e7300000,0x00000000e7300000,0x00000000e7c00000)
 ParOldGen       total 34304K, used 14752K [0x00000000a0000000, 0x00000000a2180000, 0x00000000e0000000)
  object space 34304K, 43% used [0x00000000a0000000,0x00000000a0e68060,0x00000000a2180000)
 Metaspace       used 34596K, capacity 35261K, committed 35416K, reserved 1079296K
  class space    used 4768K, capacity 4992K, committed 4992K, reserved 1048576K
Event: 18.186 GC heap after
Heap after GC invocations=13 (full 2):
 PSYoungGen      total 94208K, used 0K [0x00000000e0000000, 0x00000000e7c00000, 0x0000000100000000)
  eden space 84992K, 0% used [0x00000000e0000000,0x00000000e0000000,0x00000000e5300000)
  from space 9216K, 0% used [0x00000000e5300000,0x00000000e5300000,0x00000000e5c00000)
  to   space 9216K, 0% used [0x00000000e7300000,0x00000000e7300000,0x00000000e7c00000)
 ParOldGen       total 34304K, used 16203K [0x00000000a0000000, 0x00000000a2180000, 0x00000000e0000000)
  object space 34304K, 47% used [0x00000000a0000000,0x00000000a0fd2e88,0x00000000a2180000)
 Metaspace       used 34596K, capacity 35261K, committed 35416K, reserved 1079296K
  class space    used 4768K, capacity 4992K, committed 4992K, reserved 1048576K
}

