# JRE version: OpenJDK Runtime Environment (8.0_152-b02) (build 1.8.0_152-release-1024-b02)
# Java VM: OpenJDK 64-Bit Server VM (25.152-b02 mixed mode windows-amd64 compressed oops)
Heap:
 PSYoungGen      total 242688K, used 214577K [0x00000000e0000000, 0x00000000f3480000, 0x0000000100000000)
  eden space 204288K, 86% used [0x00000000e0000000,0x00000000eac0e168,0x00000000ec780000)
  from space 38400K, 99% used [0x00000000f0f00000,0x00000000f347e420,0x00000000f3480000)
  to   space 48128K, 0% used [0x00000000ed680000,0x00000000ed680000,0x00000000f0580000)
 ParOldGen       total 190464K, used 105921K [0x00000000a0000000, 0x00000000aba00000, 0x00000000e0000000)
  object space 190464K, 55% used [0x00000000a0000000,0x00000000a6770608,0x00000000aba00000)
 Metaspace       used 75384K, capacity 78387K, committed 78740K, reserved 1118208K
  class space    used 9826K, capacity 10493K, committed 10684K, reserved 1048576K
GC Heap History (10 events):
Event: 57.097 GC heap before
{Heap before GC invocations=20 (full 3):
 PSYoungGen      total 205824K, used 205575K [0x00000000e0000000, 0x00000000ee300000, 0x0000000100000000)
  eden space 186880K, 99% used [0x00000000e0000000,0x00000000eb648190,0x00000000eb680000)
  from space 18944K, 99% used [0x00000000ecc00000,0x00000000ede79b48,0x00000000ede80000)
  to   space 22016K, 0% used [0x00000000eb680000,0x00000000eb680000,0x00000000ecc00000)
 ParOldGen       total 98816K, used 44306K [0x00000000a0000000, 0x00000000a6080000, 0x00000000e0000000)
  object space 98816K, 44% used [0x00000000a0000000,0x00000000a2b449d0,0x00000000a6080000)
 Metaspace       used 69026K, capacity 72321K, committed 72468K, reserved 1112064K
  class space    used 9349K, capacity 10026K, committed 10044K, reserved 1048576K
Event: 57.355 GC heap after
Heap after GC invocations=20 (full 3):
 PSYoungGen      total 208896K, used 21994K [0x00000000e0000000, 0x00000000f3500000, 0x0000000100000000)
  eden space 186880K, 0% used [0x00000000e0000000,0x00000000e0000000,0x00000000eb680000)
  from space 22016K, 99% used [0x00000000eb680000,0x00000000ecbfab70,0x00000000ecc00000)
  to   space 45568K, 0% used [0x00000000f0880000,0x00000000f0880000,0x00000000f3500000)
 ParOldGen       total 98816K, used 98344K [0x00000000a0000000, 0x00000000a6080000, 0x00000000e0000000)
  object space 98816K, 99% used [0x00000000a0000000,0x00000000a600a238,0x00000000a6080000)
 Metaspace       used 69026K, capacity 72321K, committed 72468K, reserved 1112064K
  class space    used 9349K, capacity 10026K, committed 10044K, reserved 1048576K
}
Event: 57.355 GC heap before
{Heap before GC invocations=21 (full 4):
 PSYoungGen      total 208896K, used 21994K [0x00000000e0000000, 0x00000000f3500000, 0x0000000100000000)
  eden space 186880K, 0% used [0x00000000e0000000,0x00000000e0000000,0x00000000eb680000)
  from space 22016K, 99% used [0x00000000eb680000,0x00000000ecbfab70,0x00000000ecc00000)
  to   space 45568K, 0% used [0x00000000f0880000,0x00000000f0880000,0x00000000f3500000)
 ParOldGen       total 98816K, used 98344K [0x00000000a0000000, 0x00000000a6080000, 0x00000000e0000000)
  object space 98816K, 99% used [0x00000000a0000000,0x00000000a600a238,0x00000000a6080000)
 Metaspace       used 69026K, capacity 72321K, committed 72468K, reserved 1112064K
  class space    used 9349K, capacity 10026K, committed 10044K, reserved 1048576K
Event: 58.526 GC heap after
Heap after GC invocations=21 (full 4):
 PSYoungGen      total 208896K, used 7536K [0x00000000e0000000, 0x00000000f3500000, 0x0000000100000000)
  eden space 186880K, 0% used [0x00000000e0000000,0x00000000e0000000,0x00000000eb680000)
  from space 22016K, 34% used [0x00000000eb680000,0x00000000ebddc1d8,0x00000000ecc00000)
  to   space 45568K, 0% used [0x00000000f0880000,0x00000000f0880000,0x00000000f3500000)
 ParOldGen       total 190464K, used 98577K [0x00000000a0000000, 0x00000000aba00000, 0x00000000e0000000)
  object space 190464K, 51% used [0x00000000a0000000,0x00000000a6044598,0x00000000aba00000)
 Metaspace       used 68574K, capacity 71105K, committed 72468K, reserved 1112064K
  class space    used 9191K, capacity 9754K, committed 10044K, reserved 1048576K
}
Event: 65.643 GC heap before
{Heap before GC invocations=22 (full 4):
 PSYoungGen      total 208896K, used 194000K [0x00000000e0000000, 0x00000000f3500000, 0x0000000100000000)
  eden space 186880K, 99% used [0x00000000e0000000,0x00000000eb617fb0,0x00000000eb680000)
  from space 22016K, 34% used [0x00000000eb680000,0x00000000ebddc1d8,0x00000000ecc00000)
  to   space 45568K, 0% used [0x00000000f0880000,0x00000000f0880000,0x00000000f3500000)
 ParOldGen       total 190464K, used 98577K [0x00000000a0000000, 0x00000000aba00000, 0x00000000e0000000)
  object space 190464K, 51% used [0x00000000a0000000,0x00000000a6044598,0x00000000aba00000)
 Metaspace       used 70617K, capacity 73225K, committed 74516K, reserved 1114112K
  class space    used 9402K, capacity 9990K, committed 10300K, reserved 1048576K
Event: 65.712 GC heap after
Heap after GC invocations=22 (full 4):
 PSYoungGen      total 239104K, used 14655K [0x00000000e0000000, 0x00000000f2300000, 0x0000000100000000)
  eden space 211968K, 0% used [0x00000000e0000000,0x00000000e0000000,0x00000000ecf00000)
  from space 27136K, 54% used [0x00000000f0880000,0x00000000f16cff60,0x00000000f2300000)
  to   space 43008K, 0% used [0x00000000ecf00000,0x00000000ecf00000,0x00000000ef900000)
 ParOldGen       total 190464K, used 105905K [0x00000000a0000000, 0x00000000aba00000, 0x00000000e0000000)
  object space 190464K, 55% used [0x00000000a0000000,0x00000000a676c608,0x00000000aba00000)
 Metaspace       used 70617K, capacity 73225K, committed 74516K, reserved 1114112K
  class space    used 9402K, capacity 9990K, committed 10300K, reserved 1048576K
}
Event: 4790.632 GC heap before
{Heap before GC invocations=23 (full 4):
 PSYoungGen      total 239104K, used 226623K [0x00000000e0000000, 0x00000000f2300000, 0x0000000100000000)
  eden space 211968K, 100% used [0x00000000e0000000,0x00000000ecf00000,0x00000000ecf00000)
  from space 27136K, 54% used [0x00000000f0880000,0x00000000f16cff60,0x00000000f2300000)
  to   space 43008K, 0% used [0x00000000ecf00000,0x00000000ecf00000,0x00000000ef900000)
 ParOldGen       total 190464K, used 105905K [0x00000000a0000000, 0x00000000aba00000, 0x00000000e0000000)
  object space 190464K, 55% used [0x00000000a0000000,0x00000000a676c608,0x00000000aba00000)
 Metaspace       used 74887K, capacity 77899K, committed 78484K, reserved 1118208K
  class space    used 9814K, capacity 10479K, committed 10684K, reserved 1048576K
Event: 4790.711 GC heap after
Heap after GC invocations=23 (full 4):
 PSYoungGen      total 254976K, used 22123K [0x00000000e0000000, 0x00000000f3880000, 0x0000000100000000)
  eden space 211968K, 0% used [0x00000000e0000000,0x00000000e0000000,0x00000000ecf00000)
  from space 43008K, 51% used [0x00000000ecf00000,0x00000000ee49ae78,0x00000000ef900000)
  to   space 42496K, 0% used [0x00000000f0f00000,0x00000000f0f00000,0x00000000f3880000)
 ParOldGen       total 190464K, used 105913K [0x00000000a0000000, 0x00000000aba00000, 0x00000000e0000000)
  object space 190464K, 55% used [0x00000000a0000000,0x00000000a676e608,0x00000000aba00000)
 Metaspace       used 74887K, capacity 77899K, committed 78484K, reserved 1118208K
  class space    used 9814K, capacity 10479K, committed 10684K, reserved 1048576K
}
Event: 4806.781 GC heap before
{Heap before GC invocations=24 (full 4):
 PSYoungGen      total 254976K, used 234091K [0x00000000e0000000, 0x00000000f3880000, 0x0000000100000000)
  eden space 211968K, 100% used [0x00000000e0000000,0x00000000ecf00000,0x00000000ecf00000)
  from space 43008K, 51% used [0x00000000ecf00000,0x00000000ee49ae78,0x00000000ef900000)
  to   space 42496K, 0% used [0x00000000f0f00000,0x00000000f0f00000,0x00000000f3880000)
 ParOldGen       total 190464K, used 105913K [0x00000000a0000000, 0x00000000aba00000, 0x00000000e0000000)
  object space 190464K, 55% used [0x00000000a0000000,0x00000000a676e608,0x00000000aba00000)
 Metaspace       used 75342K, capacity 78387K, committed 78740K, reserved 1118208K
  class space    used 9826K, capacity 10493K, committed 10684K, reserved 1048576K
Event: 4806.839 GC heap after
Heap after GC invocations=24 (full 4):
 PSYoungGen      total 242688K, used 38393K [0x00000000e0000000, 0x00000000f3480000, 0x0000000100000000)
  eden space 204288K, 0% used [0x00000000e0000000,0x00000000e0000000,0x00000000ec780000)
  from space 38400K, 99% used [0x00000000f0f00000,0x00000000f347e420,0x00000000f3480000)
  to   space 48128K, 0% used [0x00000000ed680000,0x00000000ed680000,0x00000000f0580000)
 ParOldGen       total 190464K, used 105921K [0x00000000a0000000, 0x00000000aba00000, 0x00000000e0000000)
  object space 190464K, 55% used [0x00000000a0000000,0x00000000a6770608,0x00000000aba00000)
 Metaspace       used 75342K, capacity 78387K, committed 78740K, reserved 1118208K
  class space    used 9826K, capacity 10493K, committed 10684K, reserved 1048576K
}

