# JRE version: OpenJDK Runtime Environment (8.0_152-b02) (build 1.8.0_152-release-1024-b02)
# Java VM: OpenJDK 64-Bit Server VM (25.152-b02 mixed mode windows-amd64 compressed oops)
Heap:
 PSYoungGen      total 152064K, used 22479K [0x00000000e0000000, 0x00000000ec400000, 0x0000000100000000)
  eden space 139776K, 7% used [0x00000000e0000000,0x00000000e09f6068,0x00000000e8880000)
  from space 12288K, 99% used [0x00000000e9680000,0x00000000ea27dc38,0x00000000ea280000)
  to   space 14336K, 0% used [0x00000000e8880000,0x00000000e8880000,0x00000000e9680000)
 ParOldGen       total 56320K, used 22193K [0x00000000a0000000, 0x00000000a3700000, 0x00000000e0000000)
  object space 56320K, 39% used [0x00000000a0000000,0x00000000a15ac608,0x00000000a3700000)
 Metaspace       used 42605K, capacity 43792K, committed 43864K, reserved 1087488K
  class space    used 5860K, capacity 6224K, committed 6232K, reserved 1048576K
GC Heap History (10 events):
Event: 15.295 GC heap before
{Heap before GC invocations=8 (full 1):
 PSYoungGen      total 72192K, used 5728K [0x00000000e0000000, 0x00000000e8e00000, 0x0000000100000000)
  eden space 64512K, 0% used [0x00000000e0000000,0x00000000e0000000,0x00000000e3f00000)
  from space 7680K, 74% used [0x00000000e3f00000,0x00000000e4498080,0x00000000e4680000)
  to   space 8192K, 0% used [0x00000000e8600000,0x00000000e8600000,0x00000000e8e00000)
 ParOldGen       total 44032K, used 7385K [0x00000000a0000000, 0x00000000a2b00000, 0x00000000e0000000)
  object space 44032K, 16% used [0x00000000a0000000,0x00000000a0736438,0x00000000a2b00000)
 Metaspace       used 20870K, capacity 21232K, committed 21248K, reserved 1067008K
  class space    used 2921K, capacity 3071K, committed 3072K, reserved 1048576K
Event: 15.464 GC heap after
Heap after GC invocations=8 (full 1):
 PSYoungGen      total 72192K, used 0K [0x00000000e0000000, 0x00000000e8e00000, 0x0000000100000000)
  eden space 64512K, 0% used [0x00000000e0000000,0x00000000e0000000,0x00000000e3f00000)
  from space 7680K, 0% used [0x00000000e3f00000,0x00000000e3f00000,0x00000000e4680000)
  to   space 8192K, 0% used [0x00000000e8600000,0x00000000e8600000,0x00000000e8e00000)
 ParOldGen       total 33792K, used 7926K [0x00000000a0000000, 0x00000000a2100000, 0x00000000e0000000)
  object space 33792K, 23% used [0x00000000a0000000,0x00000000a07bdab8,0x00000000a2100000)
 Metaspace       used 20870K, capacity 21232K, committed 21248K, reserved 1067008K
  class space    used 2921K, capacity 3071K, committed 3072K, reserved 1048576K
}
Event: 24.287 GC heap before
{Heap before GC invocations=9 (full 1):
 PSYoungGen      total 72192K, used 64512K [0x00000000e0000000, 0x00000000e8e00000, 0x0000000100000000)
  eden space 64512K, 100% used [0x00000000e0000000,0x00000000e3f00000,0x00000000e3f00000)
  from space 7680K, 0% used [0x00000000e3f00000,0x00000000e3f00000,0x00000000e4680000)
  to   space 8192K, 0% used [0x00000000e8600000,0x00000000e8600000,0x00000000e8e00000)
 ParOldGen       total 33792K, used 7926K [0x00000000a0000000, 0x00000000a2100000, 0x00000000e0000000)
  object space 33792K, 23% used [0x00000000a0000000,0x00000000a07bdab8,0x00000000a2100000)
 Metaspace       used 26473K, capacity 26912K, committed 27136K, reserved 1073152K
  class space    used 3637K, capacity 3805K, committed 3840K, reserved 1048576K
Event: 24.314 GC heap after
Heap after GC invocations=9 (full 1):
 PSYoungGen      total 112128K, used 6642K [0x00000000e0000000, 0x00000000e8c80000, 0x0000000100000000)
  eden space 105472K, 0% used [0x00000000e0000000,0x00000000e0000000,0x00000000e6700000)
  from space 6656K, 99% used [0x00000000e8600000,0x00000000e8c7c808,0x00000000e8c80000)
  to   space 8704K, 0% used [0x00000000e7b80000,0x00000000e7b80000,0x00000000e8400000)
 ParOldGen       total 33792K, used 7926K [0x00000000a0000000, 0x00000000a2100000, 0x00000000e0000000)
  object space 33792K, 23% used [0x00000000a0000000,0x00000000a07bdab8,0x00000000a2100000)
 Metaspace       used 26473K, capacity 26912K, committed 27136K, reserved 1073152K
  class space    used 3637K, capacity 3805K, committed 3840K, reserved 1048576K
}
Event: 32.841 GC heap before
{Heap before GC invocations=10 (full 1):
 PSYoungGen      total 112128K, used 107279K [0x00000000e0000000, 0x00000000e8c80000, 0x0000000100000000)
  eden space 105472K, 95% used [0x00000000e0000000,0x00000000e6247490,0x00000000e6700000)
  from space 6656K, 99% used [0x00000000e8600000,0x00000000e8c7c808,0x00000000e8c80000)
  to   space 8704K, 0% used [0x00000000e7b80000,0x00000000e7b80000,0x00000000e8400000)
 ParOldGen       total 33792K, used 7926K [0x00000000a0000000, 0x00000000a2100000, 0x00000000e0000000)
  object space 33792K, 23% used [0x00000000a0000000,0x00000000a07bdab8,0x00000000a2100000)
 Metaspace       used 34386K, capacity 35268K, committed 35416K, reserved 1079296K
  class space    used 4812K, capacity 5123K, committed 5208K, reserved 1048576K
Event: 32.867 GC heap after
Heap after GC invocations=10 (full 1):
 PSYoungGen      total 135168K, used 8704K [0x00000000e0000000, 0x00000000ea280000, 0x0000000100000000)
  eden space 126464K, 0% used [0x00000000e0000000,0x00000000e0000000,0x00000000e7b80000)
  from space 8704K, 100% used [0x00000000e7b80000,0x00000000e8400000,0x00000000e8400000)
  to   space 12288K, 0% used [0x00000000e9680000,0x00000000e9680000,0x00000000ea280000)
 ParOldGen       total 33792K, used 13397K [0x00000000a0000000, 0x00000000a2100000, 0x00000000e0000000)
  object space 33792K, 39% used [0x00000000a0000000,0x00000000a0d15518,0x00000000a2100000)
 Metaspace       used 34386K, capacity 35268K, committed 35416K, reserved 1079296K
  class space    used 4812K, capacity 5123K, committed 5208K, reserved 1048576K
}
Event: 32.867 GC heap before
{Heap before GC invocations=11 (full 2):
 PSYoungGen      total 135168K, used 8704K [0x00000000e0000000, 0x00000000ea280000, 0x0000000100000000)
  eden space 126464K, 0% used [0x00000000e0000000,0x00000000e0000000,0x00000000e7b80000)
  from space 8704K, 100% used [0x00000000e7b80000,0x00000000e8400000,0x00000000e8400000)
  to   space 12288K, 0% used [0x00000000e9680000,0x00000000e9680000,0x00000000ea280000)
 ParOldGen       total 33792K, used 13397K [0x00000000a0000000, 0x00000000a2100000, 0x00000000e0000000)
  object space 33792K, 39% used [0x00000000a0000000,0x00000000a0d15518,0x00000000a2100000)
 Metaspace       used 34386K, capacity 35268K, committed 35416K, reserved 1079296K
  class space    used 4812K, capacity 5123K, committed 5208K, reserved 1048576K
Event: 32.988 GC heap after
Heap after GC invocations=11 (full 2):
 PSYoungGen      total 135168K, used 0K [0x00000000e0000000, 0x00000000ea280000, 0x0000000100000000)
  eden space 126464K, 0% used [0x00000000e0000000,0x00000000e0000000,0x00000000e7b80000)
  from space 8704K, 0% used [0x00000000e7b80000,0x00000000e7b80000,0x00000000e8400000)
  to   space 12288K, 0% used [0x00000000e9680000,0x00000000e9680000,0x00000000ea280000)
 ParOldGen       total 56320K, used 20523K [0x00000000a0000000, 0x00000000a3700000, 0x00000000e0000000)
  object space 56320K, 36% used [0x00000000a0000000,0x00000000a140af88,0x00000000a3700000)
 Metaspace       used 34386K, capacity 35268K, committed 35416K, reserved 1079296K
  class space    used 4812K, capacity 5123K, committed 5208K, reserved 1048576K
}
Event: 37.123 GC heap before
{Heap before GC invocations=12 (full 2):
 PSYoungGen      total 135168K, used 126464K [0x00000000e0000000, 0x00000000ea280000, 0x0000000100000000)
  eden space 126464K, 100% used [0x00000000e0000000,0x00000000e7b80000,0x00000000e7b80000)
  from space 8704K, 0% used [0x00000000e7b80000,0x00000000e7b80000,0x00000000e8400000)
  to   space 12288K, 0% used [0x00000000e9680000,0x00000000e9680000,0x00000000ea280000)
 ParOldGen       total 56320K, used 20523K [0x00000000a0000000, 0x00000000a3700000, 0x00000000e0000000)
  object space 56320K, 36% used [0x00000000a0000000,0x00000000a140af88,0x00000000a3700000)
 Metaspace       used 41578K, capacity 42684K, committed 42968K, reserved 1085440K
  class space    used 5704K, capacity 6052K, committed 6104K, reserved 1048576K
Event: 37.161 GC heap after
Heap after GC invocations=12 (full 2):
 PSYoungGen      total 152064K, used 12279K [0x00000000e0000000, 0x00000000ec400000, 0x0000000100000000)
  eden space 139776K, 0% used [0x00000000e0000000,0x00000000e0000000,0x00000000e8880000)
  from space 12288K, 99% used [0x00000000e9680000,0x00000000ea27dc38,0x00000000ea280000)
  to   space 14336K, 0% used [0x00000000e8880000,0x00000000e8880000,0x00000000e9680000)
 ParOldGen       total 56320K, used 22193K [0x00000000a0000000, 0x00000000a3700000, 0x00000000e0000000)
  object space 56320K, 39% used [0x00000000a0000000,0x00000000a15ac608,0x00000000a3700000)
 Metaspace       used 41578K, capacity 42684K, committed 42968K, reserved 1085440K
  class space    used 5704K, capacity 6052K, committed 6104K, reserved 1048576K
}

