# JRE version: OpenJDK Runtime Environment (8.0_152-b01) (build 1.8.0_152-release-1248-b01)
# Java VM: OpenJDK 64-Bit Server VM (25.152-b01 mixed mode windows-amd64 compressed oops)
Heap:
 PSYoungGen      total 215040K, used 101854K [0x00000000e0000000, 0x00000000f0780000, 0x0000000100000000)
  eden space 167424K, 51% used [0x00000000e0000000,0x00000000e540d120,0x00000000ea380000)
  from space 47616K, 33% used [0x00000000ed900000,0x00000000ee86a8a0,0x00000000f0780000)
  to   space 51200K, 0% used [0x00000000ea380000,0x00000000ea380000,0x00000000ed580000)
 ParOldGen       total 173568K, used 76332K [0x00000000a0000000, 0x00000000aa980000, 0x00000000e0000000)
  object space 173568K, 43% used [0x00000000a0000000,0x00000000a4a8b158,0x00000000aa980000)
 Metaspace       used 85698K, capacity 89012K, committed 89136K, reserved 1126400K
  class space    used 11043K, capacity 11732K, committed 11824K, reserved 1048576K
GC Heap History (10 events):
Event: 827.503 GC heap before
{Heap before GC invocations=32 (full 5):
 PSYoungGen      total 192512K, used 158817K [0x00000000e0000000, 0x00000000ef500000, 0x0000000100000000)
  eden space 142336K, 100% used [0x00000000e0000000,0x00000000e8b00000,0x00000000e8b00000)
  from space 50176K, 32% used [0x00000000ec400000,0x00000000ed4184d0,0x00000000ef500000)
  to   space 54272K, 0% used [0x00000000e8b00000,0x00000000e8b00000,0x00000000ec000000)
 ParOldGen       total 148480K, used 111155K [0x00000000a0000000, 0x00000000a9100000, 0x00000000e0000000)
  object space 148480K, 74% used [0x00000000a0000000,0x00000000a6c8ccb8,0x00000000a9100000)
 Metaspace       used 84804K, capacity 88028K, committed 88368K, reserved 1126400K
  class space    used 11005K, capacity 11700K, committed 11824K, reserved 1048576K
Event: 827.536 GC heap after
Heap after GC invocations=32 (full 5):
 PSYoungGen      total 196608K, used 12274K [0x00000000e0000000, 0x00000000f0c00000, 0x0000000100000000)
  eden space 142336K, 0% used [0x00000000e0000000,0x00000000e0000000,0x00000000e8b00000)
  from space 54272K, 22% used [0x00000000e8b00000,0x00000000e96fc898,0x00000000ec000000)
  to   space 52224K, 0% used [0x00000000ed900000,0x00000000ed900000,0x00000000f0c00000)
 ParOldGen       total 148480K, used 112380K [0x00000000a0000000, 0x00000000a9100000, 0x00000000e0000000)
  object space 148480K, 75% used [0x00000000a0000000,0x00000000a6dbf208,0x00000000a9100000)
 Metaspace       used 84804K, capacity 88028K, committed 88368K, reserved 1126400K
  class space    used 11005K, capacity 11700K, committed 11824K, reserved 1048576K
}
Event: 846.942 GC heap before
{Heap before GC invocations=33 (full 5):
 PSYoungGen      total 196608K, used 154610K [0x00000000e0000000, 0x00000000f0c00000, 0x0000000100000000)
  eden space 142336K, 100% used [0x00000000e0000000,0x00000000e8b00000,0x00000000e8b00000)
  from space 54272K, 22% used [0x00000000e8b00000,0x00000000e96fc898,0x00000000ec000000)
  to   space 52224K, 0% used [0x00000000ed900000,0x00000000ed900000,0x00000000f0c00000)
 ParOldGen       total 148480K, used 112380K [0x00000000a0000000, 0x00000000a9100000, 0x00000000e0000000)
  object space 148480K, 75% used [0x00000000a0000000,0x00000000a6dbf208,0x00000000a9100000)
 Metaspace       used 85153K, capacity 88316K, committed 88624K, reserved 1126400K
  class space    used 11009K, capacity 11704K, committed 11824K, reserved 1048576K
Event: 846.971 GC heap after
Heap after GC invocations=33 (full 5):
 PSYoungGen      total 215040K, used 5527K [0x00000000e0000000, 0x00000000f0780000, 0x0000000100000000)
  eden space 167424K, 0% used [0x00000000e0000000,0x00000000e0000000,0x00000000ea380000)
  from space 47616K, 11% used [0x00000000ed900000,0x00000000ede65c90,0x00000000f0780000)
  to   space 51200K, 0% used [0x00000000ea380000,0x00000000ea380000,0x00000000ed580000)
 ParOldGen       total 148480K, used 122952K [0x00000000a0000000, 0x00000000a9100000, 0x00000000e0000000)
  object space 148480K, 82% used [0x00000000a0000000,0x00000000a7812018,0x00000000a9100000)
 Metaspace       used 85153K, capacity 88316K, committed 88624K, reserved 1126400K
  class space    used 11009K, capacity 11704K, committed 11824K, reserved 1048576K
}
Event: 846.971 GC heap before
{Heap before GC invocations=34 (full 6):
 PSYoungGen      total 215040K, used 5527K [0x00000000e0000000, 0x00000000f0780000, 0x0000000100000000)
  eden space 167424K, 0% used [0x00000000e0000000,0x00000000e0000000,0x00000000ea380000)
  from space 47616K, 11% used [0x00000000ed900000,0x00000000ede65c90,0x00000000f0780000)
  to   space 51200K, 0% used [0x00000000ea380000,0x00000000ea380000,0x00000000ed580000)
 ParOldGen       total 148480K, used 122952K [0x00000000a0000000, 0x00000000a9100000, 0x00000000e0000000)
  object space 148480K, 82% used [0x00000000a0000000,0x00000000a7812018,0x00000000a9100000)
 Metaspace       used 85153K, capacity 88316K, committed 88624K, reserved 1126400K
  class space    used 11009K, capacity 11704K, committed 11824K, reserved 1048576K
Event: 847.187 GC heap after
Heap after GC invocations=34 (full 6):
 PSYoungGen      total 215040K, used 0K [0x00000000e0000000, 0x00000000f0780000, 0x0000000100000000)
  eden space 167424K, 0% used [0x00000000e0000000,0x00000000e0000000,0x00000000ea380000)
  from space 47616K, 0% used [0x00000000ed900000,0x00000000ed900000,0x00000000f0780000)
  to   space 51200K, 0% used [0x00000000ea380000,0x00000000ea380000,0x00000000ed580000)
 ParOldGen       total 173568K, used 62348K [0x00000000a0000000, 0x00000000aa980000, 0x00000000e0000000)
  object space 173568K, 35% used [0x00000000a0000000,0x00000000a3ce3010,0x00000000aa980000)
 Metaspace       used 85153K, capacity 88316K, committed 88624K, reserved 1126400K
  class space    used 11009K, capacity 11704K, committed 11824K, reserved 1048576K
}
Event: 853.079 GC heap before
{Heap before GC invocations=35 (full 6):
 PSYoungGen      total 215040K, used 167424K [0x00000000e0000000, 0x00000000f0780000, 0x0000000100000000)
  eden space 167424K, 100% used [0x00000000e0000000,0x00000000ea380000,0x00000000ea380000)
  from space 47616K, 0% used [0x00000000ed900000,0x00000000ed900000,0x00000000f0780000)
  to   space 51200K, 0% used [0x00000000ea380000,0x00000000ea380000,0x00000000ed580000)
 ParOldGen       total 173568K, used 62348K [0x00000000a0000000, 0x00000000aa980000, 0x00000000e0000000)
  object space 173568K, 35% used [0x00000000a0000000,0x00000000a3ce3010,0x00000000aa980000)
 Metaspace       used 85358K, capacity 88588K, committed 88880K, reserved 1126400K
  class space    used 11027K, capacity 11706K, committed 11824K, reserved 1048576K
Event: 853.172 GC heap after
Heap after GC invocations=35 (full 6):
 PSYoungGen      total 218624K, used 51171K [0x00000000e0000000, 0x00000000f0780000, 0x0000000100000000)
  eden space 167424K, 0% used [0x00000000e0000000,0x00000000e0000000,0x00000000ea380000)
  from space 51200K, 99% used [0x00000000ea380000,0x00000000ed578d18,0x00000000ed580000)
  to   space 47616K, 0% used [0x00000000ed900000,0x00000000ed900000,0x00000000f0780000)
 ParOldGen       total 173568K, used 69275K [0x00000000a0000000, 0x00000000aa980000, 0x00000000e0000000)
  object space 173568K, 39% used [0x00000000a0000000,0x00000000a43a6f40,0x00000000aa980000)
 Metaspace       used 85358K, capacity 88588K, committed 88880K, reserved 1126400K
  class space    used 11027K, capacity 11706K, committed 11824K, reserved 1048576K
}
Event: 855.155 GC heap before
{Heap before GC invocations=36 (full 6):
 PSYoungGen      total 218624K, used 217409K [0x00000000e0000000, 0x00000000f0780000, 0x0000000100000000)
  eden space 167424K, 99% used [0x00000000e0000000,0x00000000ea257900,0x00000000ea380000)
  from space 51200K, 99% used [0x00000000ea380000,0x00000000ed578d18,0x00000000ed580000)
  to   space 47616K, 0% used [0x00000000ed900000,0x00000000ed900000,0x00000000f0780000)
 ParOldGen       total 173568K, used 69275K [0x00000000a0000000, 0x00000000aa980000, 0x00000000e0000000)
  object space 173568K, 39% used [0x00000000a0000000,0x00000000a43a6f40,0x00000000aa980000)
 Metaspace       used 85399K, capacity 88606K, committed 88880K, reserved 1126400K
  class space    used 11029K, capacity 11709K, committed 11824K, reserved 1048576K
Event: 855.191 GC heap after
Heap after GC invocations=36 (full 6):
 PSYoungGen      total 215040K, used 15786K [0x00000000e0000000, 0x00000000f0780000, 0x0000000100000000)
  eden space 167424K, 0% used [0x00000000e0000000,0x00000000e0000000,0x00000000ea380000)
  from space 47616K, 33% used [0x00000000ed900000,0x00000000ee86a8a0,0x00000000f0780000)
  to   space 51200K, 0% used [0x00000000ea380000,0x00000000ea380000,0x00000000ed580000)
 ParOldGen       total 173568K, used 76332K [0x00000000a0000000, 0x00000000aa980000, 0x00000000e0000000)
  object space 173568K, 43% used [0x00000000a0000000,0x00000000a4a8b158,0x00000000aa980000)
 Metaspace       used 85399K, capacity 88606K, committed 88880K, reserved 1126400K
  class space    used 11029K, capacity 11709K, committed 11824K, reserved 1048576K
}

