# JRE version: OpenJDK Runtime Environment (8.0_152-b01) (build 1.8.0_152-release-1248-b01)
# Java VM: OpenJDK 64-Bit Server VM (25.152-b01 mixed mode windows-amd64 compressed oops)
Heap:
 PSYoungGen      total 175616K, used 148867K [0x00000000e0000000, 0x00000000edf00000, 0x0000000100000000)
  eden space 133632K, 93% used [0x00000000e0000000,0x00000000e79db680,0x00000000e8280000)
  from space 41984K, 57% used [0x00000000e8280000,0x00000000e9a057e8,0x00000000eab80000)
  to   space 42496K, 0% used [0x00000000eb580000,0x00000000eb580000,0x00000000edf00000)
 ParOldGen       total 189440K, used 96595K [0x00000000a0000000, 0x00000000ab900000, 0x00000000e0000000)
  object space 189440K, 50% used [0x00000000a0000000,0x00000000a5e54c58,0x00000000ab900000)
 Metaspace       used 81367K, capacity 84470K, committed 84656K, reserved 1122304K
  class space    used 10756K, capacity 11433K, committed 11440K, reserved 1048576K
GC Heap History (10 events):
Event: 47.837 GC heap before
{Heap before GC invocations=25 (full 4):
 PSYoungGen      total 123392K, used 18928K [0x00000000e0000000, 0x00000000ec680000, 0x0000000100000000)
  eden space 104448K, 0% used [0x00000000e0000000,0x00000000e0000000,0x00000000e6600000)
  from space 18944K, 99% used [0x00000000e6600000,0x00000000e787c150,0x00000000e7880000)
  to   space 38912K, 0% used [0x00000000ea080000,0x00000000ea080000,0x00000000ec680000)
 ParOldGen       total 92672K, used 92389K [0x00000000a0000000, 0x00000000a5a80000, 0x00000000e0000000)
  object space 92672K, 99% used [0x00000000a0000000,0x00000000a5a39620,0x00000000a5a80000)
 Metaspace       used 64753K, capacity 66720K, committed 66992K, reserved 1107968K
  class space    used 8815K, capacity 9324K, committed 9392K, reserved 1048576K
Event: 49.515 GC heap after
Heap after GC invocations=25 (full 4):
 PSYoungGen      total 123392K, used 4294K [0x00000000e0000000, 0x00000000ec680000, 0x0000000100000000)
  eden space 104448K, 0% used [0x00000000e0000000,0x00000000e0000000,0x00000000e6600000)
  from space 18944K, 22% used [0x00000000e6600000,0x00000000e6a31a28,0x00000000e7880000)
  to   space 38912K, 0% used [0x00000000ea080000,0x00000000ea080000,0x00000000ec680000)
 ParOldGen       total 189440K, used 92226K [0x00000000a0000000, 0x00000000ab900000, 0x00000000e0000000)
  object space 189440K, 48% used [0x00000000a0000000,0x00000000a5a10a50,0x00000000ab900000)
 Metaspace       used 64726K, capacity 66648K, committed 66992K, reserved 1107968K
  class space    used 8805K, capacity 9306K, committed 9392K, reserved 1048576K
}
Event: 52.344 GC heap before
{Heap before GC invocations=26 (full 4):
 PSYoungGen      total 123392K, used 108742K [0x00000000e0000000, 0x00000000ec680000, 0x0000000100000000)
  eden space 104448K, 100% used [0x00000000e0000000,0x00000000e6600000,0x00000000e6600000)
  from space 18944K, 22% used [0x00000000e6600000,0x00000000e6a31a28,0x00000000e7880000)
  to   space 38912K, 0% used [0x00000000ea080000,0x00000000ea080000,0x00000000ec680000)
 ParOldGen       total 189440K, used 92226K [0x00000000a0000000, 0x00000000ab900000, 0x00000000e0000000)
  object space 189440K, 48% used [0x00000000a0000000,0x00000000a5a10a50,0x00000000ab900000)
 Metaspace       used 65262K, capacity 67356K, committed 67504K, reserved 1107968K
  class space    used 8863K, capacity 9392K, committed 9392K, reserved 1048576K
Event: 52.437 GC heap after
Heap after GC invocations=26 (full 4):
 PSYoungGen      total 153088K, used 18536K [0x00000000e0000000, 0x00000000ec080000, 0x0000000100000000)
  eden space 120320K, 0% used [0x00000000e0000000,0x00000000e0000000,0x00000000e7580000)
  from space 32768K, 56% used [0x00000000ea080000,0x00000000eb29a278,0x00000000ec080000)
  to   space 38400K, 0% used [0x00000000e7580000,0x00000000e7580000,0x00000000e9b00000)
 ParOldGen       total 189440K, used 96571K [0x00000000a0000000, 0x00000000ab900000, 0x00000000e0000000)
  object space 189440K, 50% used [0x00000000a0000000,0x00000000a5e4ec58,0x00000000ab900000)
 Metaspace       used 65262K, capacity 67356K, committed 67504K, reserved 1107968K
  class space    used 8863K, capacity 9392K, committed 9392K, reserved 1048576K
}
Event: 56.073 GC heap before
{Heap before GC invocations=27 (full 4):
 PSYoungGen      total 153088K, used 134483K [0x00000000e0000000, 0x00000000ec080000, 0x0000000100000000)
  eden space 120320K, 96% used [0x00000000e0000000,0x00000000e713aa30,0x00000000e7580000)
  from space 32768K, 56% used [0x00000000ea080000,0x00000000eb29a278,0x00000000ec080000)
  to   space 38400K, 0% used [0x00000000e7580000,0x00000000e7580000,0x00000000e9b00000)
 ParOldGen       total 189440K, used 96571K [0x00000000a0000000, 0x00000000ab900000, 0x00000000e0000000)
  object space 189440K, 50% used [0x00000000a0000000,0x00000000a5e4ec58,0x00000000ab900000)
 Metaspace       used 67419K, capacity 69756K, committed 69936K, reserved 1110016K
  class space    used 9133K, capacity 9700K, committed 9776K, reserved 1048576K
Event: 56.102 GC heap after
Heap after GC invocations=27 (full 4):
 PSYoungGen      total 158720K, used 35484K [0x00000000e0000000, 0x00000000edb00000, 0x0000000100000000)
  eden space 120320K, 0% used [0x00000000e0000000,0x00000000e0000000,0x00000000e7580000)
  from space 38400K, 92% used [0x00000000e7580000,0x00000000e9827368,0x00000000e9b00000)
  to   space 44032K, 0% used [0x00000000eb000000,0x00000000eb000000,0x00000000edb00000)
 ParOldGen       total 189440K, used 96579K [0x00000000a0000000, 0x00000000ab900000, 0x00000000e0000000)
  object space 189440K, 50% used [0x00000000a0000000,0x00000000a5e50c58,0x00000000ab900000)
 Metaspace       used 67419K, capacity 69756K, committed 69936K, reserved 1110016K
  class space    used 9133K, capacity 9700K, committed 9776K, reserved 1048576K
}
Event: 251.583 GC heap before
{Heap before GC invocations=28 (full 4):
 PSYoungGen      total 158720K, used 155804K [0x00000000e0000000, 0x00000000edb00000, 0x0000000100000000)
  eden space 120320K, 100% used [0x00000000e0000000,0x00000000e7580000,0x00000000e7580000)
  from space 38400K, 92% used [0x00000000e7580000,0x00000000e9827368,0x00000000e9b00000)
  to   space 44032K, 0% used [0x00000000eb000000,0x00000000eb000000,0x00000000edb00000)
 ParOldGen       total 189440K, used 96579K [0x00000000a0000000, 0x00000000ab900000, 0x00000000e0000000)
  object space 189440K, 50% used [0x00000000a0000000,0x00000000a5e50c58,0x00000000ab900000)
 Metaspace       used 72545K, capacity 75308K, committed 75440K, reserved 1114112K
  class space    used 9672K, capacity 10336K, committed 10416K, reserved 1048576K
Event: 251.615 GC heap after
Heap after GC invocations=28 (full 4):
 PSYoungGen      total 171008K, used 12310K [0x00000000e0000000, 0x00000000ed480000, 0x0000000100000000)
  eden space 133632K, 0% used [0x00000000e0000000,0x00000000e0000000,0x00000000e8280000)
  from space 37376K, 32% used [0x00000000eb000000,0x00000000ebc058d0,0x00000000ed480000)
  to   space 41984K, 0% used [0x00000000e8280000,0x00000000e8280000,0x00000000eab80000)
 ParOldGen       total 189440K, used 96587K [0x00000000a0000000, 0x00000000ab900000, 0x00000000e0000000)
  object space 189440K, 50% used [0x00000000a0000000,0x00000000a5e52c58,0x00000000ab900000)
 Metaspace       used 72545K, capacity 75308K, committed 75440K, reserved 1114112K
  class space    used 9672K, capacity 10336K, committed 10416K, reserved 1048576K
}
Event: 261.003 GC heap before
{Heap before GC invocations=29 (full 4):
 PSYoungGen      total 171008K, used 145942K [0x00000000e0000000, 0x00000000ed480000, 0x0000000100000000)
  eden space 133632K, 100% used [0x00000000e0000000,0x00000000e8280000,0x00000000e8280000)
  from space 37376K, 32% used [0x00000000eb000000,0x00000000ebc058d0,0x00000000ed480000)
  to   space 41984K, 0% used [0x00000000e8280000,0x00000000e8280000,0x00000000eab80000)
 ParOldGen       total 189440K, used 96587K [0x00000000a0000000, 0x00000000ab900000, 0x00000000e0000000)
  object space 189440K, 50% used [0x00000000a0000000,0x00000000a5e52c58,0x00000000ab900000)
 Metaspace       used 77982K, capacity 80722K, committed 80944K, reserved 1120256K
  class space    used 10331K, capacity 10987K, committed 11056K, reserved 1048576K
Event: 261.042 GC heap after
Heap after GC invocations=29 (full 4):
 PSYoungGen      total 175616K, used 24085K [0x00000000e0000000, 0x00000000edf00000, 0x0000000100000000)
  eden space 133632K, 0% used [0x00000000e0000000,0x00000000e0000000,0x00000000e8280000)
  from space 41984K, 57% used [0x00000000e8280000,0x00000000e9a057e8,0x00000000eab80000)
  to   space 42496K, 0% used [0x00000000eb580000,0x00000000eb580000,0x00000000edf00000)
 ParOldGen       total 189440K, used 96595K [0x00000000a0000000, 0x00000000ab900000, 0x00000000e0000000)
  object space 189440K, 50% used [0x00000000a0000000,0x00000000a5e54c58,0x00000000ab900000)
 Metaspace       used 77982K, capacity 80722K, committed 80944K, reserved 1120256K
  class space    used 10331K, capacity 10987K, committed 11056K, reserved 1048576K
}

