# JRE version: OpenJDK Runtime Environment (8.0_152-b02) (build 1.8.0_152-release-1024-b02)
# Java VM: OpenJDK 64-Bit Server VM (25.152-b02 mixed mode windows-amd64 compressed oops)
Heap:
 PSYoungGen      total 92160K, used 10416K [0x00000000e0000000, 0x00000000e7800000, 0x0000000100000000)
  eden space 82944K, 1% used [0x00000000e0000000,0x00000000e0180508,0x00000000e5100000)
  from space 9216K, 96% used [0x00000000e6f00000,0x00000000e77abdd8,0x00000000e7800000)
  to   space 9728K, 0% used [0x00000000e5100000,0x00000000e5100000,0x00000000e5a80000)
 ParOldGen       total 57344K, used 16208K [0x00000000a0000000, 0x00000000a3800000, 0x00000000e0000000)
  object space 57344K, 28% used [0x00000000a0000000,0x00000000a0fd40b0,0x00000000a3800000)
 Metaspace       used 39784K, capacity 40611K, committed 40792K, reserved 1085440K
  class space    used 5400K, capacity 5678K, committed 5760K, reserved 1048576K
GC Heap History (10 events):
Event: 9.043 GC heap before
{Heap before GC invocations=9 (full 1):
 PSYoungGen      total 72704K, used 4778K [0x00000000e0000000, 0x00000000e4e00000, 0x0000000100000000)
  eden space 65536K, 0% used [0x00000000e0000000,0x00000000e0000000,0x00000000e4000000)
  from space 7168K, 66% used [0x00000000e4700000,0x00000000e4baab90,0x00000000e4e00000)
  to   space 7168K, 0% used [0x00000000e4000000,0x00000000e4000000,0x00000000e4700000)
 ParOldGen       total 44032K, used 7353K [0x00000000a0000000, 0x00000000a2b00000, 0x00000000e0000000)
  object space 44032K, 16% used [0x00000000a0000000,0x00000000a072e4b0,0x00000000a2b00000)
 Metaspace       used 20815K, capacity 21200K, committed 21248K, reserved 1067008K
  class space    used 2903K, capacity 3038K, committed 3072K, reserved 1048576K
Event: 9.155 GC heap after
Heap after GC invocations=9 (full 1):
 PSYoungGen      total 72704K, used 0K [0x00000000e0000000, 0x00000000e4e00000, 0x0000000100000000)
  eden space 65536K, 0% used [0x00000000e0000000,0x00000000e0000000,0x00000000e4000000)
  from space 7168K, 0% used [0x00000000e4700000,0x00000000e4700000,0x00000000e4e00000)
  to   space 7168K, 0% used [0x00000000e4000000,0x00000000e4000000,0x00000000e4700000)
 ParOldGen       total 34816K, used 7824K [0x00000000a0000000, 0x00000000a2200000, 0x00000000e0000000)
  object space 34816K, 22% used [0x00000000a0000000,0x00000000a07a42f0,0x00000000a2200000)
 Metaspace       used 20815K, capacity 21200K, committed 21248K, reserved 1067008K
  class space    used 2903K, capacity 3038K, committed 3072K, reserved 1048576K
}
Event: 12.227 GC heap before
{Heap before GC invocations=10 (full 1):
 PSYoungGen      total 72704K, used 65536K [0x00000000e0000000, 0x00000000e4e00000, 0x0000000100000000)
  eden space 65536K, 100% used [0x00000000e0000000,0x00000000e4000000,0x00000000e4000000)
  from space 7168K, 0% used [0x00000000e4700000,0x00000000e4700000,0x00000000e4e00000)
  to   space 7168K, 0% used [0x00000000e4000000,0x00000000e4000000,0x00000000e4700000)
 ParOldGen       total 34816K, used 7824K [0x00000000a0000000, 0x00000000a2200000, 0x00000000e0000000)
  object space 34816K, 22% used [0x00000000a0000000,0x00000000a07a42f0,0x00000000a2200000)
 Metaspace       used 26615K, capacity 27056K, committed 27136K, reserved 1073152K
  class space    used 3670K, capacity 3829K, committed 3840K, reserved 1048576K
Event: 12.241 GC heap after
Heap after GC invocations=10 (full 1):
 PSYoungGen      total 72704K, used 7158K [0x00000000e0000000, 0x00000000e6300000, 0x0000000100000000)
  eden space 65536K, 0% used [0x00000000e0000000,0x00000000e0000000,0x00000000e4000000)
  from space 7168K, 99% used [0x00000000e4000000,0x00000000e46fd8e8,0x00000000e4700000)
  to   space 8192K, 0% used [0x00000000e5b00000,0x00000000e5b00000,0x00000000e6300000)
 ParOldGen       total 34816K, used 7936K [0x00000000a0000000, 0x00000000a2200000, 0x00000000e0000000)
  object space 34816K, 22% used [0x00000000a0000000,0x00000000a07c02e8,0x00000000a2200000)
 Metaspace       used 26615K, capacity 27056K, committed 27136K, reserved 1073152K
  class space    used 3670K, capacity 3829K, committed 3840K, reserved 1048576K
}
Event: 18.245 GC heap before
{Heap before GC invocations=11 (full 1):
 PSYoungGen      total 72704K, used 72694K [0x00000000e0000000, 0x00000000e6300000, 0x0000000100000000)
  eden space 65536K, 100% used [0x00000000e0000000,0x00000000e4000000,0x00000000e4000000)
  from space 7168K, 99% used [0x00000000e4000000,0x00000000e46fd8e8,0x00000000e4700000)
  to   space 8192K, 0% used [0x00000000e5b00000,0x00000000e5b00000,0x00000000e6300000)
 ParOldGen       total 34816K, used 7936K [0x00000000a0000000, 0x00000000a2200000, 0x00000000e0000000)
  object space 34816K, 22% used [0x00000000a0000000,0x00000000a07c02e8,0x00000000a2200000)
 Metaspace       used 30000K, capacity 30622K, committed 30848K, reserved 1075200K
  class space    used 4199K, capacity 4418K, committed 4480K, reserved 1048576K
Event: 18.265 GC heap after
Heap after GC invocations=11 (full 1):
 PSYoungGen      total 91136K, used 8172K [0x00000000e0000000, 0x00000000e6400000, 0x0000000100000000)
  eden space 82944K, 0% used [0x00000000e0000000,0x00000000e0000000,0x00000000e5100000)
  from space 8192K, 99% used [0x00000000e5b00000,0x00000000e62fb0c8,0x00000000e6300000)
  to   space 9728K, 0% used [0x00000000e5100000,0x00000000e5100000,0x00000000e5a80000)
 ParOldGen       total 34816K, used 8962K [0x00000000a0000000, 0x00000000a2200000, 0x00000000e0000000)
  object space 34816K, 25% used [0x00000000a0000000,0x00000000a08c0970,0x00000000a2200000)
 Metaspace       used 30000K, capacity 30622K, committed 30848K, reserved 1075200K
  class space    used 4199K, capacity 4418K, committed 4480K, reserved 1048576K
}
Event: 20.232 GC heap before
{Heap before GC invocations=12 (full 1):
 PSYoungGen      total 91136K, used 33463K [0x00000000e0000000, 0x00000000e6400000, 0x0000000100000000)
  eden space 82944K, 30% used [0x00000000e0000000,0x00000000e18b2e08,0x00000000e5100000)
  from space 8192K, 99% used [0x00000000e5b00000,0x00000000e62fb0c8,0x00000000e6300000)
  to   space 9728K, 0% used [0x00000000e5100000,0x00000000e5100000,0x00000000e5a80000)
 ParOldGen       total 34816K, used 8962K [0x00000000a0000000, 0x00000000a2200000, 0x00000000e0000000)
  object space 34816K, 25% used [0x00000000a0000000,0x00000000a08c0970,0x00000000a2200000)
 Metaspace       used 34602K, capacity 35261K, committed 35416K, reserved 1079296K
  class space    used 4767K, capacity 4992K, committed 4992K, reserved 1048576K
Event: 20.247 GC heap after
Heap after GC invocations=12 (full 1):
 PSYoungGen      total 92672K, used 3819K [0x00000000e0000000, 0x00000000e7800000, 0x0000000100000000)
  eden space 82944K, 0% used [0x00000000e0000000,0x00000000e0000000,0x00000000e5100000)
  from space 9728K, 39% used [0x00000000e5100000,0x00000000e54bac18,0x00000000e5a80000)
  to   space 9216K, 0% used [0x00000000e6f00000,0x00000000e6f00000,0x00000000e7800000)
 ParOldGen       total 34816K, used 14912K [0x00000000a0000000, 0x00000000a2200000, 0x00000000e0000000)
  object space 34816K, 42% used [0x00000000a0000000,0x00000000a0e90060,0x00000000a2200000)
 Metaspace       used 34602K, capacity 35261K, committed 35416K, reserved 1079296K
  class space    used 4767K, capacity 4992K, committed 4992K, reserved 1048576K
}
Event: 20.247 GC heap before
{Heap before GC invocations=13 (full 2):
 PSYoungGen      total 92672K, used 3819K [0x00000000e0000000, 0x00000000e7800000, 0x0000000100000000)
  eden space 82944K, 0% used [0x00000000e0000000,0x00000000e0000000,0x00000000e5100000)
  from space 9728K, 39% used [0x00000000e5100000,0x00000000e54bac18,0x00000000e5a80000)
  to   space 9216K, 0% used [0x00000000e6f00000,0x00000000e6f00000,0x00000000e7800000)
 ParOldGen       total 34816K, used 14912K [0x00000000a0000000, 0x00000000a2200000, 0x00000000e0000000)
  object space 34816K, 42% used [0x00000000a0000000,0x00000000a0e90060,0x00000000a2200000)
 Metaspace       used 34602K, capacity 35261K, committed 35416K, reserved 1079296K
  class space    used 4767K, capacity 4992K, committed 4992K, reserved 1048576K
Event: 20.335 GC heap after
Heap after GC invocations=13 (full 2):
 PSYoungGen      total 92672K, used 0K [0x00000000e0000000, 0x00000000e7800000, 0x0000000100000000)
  eden space 82944K, 0% used [0x00000000e0000000,0x00000000e0000000,0x00000000e5100000)
  from space 9728K, 0% used [0x00000000e5100000,0x00000000e5100000,0x00000000e5a80000)
  to   space 9216K, 0% used [0x00000000e6f00000,0x00000000e6f00000,0x00000000e7800000)
 ParOldGen       total 57344K, used 16200K [0x00000000a0000000, 0x00000000a3800000, 0x00000000e0000000)
  object space 57344K, 28% used [0x00000000a0000000,0x00000000a0fd20b0,0x00000000a3800000)
 Metaspace       used 34602K, capacity 35261K, committed 35416K, reserved 1079296K
  class space    used 4767K, capacity 4992K, committed 4992K, reserved 1048576K
}

