# JRE version: OpenJDK Runtime Environment (8.0_152-b01) (build 1.8.0_152-release-1248-b01)
# Java VM: OpenJDK 64-Bit Server VM (25.152-b01 mixed mode windows-amd64 compressed oops)
Heap:
 PSYoungGen      total 178688K, used 114146K [0x00000000e0000000, 0x00000000ef580000, 0x0000000100000000)
  eden space 114176K, 79% used [0x00000000e0000000,0x00000000e58582d8,0x00000000e6f80000)
  from space 64512K, 36% used [0x00000000e6f80000,0x00000000e86a0628,0x00000000eae80000)
  to   space 60928K, 0% used [0x00000000eba00000,0x00000000eba00000,0x00000000ef580000)
 ParOldGen       total 199168K, used 143094K [0x00000000a0000000, 0x00000000ac280000, 0x00000000e0000000)
  object space 199168K, 71% used [0x00000000a0000000,0x00000000a8bbdb58,0x00000000ac280000)
 Metaspace       used 85395K, capacity 88446K, committed 88752K, reserved 1126400K
  class space    used 11131K, capacity 11837K, committed 11952K, reserved 1048576K
GC Heap History (10 events):
Event: 285.982 GC heap before
{Heap before GC invocations=31 (full 4):
 PSYoungGen      total 146944K, used 127909K [0x00000000e0000000, 0x00000000eb980000, 0x0000000100000000)
  eden space 112128K, 99% used [0x00000000e0000000,0x00000000e6d6ab18,0x00000000e6d80000)
  from space 34816K, 45% used [0x00000000e9780000,0x00000000ea6fea60,0x00000000eb980000)
  to   space 38912K, 0% used [0x00000000e6d80000,0x00000000e6d80000,0x00000000e9380000)
 ParOldGen       total 199168K, used 105781K [0x00000000a0000000, 0x00000000ac280000, 0x00000000e0000000)
  object space 199168K, 53% used [0x00000000a0000000,0x00000000a674d700,0x00000000ac280000)
 Metaspace       used 81580K, capacity 84588K, committed 84656K, reserved 1122304K
  class space    used 10715K, capacity 11386K, committed 11440K, reserved 1048576K
Event: 286.011 GC heap after
Heap after GC invocations=31 (full 4):
 PSYoungGen      total 151040K, used 18493K [0x00000000e0000000, 0x00000000ebc00000, 0x0000000100000000)
  eden space 112128K, 0% used [0x00000000e0000000,0x00000000e0000000,0x00000000e6d80000)
  from space 38912K, 47% used [0x00000000e6d80000,0x00000000e7f8f590,0x00000000e9380000)
  to   space 37376K, 0% used [0x00000000e9780000,0x00000000e9780000,0x00000000ebc00000)
 ParOldGen       total 199168K, used 105789K [0x00000000a0000000, 0x00000000ac280000, 0x00000000e0000000)
  object space 199168K, 53% used [0x00000000a0000000,0x00000000a674f700,0x00000000ac280000)
 Metaspace       used 81580K, capacity 84588K, committed 84656K, reserved 1122304K
  class space    used 10715K, capacity 11386K, committed 11440K, reserved 1048576K
}
Event: 286.918 GC heap before
{Heap before GC invocations=32 (full 4):
 PSYoungGen      total 151040K, used 130621K [0x00000000e0000000, 0x00000000ebc00000, 0x0000000100000000)
  eden space 112128K, 100% used [0x00000000e0000000,0x00000000e6d80000,0x00000000e6d80000)
  from space 38912K, 47% used [0x00000000e6d80000,0x00000000e7f8f590,0x00000000e9380000)
  to   space 37376K, 0% used [0x00000000e9780000,0x00000000e9780000,0x00000000ebc00000)
 ParOldGen       total 199168K, used 105789K [0x00000000a0000000, 0x00000000ac280000, 0x00000000e0000000)
  object space 199168K, 53% used [0x00000000a0000000,0x00000000a674f700,0x00000000ac280000)
 Metaspace       used 81609K, capacity 84588K, committed 84656K, reserved 1122304K
  class space    used 10715K, capacity 11386K, committed 11440K, reserved 1048576K
Event: 287.081 GC heap after
Heap after GC invocations=32 (full 4):
 PSYoungGen      total 140288K, used 37368K [0x00000000e0000000, 0x00000000ee380000, 0x0000000100000000)
  eden space 102912K, 0% used [0x00000000e0000000,0x00000000e0000000,0x00000000e6480000)
  from space 37376K, 99% used [0x00000000e9780000,0x00000000ebbfe340,0x00000000ebc00000)
  to   space 52224K, 0% used [0x00000000e6480000,0x00000000e6480000,0x00000000e9780000)
 ParOldGen       total 199168K, used 129669K [0x00000000a0000000, 0x00000000ac280000, 0x00000000e0000000)
  object space 199168K, 65% used [0x00000000a0000000,0x00000000a7ea14f0,0x00000000ac280000)
 Metaspace       used 81609K, capacity 84588K, committed 84656K, reserved 1122304K
  class space    used 10715K, capacity 11386K, committed 11440K, reserved 1048576K
}
Event: 288.118 GC heap before
{Heap before GC invocations=33 (full 4):
 PSYoungGen      total 140288K, used 140280K [0x00000000e0000000, 0x00000000ee380000, 0x0000000100000000)
  eden space 102912K, 100% used [0x00000000e0000000,0x00000000e6480000,0x00000000e6480000)
  from space 37376K, 99% used [0x00000000e9780000,0x00000000ebbfe340,0x00000000ebc00000)
  to   space 52224K, 0% used [0x00000000e6480000,0x00000000e6480000,0x00000000e9780000)
 ParOldGen       total 199168K, used 129669K [0x00000000a0000000, 0x00000000ac280000, 0x00000000e0000000)
  object space 199168K, 65% used [0x00000000a0000000,0x00000000a7ea14f0,0x00000000ac280000)
 Metaspace       used 81624K, capacity 84588K, committed 84656K, reserved 1122304K
  class space    used 10715K, capacity 11386K, committed 11440K, reserved 1048576K
Event: 288.203 GC heap after
Heap after GC invocations=33 (full 4):
 PSYoungGen      total 155136K, used 48874K [0x00000000e0000000, 0x00000000ee880000, 0x0000000100000000)
  eden space 102912K, 0% used [0x00000000e0000000,0x00000000e0000000,0x00000000e6480000)
  from space 52224K, 93% used [0x00000000e6480000,0x00000000e943ab00,0x00000000e9780000)
  to   space 59392K, 0% used [0x00000000eae80000,0x00000000eae80000,0x00000000ee880000)
 ParOldGen       total 199168K, used 137333K [0x00000000a0000000, 0x00000000ac280000, 0x00000000e0000000)
  object space 199168K, 68% used [0x00000000a0000000,0x00000000a861d520,0x00000000ac280000)
 Metaspace       used 81624K, capacity 84588K, committed 84656K, reserved 1122304K
  class space    used 10715K, capacity 11386K, committed 11440K, reserved 1048576K
}
Event: 289.723 GC heap before
{Heap before GC invocations=34 (full 4):
 PSYoungGen      total 155136K, used 150841K [0x00000000e0000000, 0x00000000ee880000, 0x0000000100000000)
  eden space 102912K, 99% used [0x00000000e0000000,0x00000000e6393af0,0x00000000e6480000)
  from space 52224K, 93% used [0x00000000e6480000,0x00000000e943ab00,0x00000000e9780000)
  to   space 59392K, 0% used [0x00000000eae80000,0x00000000eae80000,0x00000000ee880000)
 ParOldGen       total 199168K, used 137333K [0x00000000a0000000, 0x00000000ac280000, 0x00000000e0000000)
  object space 199168K, 68% used [0x00000000a0000000,0x00000000a861d520,0x00000000ac280000)
 Metaspace       used 81694K, capacity 84660K, committed 84912K, reserved 1122304K
  class space    used 10717K, capacity 11386K, committed 11440K, reserved 1048576K
Event: 289.803 GC heap after
Heap after GC invocations=34 (full 4):
 PSYoungGen      total 173568K, used 47093K [0x00000000e0000000, 0x00000000ef280000, 0x0000000100000000)
  eden space 114176K, 0% used [0x00000000e0000000,0x00000000e0000000,0x00000000e6f80000)
  from space 59392K, 79% used [0x00000000eae80000,0x00000000edc7d518,0x00000000ee880000)
  to   space 64512K, 0% used [0x00000000e6f80000,0x00000000e6f80000,0x00000000eae80000)
 ParOldGen       total 199168K, used 142559K [0x00000000a0000000, 0x00000000ac280000, 0x00000000e0000000)
  object space 199168K, 71% used [0x00000000a0000000,0x00000000a8b37c98,0x00000000ac280000)
 Metaspace       used 81694K, capacity 84660K, committed 84912K, reserved 1122304K
  class space    used 10717K, capacity 11386K, committed 11440K, reserved 1048576K
}
Event: 3160.899 GC heap before
{Heap before GC invocations=35 (full 4):
 PSYoungGen      total 173568K, used 161269K [0x00000000e0000000, 0x00000000ef280000, 0x0000000100000000)
  eden space 114176K, 100% used [0x00000000e0000000,0x00000000e6f80000,0x00000000e6f80000)
  from space 59392K, 79% used [0x00000000eae80000,0x00000000edc7d518,0x00000000ee880000)
  to   space 64512K, 0% used [0x00000000e6f80000,0x00000000e6f80000,0x00000000eae80000)
 ParOldGen       total 199168K, used 142559K [0x00000000a0000000, 0x00000000ac280000, 0x00000000e0000000)
  object space 199168K, 71% used [0x00000000a0000000,0x00000000a8b37c98,0x00000000ac280000)
 Metaspace       used 83862K, capacity 86956K, committed 87088K, reserved 1124352K
  class space    used 10976K, capacity 11706K, committed 11824K, reserved 1048576K
Event: 3160.961 GC heap after
Heap after GC invocations=35 (full 4):
 PSYoungGen      total 178688K, used 23681K [0x00000000e0000000, 0x00000000ef580000, 0x0000000100000000)
  eden space 114176K, 0% used [0x00000000e0000000,0x00000000e0000000,0x00000000e6f80000)
  from space 64512K, 36% used [0x00000000e6f80000,0x00000000e86a0628,0x00000000eae80000)
  to   space 60928K, 0% used [0x00000000eba00000,0x00000000eba00000,0x00000000ef580000)
 ParOldGen       total 199168K, used 143094K [0x00000000a0000000, 0x00000000ac280000, 0x00000000e0000000)
  object space 199168K, 71% used [0x00000000a0000000,0x00000000a8bbdb58,0x00000000ac280000)
 Metaspace       used 83862K, capacity 86956K, committed 87088K, reserved 1124352K
  class space    used 10976K, capacity 11706K, committed 11824K, reserved 1048576K
}

