# JRE version: OpenJDK Runtime Environment (8.0_152-b02) (build 1.8.0_152-release-1024-b02)
# Java VM: OpenJDK 64-Bit Server VM (25.152-b02 mixed mode windows-amd64 compressed oops)
Heap:
 PSYoungGen      total 212480K, used 142431K [0x00000000e0000000, 0x00000000efe80000, 0x0000000100000000)
  eden space 179712K, 70% used [0x00000000e0000000,0x00000000e7ba06b8,0x00000000eaf80000)
  from space 32768K, 48% used [0x00000000ede80000,0x00000000eedf76e8,0x00000000efe80000)
  to   space 40448K, 0% used [0x00000000eaf80000,0x00000000eaf80000,0x00000000ed700000)
 ParOldGen       total 197632K, used 105393K [0x00000000a0000000, 0x00000000ac100000, 0x00000000e0000000)
  object space 197632K, 53% used [0x00000000a0000000,0x00000000a66ec4f0,0x00000000ac100000)
 Metaspace       used 73880K, capacity 76875K, committed 77204K, reserved 1116160K
  class space    used 9846K, capacity 10524K, committed 10684K, reserved 1048576K
GC Heap History (10 events):
Event: 47.988 GC heap before
{Heap before GC invocations=18 (full 3):
 PSYoungGen      total 148480K, used 15328K [0x00000000e0000000, 0x00000000ec780000, 0x0000000100000000)
  eden space 133120K, 0% used [0x00000000e0000000,0x00000000e0000000,0x00000000e8200000)
  from space 15360K, 99% used [0x00000000e8200000,0x00000000e90f8020,0x00000000e9100000)
  to   space 18944K, 0% used [0x00000000eb500000,0x00000000eb500000,0x00000000ec780000)
 ParOldGen       total 55296K, used 37660K [0x00000000a0000000, 0x00000000a3600000, 0x00000000e0000000)
  object space 55296K, 68% used [0x00000000a0000000,0x00000000a24c7170,0x00000000a3600000)
 Metaspace       used 57050K, capacity 58953K, committed 59028K, reserved 1099776K
  class space    used 7847K, capacity 8342K, committed 8380K, reserved 1048576K
Event: 48.421 GC heap after
Heap after GC invocations=18 (full 3):
 PSYoungGen      total 148480K, used 0K [0x00000000e0000000, 0x00000000ec780000, 0x0000000100000000)
  eden space 133120K, 0% used [0x00000000e0000000,0x00000000e0000000,0x00000000e8200000)
  from space 15360K, 0% used [0x00000000e8200000,0x00000000e8200000,0x00000000e9100000)
  to   space 18944K, 0% used [0x00000000eb500000,0x00000000eb500000,0x00000000ec780000)
 ParOldGen       total 105472K, used 49313K [0x00000000a0000000, 0x00000000a6700000, 0x00000000e0000000)
  object space 105472K, 46% used [0x00000000a0000000,0x00000000a3028788,0x00000000a6700000)
 Metaspace       used 57050K, capacity 58953K, committed 59028K, reserved 1099776K
  class space    used 7847K, capacity 8342K, committed 8380K, reserved 1048576K
}
Event: 66.294 GC heap before
{Heap before GC invocations=19 (full 3):
 PSYoungGen      total 148480K, used 133120K [0x00000000e0000000, 0x00000000ec780000, 0x0000000100000000)
  eden space 133120K, 100% used [0x00000000e0000000,0x00000000e8200000,0x00000000e8200000)
  from space 15360K, 0% used [0x00000000e8200000,0x00000000e8200000,0x00000000e9100000)
  to   space 18944K, 0% used [0x00000000eb500000,0x00000000eb500000,0x00000000ec780000)
 ParOldGen       total 105472K, used 49313K [0x00000000a0000000, 0x00000000a6700000, 0x00000000e0000000)
  object space 105472K, 46% used [0x00000000a0000000,0x00000000a3028788,0x00000000a6700000)
 Metaspace       used 65467K, capacity 67823K, committed 68116K, reserved 1107968K
  class space    used 8909K, capacity 9469K, committed 9532K, reserved 1048576K
Event: 66.327 GC heap after
Heap after GC invocations=19 (full 3):
 PSYoungGen      total 180224K, used 18927K [0x00000000e0000000, 0x00000000ec880000, 0x0000000100000000)
  eden space 161280K, 0% used [0x00000000e0000000,0x00000000e0000000,0x00000000e9d80000)
  from space 18944K, 99% used [0x00000000eb500000,0x00000000ec77be10,0x00000000ec780000)
  to   space 22016K, 0% used [0x00000000e9d80000,0x00000000e9d80000,0x00000000eb300000)
 ParOldGen       total 105472K, used 49472K [0x00000000a0000000, 0x00000000a6700000, 0x00000000e0000000)
  object space 105472K, 46% used [0x00000000a0000000,0x00000000a3050138,0x00000000a6700000)
 Metaspace       used 65467K, capacity 67823K, committed 68116K, reserved 1107968K
  class space    used 8909K, capacity 9469K, committed 9532K, reserved 1048576K
}
Event: 84.315 GC heap before
{Heap before GC invocations=20 (full 3):
 PSYoungGen      total 180224K, used 180207K [0x00000000e0000000, 0x00000000ec880000, 0x0000000100000000)
  eden space 161280K, 100% used [0x00000000e0000000,0x00000000e9d80000,0x00000000e9d80000)
  from space 18944K, 99% used [0x00000000eb500000,0x00000000ec77be10,0x00000000ec780000)
  to   space 22016K, 0% used [0x00000000e9d80000,0x00000000e9d80000,0x00000000eb300000)
 ParOldGen       total 105472K, used 49472K [0x00000000a0000000, 0x00000000a6700000, 0x00000000e0000000)
  object space 105472K, 46% used [0x00000000a0000000,0x00000000a3050138,0x00000000a6700000)
 Metaspace       used 68096K, capacity 71067K, committed 71316K, reserved 1110016K
  class space    used 9279K, capacity 9899K, committed 9916K, reserved 1048576K
Event: 84.462 GC heap after
Heap after GC invocations=20 (full 3):
 PSYoungGen      total 183296K, used 22010K [0x00000000e0000000, 0x00000000f0880000, 0x0000000100000000)
  eden space 161280K, 0% used [0x00000000e0000000,0x00000000e0000000,0x00000000e9d80000)
  from space 22016K, 99% used [0x00000000e9d80000,0x00000000eb2fe998,0x00000000eb300000)
  to   space 43008K, 0% used [0x00000000ede80000,0x00000000ede80000,0x00000000f0880000)
 ParOldGen       total 105472K, used 96993K [0x00000000a0000000, 0x00000000a6700000, 0x00000000e0000000)
  object space 105472K, 91% used [0x00000000a0000000,0x00000000a5eb8710,0x00000000a6700000)
 Metaspace       used 68096K, capacity 71067K, committed 71316K, reserved 1110016K
  class space    used 9279K, capacity 9899K, committed 9916K, reserved 1048576K
}
Event: 84.462 GC heap before
{Heap before GC invocations=21 (full 4):
 PSYoungGen      total 183296K, used 22010K [0x00000000e0000000, 0x00000000f0880000, 0x0000000100000000)
  eden space 161280K, 0% used [0x00000000e0000000,0x00000000e0000000,0x00000000e9d80000)
  from space 22016K, 99% used [0x00000000e9d80000,0x00000000eb2fe998,0x00000000eb300000)
  to   space 43008K, 0% used [0x00000000ede80000,0x00000000ede80000,0x00000000f0880000)
 ParOldGen       total 105472K, used 96993K [0x00000000a0000000, 0x00000000a6700000, 0x00000000e0000000)
  object space 105472K, 91% used [0x00000000a0000000,0x00000000a5eb8710,0x00000000a6700000)
 Metaspace       used 68096K, capacity 71067K, committed 71316K, reserved 1110016K
  class space    used 9279K, capacity 9899K, committed 9916K, reserved 1048576K
Event: 85.254 GC heap after
Heap after GC invocations=21 (full 4):
 PSYoungGen      total 183296K, used 0K [0x00000000e0000000, 0x00000000f0880000, 0x0000000100000000)
  eden space 161280K, 0% used [0x00000000e0000000,0x00000000e0000000,0x00000000e9d80000)
  from space 22016K, 0% used [0x00000000e9d80000,0x00000000e9d80000,0x00000000eb300000)
  to   space 43008K, 0% used [0x00000000ede80000,0x00000000ede80000,0x00000000f0880000)
 ParOldGen       total 197632K, used 105385K [0x00000000a0000000, 0x00000000ac100000, 0x00000000e0000000)
  object space 197632K, 53% used [0x00000000a0000000,0x00000000a66ea4f0,0x00000000ac100000)
 Metaspace       used 67799K, capacity 70289K, committed 71316K, reserved 1110016K
  class space    used 9175K, capacity 9720K, committed 9916K, reserved 1048576K
}
Event: 96.198 GC heap before
{Heap before GC invocations=22 (full 4):
 PSYoungGen      total 183296K, used 161280K [0x00000000e0000000, 0x00000000f0880000, 0x0000000100000000)
  eden space 161280K, 100% used [0x00000000e0000000,0x00000000e9d80000,0x00000000e9d80000)
  from space 22016K, 0% used [0x00000000e9d80000,0x00000000e9d80000,0x00000000eb300000)
  to   space 43008K, 0% used [0x00000000ede80000,0x00000000ede80000,0x00000000f0880000)
 ParOldGen       total 197632K, used 105385K [0x00000000a0000000, 0x00000000ac100000, 0x00000000e0000000)
  object space 197632K, 53% used [0x00000000a0000000,0x00000000a66ea4f0,0x00000000ac100000)
 Metaspace       used 69713K, capacity 72331K, committed 73108K, reserved 1112064K
  class space    used 9366K, capacity 9973K, committed 10172K, reserved 1048576K
Event: 96.225 GC heap after
Heap after GC invocations=22 (full 4):
 PSYoungGen      total 212480K, used 15837K [0x00000000e0000000, 0x00000000efe80000, 0x0000000100000000)
  eden space 179712K, 0% used [0x00000000e0000000,0x00000000e0000000,0x00000000eaf80000)
  from space 32768K, 48% used [0x00000000ede80000,0x00000000eedf76e8,0x00000000efe80000)
  to   space 40448K, 0% used [0x00000000eaf80000,0x00000000eaf80000,0x00000000ed700000)
 ParOldGen       total 197632K, used 105393K [0x00000000a0000000, 0x00000000ac100000, 0x00000000e0000000)
  object space 197632K, 53% used [0x00000000a0000000,0x00000000a66ec4f0,0x00000000ac100000)
 Metaspace       used 69713K, capacity 72331K, committed 73108K, reserved 1112064K
  class space    used 9366K, capacity 9973K, committed 10172K, reserved 1048576K
}

