# JRE version: OpenJDK Runtime Environment (8.0_152-b01) (build 1.8.0_152-release-1248-b01)
# Java VM: OpenJDK 64-Bit Server VM (25.152-b01 mixed mode windows-amd64 compressed oops)
Heap:
 PSYoungGen      total 185344K, used 31965K [0x00000000e0000000, 0x00000000ef800000, 0x0000000100000000)
  eden space 171008K, 18% used [0x00000000e0000000,0x00000000e1f37560,0x00000000ea700000)
  from space 14336K, 0% used [0x00000000ea700000,0x00000000ea700000,0x00000000eb500000)
  to   space 26624K, 0% used [0x00000000ede00000,0x00000000ede00000,0x00000000ef800000)
 ParOldGen       total 88064K, used 78024K [0x00000000a0000000, 0x00000000a5600000, 0x00000000e0000000)
  object space 88064K, 88% used [0x00000000a0000000,0x00000000a4c32058,0x00000000a5600000)
 Metaspace       used 82777K, capacity 85768K, committed 86192K, reserved 1124352K
  class space    used 10928K, capacity 11586K, committed 11696K, reserved 1048576K
GC Heap History (10 events):
Event: 69.846 GC heap before
{Heap before GC invocations=35 (full 3):
 PSYoungGen      total 127488K, used 114652K [0x00000000e0000000, 0x00000000ea700000, 0x0000000100000000)
  eden space 114688K, 99% used [0x00000000e0000000,0x00000000e6fe70e8,0x00000000e7000000)
  from space 12800K, 0% used [0x00000000e7000000,0x00000000e7010000,0x00000000e7c80000)
  to   space 13312K, 0% used [0x00000000e9a00000,0x00000000e9a00000,0x00000000ea700000)
 ParOldGen       total 88064K, used 52660K [0x00000000a0000000, 0x00000000a5600000, 0x00000000e0000000)
  object space 88064K, 59% used [0x00000000a0000000,0x00000000a336d340,0x00000000a5600000)
 Metaspace       used 63939K, capacity 65994K, committed 66096K, reserved 1105920K
  class space    used 8610K, capacity 9169K, committed 9264K, reserved 1048576K
Event: 69.850 GC heap after
Heap after GC invocations=35 (full 3):
 PSYoungGen      total 156672K, used 64K [0x00000000e0000000, 0x00000000ea680000, 0x0000000100000000)
  eden space 143872K, 0% used [0x00000000e0000000,0x00000000e0000000,0x00000000e8c80000)
  from space 12800K, 0% used [0x00000000e9a00000,0x00000000e9a10000,0x00000000ea680000)
  to   space 13312K, 0% used [0x00000000e8c80000,0x00000000e8c80000,0x00000000e9980000)
 ParOldGen       total 88064K, used 52676K [0x00000000a0000000, 0x00000000a5600000, 0x00000000e0000000)
  object space 88064K, 59% used [0x00000000a0000000,0x00000000a3371340,0x00000000a5600000)
 Metaspace       used 63939K, capacity 65994K, committed 66096K, reserved 1105920K
  class space    used 8610K, capacity 9169K, committed 9264K, reserved 1048576K
}
Event: 73.319 GC heap before
{Heap before GC invocations=36 (full 3):
 PSYoungGen      total 156672K, used 143936K [0x00000000e0000000, 0x00000000ea680000, 0x0000000100000000)
  eden space 143872K, 100% used [0x00000000e0000000,0x00000000e8c80000,0x00000000e8c80000)
  from space 12800K, 0% used [0x00000000e9a00000,0x00000000e9a10000,0x00000000ea680000)
  to   space 13312K, 0% used [0x00000000e8c80000,0x00000000e8c80000,0x00000000e9980000)
 ParOldGen       total 88064K, used 52676K [0x00000000a0000000, 0x00000000a5600000, 0x00000000e0000000)
  object space 88064K, 59% used [0x00000000a0000000,0x00000000a3371340,0x00000000a5600000)
 Metaspace       used 66223K, capacity 68544K, committed 68784K, reserved 1107968K
  class space    used 8985K, capacity 9580K, committed 9648K, reserved 1048576K
Event: 73.334 GC heap after
Heap after GC invocations=36 (full 3):
 PSYoungGen      total 157184K, used 3007K [0x00000000e0000000, 0x00000000ec100000, 0x0000000100000000)
  eden space 143872K, 0% used [0x00000000e0000000,0x00000000e0000000,0x00000000e8c80000)
  from space 13312K, 22% used [0x00000000e8c80000,0x00000000e8f6fec0,0x00000000e9980000)
  to   space 12288K, 0% used [0x00000000eb500000,0x00000000eb500000,0x00000000ec100000)
 ParOldGen       total 88064K, used 52708K [0x00000000a0000000, 0x00000000a5600000, 0x00000000e0000000)
  object space 88064K, 59% used [0x00000000a0000000,0x00000000a3379340,0x00000000a5600000)
 Metaspace       used 66223K, capacity 68544K, committed 68784K, reserved 1107968K
  class space    used 8985K, capacity 9580K, committed 9648K, reserved 1048576K
}
Event: 986.577 GC heap before
{Heap before GC invocations=37 (full 3):
 PSYoungGen      total 157184K, used 146402K [0x00000000e0000000, 0x00000000ec100000, 0x0000000100000000)
  eden space 143872K, 99% used [0x00000000e0000000,0x00000000e8c08a60,0x00000000e8c80000)
  from space 13312K, 22% used [0x00000000e8c80000,0x00000000e8f6fec0,0x00000000e9980000)
  to   space 12288K, 0% used [0x00000000eb500000,0x00000000eb500000,0x00000000ec100000)
 ParOldGen       total 88064K, used 52708K [0x00000000a0000000, 0x00000000a5600000, 0x00000000e0000000)
  object space 88064K, 59% used [0x00000000a0000000,0x00000000a3379340,0x00000000a5600000)
 Metaspace       used 73345K, capacity 75742K, committed 75824K, reserved 1114112K
  class space    used 9697K, capacity 10287K, committed 10288K, reserved 1048576K
Event: 986.618 GC heap after
Heap after GC invocations=37 (full 3):
 PSYoungGen      total 183296K, used 11716K [0x00000000e0000000, 0x00000000ec300000, 0x0000000100000000)
  eden space 171008K, 0% used [0x00000000e0000000,0x00000000e0000000,0x00000000ea700000)
  from space 12288K, 95% used [0x00000000eb500000,0x00000000ec0710d8,0x00000000ec100000)
  to   space 14336K, 0% used [0x00000000ea700000,0x00000000ea700000,0x00000000eb500000)
 ParOldGen       total 88064K, used 54516K [0x00000000a0000000, 0x00000000a5600000, 0x00000000e0000000)
  object space 88064K, 61% used [0x00000000a0000000,0x00000000a353d110,0x00000000a5600000)
 Metaspace       used 73345K, capacity 75742K, committed 75824K, reserved 1114112K
  class space    used 9697K, capacity 10287K, committed 10288K, reserved 1048576K
}
Event: 996.575 GC heap before
{Heap before GC invocations=38 (full 3):
 PSYoungGen      total 183296K, used 182724K [0x00000000e0000000, 0x00000000ec300000, 0x0000000100000000)
  eden space 171008K, 100% used [0x00000000e0000000,0x00000000ea700000,0x00000000ea700000)
  from space 12288K, 95% used [0x00000000eb500000,0x00000000ec0710d8,0x00000000ec100000)
  to   space 14336K, 0% used [0x00000000ea700000,0x00000000ea700000,0x00000000eb500000)
 ParOldGen       total 88064K, used 54516K [0x00000000a0000000, 0x00000000a5600000, 0x00000000e0000000)
  object space 88064K, 61% used [0x00000000a0000000,0x00000000a353d110,0x00000000a5600000)
 Metaspace       used 82060K, capacity 85232K, committed 85296K, reserved 1122304K
  class space    used 10825K, capacity 11506K, committed 11568K, reserved 1048576K
Event: 996.645 GC heap after
Heap after GC invocations=38 (full 3):
 PSYoungGen      total 185344K, used 14332K [0x00000000e0000000, 0x00000000ef800000, 0x0000000100000000)
  eden space 171008K, 0% used [0x00000000e0000000,0x00000000e0000000,0x00000000ea700000)
  from space 14336K, 99% used [0x00000000ea700000,0x00000000eb4ff210,0x00000000eb500000)
  to   space 26624K, 0% used [0x00000000ede00000,0x00000000ede00000,0x00000000ef800000)
 ParOldGen       total 88064K, used 80540K [0x00000000a0000000, 0x00000000a5600000, 0x00000000e0000000)
  object space 88064K, 91% used [0x00000000a0000000,0x00000000a4ea7200,0x00000000a5600000)
 Metaspace       used 82060K, capacity 85232K, committed 85296K, reserved 1122304K
  class space    used 10825K, capacity 11506K, committed 11568K, reserved 1048576K
}
Event: 996.697 GC heap before
{Heap before GC invocations=39 (full 4):
 PSYoungGen      total 185344K, used 14332K [0x00000000e0000000, 0x00000000ef800000, 0x0000000100000000)
  eden space 171008K, 0% used [0x00000000e0000000,0x00000000e0000000,0x00000000ea700000)
  from space 14336K, 99% used [0x00000000ea700000,0x00000000eb4ff210,0x00000000eb500000)
  to   space 26624K, 0% used [0x00000000ede00000,0x00000000ede00000,0x00000000ef800000)
 ParOldGen       total 88064K, used 80540K [0x00000000a0000000, 0x00000000a5600000, 0x00000000e0000000)
  object space 88064K, 91% used [0x00000000a0000000,0x00000000a4ea7200,0x00000000a5600000)
 Metaspace       used 82060K, capacity 85232K, committed 85296K, reserved 1122304K
  class space    used 10825K, capacity 11506K, committed 11568K, reserved 1048576K
Event: 997.174 GC heap after
Heap after GC invocations=39 (full 4):
 PSYoungGen      total 185344K, used 0K [0x00000000e0000000, 0x00000000ef800000, 0x0000000100000000)
  eden space 171008K, 0% used [0x00000000e0000000,0x00000000e0000000,0x00000000ea700000)
  from space 14336K, 0% used [0x00000000ea700000,0x00000000ea700000,0x00000000eb500000)
  to   space 26624K, 0% used [0x00000000ede00000,0x00000000ede00000,0x00000000ef800000)
 ParOldGen       total 88064K, used 78024K [0x00000000a0000000, 0x00000000a5600000, 0x00000000e0000000)
  object space 88064K, 88% used [0x00000000a0000000,0x00000000a4c32058,0x00000000a5600000)
 Metaspace       used 81874K, capacity 84702K, committed 85296K, reserved 1122304K
  class space    used 10762K, capacity 11397K, committed 11568K, reserved 1048576K
}

