# JRE version: OpenJDK Runtime Environment (8.0_152-b02) (build 1.8.0_152-release-1024-b02)
# Java VM: OpenJDK 64-Bit Server VM (25.152-b02 mixed mode windows-amd64 compressed oops)
Heap:
 PSYoungGen      total 224768K, used 141837K [0x00000000e0000000, 0x00000000f2580000, 0x0000000100000000)
  eden space 189952K, 67% used [0x00000000e0000000,0x00000000e7cb6118,0x00000000eb980000)
  from space 34816K, 40% used [0x00000000eb980000,0x00000000ec74d378,0x00000000edb80000)
  to   space 33280K, 0% used [0x00000000f0500000,0x00000000f0500000,0x00000000f2580000)
 ParOldGen       total 179200K, used 90531K [0x00000000a0000000, 0x00000000aaf00000, 0x00000000e0000000)
  object space 179200K, 50% used [0x00000000a0000000,0x00000000a5868fb8,0x00000000aaf00000)
 Metaspace       used 75721K, capacity 78543K, committed 79104K, reserved 1118208K
  class space    used 9942K, capacity 10580K, committed 10752K, reserved 1048576K
GC Heap History (10 events):
Event: 41.723 GC heap before
{Heap before GC invocations=19 (full 3):
 PSYoungGen      total 156672K, used 141824K [0x00000000e0000000, 0x00000000eca80000, 0x0000000100000000)
  eden space 141824K, 100% used [0x00000000e0000000,0x00000000e8a80000,0x00000000e8a80000)
  from space 14848K, 0% used [0x00000000e8a80000,0x00000000e8a80000,0x00000000e9900000)
  to   space 16384K, 0% used [0x00000000eba80000,0x00000000eba80000,0x00000000eca80000)
 ParOldGen       total 92160K, used 36872K [0x00000000a0000000, 0x00000000a5a00000, 0x00000000e0000000)
  object space 92160K, 40% used [0x00000000a0000000,0x00000000a2402298,0x00000000a5a00000)
 Metaspace       used 64511K, capacity 66579K, committed 66816K, reserved 1107968K
  class space    used 8592K, capacity 9102K, committed 9216K, reserved 1048576K
Event: 41.750 GC heap after
Heap after GC invocations=19 (full 3):
 PSYoungGen      total 182784K, used 12722K [0x00000000e0000000, 0x00000000ec780000, 0x0000000100000000)
  eden space 169472K, 0% used [0x00000000e0000000,0x00000000e0000000,0x00000000ea580000)
  from space 13312K, 95% used [0x00000000eba80000,0x00000000ec6ecb38,0x00000000ec780000)
  to   space 17408K, 0% used [0x00000000ea580000,0x00000000ea580000,0x00000000eb680000)
 ParOldGen       total 92160K, used 36888K [0x00000000a0000000, 0x00000000a5a00000, 0x00000000e0000000)
  object space 92160K, 40% used [0x00000000a0000000,0x00000000a2406298,0x00000000a5a00000)
 Metaspace       used 64511K, capacity 66579K, committed 66816K, reserved 1107968K
  class space    used 8592K, capacity 9102K, committed 9216K, reserved 1048576K
}
Event: 45.900 GC heap before
{Heap before GC invocations=20 (full 3):
 PSYoungGen      total 182784K, used 182194K [0x00000000e0000000, 0x00000000ec780000, 0x0000000100000000)
  eden space 169472K, 100% used [0x00000000e0000000,0x00000000ea580000,0x00000000ea580000)
  from space 13312K, 95% used [0x00000000eba80000,0x00000000ec6ecb38,0x00000000ec780000)
  to   space 17408K, 0% used [0x00000000ea580000,0x00000000ea580000,0x00000000eb680000)
 ParOldGen       total 92160K, used 36893K [0x00000000a0000000, 0x00000000a5a00000, 0x00000000e0000000)
  object space 92160K, 40% used [0x00000000a0000000,0x00000000a24074f0,0x00000000a5a00000)
 Metaspace       used 71135K, capacity 74237K, committed 74496K, reserved 1114112K
  class space    used 9534K, capacity 10189K, committed 10240K, reserved 1048576K
Event: 46.015 GC heap after
Heap after GC invocations=20 (full 3):
 PSYoungGen      total 186880K, used 17382K [0x00000000e0000000, 0x00000000f0700000, 0x0000000100000000)
  eden space 169472K, 0% used [0x00000000e0000000,0x00000000e0000000,0x00000000ea580000)
  from space 17408K, 99% used [0x00000000ea580000,0x00000000eb679b38,0x00000000eb680000)
  to   space 34816K, 0% used [0x00000000ee500000,0x00000000ee500000,0x00000000f0700000)
 ParOldGen       total 92160K, used 77052K [0x00000000a0000000, 0x00000000a5a00000, 0x00000000e0000000)
  object space 92160K, 83% used [0x00000000a0000000,0x00000000a4b3f200,0x00000000a5a00000)
 Metaspace       used 71135K, capacity 74237K, committed 74496K, reserved 1114112K
  class space    used 9534K, capacity 10189K, committed 10240K, reserved 1048576K
}
Event: 46.015 GC heap before
{Heap before GC invocations=21 (full 4):
 PSYoungGen      total 186880K, used 17382K [0x00000000e0000000, 0x00000000f0700000, 0x0000000100000000)
  eden space 169472K, 0% used [0x00000000e0000000,0x00000000e0000000,0x00000000ea580000)
  from space 17408K, 99% used [0x00000000ea580000,0x00000000eb679b38,0x00000000eb680000)
  to   space 34816K, 0% used [0x00000000ee500000,0x00000000ee500000,0x00000000f0700000)
 ParOldGen       total 92160K, used 77052K [0x00000000a0000000, 0x00000000a5a00000, 0x00000000e0000000)
  object space 92160K, 83% used [0x00000000a0000000,0x00000000a4b3f200,0x00000000a5a00000)
 Metaspace       used 71135K, capacity 74237K, committed 74496K, reserved 1114112K
  class space    used 9534K, capacity 10189K, committed 10240K, reserved 1048576K
Event: 46.701 GC heap after
Heap after GC invocations=21 (full 4):
 PSYoungGen      total 186880K, used 0K [0x00000000e0000000, 0x00000000f0700000, 0x0000000100000000)
  eden space 169472K, 0% used [0x00000000e0000000,0x00000000e0000000,0x00000000ea580000)
  from space 17408K, 0% used [0x00000000ea580000,0x00000000ea580000,0x00000000eb680000)
  to   space 34816K, 0% used [0x00000000ee500000,0x00000000ee500000,0x00000000f0700000)
 ParOldGen       total 179200K, used 90515K [0x00000000a0000000, 0x00000000aaf00000, 0x00000000e0000000)
  object space 179200K, 50% used [0x00000000a0000000,0x00000000a5864fb8,0x00000000aaf00000)
 Metaspace       used 70709K, capacity 73119K, committed 74496K, reserved 1114112K
  class space    used 9384K, capacity 9928K, committed 10240K, reserved 1048576K
}
Event: 50.237 GC heap before
{Heap before GC invocations=22 (full 4):
 PSYoungGen      total 186880K, used 169281K [0x00000000e0000000, 0x00000000f0700000, 0x0000000100000000)
  eden space 169472K, 99% used [0x00000000e0000000,0x00000000ea550630,0x00000000ea580000)
  from space 17408K, 0% used [0x00000000ea580000,0x00000000ea580000,0x00000000eb680000)
  to   space 34816K, 0% used [0x00000000ee500000,0x00000000ee500000,0x00000000f0700000)
 ParOldGen       total 179200K, used 90515K [0x00000000a0000000, 0x00000000aaf00000, 0x00000000e0000000)
  object space 179200K, 50% used [0x00000000a0000000,0x00000000a5864fb8,0x00000000aaf00000)
 Metaspace       used 72634K, capacity 75203K, committed 76288K, reserved 1116160K
  class space    used 9619K, capacity 10190K, committed 10496K, reserved 1048576K
Event: 50.260 GC heap after
Heap after GC invocations=22 (full 4):
 PSYoungGen      total 215040K, used 19530K [0x00000000e0000000, 0x00000000efd80000, 0x0000000100000000)
  eden space 189952K, 0% used [0x00000000e0000000,0x00000000e0000000,0x00000000eb980000)
  from space 25088K, 77% used [0x00000000ee500000,0x00000000ef812b50,0x00000000efd80000)
  to   space 34816K, 0% used [0x00000000eb980000,0x00000000eb980000,0x00000000edb80000)
 ParOldGen       total 179200K, used 90523K [0x00000000a0000000, 0x00000000aaf00000, 0x00000000e0000000)
  object space 179200K, 50% used [0x00000000a0000000,0x00000000a5866fb8,0x00000000aaf00000)
 Metaspace       used 72634K, capacity 75203K, committed 76288K, reserved 1116160K
  class space    used 9619K, capacity 10190K, committed 10496K, reserved 1048576K
}
Event: 50.321 GC heap before
{Heap before GC invocations=23 (full 4):
 PSYoungGen      total 215040K, used 209204K [0x00000000e0000000, 0x00000000efd80000, 0x0000000100000000)
  eden space 189952K, 99% used [0x00000000e0000000,0x00000000eb93a708,0x00000000eb980000)
  from space 25088K, 77% used [0x00000000ee500000,0x00000000ef812b50,0x00000000efd80000)
  to   space 34816K, 0% used [0x00000000eb980000,0x00000000eb980000,0x00000000edb80000)
 ParOldGen       total 179200K, used 90523K [0x00000000a0000000, 0x00000000aaf00000, 0x00000000e0000000)
  object space 179200K, 50% used [0x00000000a0000000,0x00000000a5866fb8,0x00000000aaf00000)
 Metaspace       used 72640K, capacity 75203K, committed 76288K, reserved 1116160K
  class space    used 9619K, capacity 10190K, committed 10496K, reserved 1048576K
Event: 50.329 GC heap after
Heap after GC invocations=23 (full 4):
 PSYoungGen      total 224768K, used 14132K [0x00000000e0000000, 0x00000000f2580000, 0x0000000100000000)
  eden space 189952K, 0% used [0x00000000e0000000,0x00000000e0000000,0x00000000eb980000)
  from space 34816K, 40% used [0x00000000eb980000,0x00000000ec74d378,0x00000000edb80000)
  to   space 33280K, 0% used [0x00000000f0500000,0x00000000f0500000,0x00000000f2580000)
 ParOldGen       total 179200K, used 90531K [0x00000000a0000000, 0x00000000aaf00000, 0x00000000e0000000)
  object space 179200K, 50% used [0x00000000a0000000,0x00000000a5868fb8,0x00000000aaf00000)
 Metaspace       used 72640K, capacity 75203K, committed 76288K, reserved 1116160K
  class space    used 9619K, capacity 10190K, committed 10496K, reserved 1048576K
}

