# JRE version: OpenJDK Runtime Environment (8.0_152-b02) (build 1.8.0_152-release-1024-b02)
# Java VM: OpenJDK 64-Bit Server VM (25.152-b02 mixed mode windows-amd64 compressed oops)
Heap:
 PSYoungGen      total 166400K, used 16212K [0x00000000e0000000, 0x00000000eec00000, 0x0000000100000000)
  eden space 151552K, 10% used [0x00000000e0000000,0x00000000e1007e88,0x00000000e9400000)
  from space 14848K, 0% used [0x00000000ea900000,0x00000000ea900000,0x00000000eb780000)
  to   space 21504K, 0% used [0x00000000e9400000,0x00000000e9400000,0x00000000ea900000)
 ParOldGen       total 60416K, used 48305K [0x00000000a0000000, 0x00000000a3b00000, 0x00000000e0000000)
  object space 60416K, 79% used [0x00000000a0000000,0x00000000a2f2c7a8,0x00000000a3b00000)
 Metaspace       used 56813K, capacity 58968K, committed 59224K, reserved 1099776K
  class space    used 7851K, capacity 8446K, committed 8536K, reserved 1048576K
GC Heap History (10 events):
Event: 23.070 GC heap before
{Heap before GC invocations=13 (full 2):
 PSYoungGen      total 125952K, used 122880K [0x00000000e0000000, 0x00000000ea700000, 0x0000000100000000)
  eden space 122880K, 100% used [0x00000000e0000000,0x00000000e7800000,0x00000000e7800000)
  from space 3072K, 0% used [0x00000000e8400000,0x00000000e8400000,0x00000000e8700000)
  to   space 12288K, 0% used [0x00000000e7800000,0x00000000e7800000,0x00000000e8400000)
 ParOldGen       total 60416K, used 16143K [0x00000000a0000000, 0x00000000a3b00000, 0x00000000e0000000)
  object space 60416K, 26% used [0x00000000a0000000,0x00000000a0fc3d10,0x00000000a3b00000)
 Metaspace       used 41555K, capacity 42730K, committed 42968K, reserved 1085440K
  class space    used 5702K, capacity 6081K, committed 6104K, reserved 1048576K
Event: 23.097 GC heap after
Heap after GC invocations=13 (full 2):
 PSYoungGen      total 135168K, used 12284K [0x00000000e0000000, 0x00000000eb780000, 0x0000000100000000)
  eden space 122880K, 0% used [0x00000000e0000000,0x00000000e0000000,0x00000000e7800000)
  from space 12288K, 99% used [0x00000000e7800000,0x00000000e83ff2d8,0x00000000e8400000)
  to   space 14848K, 0% used [0x00000000ea900000,0x00000000ea900000,0x00000000eb780000)
 ParOldGen       total 60416K, used 17854K [0x00000000a0000000, 0x00000000a3b00000, 0x00000000e0000000)
  object space 60416K, 29% used [0x00000000a0000000,0x00000000a116f8d0,0x00000000a3b00000)
 Metaspace       used 41555K, capacity 42730K, committed 42968K, reserved 1085440K
  class space    used 5702K, capacity 6081K, committed 6104K, reserved 1048576K
}
Event: 28.135 GC heap before
{Heap before GC invocations=14 (full 2):
 PSYoungGen      total 135168K, used 135164K [0x00000000e0000000, 0x00000000eb780000, 0x0000000100000000)
  eden space 122880K, 100% used [0x00000000e0000000,0x00000000e7800000,0x00000000e7800000)
  from space 12288K, 99% used [0x00000000e7800000,0x00000000e83ff2d8,0x00000000e8400000)
  to   space 14848K, 0% used [0x00000000ea900000,0x00000000ea900000,0x00000000eb780000)
 ParOldGen       total 60416K, used 17854K [0x00000000a0000000, 0x00000000a3b00000, 0x00000000e0000000)
  object space 60416K, 29% used [0x00000000a0000000,0x00000000a116f8d0,0x00000000a3b00000)
 Metaspace       used 52596K, capacity 54398K, committed 54616K, reserved 1095680K
  class space    used 7291K, capacity 7766K, committed 7768K, reserved 1048576K
Event: 28.207 GC heap after
Heap after GC invocations=14 (full 2):
 PSYoungGen      total 167936K, used 14845K [0x00000000e0000000, 0x00000000ec280000, 0x0000000100000000)
  eden space 153088K, 0% used [0x00000000e0000000,0x00000000e0000000,0x00000000e9580000)
  from space 14848K, 99% used [0x00000000ea900000,0x00000000eb77f510,0x00000000eb780000)
  to   space 19968K, 0% used [0x00000000e9580000,0x00000000e9580000,0x00000000ea900000)
 ParOldGen       total 60416K, used 25603K [0x00000000a0000000, 0x00000000a3b00000, 0x00000000e0000000)
  object space 60416K, 42% used [0x00000000a0000000,0x00000000a1900ec8,0x00000000a3b00000)
 Metaspace       used 52596K, capacity 54398K, committed 54616K, reserved 1095680K
  class space    used 7291K, capacity 7766K, committed 7768K, reserved 1048576K
}
Event: 32.422 GC heap before
{Heap before GC invocations=15 (full 2):
 PSYoungGen      total 167936K, used 167933K [0x00000000e0000000, 0x00000000ec280000, 0x0000000100000000)
  eden space 153088K, 100% used [0x00000000e0000000,0x00000000e9580000,0x00000000e9580000)
  from space 14848K, 99% used [0x00000000ea900000,0x00000000eb77f510,0x00000000eb780000)
  to   space 19968K, 0% used [0x00000000e9580000,0x00000000e9580000,0x00000000ea900000)
 ParOldGen       total 60416K, used 25603K [0x00000000a0000000, 0x00000000a3b00000, 0x00000000e0000000)
  object space 60416K, 42% used [0x00000000a0000000,0x00000000a1900ec8,0x00000000a3b00000)
 Metaspace       used 56071K, capacity 58116K, committed 58456K, reserved 1099776K
  class space    used 7818K, capacity 8432K, committed 8536K, reserved 1048576K
Event: 32.516 GC heap after
Heap after GC invocations=15 (full 2):
 PSYoungGen      total 173056K, used 16257K [0x00000000e0000000, 0x00000000ec280000, 0x0000000100000000)
  eden space 153088K, 0% used [0x00000000e0000000,0x00000000e0000000,0x00000000e9580000)
  from space 19968K, 81% used [0x00000000e9580000,0x00000000ea560678,0x00000000ea900000)
  to   space 14848K, 0% used [0x00000000ea900000,0x00000000ea900000,0x00000000eb780000)
 ParOldGen       total 60416K, used 40360K [0x00000000a0000000, 0x00000000a3b00000, 0x00000000e0000000)
  object space 60416K, 66% used [0x00000000a0000000,0x00000000a276a378,0x00000000a3b00000)
 Metaspace       used 56071K, capacity 58116K, committed 58456K, reserved 1099776K
  class space    used 7818K, capacity 8432K, committed 8536K, reserved 1048576K
}
Event: 38.828 GC heap before
{Heap before GC invocations=16 (full 2):
 PSYoungGen      total 173056K, used 87533K [0x00000000e0000000, 0x00000000ec280000, 0x0000000100000000)
  eden space 153088K, 46% used [0x00000000e0000000,0x00000000e459af50,0x00000000e9580000)
  from space 19968K, 81% used [0x00000000e9580000,0x00000000ea560678,0x00000000ea900000)
  to   space 14848K, 0% used [0x00000000ea900000,0x00000000ea900000,0x00000000eb780000)
 ParOldGen       total 60416K, used 40360K [0x00000000a0000000, 0x00000000a3b00000, 0x00000000e0000000)
  object space 60416K, 66% used [0x00000000a0000000,0x00000000a276a378,0x00000000a3b00000)
 Metaspace       used 56775K, capacity 58826K, committed 58968K, reserved 1099776K
  class space    used 7849K, capacity 8443K, committed 8536K, reserved 1048576K
Event: 38.864 GC heap after
Heap after GC invocations=16 (full 2):
 PSYoungGen      total 166400K, used 2976K [0x00000000e0000000, 0x00000000eec00000, 0x0000000100000000)
  eden space 151552K, 0% used [0x00000000e0000000,0x00000000e0000000,0x00000000e9400000)
  from space 14848K, 20% used [0x00000000ea900000,0x00000000eabe8000,0x00000000eb780000)
  to   space 21504K, 0% used [0x00000000e9400000,0x00000000e9400000,0x00000000ea900000)
 ParOldGen       total 60416K, used 54599K [0x00000000a0000000, 0x00000000a3b00000, 0x00000000e0000000)
  object space 60416K, 90% used [0x00000000a0000000,0x00000000a3551cb8,0x00000000a3b00000)
 Metaspace       used 56775K, capacity 58826K, committed 58968K, reserved 1099776K
  class space    used 7849K, capacity 8443K, committed 8536K, reserved 1048576K
}
Event: 38.864 GC heap before
{Heap before GC invocations=17 (full 3):
 PSYoungGen      total 166400K, used 2976K [0x00000000e0000000, 0x00000000eec00000, 0x0000000100000000)
  eden space 151552K, 0% used [0x00000000e0000000,0x00000000e0000000,0x00000000e9400000)
  from space 14848K, 20% used [0x00000000ea900000,0x00000000eabe8000,0x00000000eb780000)
  to   space 21504K, 0% used [0x00000000e9400000,0x00000000e9400000,0x00000000ea900000)
 ParOldGen       total 60416K, used 54599K [0x00000000a0000000, 0x00000000a3b00000, 0x00000000e0000000)
  object space 60416K, 90% used [0x00000000a0000000,0x00000000a3551cb8,0x00000000a3b00000)
 Metaspace       used 56775K, capacity 58826K, committed 58968K, reserved 1099776K
  class space    used 7849K, capacity 8443K, committed 8536K, reserved 1048576K
Event: 39.294 GC heap after
Heap after GC invocations=17 (full 3):
 PSYoungGen      total 166400K, used 0K [0x00000000e0000000, 0x00000000eec00000, 0x0000000100000000)
  eden space 151552K, 0% used [0x00000000e0000000,0x00000000e0000000,0x00000000e9400000)
  from space 14848K, 0% used [0x00000000ea900000,0x00000000ea900000,0x00000000eb780000)
  to   space 21504K, 0% used [0x00000000e9400000,0x00000000e9400000,0x00000000ea900000)
 ParOldGen       total 60416K, used 48305K [0x00000000a0000000, 0x00000000a3b00000, 0x00000000e0000000)
  object space 60416K, 79% used [0x00000000a0000000,0x00000000a2f2c7a8,0x00000000a3b00000)
 Metaspace       used 56775K, capacity 58826K, committed 58968K, reserved 1099776K
  class space    used 7849K, capacity 8443K, committed 8536K, reserved 1048576K
}

