# JRE version: OpenJDK Runtime Environment (8.0_152-b01) (build 1.8.0_152-release-1248-b01)
# Java VM: OpenJDK 64-Bit Server VM (25.152-b01 mixed mode windows-amd64 compressed oops)
Heap:
 PSYoungGen      total 179200K, used 126059K [0x00000000e0000000, 0x00000000ee580000, 0x0000000100000000)
  eden space 123392K, 56% used [0x00000000e0000000,0x00000000e449d1d8,0x00000000e7880000)
  from space 55808K, 99% used [0x00000000e7880000,0x00000000eaefdb70,0x00000000eaf00000)
  to   space 53248K, 0% used [0x00000000eaf00000,0x00000000eaf00000,0x00000000ee300000)
 ParOldGen       total 179712K, used 86966K [0x00000000a0000000, 0x00000000aaf80000, 0x00000000e0000000)
  object space 179712K, 48% used [0x00000000a0000000,0x00000000a54eda98,0x00000000aaf80000)
 Metaspace       used 82730K, capacity 85814K, committed 86064K, reserved 1124352K
  class space    used 10804K, capacity 11517K, committed 11568K, reserved 1048576K
GC Heap History (10 events):
Event: 167.504 GC heap before
{Heap before GC invocations=31 (full 4):
 PSYoungGen      total 123904K, used 98816K [0x00000000e0000000, 0x00000000eba80000, 0x0000000100000000)
  eden space 98816K, 100% used [0x00000000e0000000,0x00000000e6080000,0x00000000e6080000)
  from space 25088K, 0% used [0x00000000e8680000,0x00000000e8680000,0x00000000e9f00000)
  to   space 38912K, 0% used [0x00000000e6080000,0x00000000e6080000,0x00000000e8680000)
 ParOldGen       total 179712K, used 81375K [0x00000000a0000000, 0x00000000aaf80000, 0x00000000e0000000)
  object space 179712K, 45% used [0x00000000a0000000,0x00000000a4f77d08,0x00000000aaf80000)
 Metaspace       used 81213K, capacity 84222K, committed 84400K, reserved 1122304K
  class space    used 10755K, capacity 11433K, committed 11440K, reserved 1048576K
Event: 167.577 GC heap after
Heap after GC invocations=31 (full 4):
 PSYoungGen      total 137728K, used 38893K [0x00000000e0000000, 0x00000000ec680000, 0x0000000100000000)
  eden space 98816K, 0% used [0x00000000e0000000,0x00000000e0000000,0x00000000e6080000)
  from space 38912K, 99% used [0x00000000e6080000,0x00000000e867b530,0x00000000e8680000)
  to   space 46592K, 0% used [0x00000000e9900000,0x00000000e9900000,0x00000000ec680000)
 ParOldGen       total 179712K, used 84544K [0x00000000a0000000, 0x00000000aaf80000, 0x00000000e0000000)
  object space 179712K, 47% used [0x00000000a0000000,0x00000000a52902f8,0x00000000aaf80000)
 Metaspace       used 81213K, capacity 84222K, committed 84400K, reserved 1122304K
  class space    used 10755K, capacity 11433K, committed 11440K, reserved 1048576K
}
Event: 169.469 GC heap before
{Heap before GC invocations=32 (full 4):
 PSYoungGen      total 137728K, used 137709K [0x00000000e0000000, 0x00000000ec680000, 0x0000000100000000)
  eden space 98816K, 100% used [0x00000000e0000000,0x00000000e6080000,0x00000000e6080000)
  from space 38912K, 99% used [0x00000000e6080000,0x00000000e867b530,0x00000000e8680000)
  to   space 46592K, 0% used [0x00000000e9900000,0x00000000e9900000,0x00000000ec680000)
 ParOldGen       total 179712K, used 84544K [0x00000000a0000000, 0x00000000aaf80000, 0x00000000e0000000)
  object space 179712K, 47% used [0x00000000a0000000,0x00000000a52902f8,0x00000000aaf80000)
 Metaspace       used 81410K, capacity 84368K, committed 84400K, reserved 1122304K
  class space    used 10756K, capacity 11436K, committed 11440K, reserved 1048576K
Event: 169.583 GC heap after
Heap after GC invocations=32 (full 4):
 PSYoungGen      total 154112K, used 32595K [0x00000000e0000000, 0x00000000ecf80000, 0x0000000100000000)
  eden space 107520K, 0% used [0x00000000e0000000,0x00000000e0000000,0x00000000e6900000)
  from space 46592K, 69% used [0x00000000e9900000,0x00000000eb8d4e08,0x00000000ec680000)
  to   space 49152K, 0% used [0x00000000e6900000,0x00000000e6900000,0x00000000e9900000)
 ParOldGen       total 179712K, used 84552K [0x00000000a0000000, 0x00000000aaf80000, 0x00000000e0000000)
  object space 179712K, 47% used [0x00000000a0000000,0x00000000a52922f8,0x00000000aaf80000)
 Metaspace       used 81410K, capacity 84368K, committed 84400K, reserved 1122304K
  class space    used 10756K, capacity 11436K, committed 11440K, reserved 1048576K
}
Event: 170.697 GC heap before
{Heap before GC invocations=33 (full 4):
 PSYoungGen      total 154112K, used 140115K [0x00000000e0000000, 0x00000000ecf80000, 0x0000000100000000)
  eden space 107520K, 100% used [0x00000000e0000000,0x00000000e6900000,0x00000000e6900000)
  from space 46592K, 69% used [0x00000000e9900000,0x00000000eb8d4e08,0x00000000ec680000)
  to   space 49152K, 0% used [0x00000000e6900000,0x00000000e6900000,0x00000000e9900000)
 ParOldGen       total 179712K, used 84552K [0x00000000a0000000, 0x00000000aaf80000, 0x00000000e0000000)
  object space 179712K, 47% used [0x00000000a0000000,0x00000000a52922f8,0x00000000aaf80000)
 Metaspace       used 81494K, capacity 84532K, committed 84784K, reserved 1122304K
  class space    used 10760K, capacity 11442K, committed 11568K, reserved 1048576K
Event: 170.754 GC heap after
Heap after GC invocations=33 (full 4):
 PSYoungGen      total 156672K, used 38006K [0x00000000e0000000, 0x00000000ee300000, 0x0000000100000000)
  eden space 107520K, 0% used [0x00000000e0000000,0x00000000e0000000,0x00000000e6900000)
  from space 49152K, 77% used [0x00000000e6900000,0x00000000e8e1d920,0x00000000e9900000)
  to   space 53248K, 0% used [0x00000000eaf00000,0x00000000eaf00000,0x00000000ee300000)
 ParOldGen       total 179712K, used 84560K [0x00000000a0000000, 0x00000000aaf80000, 0x00000000e0000000)
  object space 179712K, 47% used [0x00000000a0000000,0x00000000a52942f8,0x00000000aaf80000)
 Metaspace       used 81494K, capacity 84532K, committed 84784K, reserved 1122304K
  class space    used 10760K, capacity 11442K, committed 11568K, reserved 1048576K
}
Event: 1986.093 GC heap before
{Heap before GC invocations=34 (full 4):
 PSYoungGen      total 156672K, used 145526K [0x00000000e0000000, 0x00000000ee300000, 0x0000000100000000)
  eden space 107520K, 100% used [0x00000000e0000000,0x00000000e6900000,0x00000000e6900000)
  from space 49152K, 77% used [0x00000000e6900000,0x00000000e8e1d920,0x00000000e9900000)
  to   space 53248K, 0% used [0x00000000eaf00000,0x00000000eaf00000,0x00000000ee300000)
 ParOldGen       total 179712K, used 84560K [0x00000000a0000000, 0x00000000aaf80000, 0x00000000e0000000)
  object space 179712K, 47% used [0x00000000a0000000,0x00000000a52942f8,0x00000000aaf80000)
 Metaspace       used 82255K, capacity 85368K, committed 85552K, reserved 1124352K
  class space    used 10796K, capacity 11504K, committed 11568K, reserved 1048576K
Event: 1986.248 GC heap after
Heap after GC invocations=34 (full 4):
 PSYoungGen      total 176640K, used 37249K [0x00000000e0000000, 0x00000000ee580000, 0x0000000100000000)
  eden space 123392K, 0% used [0x00000000e0000000,0x00000000e0000000,0x00000000e7880000)
  from space 53248K, 69% used [0x00000000eaf00000,0x00000000ed360618,0x00000000ee300000)
  to   space 55808K, 0% used [0x00000000e7880000,0x00000000e7880000,0x00000000eaf00000)
 ParOldGen       total 179712K, used 84568K [0x00000000a0000000, 0x00000000aaf80000, 0x00000000e0000000)
  object space 179712K, 47% used [0x00000000a0000000,0x00000000a52962f8,0x00000000aaf80000)
 Metaspace       used 82255K, capacity 85368K, committed 85552K, reserved 1124352K
  class space    used 10796K, capacity 11504K, committed 11568K, reserved 1048576K
}
Event: 1995.838 GC heap before
{Heap before GC invocations=35 (full 4):
 PSYoungGen      total 176640K, used 160641K [0x00000000e0000000, 0x00000000ee580000, 0x0000000100000000)
  eden space 123392K, 100% used [0x00000000e0000000,0x00000000e7880000,0x00000000e7880000)
  from space 53248K, 69% used [0x00000000eaf00000,0x00000000ed360618,0x00000000ee300000)
  to   space 55808K, 0% used [0x00000000e7880000,0x00000000e7880000,0x00000000eaf00000)
 ParOldGen       total 179712K, used 84568K [0x00000000a0000000, 0x00000000aaf80000, 0x00000000e0000000)
  object space 179712K, 47% used [0x00000000a0000000,0x00000000a52962f8,0x00000000aaf80000)
 Metaspace       used 82697K, capacity 85814K, committed 86064K, reserved 1124352K
  class space    used 10803K, capacity 11517K, committed 11568K, reserved 1048576K
Event: 1995.925 GC heap after
Heap after GC invocations=35 (full 4):
 PSYoungGen      total 179200K, used 55798K [0x00000000e0000000, 0x00000000ee580000, 0x0000000100000000)
  eden space 123392K, 0% used [0x00000000e0000000,0x00000000e0000000,0x00000000e7880000)
  from space 55808K, 99% used [0x00000000e7880000,0x00000000eaefdb70,0x00000000eaf00000)
  to   space 53248K, 0% used [0x00000000eaf00000,0x00000000eaf00000,0x00000000ee300000)
 ParOldGen       total 179712K, used 86966K [0x00000000a0000000, 0x00000000aaf80000, 0x00000000e0000000)
  object space 179712K, 48% used [0x00000000a0000000,0x00000000a54eda98,0x00000000aaf80000)
 Metaspace       used 82697K, capacity 85814K, committed 86064K, reserved 1124352K
  class space    used 10803K, capacity 11517K, committed 11568K, reserved 1048576K
}

