# JRE version: OpenJDK Runtime Environment (8.0_152-b02) (build 1.8.0_152-release-1024-b02)
# Java VM: OpenJDK 64-Bit Server VM (25.152-b02 mixed mode windows-amd64 compressed oops)
Heap:
 PSYoungGen      total 263680K, used 77067K [0x00000000e0000000, 0x00000000f6280000, 0x0000000100000000)
  eden space 207872K, 33% used [0x00000000e0000000,0x00000000e44f83d8,0x00000000ecb00000)
  from space 55808K, 11% used [0x00000000ecb00000,0x00000000ed14a9c8,0x00000000f0180000)
  to   space 54784K, 0% used [0x00000000f2d00000,0x00000000f2d00000,0x00000000f6280000)
 ParOldGen       total 192512K, used 153696K [0x00000000a0000000, 0x00000000abc00000, 0x00000000e0000000)
  object space 192512K, 79% used [0x00000000a0000000,0x00000000a9618030,0x00000000abc00000)
 Metaspace       used 79188K, capacity 82687K, committed 82904K, reserved 1122304K
  class space    used 10259K, capacity 10987K, committed 11008K, reserved 1048576K
GC Heap History (10 events):
Event: 481.767 GC heap before
{Heap before GC invocations=31 (full 4):
 PSYoungGen      total 187904K, used 187782K [0x00000000e0000000, 0x00000000f1600000, 0x0000000100000000)
  eden space 148480K, 99% used [0x00000000e0000000,0x00000000e90e8698,0x00000000e9100000)
  from space 39424K, 99% used [0x00000000ec600000,0x00000000eec79358,0x00000000eec80000)
  to   space 54272K, 0% used [0x00000000e9100000,0x00000000e9100000,0x00000000ec600000)
 ParOldGen       total 192512K, used 133214K [0x00000000a0000000, 0x00000000abc00000, 0x00000000e0000000)
  object space 192512K, 69% used [0x00000000a0000000,0x00000000a8217a70,0x00000000abc00000)
 Metaspace       used 77168K, capacity 80265K, committed 80344K, reserved 1118208K
  class space    used 10095K, capacity 10742K, committed 10752K, reserved 1048576K
Event: 481.847 GC heap after
Heap after GC invocations=31 (full 4):
 PSYoungGen      total 202752K, used 41062K [0x00000000e0000000, 0x00000000f1800000, 0x0000000100000000)
  eden space 148480K, 0% used [0x00000000e0000000,0x00000000e0000000,0x00000000e9100000)
  from space 54272K, 75% used [0x00000000e9100000,0x00000000eb9198d0,0x00000000ec600000)
  to   space 58880K, 0% used [0x00000000ede80000,0x00000000ede80000,0x00000000f1800000)
 ParOldGen       total 192512K, used 135467K [0x00000000a0000000, 0x00000000abc00000, 0x00000000e0000000)
  object space 192512K, 70% used [0x00000000a0000000,0x00000000a844ae00,0x00000000abc00000)
 Metaspace       used 77168K, capacity 80265K, committed 80344K, reserved 1118208K
  class space    used 10095K, capacity 10742K, committed 10752K, reserved 1048576K
}
Event: 481.876 GC heap before
{Heap before GC invocations=32 (full 4):
 PSYoungGen      total 202752K, used 188810K [0x00000000e0000000, 0x00000000f1800000, 0x0000000100000000)
  eden space 148480K, 99% used [0x00000000e0000000,0x00000000e9049060,0x00000000e9100000)
  from space 54272K, 75% used [0x00000000e9100000,0x00000000eb9198d0,0x00000000ec600000)
  to   space 58880K, 0% used [0x00000000ede80000,0x00000000ede80000,0x00000000f1800000)
 ParOldGen       total 192512K, used 135467K [0x00000000a0000000, 0x00000000abc00000, 0x00000000e0000000)
  object space 192512K, 70% used [0x00000000a0000000,0x00000000a844ae00,0x00000000abc00000)
 Metaspace       used 77172K, capacity 80265K, committed 80344K, reserved 1118208K
  class space    used 10095K, capacity 10742K, committed 10752K, reserved 1048576K
Event: 481.952 GC heap after
Heap after GC invocations=32 (full 4):
 PSYoungGen      total 226816K, used 34711K [0x00000000e0000000, 0x00000000f2c00000, 0x0000000100000000)
  eden space 167936K, 0% used [0x00000000e0000000,0x00000000e0000000,0x00000000ea400000)
  from space 58880K, 58% used [0x00000000ede80000,0x00000000f0065fa8,0x00000000f1800000)
  to   space 59904K, 0% used [0x00000000ea400000,0x00000000ea400000,0x00000000ede80000)
 ParOldGen       total 192512K, used 135467K [0x00000000a0000000, 0x00000000abc00000, 0x00000000e0000000)
  object space 192512K, 70% used [0x00000000a0000000,0x00000000a844ae00,0x00000000abc00000)
 Metaspace       used 77172K, capacity 80265K, committed 80344K, reserved 1118208K
  class space    used 10095K, capacity 10742K, committed 10752K, reserved 1048576K
}
Event: 502.210 GC heap before
{Heap before GC invocations=33 (full 4):
 PSYoungGen      total 226816K, used 202647K [0x00000000e0000000, 0x00000000f2c00000, 0x0000000100000000)
  eden space 167936K, 100% used [0x00000000e0000000,0x00000000ea400000,0x00000000ea400000)
  from space 58880K, 58% used [0x00000000ede80000,0x00000000f0065fa8,0x00000000f1800000)
  to   space 59904K, 0% used [0x00000000ea400000,0x00000000ea400000,0x00000000ede80000)
 ParOldGen       total 192512K, used 135467K [0x00000000a0000000, 0x00000000abc00000, 0x00000000e0000000)
  object space 192512K, 70% used [0x00000000a0000000,0x00000000a844ae00,0x00000000abc00000)
 Metaspace       used 77518K, capacity 80695K, committed 80984K, reserved 1120256K
  class space    used 10111K, capacity 10771K, committed 10880K, reserved 1048576K
Event: 502.410 GC heap after
Heap after GC invocations=33 (full 4):
 PSYoungGen      total 227840K, used 17089K [0x00000000e0000000, 0x00000000f3d00000, 0x0000000100000000)
  eden space 167936K, 0% used [0x00000000e0000000,0x00000000e0000000,0x00000000ea400000)
  from space 59904K, 28% used [0x00000000ea400000,0x00000000eb4b0580,0x00000000ede80000)
  to   space 57344K, 0% used [0x00000000f0500000,0x00000000f0500000,0x00000000f3d00000)
 ParOldGen       total 192512K, used 141725K [0x00000000a0000000, 0x00000000abc00000, 0x00000000e0000000)
  object space 192512K, 73% used [0x00000000a0000000,0x00000000a8a675f0,0x00000000abc00000)
 Metaspace       used 77518K, capacity 80695K, committed 80984K, reserved 1120256K
  class space    used 10111K, capacity 10771K, committed 10880K, reserved 1048576K
}
Event: 936.641 GC heap before
{Heap before GC invocations=34 (full 4):
 PSYoungGen      total 227840K, used 185025K [0x00000000e0000000, 0x00000000f3d00000, 0x0000000100000000)
  eden space 167936K, 100% used [0x00000000e0000000,0x00000000ea400000,0x00000000ea400000)
  from space 59904K, 28% used [0x00000000ea400000,0x00000000eb4b0580,0x00000000ede80000)
  to   space 57344K, 0% used [0x00000000f0500000,0x00000000f0500000,0x00000000f3d00000)
 ParOldGen       total 192512K, used 141725K [0x00000000a0000000, 0x00000000abc00000, 0x00000000e0000000)
  object space 192512K, 73% used [0x00000000a0000000,0x00000000a8a675f0,0x00000000abc00000)
 Metaspace       used 78243K, capacity 81629K, committed 81752K, reserved 1120256K
  class space    used 10152K, capacity 10848K, committed 10880K, reserved 1048576K
Event: 936.724 GC heap after
Heap after GC invocations=34 (full 4):
 PSYoungGen      total 260096K, used 11568K [0x00000000e0000000, 0x00000000f3800000, 0x0000000100000000)
  eden space 207872K, 0% used [0x00000000e0000000,0x00000000e0000000,0x00000000ecb00000)
  from space 52224K, 22% used [0x00000000f0500000,0x00000000f104c030,0x00000000f3800000)
  to   space 55808K, 0% used [0x00000000ecb00000,0x00000000ecb00000,0x00000000f0180000)
 ParOldGen       total 192512K, used 153616K [0x00000000a0000000, 0x00000000abc00000, 0x00000000e0000000)
  object space 192512K, 79% used [0x00000000a0000000,0x00000000a9604020,0x00000000abc00000)
 Metaspace       used 78243K, capacity 81629K, committed 81752K, reserved 1120256K
  class space    used 10152K, capacity 10848K, committed 10880K, reserved 1048576K
}
Event: 2088.553 GC heap before
{Heap before GC invocations=35 (full 4):
 PSYoungGen      total 260096K, used 219440K [0x00000000e0000000, 0x00000000f3800000, 0x0000000100000000)
  eden space 207872K, 100% used [0x00000000e0000000,0x00000000ecb00000,0x00000000ecb00000)
  from space 52224K, 22% used [0x00000000f0500000,0x00000000f104c030,0x00000000f3800000)
  to   space 55808K, 0% used [0x00000000ecb00000,0x00000000ecb00000,0x00000000f0180000)
 ParOldGen       total 192512K, used 153616K [0x00000000a0000000, 0x00000000abc00000, 0x00000000e0000000)
  object space 192512K, 79% used [0x00000000a0000000,0x00000000a9604020,0x00000000abc00000)
 Metaspace       used 79132K, capacity 82623K, committed 82648K, reserved 1120256K
  class space    used 10258K, capacity 10987K, committed 11008K, reserved 1048576K
Event: 2088.575 GC heap after
Heap after GC invocations=35 (full 4):
 PSYoungGen      total 263680K, used 6442K [0x00000000e0000000, 0x00000000f6280000, 0x0000000100000000)
  eden space 207872K, 0% used [0x00000000e0000000,0x00000000e0000000,0x00000000ecb00000)
  from space 55808K, 11% used [0x00000000ecb00000,0x00000000ed14a9c8,0x00000000f0180000)
  to   space 54784K, 0% used [0x00000000f2d00000,0x00000000f2d00000,0x00000000f6280000)
 ParOldGen       total 192512K, used 153696K [0x00000000a0000000, 0x00000000abc00000, 0x00000000e0000000)
  object space 192512K, 79% used [0x00000000a0000000,0x00000000a9618030,0x00000000abc00000)
 Metaspace       used 79132K, capacity 82623K, committed 82648K, reserved 1120256K
  class space    used 10258K, capacity 10987K, committed 11008K, reserved 1048576K
}

