# JRE version: OpenJDK Runtime Environment (8.0_152-b02) (build 1.8.0_152-release-1024-b02)
# Java VM: OpenJDK 64-Bit Server VM (25.152-b02 mixed mode windows-amd64 compressed oops)
Heap:
 PSYoungGen      total 108544K, used 19590K [0x00000000e0000000, 0x00000000e7900000, 0x0000000100000000)
  eden space 98304K, 9% used [0x00000000e0000000,0x00000000e0922670,0x00000000e6000000)
  from space 10240K, 99% used [0x00000000e6000000,0x00000000e69ff500,0x00000000e6a00000)
  to   space 9216K, 30% used [0x00000000e6a00000,0x00000000e6cb8200,0x00000000e7300000)
 ParOldGen       total 60928K, used 23160K [0x00000000a0000000, 0x00000000a3b80000, 0x00000000e0000000)
  object space 60928K, 38% used [0x00000000a0000000,0x00000000a169e080,0x00000000a3b80000)
 Metaspace       used 48866K, capacity 50187K, committed 50264K, reserved 1093632K
  class space    used 6654K, capacity 7023K, committed 7040K, reserved 1048576K
GC Heap History (10 events):
Event: 18.723 GC heap before
{Heap before GC invocations=11 (full 1):
 PSYoungGen      total 72704K, used 72686K [0x00000000e0000000, 0x00000000e6100000, 0x0000000100000000)
  eden space 65536K, 100% used [0x00000000e0000000,0x00000000e4000000,0x00000000e4000000)
  from space 7168K, 99% used [0x00000000e4000000,0x00000000e46fba78,0x00000000e4700000)
  to   space 8192K, 0% used [0x00000000e5900000,0x00000000e5900000,0x00000000e6100000)
 ParOldGen       total 36864K, used 9053K [0x00000000a0000000, 0x00000000a2400000, 0x00000000e0000000)
  object space 36864K, 24% used [0x00000000a0000000,0x00000000a08d7588,0x00000000a2400000)
 Metaspace       used 30001K, capacity 30622K, committed 30848K, reserved 1075200K
  class space    used 4200K, capacity 4418K, committed 4480K, reserved 1048576K
Event: 18.744 GC heap after
Heap after GC invocations=11 (full 1):
 PSYoungGen      total 89088K, used 8169K [0x00000000e0000000, 0x00000000e6200000, 0x0000000100000000)
  eden space 80896K, 0% used [0x00000000e0000000,0x00000000e0000000,0x00000000e4f00000)
  from space 8192K, 99% used [0x00000000e5900000,0x00000000e60fa578,0x00000000e6100000)
  to   space 9728K, 0% used [0x00000000e4f00000,0x00000000e4f00000,0x00000000e5880000)
 ParOldGen       total 36864K, used 10062K [0x00000000a0000000, 0x00000000a2400000, 0x00000000e0000000)
  object space 36864K, 27% used [0x00000000a0000000,0x00000000a09d39c8,0x00000000a2400000)
 Metaspace       used 30001K, capacity 30622K, committed 30848K, reserved 1075200K
  class space    used 4200K, capacity 4418K, committed 4480K, reserved 1048576K
}
Event: 20.620 GC heap before
{Heap before GC invocations=12 (full 1):
 PSYoungGen      total 89088K, used 32896K [0x00000000e0000000, 0x00000000e6200000, 0x0000000100000000)
  eden space 80896K, 30% used [0x00000000e0000000,0x00000000e1825db8,0x00000000e4f00000)
  from space 8192K, 99% used [0x00000000e5900000,0x00000000e60fa578,0x00000000e6100000)
  to   space 9728K, 0% used [0x00000000e4f00000,0x00000000e4f00000,0x00000000e5880000)
 ParOldGen       total 36864K, used 10062K [0x00000000a0000000, 0x00000000a2400000, 0x00000000e0000000)
  object space 36864K, 27% used [0x00000000a0000000,0x00000000a09d39c8,0x00000000a2400000)
 Metaspace       used 34600K, capacity 35261K, committed 35416K, reserved 1079296K
  class space    used 4768K, capacity 4992K, committed 4992K, reserved 1048576K
Event: 20.636 GC heap after
Heap after GC invocations=12 (full 1):
 PSYoungGen      total 90624K, used 3872K [0x00000000e0000000, 0x00000000e7300000, 0x0000000100000000)
  eden space 80896K, 0% used [0x00000000e0000000,0x00000000e0000000,0x00000000e4f00000)
  from space 9728K, 39% used [0x00000000e4f00000,0x00000000e52c8198,0x00000000e5880000)
  to   space 9216K, 0% used [0x00000000e6a00000,0x00000000e6a00000,0x00000000e7300000)
 ParOldGen       total 36864K, used 15971K [0x00000000a0000000, 0x00000000a2400000, 0x00000000e0000000)
  object space 36864K, 43% used [0x00000000a0000000,0x00000000a0f98db8,0x00000000a2400000)
 Metaspace       used 34600K, capacity 35261K, committed 35416K, reserved 1079296K
  class space    used 4768K, capacity 4992K, committed 4992K, reserved 1048576K
}
Event: 20.636 GC heap before
{Heap before GC invocations=13 (full 2):
 PSYoungGen      total 90624K, used 3872K [0x00000000e0000000, 0x00000000e7300000, 0x0000000100000000)
  eden space 80896K, 0% used [0x00000000e0000000,0x00000000e0000000,0x00000000e4f00000)
  from space 9728K, 39% used [0x00000000e4f00000,0x00000000e52c8198,0x00000000e5880000)
  to   space 9216K, 0% used [0x00000000e6a00000,0x00000000e6a00000,0x00000000e7300000)
 ParOldGen       total 36864K, used 15971K [0x00000000a0000000, 0x00000000a2400000, 0x00000000e0000000)
  object space 36864K, 43% used [0x00000000a0000000,0x00000000a0f98db8,0x00000000a2400000)
 Metaspace       used 34600K, capacity 35261K, committed 35416K, reserved 1079296K
  class space    used 4768K, capacity 4992K, committed 4992K, reserved 1048576K
Event: 20.788 GC heap after
Heap after GC invocations=13 (full 2):
 PSYoungGen      total 90624K, used 0K [0x00000000e0000000, 0x00000000e7300000, 0x0000000100000000)
  eden space 80896K, 0% used [0x00000000e0000000,0x00000000e0000000,0x00000000e4f00000)
  from space 9728K, 0% used [0x00000000e4f00000,0x00000000e4f00000,0x00000000e5880000)
  to   space 9216K, 0% used [0x00000000e6a00000,0x00000000e6a00000,0x00000000e7300000)
 ParOldGen       total 60928K, used 16138K [0x00000000a0000000, 0x00000000a3b80000, 0x00000000e0000000)
  object space 60928K, 26% used [0x00000000a0000000,0x00000000a0fc28f8,0x00000000a3b80000)
 Metaspace       used 34600K, capacity 35261K, committed 35416K, reserved 1079296K
  class space    used 4768K, capacity 4992K, committed 4992K, reserved 1048576K
}
Event: 23.256 GC heap before
{Heap before GC invocations=14 (full 2):
 PSYoungGen      total 90624K, used 80896K [0x00000000e0000000, 0x00000000e7300000, 0x0000000100000000)
  eden space 80896K, 100% used [0x00000000e0000000,0x00000000e4f00000,0x00000000e4f00000)
  from space 9728K, 0% used [0x00000000e4f00000,0x00000000e4f00000,0x00000000e5880000)
  to   space 9216K, 0% used [0x00000000e6a00000,0x00000000e6a00000,0x00000000e7300000)
 ParOldGen       total 60928K, used 16138K [0x00000000a0000000, 0x00000000a3b80000, 0x00000000e0000000)
  object space 60928K, 26% used [0x00000000a0000000,0x00000000a0fc28f8,0x00000000a3b80000)
 Metaspace       used 39345K, capacity 40173K, committed 40536K, reserved 1083392K
  class space    used 5367K, capacity 5641K, committed 5760K, reserved 1048576K
Event: 23.311 GC heap after
Heap after GC invocations=14 (full 2):
 PSYoungGen      total 107520K, used 8341K [0x00000000e0000000, 0x00000000e7900000, 0x0000000100000000)
  eden space 98304K, 0% used [0x00000000e0000000,0x00000000e0000000,0x00000000e6000000)
  from space 9216K, 90% used [0x00000000e6a00000,0x00000000e7225648,0x00000000e7300000)
  to   space 10240K, 0% used [0x00000000e6000000,0x00000000e6000000,0x00000000e6a00000)
 ParOldGen       total 60928K, used 16146K [0x00000000a0000000, 0x00000000a3b80000, 0x00000000e0000000)
  object space 60928K, 26% used [0x00000000a0000000,0x00000000a0fc48f8,0x00000000a3b80000)
 Metaspace       used 39345K, capacity 40173K, committed 40536K, reserved 1083392K
  class space    used 5367K, capacity 5641K, committed 5760K, reserved 1048576K
}
Event: 27.332 GC heap before
{Heap before GC invocations=15 (full 2):
 PSYoungGen      total 107520K, used 106645K [0x00000000e0000000, 0x00000000e7900000, 0x0000000100000000)
  eden space 98304K, 100% used [0x00000000e0000000,0x00000000e6000000,0x00000000e6000000)
  from space 9216K, 90% used [0x00000000e6a00000,0x00000000e7225648,0x00000000e7300000)
  to   space 10240K, 0% used [0x00000000e6000000,0x00000000e6000000,0x00000000e6a00000)
 ParOldGen       total 60928K, used 16146K [0x00000000a0000000, 0x00000000a3b80000, 0x00000000e0000000)
  object space 60928K, 26% used [0x00000000a0000000,0x00000000a0fc48f8,0x00000000a3b80000)
 Metaspace       used 48006K, capacity 49207K, committed 49368K, reserved 1091584K
  class space    used 6518K, capacity 6877K, committed 6912K, reserved 1048576K
Event: 27.373 GC heap after
Heap after GC invocations=15 (full 2):
 PSYoungGen      total 108544K, used 10237K [0x00000000e0000000, 0x00000000e7900000, 0x0000000100000000)
  eden space 98304K, 0% used [0x00000000e0000000,0x00000000e0000000,0x00000000e6000000)
  from space 10240K, 99% used [0x00000000e6000000,0x00000000e69ff500,0x00000000e6a00000)
  to   space 9216K, 0% used [0x00000000e6a00000,0x00000000e6a00000,0x00000000e7300000)
 ParOldGen       total 60928K, used 22360K [0x00000000a0000000, 0x00000000a3b80000, 0x00000000e0000000)
  object space 60928K, 36% used [0x00000000a0000000,0x00000000a15d6070,0x00000000a3b80000)
 Metaspace       used 48006K, capacity 49207K, committed 49368K, reserved 1091584K
  class space    used 6518K, capacity 6877K, committed 6912K, reserved 1048576K
}

