# JRE version: OpenJDK Runtime Environment (8.0_152-b01) (build 1.8.0_152-release-1248-b01)
# Java VM: OpenJDK 64-Bit Server VM (25.152-b01 mixed mode windows-amd64 compressed oops)
Heap:
 PSYoungGen      total 65024K, used 26605K [0x00000000e0000000, 0x00000000e5580000, 0x0000000100000000)
  eden space 56832K, 46% used [0x00000000e0000000,0x00000000e19fb740,0x00000000e3780000)
  from space 8192K, 0% used [0x00000000e4080000,0x00000000e4080000,0x00000000e4880000)
  to   space 9216K, 0% used [0x00000000e3780000,0x00000000e3780000,0x00000000e4080000)
 ParOldGen       total 43008K, used 34579K [0x00000000a0000000, 0x00000000a2a00000, 0x00000000e0000000)
  object space 43008K, 80% used [0x00000000a0000000,0x00000000a21c4f90,0x00000000a2a00000)
 Metaspace       used 58906K, capacity 60648K, committed 60848K, reserved 1101824K
  class space    used 8055K, capacity 8518K, committed 8624K, reserved 1048576K
GC Heap History (10 events):
Event: 57.668 GC heap before
{Heap before GC invocations=23 (full 2):
 PSYoungGen      total 53248K, used 53231K [0x00000000e0000000, 0x00000000e4300000, 0x0000000100000000)
  eden space 47104K, 100% used [0x00000000e0000000,0x00000000e2e00000,0x00000000e2e00000)
  from space 6144K, 99% used [0x00000000e3680000,0x00000000e3c7bcc0,0x00000000e3c80000)
  to   space 8704K, 0% used [0x00000000e2e00000,0x00000000e2e00000,0x00000000e3680000)
 ParOldGen       total 43008K, used 21333K [0x00000000a0000000, 0x00000000a2a00000, 0x00000000e0000000)
  object space 43008K, 49% used [0x00000000a0000000,0x00000000a14d55d0,0x00000000a2a00000)
 Metaspace       used 44639K, capacity 45584K, committed 45872K, reserved 1089536K
  class space    used 6104K, capacity 6433K, committed 6448K, reserved 1048576K
Event: 57.681 GC heap after
Heap after GC invocations=23 (full 2):
 PSYoungGen      total 55808K, used 4959K [0x00000000e0000000, 0x00000000e4900000, 0x0000000100000000)
  eden space 47104K, 0% used [0x00000000e0000000,0x00000000e0000000,0x00000000e2e00000)
  from space 8704K, 56% used [0x00000000e2e00000,0x00000000e32d7f20,0x00000000e3680000)
  to   space 8704K, 0% used [0x00000000e4080000,0x00000000e4080000,0x00000000e4900000)
 ParOldGen       total 43008K, used 25393K [0x00000000a0000000, 0x00000000a2a00000, 0x00000000e0000000)
  object space 43008K, 59% used [0x00000000a0000000,0x00000000a18cc620,0x00000000a2a00000)
 Metaspace       used 44639K, capacity 45584K, committed 45872K, reserved 1089536K
  class space    used 6104K, capacity 6433K, committed 6448K, reserved 1048576K
}
Event: 61.719 GC heap before
{Heap before GC invocations=24 (full 2):
 PSYoungGen      total 55808K, used 52063K [0x00000000e0000000, 0x00000000e4900000, 0x0000000100000000)
  eden space 47104K, 100% used [0x00000000e0000000,0x00000000e2e00000,0x00000000e2e00000)
  from space 8704K, 56% used [0x00000000e2e00000,0x00000000e32d7f20,0x00000000e3680000)
  to   space 8704K, 0% used [0x00000000e4080000,0x00000000e4080000,0x00000000e4900000)
 ParOldGen       total 43008K, used 25393K [0x00000000a0000000, 0x00000000a2a00000, 0x00000000e0000000)
  object space 43008K, 59% used [0x00000000a0000000,0x00000000a18cc620,0x00000000a2a00000)
 Metaspace       used 50999K, capacity 52238K, committed 52400K, reserved 1093632K
  class space    used 6885K, capacity 7246K, committed 7344K, reserved 1048576K
Event: 61.736 GC heap after
Heap after GC invocations=24 (full 2):
 PSYoungGen      total 65024K, used 5243K [0x00000000e0000000, 0x00000000e4880000, 0x0000000100000000)
  eden space 56832K, 0% used [0x00000000e0000000,0x00000000e0000000,0x00000000e3780000)
  from space 8192K, 64% used [0x00000000e4080000,0x00000000e459eef8,0x00000000e4880000)
  to   space 8704K, 0% used [0x00000000e3780000,0x00000000e3780000,0x00000000e4000000)
 ParOldGen       total 43008K, used 28467K [0x00000000a0000000, 0x00000000a2a00000, 0x00000000e0000000)
  object space 43008K, 66% used [0x00000000a0000000,0x00000000a1bcce40,0x00000000a2a00000)
 Metaspace       used 50999K, capacity 52238K, committed 52400K, reserved 1093632K
  class space    used 6885K, capacity 7246K, committed 7344K, reserved 1048576K
}
Event: 63.960 GC heap before
{Heap before GC invocations=25 (full 2):
 PSYoungGen      total 65024K, used 62075K [0x00000000e0000000, 0x00000000e4880000, 0x0000000100000000)
  eden space 56832K, 100% used [0x00000000e0000000,0x00000000e3780000,0x00000000e3780000)
  from space 8192K, 64% used [0x00000000e4080000,0x00000000e459eef8,0x00000000e4880000)
  to   space 8704K, 0% used [0x00000000e3780000,0x00000000e3780000,0x00000000e4000000)
 ParOldGen       total 43008K, used 28467K [0x00000000a0000000, 0x00000000a2a00000, 0x00000000e0000000)
  object space 43008K, 66% used [0x00000000a0000000,0x00000000a1bcce40,0x00000000a2a00000)
 Metaspace       used 54720K, capacity 56070K, committed 56240K, reserved 1097728K
  class space    used 7428K, capacity 7804K, committed 7856K, reserved 1048576K
Event: 63.985 GC heap after
Heap after GC invocations=25 (full 2):
 PSYoungGen      total 65536K, used 7301K [0x00000000e0000000, 0x00000000e4880000, 0x0000000100000000)
  eden space 56832K, 0% used [0x00000000e0000000,0x00000000e0000000,0x00000000e3780000)
  from space 8704K, 83% used [0x00000000e3780000,0x00000000e3ea16c8,0x00000000e4000000)
  to   space 8192K, 0% used [0x00000000e4080000,0x00000000e4080000,0x00000000e4880000)
 ParOldGen       total 43008K, used 30390K [0x00000000a0000000, 0x00000000a2a00000, 0x00000000e0000000)
  object space 43008K, 70% used [0x00000000a0000000,0x00000000a1dad870,0x00000000a2a00000)
 Metaspace       used 54720K, capacity 56070K, committed 56240K, reserved 1097728K
  class space    used 7428K, capacity 7804K, committed 7856K, reserved 1048576K
}
Event: 66.239 GC heap before
{Heap before GC invocations=26 (full 2):
 PSYoungGen      total 65536K, used 56221K [0x00000000e0000000, 0x00000000e4880000, 0x0000000100000000)
  eden space 56832K, 86% used [0x00000000e0000000,0x00000000e2fc6020,0x00000000e3780000)
  from space 8704K, 83% used [0x00000000e3780000,0x00000000e3ea16c8,0x00000000e4000000)
  to   space 8192K, 0% used [0x00000000e4080000,0x00000000e4080000,0x00000000e4880000)
 ParOldGen       total 43008K, used 30390K [0x00000000a0000000, 0x00000000a2a00000, 0x00000000e0000000)
  object space 43008K, 70% used [0x00000000a0000000,0x00000000a1dad870,0x00000000a2a00000)
 Metaspace       used 57506K, capacity 59068K, committed 59160K, reserved 1099776K
  class space    used 7876K, capacity 8331K, committed 8368K, reserved 1048576K
Event: 66.253 GC heap after
Heap after GC invocations=26 (full 2):
 PSYoungGen      total 65024K, used 5171K [0x00000000e0000000, 0x00000000e5580000, 0x0000000100000000)
  eden space 56832K, 0% used [0x00000000e0000000,0x00000000e0000000,0x00000000e3780000)
  from space 8192K, 63% used [0x00000000e4080000,0x00000000e458ccc0,0x00000000e4880000)
  to   space 9216K, 0% used [0x00000000e3780000,0x00000000e3780000,0x00000000e4080000)
 ParOldGen       total 43008K, used 33918K [0x00000000a0000000, 0x00000000a2a00000, 0x00000000e0000000)
  object space 43008K, 78% used [0x00000000a0000000,0x00000000a211f8b0,0x00000000a2a00000)
 Metaspace       used 57506K, capacity 59068K, committed 59160K, reserved 1099776K
  class space    used 7876K, capacity 8331K, committed 8368K, reserved 1048576K
}
Event: 66.253 GC heap before
{Heap before GC invocations=27 (full 3):
 PSYoungGen      total 65024K, used 5171K [0x00000000e0000000, 0x00000000e5580000, 0x0000000100000000)
  eden space 56832K, 0% used [0x00000000e0000000,0x00000000e0000000,0x00000000e3780000)
  from space 8192K, 63% used [0x00000000e4080000,0x00000000e458ccc0,0x00000000e4880000)
  to   space 9216K, 0% used [0x00000000e3780000,0x00000000e3780000,0x00000000e4080000)
 ParOldGen       total 43008K, used 33918K [0x00000000a0000000, 0x00000000a2a00000, 0x00000000e0000000)
  object space 43008K, 78% used [0x00000000a0000000,0x00000000a211f8b0,0x00000000a2a00000)
 Metaspace       used 57506K, capacity 59068K, committed 59160K, reserved 1099776K
  class space    used 7876K, capacity 8331K, committed 8368K, reserved 1048576K
Event: 66.939 GC heap after
Heap after GC invocations=27 (full 3):
 PSYoungGen      total 65024K, used 0K [0x00000000e0000000, 0x00000000e5580000, 0x0000000100000000)
  eden space 56832K, 0% used [0x00000000e0000000,0x00000000e0000000,0x00000000e3780000)
  from space 8192K, 0% used [0x00000000e4080000,0x00000000e4080000,0x00000000e4880000)
  to   space 9216K, 0% used [0x00000000e3780000,0x00000000e3780000,0x00000000e4080000)
 ParOldGen       total 43008K, used 34579K [0x00000000a0000000, 0x00000000a2a00000, 0x00000000e0000000)
  object space 43008K, 80% used [0x00000000a0000000,0x00000000a21c4f90,0x00000000a2a00000)
 Metaspace       used 57506K, capacity 59068K, committed 59160K, reserved 1099776K
  class space    used 7876K, capacity 8331K, committed 8368K, reserved 1048576K
}

