# JRE version: OpenJDK Runtime Environment (8.0_152-b01) (build 1.8.0_152-release-1248-b01)
# Java VM: OpenJDK 64-Bit Server VM (25.152-b01 mixed mode windows-amd64 compressed oops)
Heap:
 PSYoungGen      total 153600K, used 49615K [0x00000000e0000000, 0x00000000ec000000, 0x0000000100000000)
  eden space 131584K, 20% used [0x00000000e0000000,0x00000000e1afbce0,0x00000000e8080000)
  from space 22016K, 99% used [0x00000000e8080000,0x00000000e95f81f8,0x00000000e9600000)
  to   space 26624K, 0% used [0x00000000ea600000,0x00000000ea600000,0x00000000ec000000)
 ParOldGen       total 113664K, used 47630K [0x00000000a0000000, 0x00000000a6f00000, 0x00000000e0000000)
  object space 113664K, 41% used [0x00000000a0000000,0x00000000a2e83800,0x00000000a6f00000)
 Metaspace       used 86411K, capacity 89484K, committed 89600K, reserved 1126400K
  class space    used 11048K, capacity 11741K, committed 11776K, reserved 1048576K
GC Heap History (10 events):
Event: 676.982 GC heap before
{Heap before GC invocations=39 (full 4):
 PSYoungGen      total 137728K, used 115792K [0x00000000e0000000, 0x00000000ea000000, 0x0000000100000000)
  eden space 114688K, 100% used [0x00000000e0000000,0x00000000e7000000,0x00000000e7000000)
  from space 23040K, 4% used [0x00000000e8980000,0x00000000e8a94020,0x00000000ea000000)
  to   space 24576K, 0% used [0x00000000e7000000,0x00000000e7000000,0x00000000e8800000)
 ParOldGen       total 113664K, used 45195K [0x00000000a0000000, 0x00000000a6f00000, 0x00000000e0000000)
  object space 113664K, 39% used [0x00000000a0000000,0x00000000a2c22f08,0x00000000a6f00000)
 Metaspace       used 72763K, capacity 75258K, committed 75392K, reserved 1114112K
  class space    used 9420K, capacity 10078K, committed 10112K, reserved 1048576K
Event: 676.988 GC heap after
Heap after GC invocations=39 (full 4):
 PSYoungGen      total 139264K, used 1680K [0x00000000e0000000, 0x00000000ea680000, 0x0000000100000000)
  eden space 114688K, 0% used [0x00000000e0000000,0x00000000e0000000,0x00000000e7000000)
  from space 24576K, 6% used [0x00000000e7000000,0x00000000e71a4020,0x00000000e8800000)
  to   space 24064K, 0% used [0x00000000e8f00000,0x00000000e8f00000,0x00000000ea680000)
 ParOldGen       total 113664K, used 45195K [0x00000000a0000000, 0x00000000a6f00000, 0x00000000e0000000)
  object space 113664K, 39% used [0x00000000a0000000,0x00000000a2c22f08,0x00000000a6f00000)
 Metaspace       used 72763K, capacity 75258K, committed 75392K, reserved 1114112K
  class space    used 9420K, capacity 10078K, committed 10112K, reserved 1048576K
}
Event: 681.939 GC heap before
{Heap before GC invocations=40 (full 4):
 PSYoungGen      total 139264K, used 116368K [0x00000000e0000000, 0x00000000ea680000, 0x0000000100000000)
  eden space 114688K, 100% used [0x00000000e0000000,0x00000000e7000000,0x00000000e7000000)
  from space 24576K, 6% used [0x00000000e7000000,0x00000000e71a4020,0x00000000e8800000)
  to   space 24064K, 0% used [0x00000000e8f00000,0x00000000e8f00000,0x00000000ea680000)
 ParOldGen       total 113664K, used 45195K [0x00000000a0000000, 0x00000000a6f00000, 0x00000000e0000000)
  object space 113664K, 39% used [0x00000000a0000000,0x00000000a2c22f08,0x00000000a6f00000)
 Metaspace       used 76804K, capacity 79310K, committed 79488K, reserved 1118208K
  class space    used 9929K, capacity 10598K, committed 10624K, reserved 1048576K
Event: 681.963 GC heap after
Heap after GC invocations=40 (full 4):
 PSYoungGen      total 145408K, used 14801K [0x00000000e0000000, 0x00000000ea880000, 0x0000000100000000)
  eden space 121344K, 0% used [0x00000000e0000000,0x00000000e0000000,0x00000000e7680000)
  from space 24064K, 61% used [0x00000000e8f00000,0x00000000e9d74708,0x00000000ea680000)
  to   space 25088K, 0% used [0x00000000e7680000,0x00000000e7680000,0x00000000e8f00000)
 ParOldGen       total 113664K, used 45203K [0x00000000a0000000, 0x00000000a6f00000, 0x00000000e0000000)
  object space 113664K, 39% used [0x00000000a0000000,0x00000000a2c24f08,0x00000000a6f00000)
 Metaspace       used 76804K, capacity 79310K, committed 79488K, reserved 1118208K
  class space    used 9929K, capacity 10598K, committed 10624K, reserved 1048576K
}
Event: 686.748 GC heap before
{Heap before GC invocations=41 (full 4):
 PSYoungGen      total 145408K, used 136145K [0x00000000e0000000, 0x00000000ea880000, 0x0000000100000000)
  eden space 121344K, 100% used [0x00000000e0000000,0x00000000e7680000,0x00000000e7680000)
  from space 24064K, 61% used [0x00000000e8f00000,0x00000000e9d74708,0x00000000ea680000)
  to   space 25088K, 0% used [0x00000000e7680000,0x00000000e7680000,0x00000000e8f00000)
 ParOldGen       total 113664K, used 45203K [0x00000000a0000000, 0x00000000a6f00000, 0x00000000e0000000)
  object space 113664K, 39% used [0x00000000a0000000,0x00000000a2c24f08,0x00000000a6f00000)
 Metaspace       used 79238K, capacity 81742K, committed 81920K, reserved 1120256K
  class space    used 10088K, capacity 10726K, committed 10752K, reserved 1048576K
Event: 686.775 GC heap after
Heap after GC invocations=41 (full 4):
 PSYoungGen      total 146432K, used 8455K [0x00000000e0000000, 0x00000000ead00000, 0x0000000100000000)
  eden space 121344K, 0% used [0x00000000e0000000,0x00000000e0000000,0x00000000e7680000)
  from space 25088K, 33% used [0x00000000e7680000,0x00000000e7ec1da8,0x00000000e8f00000)
  to   space 23552K, 0% used [0x00000000e9600000,0x00000000e9600000,0x00000000ead00000)
 ParOldGen       total 113664K, used 45211K [0x00000000a0000000, 0x00000000a6f00000, 0x00000000e0000000)
  object space 113664K, 39% used [0x00000000a0000000,0x00000000a2c26f08,0x00000000a6f00000)
 Metaspace       used 79238K, capacity 81742K, committed 81920K, reserved 1120256K
  class space    used 10088K, capacity 10726K, committed 10752K, reserved 1048576K
}
Event: 690.038 GC heap before
{Heap before GC invocations=42 (full 4):
 PSYoungGen      total 146432K, used 129799K [0x00000000e0000000, 0x00000000ead00000, 0x0000000100000000)
  eden space 121344K, 100% used [0x00000000e0000000,0x00000000e7680000,0x00000000e7680000)
  from space 25088K, 33% used [0x00000000e7680000,0x00000000e7ec1da8,0x00000000e8f00000)
  to   space 23552K, 0% used [0x00000000e9600000,0x00000000e9600000,0x00000000ead00000)
 ParOldGen       total 113664K, used 45211K [0x00000000a0000000, 0x00000000a6f00000, 0x00000000e0000000)
  object space 113664K, 39% used [0x00000000a0000000,0x00000000a2c26f08,0x00000000a6f00000)
 Metaspace       used 79253K, capacity 81748K, committed 81920K, reserved 1120256K
  class space    used 10089K, capacity 10727K, committed 10752K, reserved 1048576K
Event: 690.072 GC heap after
Heap after GC invocations=42 (full 4):
 PSYoungGen      total 154112K, used 8368K [0x00000000e0000000, 0x00000000eac00000, 0x0000000100000000)
  eden space 131584K, 0% used [0x00000000e0000000,0x00000000e0000000,0x00000000e8080000)
  from space 22528K, 37% used [0x00000000e9600000,0x00000000e9e2c060,0x00000000eac00000)
  to   space 22016K, 0% used [0x00000000e8080000,0x00000000e8080000,0x00000000e9600000)
 ParOldGen       total 113664K, used 45219K [0x00000000a0000000, 0x00000000a6f00000, 0x00000000e0000000)
  object space 113664K, 39% used [0x00000000a0000000,0x00000000a2c28f08,0x00000000a6f00000)
 Metaspace       used 79253K, capacity 81748K, committed 81920K, reserved 1120256K
  class space    used 10089K, capacity 10727K, committed 10752K, reserved 1048576K
}
Event: 694.945 GC heap before
{Heap before GC invocations=43 (full 4):
 PSYoungGen      total 154112K, used 139945K [0x00000000e0000000, 0x00000000eac00000, 0x0000000100000000)
  eden space 131584K, 99% used [0x00000000e0000000,0x00000000e807e728,0x00000000e8080000)
  from space 22528K, 37% used [0x00000000e9600000,0x00000000e9e2c060,0x00000000eac00000)
  to   space 22016K, 0% used [0x00000000e8080000,0x00000000e8080000,0x00000000e9600000)
 ParOldGen       total 113664K, used 45219K [0x00000000a0000000, 0x00000000a6f00000, 0x00000000e0000000)
  object space 113664K, 39% used [0x00000000a0000000,0x00000000a2c28f08,0x00000000a6f00000)
 Metaspace       used 82339K, capacity 85178K, committed 85376K, reserved 1124352K
  class space    used 10456K, capacity 11134K, committed 11136K, reserved 1048576K
Event: 694.977 GC heap after
Heap after GC invocations=43 (full 4):
 PSYoungGen      total 153600K, used 21984K [0x00000000e0000000, 0x00000000ec000000, 0x0000000100000000)
  eden space 131584K, 0% used [0x00000000e0000000,0x00000000e0000000,0x00000000e8080000)
  from space 22016K, 99% used [0x00000000e8080000,0x00000000e95f81f8,0x00000000e9600000)
  to   space 26624K, 0% used [0x00000000ea600000,0x00000000ea600000,0x00000000ec000000)
 ParOldGen       total 113664K, used 47630K [0x00000000a0000000, 0x00000000a6f00000, 0x00000000e0000000)
  object space 113664K, 41% used [0x00000000a0000000,0x00000000a2e83800,0x00000000a6f00000)
 Metaspace       used 82339K, capacity 85178K, committed 85376K, reserved 1124352K
  class space    used 10456K, capacity 11134K, committed 11136K, reserved 1048576K
}

