# JRE version: OpenJDK Runtime Environment (8.0_152-b02) (build 1.8.0_152-release-1024-b02)
# Java VM: OpenJDK 64-Bit Server VM (25.152-b02 mixed mode windows-amd64 compressed oops)
Heap:
 PSYoungGen      total 274944K, used 155757K [0x00000000e0000000, 0x00000000f4480000, 0x0000000100000000)
  eden space 232960K, 62% used [0x00000000e0000000,0x00000000e8e5b220,0x00000000ee380000)
  from space 41984K, 23% used [0x00000000f1b80000,0x00000000f2540520,0x00000000f4480000)
  to   space 49664K, 0% used [0x00000000ee380000,0x00000000ee380000,0x00000000f1400000)
 ParOldGen       total 198656K, used 116955K [0x00000000a0000000, 0x00000000ac200000, 0x00000000e0000000)
  object space 198656K, 58% used [0x00000000a0000000,0x00000000a7236f28,0x00000000ac200000)
 Metaspace       used 77434K, capacity 80601K, committed 80984K, reserved 1120256K
  class space    used 10047K, capacity 10682K, committed 10880K, reserved 1048576K
GC Heap History (10 events):
Event: 68.831 GC heap before
{Heap before GC invocations=20 (full 3):
 PSYoungGen      total 209920K, used 209906K [0x00000000e0000000, 0x00000000ee980000, 0x0000000100000000)
  eden space 194048K, 100% used [0x00000000e0000000,0x00000000ebd80000,0x00000000ebd80000)
  from space 15872K, 99% used [0x00000000ed880000,0x00000000ee7fc968,0x00000000ee800000)
  to   space 22528K, 0% used [0x00000000ebd80000,0x00000000ebd80000,0x00000000ed380000)
 ParOldGen       total 89600K, used 49767K [0x00000000a0000000, 0x00000000a5780000, 0x00000000e0000000)
  object space 89600K, 55% used [0x00000000a0000000,0x00000000a3099c60,0x00000000a5780000)
 Metaspace       used 71192K, capacity 74575K, committed 74712K, reserved 1114112K
  class space    used 9494K, capacity 10199K, committed 10240K, reserved 1048576K
Event: 68.893 GC heap after
Heap after GC invocations=20 (full 3):
 PSYoungGen      total 216576K, used 22524K [0x00000000e0000000, 0x00000000f1880000, 0x0000000100000000)
  eden space 194048K, 0% used [0x00000000e0000000,0x00000000e0000000,0x00000000ebd80000)
  from space 22528K, 99% used [0x00000000ebd80000,0x00000000ed37f150,0x00000000ed380000)
  to   space 32768K, 0% used [0x00000000ef880000,0x00000000ef880000,0x00000000f1880000)
 ParOldGen       total 89600K, used 68391K [0x00000000a0000000, 0x00000000a5780000, 0x00000000e0000000)
  object space 89600K, 76% used [0x00000000a0000000,0x00000000a42c9d10,0x00000000a5780000)
 Metaspace       used 71192K, capacity 74575K, committed 74712K, reserved 1114112K
  class space    used 9494K, capacity 10199K, committed 10240K, reserved 1048576K
}
Event: 72.784 GC heap before
{Heap before GC invocations=21 (full 3):
 PSYoungGen      total 216576K, used 216572K [0x00000000e0000000, 0x00000000f1880000, 0x0000000100000000)
  eden space 194048K, 100% used [0x00000000e0000000,0x00000000ebd80000,0x00000000ebd80000)
  from space 22528K, 99% used [0x00000000ebd80000,0x00000000ed37f150,0x00000000ed380000)
  to   space 32768K, 0% used [0x00000000ef880000,0x00000000ef880000,0x00000000f1880000)
 ParOldGen       total 89600K, used 68391K [0x00000000a0000000, 0x00000000a5780000, 0x00000000e0000000)
  object space 89600K, 76% used [0x00000000a0000000,0x00000000a42c9d10,0x00000000a5780000)
 Metaspace       used 72236K, capacity 75673K, committed 75864K, reserved 1114112K
  class space    used 9620K, capacity 10322K, committed 10368K, reserved 1048576K
Event: 72.946 GC heap after
Heap after GC invocations=21 (full 3):
 PSYoungGen      total 231936K, used 32736K [0x00000000e0000000, 0x00000000f5300000, 0x0000000100000000)
  eden space 199168K, 0% used [0x00000000e0000000,0x00000000e0000000,0x00000000ec280000)
  from space 32768K, 99% used [0x00000000ef880000,0x00000000f1878120,0x00000000f1880000)
  to   space 55296K, 0% used [0x00000000ec280000,0x00000000ec280000,0x00000000ef880000)
 ParOldGen       total 113664K, used 113436K [0x00000000a0000000, 0x00000000a6f00000, 0x00000000e0000000)
  object space 113664K, 99% used [0x00000000a0000000,0x00000000a6ec7170,0x00000000a6f00000)
 Metaspace       used 72236K, capacity 75673K, committed 75864K, reserved 1114112K
  class space    used 9620K, capacity 10322K, committed 10368K, reserved 1048576K
}
Event: 72.946 GC heap before
{Heap before GC invocations=22 (full 4):
 PSYoungGen      total 231936K, used 32736K [0x00000000e0000000, 0x00000000f5300000, 0x0000000100000000)
  eden space 199168K, 0% used [0x00000000e0000000,0x00000000e0000000,0x00000000ec280000)
  from space 32768K, 99% used [0x00000000ef880000,0x00000000f1878120,0x00000000f1880000)
  to   space 55296K, 0% used [0x00000000ec280000,0x00000000ec280000,0x00000000ef880000)
 ParOldGen       total 113664K, used 113436K [0x00000000a0000000, 0x00000000a6f00000, 0x00000000e0000000)
  object space 113664K, 99% used [0x00000000a0000000,0x00000000a6ec7170,0x00000000a6f00000)
 Metaspace       used 72236K, capacity 75673K, committed 75864K, reserved 1114112K
  class space    used 9620K, capacity 10322K, committed 10368K, reserved 1048576K
Event: 73.919 GC heap after
Heap after GC invocations=22 (full 4):
 PSYoungGen      total 231936K, used 2467K [0x00000000e0000000, 0x00000000f5300000, 0x0000000100000000)
  eden space 199168K, 0% used [0x00000000e0000000,0x00000000e0000000,0x00000000ec280000)
  from space 32768K, 7% used [0x00000000ef880000,0x00000000efae8c18,0x00000000f1880000)
  to   space 55296K, 0% used [0x00000000ec280000,0x00000000ec280000,0x00000000ef880000)
 ParOldGen       total 198656K, used 113634K [0x00000000a0000000, 0x00000000ac200000, 0x00000000e0000000)
  object space 198656K, 57% used [0x00000000a0000000,0x00000000a6ef89d8,0x00000000ac200000)
 Metaspace       used 71787K, capacity 74461K, committed 75864K, reserved 1114112K
  class space    used 9465K, capacity 10052K, committed 10368K, reserved 1048576K
}
Event: 77.947 GC heap before
{Heap before GC invocations=23 (full 4):
 PSYoungGen      total 231936K, used 201409K [0x00000000e0000000, 0x00000000f5300000, 0x0000000100000000)
  eden space 199168K, 99% used [0x00000000e0000000,0x00000000ec247b40,0x00000000ec280000)
  from space 32768K, 7% used [0x00000000ef880000,0x00000000efae8c18,0x00000000f1880000)
  to   space 55296K, 0% used [0x00000000ec280000,0x00000000ec280000,0x00000000ef880000)
 ParOldGen       total 198656K, used 113634K [0x00000000a0000000, 0x00000000ac200000, 0x00000000e0000000)
  object space 198656K, 57% used [0x00000000a0000000,0x00000000a6ef89d8,0x00000000ac200000)
 Metaspace       used 73698K, capacity 76567K, committed 77656K, reserved 1116160K
  class space    used 9702K, capacity 10345K, committed 10624K, reserved 1048576K
Event: 78.032 GC heap after
Heap after GC invocations=23 (full 4):
 PSYoungGen      total 254464K, used 18534K [0x00000000e0000000, 0x00000000f4e00000, 0x0000000100000000)
  eden space 199168K, 0% used [0x00000000e0000000,0x00000000e0000000,0x00000000ec280000)
  from space 55296K, 33% used [0x00000000ec280000,0x00000000ed4999b0,0x00000000ef880000)
  to   space 51712K, 0% used [0x00000000f1b80000,0x00000000f1b80000,0x00000000f4e00000)
 ParOldGen       total 198656K, used 116138K [0x00000000a0000000, 0x00000000ac200000, 0x00000000e0000000)
  object space 198656K, 58% used [0x00000000a0000000,0x00000000a716a9e8,0x00000000ac200000)
 Metaspace       used 73698K, capacity 76567K, committed 77656K, reserved 1116160K
  class space    used 9702K, capacity 10345K, committed 10624K, reserved 1048576K
}
Event: 188.823 GC heap before
{Heap before GC invocations=24 (full 4):
 PSYoungGen      total 254464K, used 217702K [0x00000000e0000000, 0x00000000f4e00000, 0x0000000100000000)
  eden space 199168K, 100% used [0x00000000e0000000,0x00000000ec280000,0x00000000ec280000)
  from space 55296K, 33% used [0x00000000ec280000,0x00000000ed4999b0,0x00000000ef880000)
  to   space 51712K, 0% used [0x00000000f1b80000,0x00000000f1b80000,0x00000000f4e00000)
 ParOldGen       total 198656K, used 116138K [0x00000000a0000000, 0x00000000ac200000, 0x00000000e0000000)
  object space 198656K, 58% used [0x00000000a0000000,0x00000000a716a9e8,0x00000000ac200000)
 Metaspace       used 77340K, capacity 80443K, committed 80984K, reserved 1120256K
  class space    used 10045K, capacity 10679K, committed 10880K, reserved 1048576K
Event: 188.862 GC heap after
Heap after GC invocations=24 (full 4):
 PSYoungGen      total 274944K, used 9985K [0x00000000e0000000, 0x00000000f4480000, 0x0000000100000000)
  eden space 232960K, 0% used [0x00000000e0000000,0x00000000e0000000,0x00000000ee380000)
  from space 41984K, 23% used [0x00000000f1b80000,0x00000000f2540520,0x00000000f4480000)
  to   space 49664K, 0% used [0x00000000ee380000,0x00000000ee380000,0x00000000f1400000)
 ParOldGen       total 198656K, used 116955K [0x00000000a0000000, 0x00000000ac200000, 0x00000000e0000000)
  object space 198656K, 58% used [0x00000000a0000000,0x00000000a7236f28,0x00000000ac200000)
 Metaspace       used 77340K, capacity 80443K, committed 80984K, reserved 1120256K
  class space    used 10045K, capacity 10679K, committed 10880K, reserved 1048576K
}

