# JRE version: OpenJDK Runtime Environment (8.0_152-b02) (build 1.8.0_152-release-1024-b02)
# Java VM: OpenJDK 64-Bit Server VM (25.152-b02 mixed mode windows-amd64 compressed oops)
Heap:
 PSYoungGen      total 63488K, used 53569K [0x00000000e0000000, 0x00000000e5380000, 0x0000000100000000)
  eden space 57856K, 92% used [0x00000000e0000000,0x00000000e3450400,0x00000000e3880000)
  from space 5632K, 0% used [0x00000000e3880000,0x00000000e3880000,0x00000000e3e00000)
  to   space 5632K, 0% used [0x00000000e4e00000,0x00000000e4e00000,0x00000000e5380000)
 ParOldGen       total 56320K, used 16740K [0x00000000a0000000, 0x00000000a3700000, 0x00000000e0000000)
  object space 56320K, 29% used [0x00000000a0000000,0x00000000a1059130,0x00000000a3700000)
 Metaspace       used 37604K, capacity 38262K, committed 38616K, reserved 1083392K
  class space    used 5126K, capacity 5343K, committed 5376K, reserved 1048576K
GC Heap History (10 events):
Event: 9.770 GC heap before
{Heap before GC invocations=11 (full 1):
 PSYoungGen      total 37376K, used 31744K [0x00000000e0000000, 0x00000000e3d00000, 0x0000000100000000)
  eden space 31744K, 100% used [0x00000000e0000000,0x00000000e1f00000,0x00000000e1f00000)
  from space 5632K, 0% used [0x00000000e1f00000,0x00000000e1f00000,0x00000000e2480000)
  to   space 5632K, 0% used [0x00000000e3780000,0x00000000e3780000,0x00000000e3d00000)
 ParOldGen       total 32768K, used 7860K [0x00000000a0000000, 0x00000000a2000000, 0x00000000e0000000)
  object space 32768K, 23% used [0x00000000a0000000,0x00000000a07ad268,0x00000000a2000000)
 Metaspace       used 23916K, capacity 24250K, committed 24448K, reserved 1071104K
  class space    used 3296K, capacity 3442K, committed 3456K, reserved 1048576K
Event: 9.782 GC heap after
Heap after GC invocations=11 (full 1):
 PSYoungGen      total 47616K, used 3755K [0x00000000e0000000, 0x00000000e3b80000, 0x0000000100000000)
  eden space 43520K, 0% used [0x00000000e0000000,0x00000000e0000000,0x00000000e2a80000)
  from space 4096K, 91% used [0x00000000e3780000,0x00000000e3b2ac80,0x00000000e3b80000)
  to   space 5632K, 0% used [0x00000000e3080000,0x00000000e3080000,0x00000000e3600000)
 ParOldGen       total 32768K, used 7868K [0x00000000a0000000, 0x00000000a2000000, 0x00000000e0000000)
  object space 32768K, 24% used [0x00000000a0000000,0x00000000a07af268,0x00000000a2000000)
 Metaspace       used 23916K, capacity 24250K, committed 24448K, reserved 1071104K
  class space    used 3296K, capacity 3442K, committed 3456K, reserved 1048576K
}
Event: 11.247 GC heap before
{Heap before GC invocations=12 (full 1):
 PSYoungGen      total 47616K, used 47275K [0x00000000e0000000, 0x00000000e3b80000, 0x0000000100000000)
  eden space 43520K, 100% used [0x00000000e0000000,0x00000000e2a80000,0x00000000e2a80000)
  from space 4096K, 91% used [0x00000000e3780000,0x00000000e3b2ac80,0x00000000e3b80000)
  to   space 5632K, 0% used [0x00000000e3080000,0x00000000e3080000,0x00000000e3600000)
 ParOldGen       total 32768K, used 7868K [0x00000000a0000000, 0x00000000a2000000, 0x00000000e0000000)
  object space 32768K, 24% used [0x00000000a0000000,0x00000000a07af268,0x00000000a2000000)
 Metaspace       used 27043K, capacity 27370K, committed 27776K, reserved 1073152K
  class space    used 3756K, capacity 3904K, committed 3968K, reserved 1048576K
Event: 11.260 GC heap after
Heap after GC invocations=12 (full 1):
 PSYoungGen      total 55296K, used 4148K [0x00000000e0000000, 0x00000000e4380000, 0x0000000100000000)
  eden space 49664K, 0% used [0x00000000e0000000,0x00000000e0000000,0x00000000e3080000)
  from space 5632K, 73% used [0x00000000e3080000,0x00000000e348d038,0x00000000e3600000)
  to   space 5632K, 0% used [0x00000000e3e00000,0x00000000e3e00000,0x00000000e4380000)
 ParOldGen       total 32768K, used 9184K [0x00000000a0000000, 0x00000000a2000000, 0x00000000e0000000)
  object space 32768K, 28% used [0x00000000a0000000,0x00000000a08f8318,0x00000000a2000000)
 Metaspace       used 27043K, capacity 27370K, committed 27776K, reserved 1073152K
  class space    used 3756K, capacity 3904K, committed 3968K, reserved 1048576K
}
Event: 14.063 GC heap before
{Heap before GC invocations=13 (full 1):
 PSYoungGen      total 55296K, used 53812K [0x00000000e0000000, 0x00000000e4380000, 0x0000000100000000)
  eden space 49664K, 100% used [0x00000000e0000000,0x00000000e3080000,0x00000000e3080000)
  from space 5632K, 73% used [0x00000000e3080000,0x00000000e348d038,0x00000000e3600000)
  to   space 5632K, 0% used [0x00000000e3e00000,0x00000000e3e00000,0x00000000e4380000)
 ParOldGen       total 32768K, used 9184K [0x00000000a0000000, 0x00000000a2000000, 0x00000000e0000000)
  object space 32768K, 28% used [0x00000000a0000000,0x00000000a08f8318,0x00000000a2000000)
 Metaspace       used 29292K, capacity 29650K, committed 29952K, reserved 1075200K
  class space    used 4083K, capacity 4236K, committed 4352K, reserved 1048576K
Event: 14.076 GC heap after
Heap after GC invocations=13 (full 1):
 PSYoungGen      total 63488K, used 4513K [0x00000000e0000000, 0x00000000e4a80000, 0x0000000100000000)
  eden space 57856K, 0% used [0x00000000e0000000,0x00000000e0000000,0x00000000e3880000)
  from space 5632K, 80% used [0x00000000e3e00000,0x00000000e42686e0,0x00000000e4380000)
  to   space 5632K, 0% used [0x00000000e3880000,0x00000000e3880000,0x00000000e3e00000)
 ParOldGen       total 32768K, used 10901K [0x00000000a0000000, 0x00000000a2000000, 0x00000000e0000000)
  object space 32768K, 33% used [0x00000000a0000000,0x00000000a0aa55c8,0x00000000a2000000)
 Metaspace       used 29292K, capacity 29650K, committed 29952K, reserved 1075200K
  class space    used 4083K, capacity 4236K, committed 4352K, reserved 1048576K
}
Event: 15.636 GC heap before
{Heap before GC invocations=14 (full 1):
 PSYoungGen      total 63488K, used 36258K [0x00000000e0000000, 0x00000000e4a80000, 0x0000000100000000)
  eden space 57856K, 54% used [0x00000000e0000000,0x00000000e1f001d0,0x00000000e3880000)
  from space 5632K, 80% used [0x00000000e3e00000,0x00000000e42686e0,0x00000000e4380000)
  to   space 5632K, 0% used [0x00000000e3880000,0x00000000e3880000,0x00000000e3e00000)
 ParOldGen       total 32768K, used 10901K [0x00000000a0000000, 0x00000000a2000000, 0x00000000e0000000)
  object space 32768K, 33% used [0x00000000a0000000,0x00000000a0aa55c8,0x00000000a2000000)
 Metaspace       used 34708K, capacity 35304K, committed 35416K, reserved 1079296K
  class space    used 4768K, capacity 4978K, committed 4992K, reserved 1048576K
Event: 15.647 GC heap after
Heap after GC invocations=14 (full 1):
 PSYoungGen      total 63488K, used 4886K [0x00000000e0000000, 0x00000000e5380000, 0x0000000100000000)
  eden space 57856K, 0% used [0x00000000e0000000,0x00000000e0000000,0x00000000e3880000)
  from space 5632K, 86% used [0x00000000e3880000,0x00000000e3d45b80,0x00000000e3e00000)
  to   space 5632K, 0% used [0x00000000e4e00000,0x00000000e4e00000,0x00000000e5380000)
 ParOldGen       total 32768K, used 13117K [0x00000000a0000000, 0x00000000a2000000, 0x00000000e0000000)
  object space 32768K, 40% used [0x00000000a0000000,0x00000000a0ccf658,0x00000000a2000000)
 Metaspace       used 34708K, capacity 35304K, committed 35416K, reserved 1079296K
  class space    used 4768K, capacity 4978K, committed 4992K, reserved 1048576K
}
Event: 15.647 GC heap before
{Heap before GC invocations=15 (full 2):
 PSYoungGen      total 63488K, used 4886K [0x00000000e0000000, 0x00000000e5380000, 0x0000000100000000)
  eden space 57856K, 0% used [0x00000000e0000000,0x00000000e0000000,0x00000000e3880000)
  from space 5632K, 86% used [0x00000000e3880000,0x00000000e3d45b80,0x00000000e3e00000)
  to   space 5632K, 0% used [0x00000000e4e00000,0x00000000e4e00000,0x00000000e5380000)
 ParOldGen       total 32768K, used 13117K [0x00000000a0000000, 0x00000000a2000000, 0x00000000e0000000)
  object space 32768K, 40% used [0x00000000a0000000,0x00000000a0ccf658,0x00000000a2000000)
 Metaspace       used 34708K, capacity 35304K, committed 35416K, reserved 1079296K
  class space    used 4768K, capacity 4978K, committed 4992K, reserved 1048576K
Event: 15.799 GC heap after
Heap after GC invocations=15 (full 2):
 PSYoungGen      total 63488K, used 0K [0x00000000e0000000, 0x00000000e5380000, 0x0000000100000000)
  eden space 57856K, 0% used [0x00000000e0000000,0x00000000e0000000,0x00000000e3880000)
  from space 5632K, 0% used [0x00000000e3880000,0x00000000e3880000,0x00000000e3e00000)
  to   space 5632K, 0% used [0x00000000e4e00000,0x00000000e4e00000,0x00000000e5380000)
 ParOldGen       total 56320K, used 16740K [0x00000000a0000000, 0x00000000a3700000, 0x00000000e0000000)
  object space 56320K, 29% used [0x00000000a0000000,0x00000000a1059130,0x00000000a3700000)
 Metaspace       used 34708K, capacity 35304K, committed 35416K, reserved 1079296K
  class space    used 4768K, capacity 4978K, committed 4992K, reserved 1048576K
}

