# JRE version: OpenJDK Runtime Environment (8.0_152-b01) (build 1.8.0_152-release-1248-b01)
# Java VM: OpenJDK 64-Bit Server VM (25.152-b01 mixed mode windows-amd64 compressed oops)
Heap:
 PSYoungGen      total 140800K, used 69322K [0x00000000e0000000, 0x00000000ea800000, 0x0000000100000000)
  eden space 115712K, 52% used [0x00000000e0000000,0x00000000e3b968a0,0x00000000e7100000)
  from space 25088K, 33% used [0x00000000e7100000,0x00000000e791c2c8,0x00000000e8980000)
  to   space 24064K, 0% used [0x00000000e9080000,0x00000000e9080000,0x00000000ea800000)
 ParOldGen       total 97792K, used 55930K [0x00000000a0000000, 0x00000000a5f80000, 0x00000000e0000000)
  object space 97792K, 57% used [0x00000000a0000000,0x00000000a369e978,0x00000000a5f80000)
 Metaspace       used 74642K, capacity 77074K, committed 77224K, reserved 1116160K
  class space    used 9668K, capacity 10336K, committed 10408K, reserved 1048576K
GC Heap History (10 events):
Event: 51.651 GC heap before
{Heap before GC invocations=24 (full 3):
 PSYoungGen      total 107520K, used 103848K [0x00000000e0000000, 0x00000000e7980000, 0x0000000100000000)
  eden space 91648K, 100% used [0x00000000e0000000,0x00000000e5980000,0x00000000e5980000)
  from space 15872K, 76% used [0x00000000e6a00000,0x00000000e75ea020,0x00000000e7980000)
  to   space 16384K, 0% used [0x00000000e5980000,0x00000000e5980000,0x00000000e6980000)
 ParOldGen       total 97792K, used 34917K [0x00000000a0000000, 0x00000000a5f80000, 0x00000000e0000000)
  object space 97792K, 35% used [0x00000000a0000000,0x00000000a2219400,0x00000000a5f80000)
 Metaspace       used 67767K, capacity 69750K, committed 70056K, reserved 1110016K
  class space    used 9050K, capacity 9572K, committed 9640K, reserved 1048576K
Event: 51.687 GC heap after
Heap after GC invocations=24 (full 3):
 PSYoungGen      total 108032K, used 16371K [0x00000000e0000000, 0x00000000e8b80000, 0x0000000100000000)
  eden space 91648K, 0% used [0x00000000e0000000,0x00000000e0000000,0x00000000e5980000)
  from space 16384K, 99% used [0x00000000e5980000,0x00000000e697ce90,0x00000000e6980000)
  to   space 19456K, 0% used [0x00000000e7880000,0x00000000e7880000,0x00000000e8b80000)
 ParOldGen       total 97792K, used 36685K [0x00000000a0000000, 0x00000000a5f80000, 0x00000000e0000000)
  object space 97792K, 37% used [0x00000000a0000000,0x00000000a23d37d0,0x00000000a5f80000)
 Metaspace       used 67767K, capacity 69750K, committed 70056K, reserved 1110016K
  class space    used 9050K, capacity 9572K, committed 9640K, reserved 1048576K
}
Event: 54.317 GC heap before
{Heap before GC invocations=25 (full 3):
 PSYoungGen      total 108032K, used 108019K [0x00000000e0000000, 0x00000000e8b80000, 0x0000000100000000)
  eden space 91648K, 100% used [0x00000000e0000000,0x00000000e5980000,0x00000000e5980000)
  from space 16384K, 99% used [0x00000000e5980000,0x00000000e697ce90,0x00000000e6980000)
  to   space 19456K, 0% used [0x00000000e7880000,0x00000000e7880000,0x00000000e8b80000)
 ParOldGen       total 97792K, used 36685K [0x00000000a0000000, 0x00000000a5f80000, 0x00000000e0000000)
  object space 97792K, 37% used [0x00000000a0000000,0x00000000a23d37d0,0x00000000a5f80000)
 Metaspace       used 67775K, capacity 69750K, committed 70056K, reserved 1110016K
  class space    used 9052K, capacity 9572K, committed 9640K, reserved 1048576K
Event: 54.376 GC heap after
Heap after GC invocations=25 (full 3):
 PSYoungGen      total 123392K, used 12251K [0x00000000e0000000, 0x00000000e8d00000, 0x0000000100000000)
  eden space 103936K, 0% used [0x00000000e0000000,0x00000000e0000000,0x00000000e6580000)
  from space 19456K, 62% used [0x00000000e7880000,0x00000000e8476f90,0x00000000e8b80000)
  to   space 19456K, 0% used [0x00000000e6580000,0x00000000e6580000,0x00000000e7880000)
 ParOldGen       total 97792K, used 45218K [0x00000000a0000000, 0x00000000a5f80000, 0x00000000e0000000)
  object space 97792K, 46% used [0x00000000a0000000,0x00000000a2c288a0,0x00000000a5f80000)
 Metaspace       used 67775K, capacity 69750K, committed 70056K, reserved 1110016K
  class space    used 9052K, capacity 9572K, committed 9640K, reserved 1048576K
}
Event: 64.845 GC heap before
{Heap before GC invocations=26 (full 3):
 PSYoungGen      total 123392K, used 116187K [0x00000000e0000000, 0x00000000e8d00000, 0x0000000100000000)
  eden space 103936K, 100% used [0x00000000e0000000,0x00000000e6580000,0x00000000e6580000)
  from space 19456K, 62% used [0x00000000e7880000,0x00000000e8476f90,0x00000000e8b80000)
  to   space 19456K, 0% used [0x00000000e6580000,0x00000000e6580000,0x00000000e7880000)
 ParOldGen       total 97792K, used 45218K [0x00000000a0000000, 0x00000000a5f80000, 0x00000000e0000000)
  object space 97792K, 46% used [0x00000000a0000000,0x00000000a2c288a0,0x00000000a5f80000)
 Metaspace       used 71079K, capacity 73226K, committed 73384K, reserved 1112064K
  class space    used 9320K, capacity 9878K, committed 9896K, reserved 1048576K
Event: 64.897 GC heap after
Heap after GC invocations=26 (full 3):
 PSYoungGen      total 123392K, used 19424K [0x00000000e0000000, 0x00000000ea580000, 0x0000000100000000)
  eden space 103936K, 0% used [0x00000000e0000000,0x00000000e0000000,0x00000000e6580000)
  from space 19456K, 99% used [0x00000000e6580000,0x00000000e7878318,0x00000000e7880000)
  to   space 25600K, 0% used [0x00000000e8c80000,0x00000000e8c80000,0x00000000ea580000)
 ParOldGen       total 97792K, used 53314K [0x00000000a0000000, 0x00000000a5f80000, 0x00000000e0000000)
  object space 97792K, 54% used [0x00000000a0000000,0x00000000a34108e8,0x00000000a5f80000)
 Metaspace       used 71079K, capacity 73226K, committed 73384K, reserved 1112064K
  class space    used 9320K, capacity 9878K, committed 9896K, reserved 1048576K
}
Event: 328.191 GC heap before
{Heap before GC invocations=27 (full 3):
 PSYoungGen      total 123392K, used 123360K [0x00000000e0000000, 0x00000000ea580000, 0x0000000100000000)
  eden space 103936K, 100% used [0x00000000e0000000,0x00000000e6580000,0x00000000e6580000)
  from space 19456K, 99% used [0x00000000e6580000,0x00000000e7878318,0x00000000e7880000)
  to   space 25600K, 0% used [0x00000000e8c80000,0x00000000e8c80000,0x00000000ea580000)
 ParOldGen       total 97792K, used 53314K [0x00000000a0000000, 0x00000000a5f80000, 0x00000000e0000000)
  object space 97792K, 54% used [0x00000000a0000000,0x00000000a34108e8,0x00000000a5f80000)
 Metaspace       used 72927K, capacity 75384K, committed 75560K, reserved 1114112K
  class space    used 9525K, capacity 10187K, committed 10280K, reserved 1048576K
Event: 328.222 GC heap after
Heap after GC invocations=27 (full 3):
 PSYoungGen      total 137728K, used 5700K [0x00000000e0000000, 0x00000000ea200000, 0x0000000100000000)
  eden space 115712K, 0% used [0x00000000e0000000,0x00000000e0000000,0x00000000e7100000)
  from space 22016K, 25% used [0x00000000e8c80000,0x00000000e9211168,0x00000000ea200000)
  to   space 25088K, 0% used [0x00000000e7100000,0x00000000e7100000,0x00000000e8980000)
 ParOldGen       total 97792K, used 55922K [0x00000000a0000000, 0x00000000a5f80000, 0x00000000e0000000)
  object space 97792K, 57% used [0x00000000a0000000,0x00000000a369c978,0x00000000a5f80000)
 Metaspace       used 72927K, capacity 75384K, committed 75560K, reserved 1114112K
  class space    used 9525K, capacity 10187K, committed 10280K, reserved 1048576K
}
Event: 348.890 GC heap before
{Heap before GC invocations=28 (full 3):
 PSYoungGen      total 137728K, used 121412K [0x00000000e0000000, 0x00000000ea200000, 0x0000000100000000)
  eden space 115712K, 100% used [0x00000000e0000000,0x00000000e7100000,0x00000000e7100000)
  from space 22016K, 25% used [0x00000000e8c80000,0x00000000e9211168,0x00000000ea200000)
  to   space 25088K, 0% used [0x00000000e7100000,0x00000000e7100000,0x00000000e8980000)
 ParOldGen       total 97792K, used 55922K [0x00000000a0000000, 0x00000000a5f80000, 0x00000000e0000000)
  object space 97792K, 57% used [0x00000000a0000000,0x00000000a369c978,0x00000000a5f80000)
 Metaspace       used 74456K, capacity 76946K, committed 77224K, reserved 1116160K
  class space    used 9668K, capacity 10336K, committed 10408K, reserved 1048576K
Event: 348.911 GC heap after
Heap after GC invocations=28 (full 3):
 PSYoungGen      total 140800K, used 8304K [0x00000000e0000000, 0x00000000ea800000, 0x0000000100000000)
  eden space 115712K, 0% used [0x00000000e0000000,0x00000000e0000000,0x00000000e7100000)
  from space 25088K, 33% used [0x00000000e7100000,0x00000000e791c2c8,0x00000000e8980000)
  to   space 24064K, 0% used [0x00000000e9080000,0x00000000e9080000,0x00000000ea800000)
 ParOldGen       total 97792K, used 55930K [0x00000000a0000000, 0x00000000a5f80000, 0x00000000e0000000)
  object space 97792K, 57% used [0x00000000a0000000,0x00000000a369e978,0x00000000a5f80000)
 Metaspace       used 74456K, capacity 76946K, committed 77224K, reserved 1116160K
  class space    used 9668K, capacity 10336K, committed 10408K, reserved 1048576K
}

