# JRE version: Java(TM) SE Runtime Environment (8.0_201-b09) (build 1.8.0_201-b09)
# Java VM: Java HotSpot(TM) 64-Bit Server VM (25.201-b09 mixed mode windows-amd64 compressed oops)
Heap:
 PSYoungGen      total 110080K, used 64715K [0x00000000eab00000, 0x00000000f2f00000, 0x0000000100000000)
  eden space 87040K, 54% used [0x00000000eab00000,0x00000000ed91e268,0x00000000f0000000)
  from space 23040K, 75% used [0x00000000f0000000,0x00000000f1114c60,0x00000000f1680000)
  to   space 18944K, 0% used [0x00000000f1680000,0x00000000f1680000,0x00000000f2900000)
 ParOldGen       total 89600K, used 54900K [0x00000000c0000000, 0x00000000c5780000, 0x00000000eab00000)
  object space 89600K, 61% used [0x00000000c0000000,0x00000000c359d3a0,0x00000000c5780000)
 Metaspace       used 80215K, capacity 83478K, committed 83752K, reserved 1122304K
  class space    used 10831K, capacity 11747K, committed 11816K, reserved 1048576K
GC Heap History (10 events):
Event: 34.366 GC heap before
{Heap before GC invocations=28 (full 3):
 PSYoungGen      total 83456K, used 78839K [0x00000000eab00000, 0x00000000f0a00000, 0x0000000100000000)
  eden space 73728K, 100% used [0x00000000eab00000,0x00000000ef300000,0x00000000ef300000)
  from space 9728K, 52% used [0x00000000f0080000,0x00000000f057dc40,0x00000000f0a00000)
  to   space 11776K, 0% used [0x00000000ef300000,0x00000000ef300000,0x00000000efe80000)
 ParOldGen       total 89600K, used 34834K [0x00000000c0000000, 0x00000000c5780000, 0x00000000eab00000)
  object space 89600K, 38% used [0x00000000c0000000,0x00000000c2204b70,0x00000000c5780000)
 Metaspace       used 60675K, capacity 62508K, committed 62632K, reserved 1103872K
  class space    used 8588K, capacity 9102K, committed 9128K, reserved 1048576K
Event: 34.398 GC heap after
Heap after GC invocations=28 (full 3):
 PSYoungGen      total 85504K, used 11744K [0x00000000eab00000, 0x00000000f1800000, 0x0000000100000000)
  eden space 73728K, 0% used [0x00000000eab00000,0x00000000eab00000,0x00000000ef300000)
  from space 11776K, 99% used [0x00000000ef300000,0x00000000efe78010,0x00000000efe80000)
  to   space 13824K, 0% used [0x00000000f0a80000,0x00000000f0a80000,0x00000000f1800000)
 ParOldGen       total 89600K, used 35503K [0x00000000c0000000, 0x00000000c5780000, 0x00000000eab00000)
  object space 89600K, 39% used [0x00000000c0000000,0x00000000c22abe88,0x00000000c5780000)
 Metaspace       used 60675K, capacity 62508K, committed 62632K, reserved 1103872K
  class space    used 8588K, capacity 9102K, committed 9128K, reserved 1048576K
}
Event: 37.320 GC heap before
{Heap before GC invocations=29 (full 3):
 PSYoungGen      total 85504K, used 85472K [0x00000000eab00000, 0x00000000f1800000, 0x0000000100000000)
  eden space 73728K, 100% used [0x00000000eab00000,0x00000000ef300000,0x00000000ef300000)
  from space 11776K, 99% used [0x00000000ef300000,0x00000000efe78010,0x00000000efe80000)
  to   space 13824K, 0% used [0x00000000f0a80000,0x00000000f0a80000,0x00000000f1800000)
 ParOldGen       total 89600K, used 35503K [0x00000000c0000000, 0x00000000c5780000, 0x00000000eab00000)
  object space 89600K, 39% used [0x00000000c0000000,0x00000000c22abe88,0x00000000c5780000)
 Metaspace       used 62263K, capacity 64416K, committed 64552K, reserved 1103872K
  class space    used 8811K, capacity 9386K, committed 9512K, reserved 1048576K
Event: 37.353 GC heap after
Heap after GC invocations=29 (full 3):
 PSYoungGen      total 94208K, used 13824K [0x00000000eab00000, 0x00000000f1e80000, 0x0000000100000000)
  eden space 80384K, 0% used [0x00000000eab00000,0x00000000eab00000,0x00000000ef980000)
  from space 13824K, 100% used [0x00000000f0a80000,0x00000000f1800000,0x00000000f1800000)
  to   space 17408K, 0% used [0x00000000ef980000,0x00000000ef980000,0x00000000f0a80000)
 ParOldGen       total 89600K, used 39061K [0x00000000c0000000, 0x00000000c5780000, 0x00000000eab00000)
  object space 89600K, 43% used [0x00000000c0000000,0x00000000c26256b0,0x00000000c5780000)
 Metaspace       used 62263K, capacity 64416K, committed 64552K, reserved 1103872K
  class space    used 8811K, capacity 9386K, committed 9512K, reserved 1048576K
}
Event: 40.733 GC heap before
{Heap before GC invocations=30 (full 3):
 PSYoungGen      total 94208K, used 94206K [0x00000000eab00000, 0x00000000f1e80000, 0x0000000100000000)
  eden space 80384K, 99% used [0x00000000eab00000,0x00000000ef97f968,0x00000000ef980000)
  from space 13824K, 100% used [0x00000000f0a80000,0x00000000f1800000,0x00000000f1800000)
  to   space 17408K, 0% used [0x00000000ef980000,0x00000000ef980000,0x00000000f0a80000)
 ParOldGen       total 89600K, used 39061K [0x00000000c0000000, 0x00000000c5780000, 0x00000000eab00000)
  object space 89600K, 43% used [0x00000000c0000000,0x00000000c26256b0,0x00000000c5780000)
 Metaspace       used 65254K, capacity 67688K, committed 67880K, reserved 1107968K
  class space    used 9097K, capacity 9742K, committed 9768K, reserved 1048576K
Event: 40.796 GC heap after
Heap after GC invocations=30 (full 3):
 PSYoungGen      total 97792K, used 14942K [0x00000000eab00000, 0x00000000f2900000, 0x0000000100000000)
  eden space 80384K, 0% used [0x00000000eab00000,0x00000000eab00000,0x00000000ef980000)
  from space 17408K, 85% used [0x00000000ef980000,0x00000000f0817a60,0x00000000f0a80000)
  to   space 18944K, 0% used [0x00000000f1680000,0x00000000f1680000,0x00000000f2900000)
 ParOldGen       total 89600K, used 41809K [0x00000000c0000000, 0x00000000c5780000, 0x00000000eab00000)
  object space 89600K, 46% used [0x00000000c0000000,0x00000000c28d4700,0x00000000c5780000)
 Metaspace       used 65254K, capacity 67688K, committed 67880K, reserved 1107968K
  class space    used 9097K, capacity 9742K, committed 9768K, reserved 1048576K
}
Event: 1673.674 GC heap before
{Heap before GC invocations=31 (full 3):
 PSYoungGen      total 97792K, used 95326K [0x00000000eab00000, 0x00000000f2900000, 0x0000000100000000)
  eden space 80384K, 100% used [0x00000000eab00000,0x00000000ef980000,0x00000000ef980000)
  from space 17408K, 85% used [0x00000000ef980000,0x00000000f0817a60,0x00000000f0a80000)
  to   space 18944K, 0% used [0x00000000f1680000,0x00000000f1680000,0x00000000f2900000)
 ParOldGen       total 89600K, used 41809K [0x00000000c0000000, 0x00000000c5780000, 0x00000000eab00000)
  object space 89600K, 46% used [0x00000000c0000000,0x00000000c28d4700,0x00000000c5780000)
 Metaspace       used 70602K, capacity 73360K, committed 73640K, reserved 1112064K
  class space    used 9619K, capacity 10352K, committed 10408K, reserved 1048576K
Event: 1673.713 GC heap after
Heap after GC invocations=31 (full 3):
 PSYoungGen      total 105984K, used 18924K [0x00000000eab00000, 0x00000000f2f00000, 0x0000000100000000)
  eden space 87040K, 0% used [0x00000000eab00000,0x00000000eab00000,0x00000000f0000000)
  from space 18944K, 99% used [0x00000000f1680000,0x00000000f28fb110,0x00000000f2900000)
  to   space 23040K, 0% used [0x00000000f0000000,0x00000000f0000000,0x00000000f1680000)
 ParOldGen       total 89600K, used 44032K [0x00000000c0000000, 0x00000000c5780000, 0x00000000eab00000)
  object space 89600K, 49% used [0x00000000c0000000,0x00000000c2b002f0,0x00000000c5780000)
 Metaspace       used 70602K, capacity 73360K, committed 73640K, reserved 1112064K
  class space    used 9619K, capacity 10352K, committed 10408K, reserved 1048576K
}
Event: 1681.134 GC heap before
{Heap before GC invocations=32 (full 3):
 PSYoungGen      total 105984K, used 105964K [0x00000000eab00000, 0x00000000f2f00000, 0x0000000100000000)
  eden space 87040K, 100% used [0x00000000eab00000,0x00000000f0000000,0x00000000f0000000)
  from space 18944K, 99% used [0x00000000f1680000,0x00000000f28fb110,0x00000000f2900000)
  to   space 23040K, 0% used [0x00000000f0000000,0x00000000f0000000,0x00000000f1680000)
 ParOldGen       total 89600K, used 44032K [0x00000000c0000000, 0x00000000c5780000, 0x00000000eab00000)
  object space 89600K, 49% used [0x00000000c0000000,0x00000000c2b002f0,0x00000000c5780000)
 Metaspace       used 77592K, capacity 80734K, committed 81064K, reserved 1118208K
  class space    used 10483K, capacity 11370K, committed 11432K, reserved 1048576K
Event: 1681.173 GC heap after
Heap after GC invocations=32 (full 3):
 PSYoungGen      total 110080K, used 17491K [0x00000000eab00000, 0x00000000f2f00000, 0x0000000100000000)
  eden space 87040K, 0% used [0x00000000eab00000,0x00000000eab00000,0x00000000f0000000)
  from space 23040K, 75% used [0x00000000f0000000,0x00000000f1114c60,0x00000000f1680000)
  to   space 18944K, 0% used [0x00000000f1680000,0x00000000f1680000,0x00000000f2900000)
 ParOldGen       total 89600K, used 54900K [0x00000000c0000000, 0x00000000c5780000, 0x00000000eab00000)
  object space 89600K, 61% used [0x00000000c0000000,0x00000000c359d3a0,0x00000000c5780000)
 Metaspace       used 77592K, capacity 80734K, committed 81064K, reserved 1118208K
  class space    used 10483K, capacity 11370K, committed 11432K, reserved 1048576K
}

