# JRE version: OpenJDK Runtime Environment (8.0_152-b02) (build 1.8.0_152-release-1024-b02)
# Java VM: OpenJDK 64-Bit Server VM (25.152-b02 mixed mode windows-amd64 compressed oops)
Heap:
 PSYoungGen      total 158720K, used 50915K [0x00000000e0000000, 0x00000000eb180000, 0x0000000100000000)
  eden space 139264K, 26% used [0x00000000e0000000,0x00000000e244f370,0x00000000e8800000)
  from space 19456K, 70% used [0x00000000e9c00000,0x00000000ea969aa0,0x00000000eaf00000)
  to   space 20480K, 0% used [0x00000000e8800000,0x00000000e8800000,0x00000000e9c00000)
 ParOldGen       total 111616K, used 44452K [0x00000000a0000000, 0x00000000a6d00000, 0x00000000e0000000)
  object space 111616K, 39% used [0x00000000a0000000,0x00000000a2b693a8,0x00000000a6d00000)
 Metaspace       used 67552K, capacity 70198K, committed 70232K, reserved 1110016K
  class space    used 8937K, capacity 9594K, committed 9600K, reserved 1048576K
GC Heap History (10 events):
Event: 28.675 GC heap before
{Heap before GC invocations=17 (full 2):
 PSYoungGen      total 125440K, used 120407K [0x00000000e0000000, 0x00000000e9800000, 0x0000000100000000)
  eden space 109568K, 95% used [0x00000000e0000000,0x00000000e66197b0,0x00000000e6b00000)
  from space 15872K, 99% used [0x00000000e7f00000,0x00000000e8e7c498,0x00000000e8e80000)
  to   space 20480K, 0% used [0x00000000e6b00000,0x00000000e6b00000,0x00000000e7f00000)
 ParOldGen       total 62976K, used 27125K [0x00000000a0000000, 0x00000000a3d80000, 0x00000000e0000000)
  object space 62976K, 43% used [0x00000000a0000000,0x00000000a1a7d428,0x00000000a3d80000)
 Metaspace       used 57154K, capacity 58894K, committed 59028K, reserved 1099776K
  class space    used 7864K, capacity 8330K, committed 8448K, reserved 1048576K
Event: 28.723 GC heap after
Heap after GC invocations=17 (full 2):
 PSYoungGen      total 130048K, used 12024K [0x00000000e0000000, 0x00000000ea980000, 0x0000000100000000)
  eden space 109568K, 0% used [0x00000000e0000000,0x00000000e0000000,0x00000000e6b00000)
  from space 20480K, 58% used [0x00000000e6b00000,0x00000000e76be0f0,0x00000000e7f00000)
  to   space 20480K, 0% used [0x00000000e9580000,0x00000000e9580000,0x00000000ea980000)
 ParOldGen       total 62976K, used 40018K [0x00000000a0000000, 0x00000000a3d80000, 0x00000000e0000000)
  object space 62976K, 63% used [0x00000000a0000000,0x00000000a2714a90,0x00000000a3d80000)
 Metaspace       used 57154K, capacity 58894K, committed 59028K, reserved 1099776K
  class space    used 7864K, capacity 8330K, committed 8448K, reserved 1048576K
}
Event: 28.723 GC heap before
{Heap before GC invocations=18 (full 3):
 PSYoungGen      total 130048K, used 12024K [0x00000000e0000000, 0x00000000ea980000, 0x0000000100000000)
  eden space 109568K, 0% used [0x00000000e0000000,0x00000000e0000000,0x00000000e6b00000)
  from space 20480K, 58% used [0x00000000e6b00000,0x00000000e76be0f0,0x00000000e7f00000)
  to   space 20480K, 0% used [0x00000000e9580000,0x00000000e9580000,0x00000000ea980000)
 ParOldGen       total 62976K, used 40018K [0x00000000a0000000, 0x00000000a3d80000, 0x00000000e0000000)
  object space 62976K, 63% used [0x00000000a0000000,0x00000000a2714a90,0x00000000a3d80000)
 Metaspace       used 57154K, capacity 58894K, committed 59028K, reserved 1099776K
  class space    used 7864K, capacity 8330K, committed 8448K, reserved 1048576K
Event: 29.213 GC heap after
Heap after GC invocations=18 (full 3):
 PSYoungGen      total 130048K, used 0K [0x00000000e0000000, 0x00000000ea980000, 0x0000000100000000)
  eden space 109568K, 0% used [0x00000000e0000000,0x00000000e0000000,0x00000000e6b00000)
  from space 20480K, 0% used [0x00000000e6b00000,0x00000000e6b00000,0x00000000e7f00000)
  to   space 20480K, 0% used [0x00000000e9580000,0x00000000e9580000,0x00000000ea980000)
 ParOldGen       total 111616K, used 44428K [0x00000000a0000000, 0x00000000a6d00000, 0x00000000e0000000)
  object space 111616K, 39% used [0x00000000a0000000,0x00000000a2b633a8,0x00000000a6d00000)
 Metaspace       used 57154K, capacity 58894K, committed 59028K, reserved 1099776K
  class space    used 7864K, capacity 8330K, committed 8448K, reserved 1048576K
}
Event: 43.283 GC heap before
{Heap before GC invocations=19 (full 3):
 PSYoungGen      total 130048K, used 109568K [0x00000000e0000000, 0x00000000ea980000, 0x0000000100000000)
  eden space 109568K, 100% used [0x00000000e0000000,0x00000000e6b00000,0x00000000e6b00000)
  from space 20480K, 0% used [0x00000000e6b00000,0x00000000e6b00000,0x00000000e7f00000)
  to   space 20480K, 0% used [0x00000000e9580000,0x00000000e9580000,0x00000000ea980000)
 ParOldGen       total 111616K, used 44428K [0x00000000a0000000, 0x00000000a6d00000, 0x00000000e0000000)
  object space 111616K, 39% used [0x00000000a0000000,0x00000000a2b633a8,0x00000000a6d00000)
 Metaspace       used 61827K, capacity 63882K, committed 64088K, reserved 1103872K
  class space    used 8287K, capacity 8828K, committed 8832K, reserved 1048576K
Event: 43.305 GC heap after
Heap after GC invocations=19 (full 3):
 PSYoungGen      total 143872K, used 5991K [0x00000000e0000000, 0x00000000ea480000, 0x0000000100000000)
  eden space 128512K, 0% used [0x00000000e0000000,0x00000000e0000000,0x00000000e7d80000)
  from space 15360K, 39% used [0x00000000e9580000,0x00000000e9b59ef8,0x00000000ea480000)
  to   space 19968K, 0% used [0x00000000e7d80000,0x00000000e7d80000,0x00000000e9100000)
 ParOldGen       total 111616K, used 44436K [0x00000000a0000000, 0x00000000a6d00000, 0x00000000e0000000)
  object space 111616K, 39% used [0x00000000a0000000,0x00000000a2b653a8,0x00000000a6d00000)
 Metaspace       used 61827K, capacity 63882K, committed 64088K, reserved 1103872K
  class space    used 8287K, capacity 8828K, committed 8832K, reserved 1048576K
}
Event: 211.590 GC heap before
{Heap before GC invocations=20 (full 3):
 PSYoungGen      total 143872K, used 134503K [0x00000000e0000000, 0x00000000ea480000, 0x0000000100000000)
  eden space 128512K, 100% used [0x00000000e0000000,0x00000000e7d80000,0x00000000e7d80000)
  from space 15360K, 39% used [0x00000000e9580000,0x00000000e9b59ef8,0x00000000ea480000)
  to   space 19968K, 0% used [0x00000000e7d80000,0x00000000e7d80000,0x00000000e9100000)
 ParOldGen       total 111616K, used 44436K [0x00000000a0000000, 0x00000000a6d00000, 0x00000000e0000000)
  object space 111616K, 39% used [0x00000000a0000000,0x00000000a2b653a8,0x00000000a6d00000)
 Metaspace       used 64012K, capacity 66370K, committed 66520K, reserved 1105920K
  class space    used 8517K, capacity 9137K, committed 9216K, reserved 1048576K
Event: 211.613 GC heap after
Heap after GC invocations=20 (full 3):
 PSYoungGen      total 148480K, used 11302K [0x00000000e0000000, 0x00000000eaf00000, 0x0000000100000000)
  eden space 128512K, 0% used [0x00000000e0000000,0x00000000e0000000,0x00000000e7d80000)
  from space 19968K, 56% used [0x00000000e7d80000,0x00000000e8889a90,0x00000000e9100000)
  to   space 19456K, 0% used [0x00000000e9c00000,0x00000000e9c00000,0x00000000eaf00000)
 ParOldGen       total 111616K, used 44444K [0x00000000a0000000, 0x00000000a6d00000, 0x00000000e0000000)
  object space 111616K, 39% used [0x00000000a0000000,0x00000000a2b673a8,0x00000000a6d00000)
 Metaspace       used 64012K, capacity 66370K, committed 66520K, reserved 1105920K
  class space    used 8517K, capacity 9137K, committed 9216K, reserved 1048576K
}
Event: 222.937 GC heap before
{Heap before GC invocations=21 (full 3):
 PSYoungGen      total 148480K, used 139814K [0x00000000e0000000, 0x00000000eaf00000, 0x0000000100000000)
  eden space 128512K, 100% used [0x00000000e0000000,0x00000000e7d80000,0x00000000e7d80000)
  from space 19968K, 56% used [0x00000000e7d80000,0x00000000e8889a90,0x00000000e9100000)
  to   space 19456K, 0% used [0x00000000e9c00000,0x00000000e9c00000,0x00000000eaf00000)
 ParOldGen       total 111616K, used 44444K [0x00000000a0000000, 0x00000000a6d00000, 0x00000000e0000000)
  object space 111616K, 39% used [0x00000000a0000000,0x00000000a2b673a8,0x00000000a6d00000)
 Metaspace       used 67353K, capacity 69888K, committed 69976K, reserved 1110016K
  class space    used 8911K, capacity 9530K, committed 9600K, reserved 1048576K
Event: 223.067 GC heap after
Heap after GC invocations=21 (full 3):
 PSYoungGen      total 158720K, used 13734K [0x00000000e0000000, 0x00000000eb180000, 0x0000000100000000)
  eden space 139264K, 0% used [0x00000000e0000000,0x00000000e0000000,0x00000000e8800000)
  from space 19456K, 70% used [0x00000000e9c00000,0x00000000ea969aa0,0x00000000eaf00000)
  to   space 20480K, 0% used [0x00000000e8800000,0x00000000e8800000,0x00000000e9c00000)
 ParOldGen       total 111616K, used 44452K [0x00000000a0000000, 0x00000000a6d00000, 0x00000000e0000000)
  object space 111616K, 39% used [0x00000000a0000000,0x00000000a2b693a8,0x00000000a6d00000)
 Metaspace       used 67353K, capacity 69888K, committed 69976K, reserved 1110016K
  class space    used 8911K, capacity 9530K, committed 9600K, reserved 1048576K
}

