# JRE version: OpenJDK Runtime Environment (8.0_152-b01) (build 1.8.0_152-release-1248-b01)
# Java VM: OpenJDK 64-Bit Server VM (25.152-b01 mixed mode windows-amd64 compressed oops)
Heap:
 PSYoungGen      total 182784K, used 71234K [0x00000000e0000000, 0x00000000ee700000, 0x0000000100000000)
  eden space 143872K, 36% used [0x00000000e0000000,0x00000000e32f80b0,0x00000000e8c80000)
  from space 38912K, 48% used [0x00000000e8c80000,0x00000000e9f188a8,0x00000000eb280000)
  to   space 37888K, 0% used [0x00000000ec200000,0x00000000ec200000,0x00000000ee700000)
 ParOldGen       total 187904K, used 93411K [0x00000000a0000000, 0x00000000ab780000, 0x00000000e0000000)
  object space 187904K, 49% used [0x00000000a0000000,0x00000000a5b38d10,0x00000000ab780000)
 Metaspace       used 74252K, capacity 77034K, committed 77360K, reserved 1116160K
  class space    used 9857K, capacity 10505K, committed 10544K, reserved 1048576K
GC Heap History (10 events):
Event: 40.784 GC heap before
{Heap before GC invocations=25 (full 4):
 PSYoungGen      total 122880K, used 20477K [0x00000000e0000000, 0x00000000ec680000, 0x0000000100000000)
  eden space 102400K, 0% used [0x00000000e0000000,0x00000000e0000000,0x00000000e6400000)
  from space 20480K, 99% used [0x00000000e6400000,0x00000000e77ff718,0x00000000e7800000)
  to   space 39424K, 0% used [0x00000000ea000000,0x00000000ea000000,0x00000000ec680000)
 ParOldGen       total 95232K, used 87994K [0x00000000a0000000, 0x00000000a5d00000, 0x00000000e0000000)
  object space 95232K, 92% used [0x00000000a0000000,0x00000000a55ee850,0x00000000a5d00000)
 Metaspace       used 64800K, capacity 66796K, committed 66992K, reserved 1107968K
  class space    used 8817K, capacity 9326K, committed 9392K, reserved 1048576K
Event: 41.415 GC heap after
Heap after GC invocations=25 (full 4):
 PSYoungGen      total 122880K, used 0K [0x00000000e0000000, 0x00000000ec680000, 0x0000000100000000)
  eden space 102400K, 0% used [0x00000000e0000000,0x00000000e0000000,0x00000000e6400000)
  from space 20480K, 0% used [0x00000000e6400000,0x00000000e6400000,0x00000000e7800000)
  to   space 39424K, 0% used [0x00000000ea000000,0x00000000ea000000,0x00000000ec680000)
 ParOldGen       total 187904K, used 93387K [0x00000000a0000000, 0x00000000ab780000, 0x00000000e0000000)
  object space 187904K, 49% used [0x00000000a0000000,0x00000000a5b32d10,0x00000000ab780000)
 Metaspace       used 64769K, capacity 66712K, committed 66992K, reserved 1107968K
  class space    used 8806K, capacity 9306K, committed 9392K, reserved 1048576K
}
Event: 43.384 GC heap before
{Heap before GC invocations=26 (full 4):
 PSYoungGen      total 122880K, used 102400K [0x00000000e0000000, 0x00000000ec680000, 0x0000000100000000)
  eden space 102400K, 100% used [0x00000000e0000000,0x00000000e6400000,0x00000000e6400000)
  from space 20480K, 0% used [0x00000000e6400000,0x00000000e6400000,0x00000000e7800000)
  to   space 39424K, 0% used [0x00000000ea000000,0x00000000ea000000,0x00000000ec680000)
 ParOldGen       total 187904K, used 93387K [0x00000000a0000000, 0x00000000ab780000, 0x00000000e0000000)
  object space 187904K, 49% used [0x00000000a0000000,0x00000000a5b32d10,0x00000000ab780000)
 Metaspace       used 65314K, capacity 67420K, committed 67504K, reserved 1107968K
  class space    used 8864K, capacity 9392K, committed 9392K, reserved 1048576K
Event: 43.439 GC heap after
Heap after GC invocations=26 (full 4):
 PSYoungGen      total 159744K, used 22263K [0x00000000e0000000, 0x00000000ec500000, 0x0000000100000000)
  eden space 121856K, 0% used [0x00000000e0000000,0x00000000e0000000,0x00000000e7700000)
  from space 37888K, 58% used [0x00000000ea000000,0x00000000eb5bdd00,0x00000000ec500000)
  to   space 39936K, 0% used [0x00000000e7700000,0x00000000e7700000,0x00000000e9e00000)
 ParOldGen       total 187904K, used 93395K [0x00000000a0000000, 0x00000000ab780000, 0x00000000e0000000)
  object space 187904K, 49% used [0x00000000a0000000,0x00000000a5b34d10,0x00000000ab780000)
 Metaspace       used 65314K, capacity 67420K, committed 67504K, reserved 1107968K
  class space    used 8864K, capacity 9392K, committed 9392K, reserved 1048576K
}
Event: 48.114 GC heap before
{Heap before GC invocations=27 (full 4):
 PSYoungGen      total 159744K, used 144075K [0x00000000e0000000, 0x00000000ec500000, 0x0000000100000000)
  eden space 121856K, 99% used [0x00000000e0000000,0x00000000e76f5158,0x00000000e7700000)
  from space 37888K, 58% used [0x00000000ea000000,0x00000000eb5bdd00,0x00000000ec500000)
  to   space 39936K, 0% used [0x00000000e7700000,0x00000000e7700000,0x00000000e9e00000)
 ParOldGen       total 187904K, used 93395K [0x00000000a0000000, 0x00000000ab780000, 0x00000000e0000000)
  object space 187904K, 49% used [0x00000000a0000000,0x00000000a5b34d10,0x00000000ab780000)
 Metaspace       used 67575K, capacity 69970K, committed 70192K, reserved 1110016K
  class space    used 9142K, capacity 9743K, committed 9776K, reserved 1048576K
Event: 48.141 GC heap after
Heap after GC invocations=27 (full 4):
 PSYoungGen      total 161792K, used 24824K [0x00000000e0000000, 0x00000000edc80000, 0x0000000100000000)
  eden space 121856K, 0% used [0x00000000e0000000,0x00000000e0000000,0x00000000e7700000)
  from space 39936K, 62% used [0x00000000e7700000,0x00000000e8f3e398,0x00000000e9e00000)
  to   space 41472K, 0% used [0x00000000eb400000,0x00000000eb400000,0x00000000edc80000)
 ParOldGen       total 187904K, used 93403K [0x00000000a0000000, 0x00000000ab780000, 0x00000000e0000000)
  object space 187904K, 49% used [0x00000000a0000000,0x00000000a5b36d10,0x00000000ab780000)
 Metaspace       used 67575K, capacity 69970K, committed 70192K, reserved 1110016K
  class space    used 9142K, capacity 9743K, committed 9776K, reserved 1048576K
}
Event: 48.961 GC heap before
{Heap before GC invocations=28 (full 4):
 PSYoungGen      total 161792K, used 146680K [0x00000000e0000000, 0x00000000edc80000, 0x0000000100000000)
  eden space 121856K, 100% used [0x00000000e0000000,0x00000000e7700000,0x00000000e7700000)
  from space 39936K, 62% used [0x00000000e7700000,0x00000000e8f3e398,0x00000000e9e00000)
  to   space 41472K, 0% used [0x00000000eb400000,0x00000000eb400000,0x00000000edc80000)
 ParOldGen       total 187904K, used 93403K [0x00000000a0000000, 0x00000000ab780000, 0x00000000e0000000)
  object space 187904K, 49% used [0x00000000a0000000,0x00000000a5b36d10,0x00000000ab780000)
 Metaspace       used 68025K, capacity 70494K, committed 70576K, reserved 1110016K
  class space    used 9220K, capacity 9823K, committed 9904K, reserved 1048576K
Event: 48.985 GC heap after
Heap after GC invocations=28 (full 4):
 PSYoungGen      total 181248K, used 14569K [0x00000000e0000000, 0x00000000ed880000, 0x0000000100000000)
  eden space 143872K, 0% used [0x00000000e0000000,0x00000000e0000000,0x00000000e8c80000)
  from space 37376K, 38% used [0x00000000eb400000,0x00000000ec23a7e0,0x00000000ed880000)
  to   space 38912K, 0% used [0x00000000e8c80000,0x00000000e8c80000,0x00000000eb280000)
 ParOldGen       total 187904K, used 93411K [0x00000000a0000000, 0x00000000ab780000, 0x00000000e0000000)
  object space 187904K, 49% used [0x00000000a0000000,0x00000000a5b38d10,0x00000000ab780000)
 Metaspace       used 68025K, capacity 70494K, committed 70576K, reserved 1110016K
  class space    used 9220K, capacity 9823K, committed 9904K, reserved 1048576K
}
Event: 547.045 GC heap before
{Heap before GC invocations=29 (full 4):
 PSYoungGen      total 181248K, used 158441K [0x00000000e0000000, 0x00000000ed880000, 0x0000000100000000)
  eden space 143872K, 100% used [0x00000000e0000000,0x00000000e8c80000,0x00000000e8c80000)
  from space 37376K, 38% used [0x00000000eb400000,0x00000000ec23a7e0,0x00000000ed880000)
  to   space 38912K, 0% used [0x00000000e8c80000,0x00000000e8c80000,0x00000000eb280000)
 ParOldGen       total 187904K, used 93411K [0x00000000a0000000, 0x00000000ab780000, 0x00000000e0000000)
  object space 187904K, 49% used [0x00000000a0000000,0x00000000a5b38d10,0x00000000ab780000)
 Metaspace       used 73174K, capacity 75960K, committed 76208K, reserved 1116160K
  class space    used 9743K, capacity 10402K, committed 10416K, reserved 1048576K
Event: 547.090 GC heap after
Heap after GC invocations=29 (full 4):
 PSYoungGen      total 182784K, used 19042K [0x00000000e0000000, 0x00000000ee700000, 0x0000000100000000)
  eden space 143872K, 0% used [0x00000000e0000000,0x00000000e0000000,0x00000000e8c80000)
  from space 38912K, 48% used [0x00000000e8c80000,0x00000000e9f188a8,0x00000000eb280000)
  to   space 37888K, 0% used [0x00000000ec200000,0x00000000ec200000,0x00000000ee700000)
 ParOldGen       total 187904K, used 93411K [0x00000000a0000000, 0x00000000ab780000, 0x00000000e0000000)
  object space 187904K, 49% used [0x00000000a0000000,0x00000000a5b38d10,0x00000000ab780000)
 Metaspace       used 73174K, capacity 75960K, committed 76208K, reserved 1116160K
  class space    used 9743K, capacity 10402K, committed 10416K, reserved 1048576K
}

