# JRE version: OpenJDK Runtime Environment (8.0_152-b01) (build 1.8.0_152-release-1248-b01)
# Java VM: OpenJDK 64-Bit Server VM (25.152-b01 mixed mode windows-amd64 compressed oops)
Heap:
 PSYoungGen      total 97280K, used 31658K [0x00000000e0000000, 0x00000000e7900000, 0x0000000100000000)
  eden space 85504K, 37% used [0x00000000e0000000,0x00000000e1eeabf8,0x00000000e5380000)
  from space 11776K, 0% used [0x00000000e5380000,0x00000000e5380000,0x00000000e5f00000)
  to   space 13312K, 0% used [0x00000000e6c00000,0x00000000e6c00000,0x00000000e7900000)
 ParOldGen       total 57856K, used 35779K [0x00000000a0000000, 0x00000000a3880000, 0x00000000e0000000)
  object space 57856K, 61% used [0x00000000a0000000,0x00000000a22f0ee8,0x00000000a3880000)
 Metaspace       used 59001K, capacity 60682K, committed 60928K, reserved 1101824K
  class space    used 8161K, capacity 8583K, committed 8704K, reserved 1048576K
GC Heap History (10 events):
Event: 14.343 GC heap before
{Heap before GC invocations=16 (full 2):
 PSYoungGen      total 65024K, used 58368K [0x00000000e0000000, 0x00000000e5a00000, 0x0000000100000000)
  eden space 58368K, 100% used [0x00000000e0000000,0x00000000e3900000,0x00000000e3900000)
  from space 6656K, 0% used [0x00000000e3900000,0x00000000e3900000,0x00000000e3f80000)
  to   space 6656K, 0% used [0x00000000e5380000,0x00000000e5380000,0x00000000e5a00000)
 ParOldGen       total 57856K, used 17292K [0x00000000a0000000, 0x00000000a3880000, 0x00000000e0000000)
  object space 57856K, 29% used [0x00000000a0000000,0x00000000a10e30a8,0x00000000a3880000)
 Metaspace       used 41025K, capacity 41814K, committed 41984K, reserved 1085440K
  class space    used 5572K, capacity 5873K, committed 5888K, reserved 1048576K
Event: 14.367 GC heap after
Heap after GC invocations=16 (full 2):
 PSYoungGen      total 77824K, used 6628K [0x00000000e0000000, 0x00000000e5a00000, 0x0000000100000000)
  eden space 71168K, 0% used [0x00000000e0000000,0x00000000e0000000,0x00000000e4580000)
  from space 6656K, 99% used [0x00000000e5380000,0x00000000e59f9368,0x00000000e5a00000)
  to   space 8192K, 0% used [0x00000000e4a00000,0x00000000e4a00000,0x00000000e5200000)
 ParOldGen       total 57856K, used 19778K [0x00000000a0000000, 0x00000000a3880000, 0x00000000e0000000)
  object space 57856K, 34% used [0x00000000a0000000,0x00000000a1350b40,0x00000000a3880000)
 Metaspace       used 41025K, capacity 41814K, committed 41984K, reserved 1085440K
  class space    used 5572K, capacity 5873K, committed 5888K, reserved 1048576K
}
Event: 15.869 GC heap before
{Heap before GC invocations=17 (full 2):
 PSYoungGen      total 77824K, used 77796K [0x00000000e0000000, 0x00000000e5a00000, 0x0000000100000000)
  eden space 71168K, 100% used [0x00000000e0000000,0x00000000e4580000,0x00000000e4580000)
  from space 6656K, 99% used [0x00000000e5380000,0x00000000e59f9368,0x00000000e5a00000)
  to   space 8192K, 0% used [0x00000000e4a00000,0x00000000e4a00000,0x00000000e5200000)
 ParOldGen       total 57856K, used 19778K [0x00000000a0000000, 0x00000000a3880000, 0x00000000e0000000)
  object space 57856K, 34% used [0x00000000a0000000,0x00000000a1350b40,0x00000000a3880000)
 Metaspace       used 44818K, capacity 45836K, committed 46208K, reserved 1089536K
  class space    used 6135K, capacity 6451K, committed 6528K, reserved 1048576K
Event: 15.890 GC heap after
Heap after GC invocations=17 (full 2):
 PSYoungGen      total 83968K, used 8175K [0x00000000e0000000, 0x00000000e6980000, 0x0000000100000000)
  eden space 75776K, 0% used [0x00000000e0000000,0x00000000e0000000,0x00000000e4a00000)
  from space 8192K, 99% used [0x00000000e4a00000,0x00000000e51fbc50,0x00000000e5200000)
  to   space 10752K, 0% used [0x00000000e5f00000,0x00000000e5f00000,0x00000000e6980000)
 ParOldGen       total 57856K, used 24572K [0x00000000a0000000, 0x00000000a3880000, 0x00000000e0000000)
  object space 57856K, 42% used [0x00000000a0000000,0x00000000a17ff1c0,0x00000000a3880000)
 Metaspace       used 44818K, capacity 45836K, committed 46208K, reserved 1089536K
  class space    used 6135K, capacity 6451K, committed 6528K, reserved 1048576K
}
Event: 17.582 GC heap before
{Heap before GC invocations=18 (full 2):
 PSYoungGen      total 83968K, used 83951K [0x00000000e0000000, 0x00000000e6980000, 0x0000000100000000)
  eden space 75776K, 100% used [0x00000000e0000000,0x00000000e4a00000,0x00000000e4a00000)
  from space 8192K, 99% used [0x00000000e4a00000,0x00000000e51fbc50,0x00000000e5200000)
  to   space 10752K, 0% used [0x00000000e5f00000,0x00000000e5f00000,0x00000000e6980000)
 ParOldGen       total 57856K, used 24572K [0x00000000a0000000, 0x00000000a3880000, 0x00000000e0000000)
  object space 57856K, 42% used [0x00000000a0000000,0x00000000a17ff1c0,0x00000000a3880000)
 Metaspace       used 52984K, capacity 54228K, committed 54400K, reserved 1095680K
  class space    used 7169K, capacity 7549K, committed 7552K, reserved 1048576K
Event: 17.605 GC heap after
Heap after GC invocations=18 (full 2):
 PSYoungGen      total 96256K, used 8703K [0x00000000e0000000, 0x00000000e7100000, 0x0000000100000000)
  eden space 85504K, 0% used [0x00000000e0000000,0x00000000e0000000,0x00000000e5380000)
  from space 10752K, 80% used [0x00000000e5f00000,0x00000000e677ff48,0x00000000e6980000)
  to   space 11776K, 0% used [0x00000000e5380000,0x00000000e5380000,0x00000000e5f00000)
 ParOldGen       total 57856K, used 30636K [0x00000000a0000000, 0x00000000a3880000, 0x00000000e0000000)
  object space 57856K, 52% used [0x00000000a0000000,0x00000000a1deb250,0x00000000a3880000)
 Metaspace       used 52984K, capacity 54228K, committed 54400K, reserved 1095680K
  class space    used 7169K, capacity 7549K, committed 7552K, reserved 1048576K
}
Event: 19.795 GC heap before
{Heap before GC invocations=19 (full 2):
 PSYoungGen      total 96256K, used 90986K [0x00000000e0000000, 0x00000000e7100000, 0x0000000100000000)
  eden space 85504K, 96% used [0x00000000e0000000,0x00000000e505ab80,0x00000000e5380000)
  from space 10752K, 80% used [0x00000000e5f00000,0x00000000e677ff48,0x00000000e6980000)
  to   space 11776K, 0% used [0x00000000e5380000,0x00000000e5380000,0x00000000e5f00000)
 ParOldGen       total 57856K, used 30636K [0x00000000a0000000, 0x00000000a3880000, 0x00000000e0000000)
  object space 57856K, 52% used [0x00000000a0000000,0x00000000a1deb250,0x00000000a3880000)
 Metaspace       used 57539K, capacity 59152K, committed 59160K, reserved 1099776K
  class space    used 7918K, capacity 8314K, committed 8320K, reserved 1048576K
Event: 19.819 GC heap after
Heap after GC invocations=19 (full 2):
 PSYoungGen      total 97280K, used 11636K [0x00000000e0000000, 0x00000000e7900000, 0x0000000100000000)
  eden space 85504K, 0% used [0x00000000e0000000,0x00000000e0000000,0x00000000e5380000)
  from space 11776K, 98% used [0x00000000e5380000,0x00000000e5edd1f0,0x00000000e5f00000)
  to   space 13312K, 0% used [0x00000000e6c00000,0x00000000e6c00000,0x00000000e7900000)
 ParOldGen       total 57856K, used 30644K [0x00000000a0000000, 0x00000000a3880000, 0x00000000e0000000)
  object space 57856K, 52% used [0x00000000a0000000,0x00000000a1ded250,0x00000000a3880000)
 Metaspace       used 57539K, capacity 59152K, committed 59160K, reserved 1099776K
  class space    used 7918K, capacity 8314K, committed 8320K, reserved 1048576K
}
Event: 19.819 GC heap before
{Heap before GC invocations=20 (full 3):
 PSYoungGen      total 97280K, used 11636K [0x00000000e0000000, 0x00000000e7900000, 0x0000000100000000)
  eden space 85504K, 0% used [0x00000000e0000000,0x00000000e0000000,0x00000000e5380000)
  from space 11776K, 98% used [0x00000000e5380000,0x00000000e5edd1f0,0x00000000e5f00000)
  to   space 13312K, 0% used [0x00000000e6c00000,0x00000000e6c00000,0x00000000e7900000)
 ParOldGen       total 57856K, used 30644K [0x00000000a0000000, 0x00000000a3880000, 0x00000000e0000000)
  object space 57856K, 52% used [0x00000000a0000000,0x00000000a1ded250,0x00000000a3880000)
 Metaspace       used 57539K, capacity 59152K, committed 59160K, reserved 1099776K
  class space    used 7918K, capacity 8314K, committed 8320K, reserved 1048576K
Event: 20.397 GC heap after
Heap after GC invocations=20 (full 3):
 PSYoungGen      total 97280K, used 0K [0x00000000e0000000, 0x00000000e7900000, 0x0000000100000000)
  eden space 85504K, 0% used [0x00000000e0000000,0x00000000e0000000,0x00000000e5380000)
  from space 11776K, 0% used [0x00000000e5380000,0x00000000e5380000,0x00000000e5f00000)
  to   space 13312K, 0% used [0x00000000e6c00000,0x00000000e6c00000,0x00000000e7900000)
 ParOldGen       total 57856K, used 35779K [0x00000000a0000000, 0x00000000a3880000, 0x00000000e0000000)
  object space 57856K, 61% used [0x00000000a0000000,0x00000000a22f0ee8,0x00000000a3880000)
 Metaspace       used 57539K, capacity 59152K, committed 59160K, reserved 1099776K
  class space    used 7918K, capacity 8314K, committed 8320K, reserved 1048576K
}

