# JRE version: OpenJDK Runtime Environment (8.0_152-b01) (build 1.8.0_152-release-1248-b01)
# Java VM: OpenJDK 64-Bit Server VM (25.152-b01 mixed mode windows-amd64 compressed oops)
Heap:
 PSYoungGen      total 294400K, used 39704K [0x00000000e0000000, 0x00000000f3f80000, 0x0000000100000000)
  eden space 265216K, 6% used [0x00000000e0000000,0x00000000e114eb20,0x00000000f0300000)
  from space 29184K, 75% used [0x00000000f0300000,0x00000000f18775a8,0x00000000f1f80000)
  to   space 26624K, 0% used [0x00000000f1f80000,0x00000000f1f80000,0x00000000f3980000)
 ParOldGen       total 119808K, used 69218K [0x00000000a0000000, 0x00000000a7500000, 0x00000000e0000000)
  object space 119808K, 57% used [0x00000000a0000000,0x00000000a4398b60,0x00000000a7500000)
 Metaspace       used 84616K, capacity 87722K, committed 88192K, reserved 1126400K
  class space    used 10836K, capacity 11538K, committed 11648K, reserved 1048576K
GC Heap History (10 events):
Event: 401.856 GC heap before
{Heap before GC invocations=27 (full 4):
 PSYoungGen      total 222208K, used 195584K [0x00000000e0000000, 0x00000000f0500000, 0x0000000100000000)
  eden space 195584K, 100% used [0x00000000e0000000,0x00000000ebf00000,0x00000000ebf00000)
  from space 26624K, 0% used [0x00000000eda80000,0x00000000eda80000,0x00000000ef480000)
  to   space 28160K, 0% used [0x00000000ebf00000,0x00000000ebf00000,0x00000000eda80000)
 ParOldGen       total 119808K, used 64978K [0x00000000a0000000, 0x00000000a7500000, 0x00000000e0000000)
  object space 119808K, 54% used [0x00000000a0000000,0x00000000a3f74b50,0x00000000a7500000)
 Metaspace       used 84268K, capacity 87370K, committed 87936K, reserved 1126400K
  class space    used 10828K, capacity 11538K, committed 11648K, reserved 1048576K
Event: 401.878 GC heap after
Heap after GC invocations=27 (full 4):
 PSYoungGen      total 223744K, used 5216K [0x00000000e0000000, 0x00000000f1880000, 0x0000000100000000)
  eden space 195584K, 0% used [0x00000000e0000000,0x00000000e0000000,0x00000000ebf00000)
  from space 28160K, 18% used [0x00000000ebf00000,0x00000000ec418010,0x00000000eda80000)
  to   space 27648K, 0% used [0x00000000efd80000,0x00000000efd80000,0x00000000f1880000)
 ParOldGen       total 119808K, used 64978K [0x00000000a0000000, 0x00000000a7500000, 0x00000000e0000000)
  object space 119808K, 54% used [0x00000000a0000000,0x00000000a3f74b50,0x00000000a7500000)
 Metaspace       used 84268K, capacity 87370K, committed 87936K, reserved 1126400K
  class space    used 10828K, capacity 11538K, committed 11648K, reserved 1048576K
}
Event: 403.058 GC heap before
{Heap before GC invocations=28 (full 4):
 PSYoungGen      total 223744K, used 200800K [0x00000000e0000000, 0x00000000f1880000, 0x0000000100000000)
  eden space 195584K, 100% used [0x00000000e0000000,0x00000000ebf00000,0x00000000ebf00000)
  from space 28160K, 18% used [0x00000000ebf00000,0x00000000ec418010,0x00000000eda80000)
  to   space 27648K, 0% used [0x00000000efd80000,0x00000000efd80000,0x00000000f1880000)
 ParOldGen       total 119808K, used 64978K [0x00000000a0000000, 0x00000000a7500000, 0x00000000e0000000)
  object space 119808K, 54% used [0x00000000a0000000,0x00000000a3f74b50,0x00000000a7500000)
 Metaspace       used 84315K, capacity 87374K, committed 87936K, reserved 1126400K
  class space    used 10834K, capacity 11538K, committed 11648K, reserved 1048576K
Event: 403.084 GC heap after
Heap after GC invocations=28 (full 4):
 PSYoungGen      total 256512K, used 9744K [0x00000000e0000000, 0x00000000f1580000, 0x0000000100000000)
  eden space 231936K, 0% used [0x00000000e0000000,0x00000000e0000000,0x00000000ee280000)
  from space 24576K, 39% used [0x00000000efd80000,0x00000000f0704030,0x00000000f1580000)
  to   space 26112K, 0% used [0x00000000ee280000,0x00000000ee280000,0x00000000efc00000)
 ParOldGen       total 119808K, used 64978K [0x00000000a0000000, 0x00000000a7500000, 0x00000000e0000000)
  object space 119808K, 54% used [0x00000000a0000000,0x00000000a3f74b50,0x00000000a7500000)
 Metaspace       used 84315K, capacity 87374K, committed 87936K, reserved 1126400K
  class space    used 10834K, capacity 11538K, committed 11648K, reserved 1048576K
}
Event: 404.325 GC heap before
{Heap before GC invocations=29 (full 4):
 PSYoungGen      total 256512K, used 241680K [0x00000000e0000000, 0x00000000f1580000, 0x0000000100000000)
  eden space 231936K, 100% used [0x00000000e0000000,0x00000000ee280000,0x00000000ee280000)
  from space 24576K, 39% used [0x00000000efd80000,0x00000000f0704030,0x00000000f1580000)
  to   space 26112K, 0% used [0x00000000ee280000,0x00000000ee280000,0x00000000efc00000)
 ParOldGen       total 119808K, used 64978K [0x00000000a0000000, 0x00000000a7500000, 0x00000000e0000000)
  object space 119808K, 54% used [0x00000000a0000000,0x00000000a3f74b50,0x00000000a7500000)
 Metaspace       used 84337K, capacity 87438K, committed 87936K, reserved 1126400K
  class space    used 10834K, capacity 11538K, committed 11648K, reserved 1048576K
Event: 404.377 GC heap after
Heap after GC invocations=29 (full 4):
 PSYoungGen      total 258048K, used 15744K [0x00000000e0000000, 0x00000000f3980000, 0x0000000100000000)
  eden space 231936K, 0% used [0x00000000e0000000,0x00000000e0000000,0x00000000ee280000)
  from space 26112K, 60% used [0x00000000ee280000,0x00000000ef1e0030,0x00000000efc00000)
  to   space 26624K, 0% used [0x00000000f1f80000,0x00000000f1f80000,0x00000000f3980000)
 ParOldGen       total 119808K, used 64978K [0x00000000a0000000, 0x00000000a7500000, 0x00000000e0000000)
  object space 119808K, 54% used [0x00000000a0000000,0x00000000a3f74b50,0x00000000a7500000)
 Metaspace       used 84337K, capacity 87438K, committed 87936K, reserved 1126400K
  class space    used 10834K, capacity 11538K, committed 11648K, reserved 1048576K
}
Event: 405.892 GC heap before
{Heap before GC invocations=30 (full 4):
 PSYoungGen      total 258048K, used 247680K [0x00000000e0000000, 0x00000000f3980000, 0x0000000100000000)
  eden space 231936K, 100% used [0x00000000e0000000,0x00000000ee280000,0x00000000ee280000)
  from space 26112K, 60% used [0x00000000ee280000,0x00000000ef1e0030,0x00000000efc00000)
  to   space 26624K, 0% used [0x00000000f1f80000,0x00000000f1f80000,0x00000000f3980000)
 ParOldGen       total 119808K, used 64978K [0x00000000a0000000, 0x00000000a7500000, 0x00000000e0000000)
  object space 119808K, 54% used [0x00000000a0000000,0x00000000a3f74b50,0x00000000a7500000)
 Metaspace       used 84582K, capacity 87658K, committed 88192K, reserved 1126400K
  class space    used 10836K, capacity 11538K, committed 11648K, reserved 1048576K
Event: 405.941 GC heap after
Heap after GC invocations=30 (full 4):
 PSYoungGen      total 291840K, used 23537K [0x00000000e0000000, 0x00000000f3f80000, 0x0000000100000000)
  eden space 265216K, 0% used [0x00000000e0000000,0x00000000e0000000,0x00000000f0300000)
  from space 26624K, 88% used [0x00000000f1f80000,0x00000000f367c420,0x00000000f3980000)
  to   space 29184K, 0% used [0x00000000f0300000,0x00000000f0300000,0x00000000f1f80000)
 ParOldGen       total 119808K, used 64978K [0x00000000a0000000, 0x00000000a7500000, 0x00000000e0000000)
  object space 119808K, 54% used [0x00000000a0000000,0x00000000a3f74b50,0x00000000a7500000)
 Metaspace       used 84582K, capacity 87658K, committed 88192K, reserved 1126400K
  class space    used 10836K, capacity 11538K, committed 11648K, reserved 1048576K
}
Event: 407.449 GC heap before
{Heap before GC invocations=31 (full 4):
 PSYoungGen      total 291840K, used 288753K [0x00000000e0000000, 0x00000000f3f80000, 0x0000000100000000)
  eden space 265216K, 100% used [0x00000000e0000000,0x00000000f0300000,0x00000000f0300000)
  from space 26624K, 88% used [0x00000000f1f80000,0x00000000f367c420,0x00000000f3980000)
  to   space 29184K, 0% used [0x00000000f0300000,0x00000000f0300000,0x00000000f1f80000)
 ParOldGen       total 119808K, used 64978K [0x00000000a0000000, 0x00000000a7500000, 0x00000000e0000000)
  object space 119808K, 54% used [0x00000000a0000000,0x00000000a3f74b50,0x00000000a7500000)
 Metaspace       used 84614K, capacity 87722K, committed 88192K, reserved 1126400K
  class space    used 10836K, capacity 11538K, committed 11648K, reserved 1048576K
Event: 407.528 GC heap after
Heap after GC invocations=31 (full 4):
 PSYoungGen      total 294400K, used 21981K [0x00000000e0000000, 0x00000000f3f80000, 0x0000000100000000)
  eden space 265216K, 0% used [0x00000000e0000000,0x00000000e0000000,0x00000000f0300000)
  from space 29184K, 75% used [0x00000000f0300000,0x00000000f18775a8,0x00000000f1f80000)
  to   space 26624K, 0% used [0x00000000f1f80000,0x00000000f1f80000,0x00000000f3980000)
 ParOldGen       total 119808K, used 69218K [0x00000000a0000000, 0x00000000a7500000, 0x00000000e0000000)
  object space 119808K, 57% used [0x00000000a0000000,0x00000000a4398b60,0x00000000a7500000)
 Metaspace       used 84614K, capacity 87722K, committed 88192K, reserved 1126400K
  class space    used 10836K, capacity 11538K, committed 11648K, reserved 1048576K
}

