# JRE version: OpenJDK Runtime Environment (8.0_152-b01) (build 1.8.0_152-release-1248-b01)
# Java VM: OpenJDK 64-Bit Server VM (25.152-b01 mixed mode windows-amd64 compressed oops)
Heap:
 PSYoungGen      total 107520K, used 52273K [0x00000000e0000000, 0x00000000e7b80000, 0x0000000100000000)
  eden space 99328K, 52% used [0x00000000e0000000,0x00000000e330c7d8,0x00000000e6100000)
  from space 8192K, 0% used [0x00000000e7380000,0x00000000e7380000,0x00000000e7b80000)
  to   space 9216K, 0% used [0x00000000e6980000,0x00000000e6980000,0x00000000e7280000)
 ParOldGen       total 48128K, used 35128K [0x00000000a0000000, 0x00000000a2f00000, 0x00000000e0000000)
  object space 48128K, 72% used [0x00000000a0000000,0x00000000a224e0b0,0x00000000a2f00000)
 Metaspace       used 60891K, capacity 62346K, committed 62632K, reserved 1103872K
  class space    used 8125K, capacity 8564K, committed 8616K, reserved 1048576K
GC Heap History (10 events):
Event: 12.358 GC heap before
{Heap before GC invocations=15 (full 2):
 PSYoungGen      total 82944K, used 6830K [0x00000000e0000000, 0x00000000e7b80000, 0x0000000100000000)
  eden space 75776K, 0% used [0x00000000e0000000,0x00000000e0000000,0x00000000e4a00000)
  from space 7168K, 95% used [0x00000000e4a00000,0x00000000e50aba88,0x00000000e5100000)
  to   space 8192K, 0% used [0x00000000e7380000,0x00000000e7380000,0x00000000e7b80000)
 ParOldGen       total 28160K, used 11744K [0x00000000a0000000, 0x00000000a1b80000, 0x00000000e0000000)
  object space 28160K, 41% used [0x00000000a0000000,0x00000000a0b78190,0x00000000a1b80000)
 Metaspace       used 34863K, capacity 35420K, committed 35496K, reserved 1079296K
  class space    used 4760K, capacity 5002K, committed 5032K, reserved 1048576K
Event: 12.611 GC heap after
Heap after GC invocations=15 (full 2):
 PSYoungGen      total 82944K, used 0K [0x00000000e0000000, 0x00000000e7b80000, 0x0000000100000000)
  eden space 75776K, 0% used [0x00000000e0000000,0x00000000e0000000,0x00000000e4a00000)
  from space 7168K, 0% used [0x00000000e4a00000,0x00000000e4a00000,0x00000000e5100000)
  to   space 8192K, 0% used [0x00000000e7380000,0x00000000e7380000,0x00000000e7b80000)
 ParOldGen       total 48128K, used 18047K [0x00000000a0000000, 0x00000000a2f00000, 0x00000000e0000000)
  object space 48128K, 37% used [0x00000000a0000000,0x00000000a119fcc8,0x00000000a2f00000)
 Metaspace       used 34847K, capacity 35402K, committed 35496K, reserved 1079296K
  class space    used 4755K, capacity 4996K, committed 5032K, reserved 1048576K
}
Event: 17.155 GC heap before
{Heap before GC invocations=16 (full 2):
 PSYoungGen      total 82944K, used 75776K [0x00000000e0000000, 0x00000000e7b80000, 0x0000000100000000)
  eden space 75776K, 100% used [0x00000000e0000000,0x00000000e4a00000,0x00000000e4a00000)
  from space 7168K, 0% used [0x00000000e4a00000,0x00000000e4a00000,0x00000000e5100000)
  to   space 8192K, 0% used [0x00000000e7380000,0x00000000e7380000,0x00000000e7b80000)
 ParOldGen       total 48128K, used 18047K [0x00000000a0000000, 0x00000000a2f00000, 0x00000000e0000000)
  object space 48128K, 37% used [0x00000000a0000000,0x00000000a119fcc8,0x00000000a2f00000)
 Metaspace       used 43314K, capacity 44172K, committed 44328K, reserved 1087488K
  class space    used 5830K, capacity 6103K, committed 6184K, reserved 1048576K
Event: 17.176 GC heap after
Heap after GC invocations=16 (full 2):
 PSYoungGen      total 107520K, used 8174K [0x00000000e0000000, 0x00000000e7b80000, 0x0000000100000000)
  eden space 99328K, 0% used [0x00000000e0000000,0x00000000e0000000,0x00000000e6100000)
  from space 8192K, 99% used [0x00000000e7380000,0x00000000e7b7bb20,0x00000000e7b80000)
  to   space 9216K, 0% used [0x00000000e6980000,0x00000000e6980000,0x00000000e7280000)
 ParOldGen       total 48128K, used 18594K [0x00000000a0000000, 0x00000000a2f00000, 0x00000000e0000000)
  object space 48128K, 38% used [0x00000000a0000000,0x00000000a1228aa8,0x00000000a2f00000)
 Metaspace       used 43314K, capacity 44172K, committed 44328K, reserved 1087488K
  class space    used 5830K, capacity 6103K, committed 6184K, reserved 1048576K
}
Event: 19.489 GC heap before
{Heap before GC invocations=17 (full 2):
 PSYoungGen      total 107520K, used 107502K [0x00000000e0000000, 0x00000000e7b80000, 0x0000000100000000)
  eden space 99328K, 100% used [0x00000000e0000000,0x00000000e6100000,0x00000000e6100000)
  from space 8192K, 99% used [0x00000000e7380000,0x00000000e7b7bb20,0x00000000e7b80000)
  to   space 9216K, 0% used [0x00000000e6980000,0x00000000e6980000,0x00000000e7280000)
 ParOldGen       total 48128K, used 18594K [0x00000000a0000000, 0x00000000a2f00000, 0x00000000e0000000)
  object space 48128K, 38% used [0x00000000a0000000,0x00000000a1228aa8,0x00000000a2f00000)
 Metaspace       used 50139K, capacity 51234K, committed 51624K, reserved 1093632K
  class space    used 6625K, capacity 6969K, committed 7080K, reserved 1048576K
Event: 19.611 GC heap after
Heap after GC invocations=17 (full 2):
 PSYoungGen      total 108544K, used 9203K [0x00000000e0000000, 0x00000000e7b80000, 0x0000000100000000)
  eden space 99328K, 0% used [0x00000000e0000000,0x00000000e0000000,0x00000000e6100000)
  from space 9216K, 99% used [0x00000000e6980000,0x00000000e727cc98,0x00000000e7280000)
  to   space 8192K, 0% used [0x00000000e7380000,0x00000000e7380000,0x00000000e7b80000)
 ParOldGen       total 48128K, used 28481K [0x00000000a0000000, 0x00000000a2f00000, 0x00000000e0000000)
  object space 48128K, 59% used [0x00000000a0000000,0x00000000a1bd0598,0x00000000a2f00000)
 Metaspace       used 50139K, capacity 51234K, committed 51624K, reserved 1093632K
  class space    used 6625K, capacity 6969K, committed 7080K, reserved 1048576K
}
Event: 23.842 GC heap before
{Heap before GC invocations=18 (full 2):
 PSYoungGen      total 108544K, used 85888K [0x00000000e0000000, 0x00000000e7b80000, 0x0000000100000000)
  eden space 99328K, 77% used [0x00000000e0000000,0x00000000e4ae33a0,0x00000000e6100000)
  from space 9216K, 99% used [0x00000000e6980000,0x00000000e727cc98,0x00000000e7280000)
  to   space 8192K, 0% used [0x00000000e7380000,0x00000000e7380000,0x00000000e7b80000)
 ParOldGen       total 48128K, used 28481K [0x00000000a0000000, 0x00000000a2f00000, 0x00000000e0000000)
  object space 48128K, 59% used [0x00000000a0000000,0x00000000a1bd0598,0x00000000a2f00000)
 Metaspace       used 57686K, capacity 59076K, committed 59160K, reserved 1099776K
  class space    used 7669K, capacity 8064K, committed 8104K, reserved 1048576K
Event: 23.868 GC heap after
Heap after GC invocations=18 (full 2):
 PSYoungGen      total 107520K, used 8146K [0x00000000e0000000, 0x00000000e7b80000, 0x0000000100000000)
  eden space 99328K, 0% used [0x00000000e0000000,0x00000000e0000000,0x00000000e6100000)
  from space 8192K, 99% used [0x00000000e7380000,0x00000000e7b748e0,0x00000000e7b80000)
  to   space 9216K, 0% used [0x00000000e6980000,0x00000000e6980000,0x00000000e7280000)
 ParOldGen       total 48128K, used 37096K [0x00000000a0000000, 0x00000000a2f00000, 0x00000000e0000000)
  object space 48128K, 77% used [0x00000000a0000000,0x00000000a243a1f0,0x00000000a2f00000)
 Metaspace       used 57686K, capacity 59076K, committed 59160K, reserved 1099776K
  class space    used 7669K, capacity 8064K, committed 8104K, reserved 1048576K
}
Event: 23.868 GC heap before
{Heap before GC invocations=19 (full 3):
 PSYoungGen      total 107520K, used 8146K [0x00000000e0000000, 0x00000000e7b80000, 0x0000000100000000)
  eden space 99328K, 0% used [0x00000000e0000000,0x00000000e0000000,0x00000000e6100000)
  from space 8192K, 99% used [0x00000000e7380000,0x00000000e7b748e0,0x00000000e7b80000)
  to   space 9216K, 0% used [0x00000000e6980000,0x00000000e6980000,0x00000000e7280000)
 ParOldGen       total 48128K, used 37096K [0x00000000a0000000, 0x00000000a2f00000, 0x00000000e0000000)
  object space 48128K, 77% used [0x00000000a0000000,0x00000000a243a1f0,0x00000000a2f00000)
 Metaspace       used 57686K, capacity 59076K, committed 59160K, reserved 1099776K
  class space    used 7669K, capacity 8064K, committed 8104K, reserved 1048576K
Event: 24.355 GC heap after
Heap after GC invocations=19 (full 3):
 PSYoungGen      total 107520K, used 0K [0x00000000e0000000, 0x00000000e7b80000, 0x0000000100000000)
  eden space 99328K, 0% used [0x00000000e0000000,0x00000000e0000000,0x00000000e6100000)
  from space 8192K, 0% used [0x00000000e7380000,0x00000000e7380000,0x00000000e7b80000)
  to   space 9216K, 0% used [0x00000000e6980000,0x00000000e6980000,0x00000000e7280000)
 ParOldGen       total 48128K, used 35128K [0x00000000a0000000, 0x00000000a2f00000, 0x00000000e0000000)
  object space 48128K, 72% used [0x00000000a0000000,0x00000000a224e0b0,0x00000000a2f00000)
 Metaspace       used 57644K, capacity 58966K, committed 59160K, reserved 1099776K
  class space    used 7657K, capacity 8050K, committed 8104K, reserved 1048576K
}

