# JRE version: OpenJDK Runtime Environment (8.0_152-b01) (build 1.8.0_152-release-1248-b01)
# Java VM: OpenJDK 64-Bit Server VM (25.152-b01 mixed mode windows-amd64 compressed oops)
Heap:
 PSYoungGen      total 113664K, used 3945K [0x00000000e0000000, 0x00000000e8d80000, 0x0000000100000000)
  eden space 100864K, 3% used [0x00000000e0000000,0x00000000e03da640,0x00000000e6280000)
  from space 12800K, 0% used [0x00000000e6280000,0x00000000e6280000,0x00000000e6f00000)
  to   space 12288K, 0% used [0x00000000e8180000,0x00000000e8180000,0x00000000e8d80000)
 ParOldGen       total 88064K, used 34474K [0x00000000a0000000, 0x00000000a5600000, 0x00000000e0000000)
  object space 88064K, 39% used [0x00000000a0000000,0x00000000a21aab00,0x00000000a5600000)
 Metaspace       used 57351K, capacity 58946K, committed 59264K, reserved 1099776K
  class space    used 7813K, capacity 8248K, committed 8320K, reserved 1048576K
GC Heap History (10 events):
Event: 20.947 GC heap before
{Heap before GC invocations=16 (full 2):
 PSYoungGen      total 68096K, used 62464K [0x00000000e0000000, 0x00000000e6100000, 0x0000000100000000)
  eden space 62464K, 100% used [0x00000000e0000000,0x00000000e3d00000,0x00000000e3d00000)
  from space 5632K, 0% used [0x00000000e3d00000,0x00000000e3d00000,0x00000000e4280000)
  to   space 6656K, 0% used [0x00000000e5a80000,0x00000000e5a80000,0x00000000e6100000)
 ParOldGen       total 52736K, used 16751K [0x00000000a0000000, 0x00000000a3380000, 0x00000000e0000000)
  object space 52736K, 31% used [0x00000000a0000000,0x00000000a105be60,0x00000000a3380000)
 Metaspace       used 41028K, capacity 41678K, committed 41984K, reserved 1085440K
  class space    used 5537K, capacity 5801K, committed 5888K, reserved 1048576K
Event: 20.963 GC heap after
Heap after GC invocations=16 (full 2):
 PSYoungGen      total 86528K, used 6650K [0x00000000e0000000, 0x00000000e6100000, 0x0000000100000000)
  eden space 79872K, 0% used [0x00000000e0000000,0x00000000e0000000,0x00000000e4e00000)
  from space 6656K, 99% used [0x00000000e5a80000,0x00000000e60feac8,0x00000000e6100000)
  to   space 8704K, 0% used [0x00000000e5000000,0x00000000e5000000,0x00000000e5880000)
 ParOldGen       total 52736K, used 20429K [0x00000000a0000000, 0x00000000a3380000, 0x00000000e0000000)
  object space 52736K, 38% used [0x00000000a0000000,0x00000000a13f3560,0x00000000a3380000)
 Metaspace       used 41028K, capacity 41678K, committed 41984K, reserved 1085440K
  class space    used 5537K, capacity 5801K, committed 5888K, reserved 1048576K
}
Event: 22.978 GC heap before
{Heap before GC invocations=17 (full 2):
 PSYoungGen      total 86528K, used 86522K [0x00000000e0000000, 0x00000000e6100000, 0x0000000100000000)
  eden space 79872K, 100% used [0x00000000e0000000,0x00000000e4e00000,0x00000000e4e00000)
  from space 6656K, 99% used [0x00000000e5a80000,0x00000000e60feac8,0x00000000e6100000)
  to   space 8704K, 0% used [0x00000000e5000000,0x00000000e5000000,0x00000000e5880000)
 ParOldGen       total 52736K, used 20429K [0x00000000a0000000, 0x00000000a3380000, 0x00000000e0000000)
  object space 52736K, 38% used [0x00000000a0000000,0x00000000a13f3560,0x00000000a3380000)
 Metaspace       used 47748K, capacity 48548K, committed 48768K, reserved 1091584K
  class space    used 6471K, capacity 6743K, committed 6784K, reserved 1048576K
Event: 23.001 GC heap after
Heap after GC invocations=17 (full 2):
 PSYoungGen      total 90624K, used 8688K [0x00000000e0000000, 0x00000000e7a80000, 0x0000000100000000)
  eden space 81920K, 0% used [0x00000000e0000000,0x00000000e0000000,0x00000000e5000000)
  from space 8704K, 99% used [0x00000000e5000000,0x00000000e587c3b0,0x00000000e5880000)
  to   space 11776K, 0% used [0x00000000e6f00000,0x00000000e6f00000,0x00000000e7a80000)
 ParOldGen       total 52736K, used 26161K [0x00000000a0000000, 0x00000000a3380000, 0x00000000e0000000)
  object space 52736K, 49% used [0x00000000a0000000,0x00000000a198c680,0x00000000a3380000)
 Metaspace       used 47748K, capacity 48548K, committed 48768K, reserved 1091584K
  class space    used 6471K, capacity 6743K, committed 6784K, reserved 1048576K
}
Event: 25.048 GC heap before
{Heap before GC invocations=18 (full 2):
 PSYoungGen      total 90624K, used 90608K [0x00000000e0000000, 0x00000000e7a80000, 0x0000000100000000)
  eden space 81920K, 100% used [0x00000000e0000000,0x00000000e5000000,0x00000000e5000000)
  from space 8704K, 99% used [0x00000000e5000000,0x00000000e587c3b0,0x00000000e5880000)
  to   space 11776K, 0% used [0x00000000e6f00000,0x00000000e6f00000,0x00000000e7a80000)
 ParOldGen       total 52736K, used 26161K [0x00000000a0000000, 0x00000000a3380000, 0x00000000e0000000)
  object space 52736K, 49% used [0x00000000a0000000,0x00000000a198c680,0x00000000a3380000)
 Metaspace       used 54024K, capacity 55246K, committed 55424K, reserved 1097728K
  class space    used 7325K, capacity 7699K, committed 7808K, reserved 1048576K
Event: 25.078 GC heap after
Heap after GC invocations=18 (full 2):
 PSYoungGen      total 112640K, used 10037K [0x00000000e0000000, 0x00000000e8000000, 0x0000000100000000)
  eden space 100864K, 0% used [0x00000000e0000000,0x00000000e0000000,0x00000000e6280000)
  from space 11776K, 85% used [0x00000000e6f00000,0x00000000e78cd680,0x00000000e7a80000)
  to   space 12800K, 0% used [0x00000000e6280000,0x00000000e6280000,0x00000000e6f00000)
 ParOldGen       total 52736K, used 32091K [0x00000000a0000000, 0x00000000a3380000, 0x00000000e0000000)
  object space 52736K, 60% used [0x00000000a0000000,0x00000000a1f56f28,0x00000000a3380000)
 Metaspace       used 54024K, capacity 55246K, committed 55424K, reserved 1097728K
  class space    used 7325K, capacity 7699K, committed 7808K, reserved 1048576K
}
Event: 27.111 GC heap before
{Heap before GC invocations=19 (full 2):
 PSYoungGen      total 112640K, used 68866K [0x00000000e0000000, 0x00000000e8000000, 0x0000000100000000)
  eden space 100864K, 58% used [0x00000000e0000000,0x00000000e3973388,0x00000000e6280000)
  from space 11776K, 85% used [0x00000000e6f00000,0x00000000e78cd680,0x00000000e7a80000)
  to   space 12800K, 0% used [0x00000000e6280000,0x00000000e6280000,0x00000000e6f00000)
 ParOldGen       total 52736K, used 32091K [0x00000000a0000000, 0x00000000a3380000, 0x00000000e0000000)
  object space 52736K, 60% used [0x00000000a0000000,0x00000000a1f56f28,0x00000000a3380000)
 Metaspace       used 57313K, capacity 58882K, committed 59008K, reserved 1099776K
  class space    used 7811K, capacity 8248K, committed 8320K, reserved 1048576K
Event: 27.132 GC heap after
Heap after GC invocations=19 (full 2):
 PSYoungGen      total 113664K, used 6237K [0x00000000e0000000, 0x00000000e8d80000, 0x0000000100000000)
  eden space 100864K, 0% used [0x00000000e0000000,0x00000000e0000000,0x00000000e6280000)
  from space 12800K, 48% used [0x00000000e6280000,0x00000000e6897590,0x00000000e6f00000)
  to   space 12288K, 0% used [0x00000000e8180000,0x00000000e8180000,0x00000000e8d80000)
 ParOldGen       total 52736K, used 36071K [0x00000000a0000000, 0x00000000a3380000, 0x00000000e0000000)
  object space 52736K, 68% used [0x00000000a0000000,0x00000000a2339f68,0x00000000a3380000)
 Metaspace       used 57313K, capacity 58882K, committed 59008K, reserved 1099776K
  class space    used 7811K, capacity 8248K, committed 8320K, reserved 1048576K
}
Event: 27.132 GC heap before
{Heap before GC invocations=20 (full 3):
 PSYoungGen      total 113664K, used 6237K [0x00000000e0000000, 0x00000000e8d80000, 0x0000000100000000)
  eden space 100864K, 0% used [0x00000000e0000000,0x00000000e0000000,0x00000000e6280000)
  from space 12800K, 48% used [0x00000000e6280000,0x00000000e6897590,0x00000000e6f00000)
  to   space 12288K, 0% used [0x00000000e8180000,0x00000000e8180000,0x00000000e8d80000)
 ParOldGen       total 52736K, used 36071K [0x00000000a0000000, 0x00000000a3380000, 0x00000000e0000000)
  object space 52736K, 68% used [0x00000000a0000000,0x00000000a2339f68,0x00000000a3380000)
 Metaspace       used 57313K, capacity 58882K, committed 59008K, reserved 1099776K
  class space    used 7811K, capacity 8248K, committed 8320K, reserved 1048576K
Event: 27.502 GC heap after
Heap after GC invocations=20 (full 3):
 PSYoungGen      total 113664K, used 0K [0x00000000e0000000, 0x00000000e8d80000, 0x0000000100000000)
  eden space 100864K, 0% used [0x00000000e0000000,0x00000000e0000000,0x00000000e6280000)
  from space 12800K, 0% used [0x00000000e6280000,0x00000000e6280000,0x00000000e6f00000)
  to   space 12288K, 0% used [0x00000000e8180000,0x00000000e8180000,0x00000000e8d80000)
 ParOldGen       total 88064K, used 34474K [0x00000000a0000000, 0x00000000a5600000, 0x00000000e0000000)
  object space 88064K, 39% used [0x00000000a0000000,0x00000000a21aab00,0x00000000a5600000)
 Metaspace       used 57313K, capacity 58882K, committed 59008K, reserved 1099776K
  class space    used 7811K, capacity 8248K, committed 8320K, reserved 1048576K
}

