# JRE version: OpenJDK Runtime Environment (8.0_152-b02) (build 1.8.0_152-release-1024-b02)
# Java VM: OpenJDK 64-Bit Server VM (25.152-b02 mixed mode windows-amd64 compressed oops)
Heap:
 PSYoungGen      total 114688K, used 36583K [0x00000000e0000000, 0x00000000e9980000, 0x0000000100000000)
  eden space 101376K, 22% used [0x00000000e0000000,0x00000000e16bda08,0x00000000e6300000)
  from space 13312K, 99% used [0x00000000e6300000,0x00000000e6ffc420,0x00000000e7000000)
  to   space 16384K, 0% used [0x00000000e8980000,0x00000000e8980000,0x00000000e9980000)
 ParOldGen       total 61440K, used 21526K [0x00000000a0000000, 0x00000000a3c00000, 0x00000000e0000000)
  object space 61440K, 35% used [0x00000000a0000000,0x00000000a1505b78,0x00000000a3c00000)
 Metaspace       used 52409K, capacity 53902K, committed 54104K, reserved 1095680K
  class space    used 7073K, capacity 7518K, committed 7552K, reserved 1048576K
GC Heap History (10 events):
Event: 17.277 GC heap before
{Heap before GC invocations=11 (full 1):
 PSYoungGen      total 72704K, used 72192K [0x00000000e0000000, 0x00000000e6180000, 0x0000000100000000)
  eden space 65536K, 100% used [0x00000000e0000000,0x00000000e4000000,0x00000000e4000000)
  from space 7168K, 92% used [0x00000000e4000000,0x00000000e4680138,0x00000000e4700000)
  to   space 8192K, 0% used [0x00000000e5980000,0x00000000e5980000,0x00000000e6180000)
 ParOldGen       total 35328K, used 7898K [0x00000000a0000000, 0x00000000a2280000, 0x00000000e0000000)
  object space 35328K, 22% used [0x00000000a0000000,0x00000000a07b6930,0x00000000a2280000)
 Metaspace       used 30362K, capacity 31024K, committed 31232K, reserved 1075200K
  class space    used 4279K, capacity 4513K, committed 4608K, reserved 1048576K
Event: 17.315 GC heap after
Heap after GC invocations=11 (full 1):
 PSYoungGen      total 90112K, used 8191K [0x00000000e0000000, 0x00000000e6400000, 0x0000000100000000)
  eden space 81920K, 0% used [0x00000000e0000000,0x00000000e0000000,0x00000000e5000000)
  from space 8192K, 99% used [0x00000000e5980000,0x00000000e617fce8,0x00000000e6180000)
  to   space 9728K, 0% used [0x00000000e5000000,0x00000000e5000000,0x00000000e5980000)
 ParOldGen       total 35328K, used 9845K [0x00000000a0000000, 0x00000000a2280000, 0x00000000e0000000)
  object space 35328K, 27% used [0x00000000a0000000,0x00000000a099d6c0,0x00000000a2280000)
 Metaspace       used 30362K, capacity 31024K, committed 31232K, reserved 1075200K
  class space    used 4279K, capacity 4513K, committed 4608K, reserved 1048576K
}
Event: 20.197 GC heap before
{Heap before GC invocations=12 (full 1):
 PSYoungGen      total 90112K, used 51132K [0x00000000e0000000, 0x00000000e6400000, 0x0000000100000000)
  eden space 81920K, 52% used [0x00000000e0000000,0x00000000e29ef360,0x00000000e5000000)
  from space 8192K, 99% used [0x00000000e5980000,0x00000000e617fce8,0x00000000e6180000)
  to   space 9728K, 0% used [0x00000000e5000000,0x00000000e5000000,0x00000000e5980000)
 ParOldGen       total 35328K, used 9845K [0x00000000a0000000, 0x00000000a2280000, 0x00000000e0000000)
  object space 35328K, 27% used [0x00000000a0000000,0x00000000a099d6c0,0x00000000a2280000)
 Metaspace       used 34374K, capacity 35208K, committed 35416K, reserved 1079296K
  class space    used 4737K, capacity 4990K, committed 4992K, reserved 1048576K
Event: 20.224 GC heap after
Heap after GC invocations=12 (full 1):
 PSYoungGen      total 91648K, used 9704K [0x00000000e0000000, 0x00000000e7b80000, 0x0000000100000000)
  eden space 81920K, 0% used [0x00000000e0000000,0x00000000e0000000,0x00000000e5000000)
  from space 9728K, 99% used [0x00000000e5000000,0x00000000e597a1c8,0x00000000e5980000)
  to   space 11776K, 0% used [0x00000000e7000000,0x00000000e7000000,0x00000000e7b80000)
 ParOldGen       total 35328K, used 12220K [0x00000000a0000000, 0x00000000a2280000, 0x00000000e0000000)
  object space 35328K, 34% used [0x00000000a0000000,0x00000000a0bef030,0x00000000a2280000)
 Metaspace       used 34374K, capacity 35208K, committed 35416K, reserved 1079296K
  class space    used 4737K, capacity 4990K, committed 4992K, reserved 1048576K
}
Event: 20.224 GC heap before
{Heap before GC invocations=13 (full 2):
 PSYoungGen      total 91648K, used 9704K [0x00000000e0000000, 0x00000000e7b80000, 0x0000000100000000)
  eden space 81920K, 0% used [0x00000000e0000000,0x00000000e0000000,0x00000000e5000000)
  from space 9728K, 99% used [0x00000000e5000000,0x00000000e597a1c8,0x00000000e5980000)
  to   space 11776K, 0% used [0x00000000e7000000,0x00000000e7000000,0x00000000e7b80000)
 ParOldGen       total 35328K, used 12220K [0x00000000a0000000, 0x00000000a2280000, 0x00000000e0000000)
  object space 35328K, 34% used [0x00000000a0000000,0x00000000a0bef030,0x00000000a2280000)
 Metaspace       used 34374K, capacity 35208K, committed 35416K, reserved 1079296K
  class space    used 4737K, capacity 4990K, committed 4992K, reserved 1048576K
Event: 20.412 GC heap after
Heap after GC invocations=13 (full 2):
 PSYoungGen      total 91648K, used 0K [0x00000000e0000000, 0x00000000e7b80000, 0x0000000100000000)
  eden space 81920K, 0% used [0x00000000e0000000,0x00000000e0000000,0x00000000e5000000)
  from space 9728K, 0% used [0x00000000e5000000,0x00000000e5000000,0x00000000e5980000)
  to   space 11776K, 0% used [0x00000000e7000000,0x00000000e7000000,0x00000000e7b80000)
 ParOldGen       total 61440K, used 18634K [0x00000000a0000000, 0x00000000a3c00000, 0x00000000e0000000)
  object space 61440K, 30% used [0x00000000a0000000,0x00000000a12329f8,0x00000000a3c00000)
 Metaspace       used 34350K, capacity 35120K, committed 35416K, reserved 1079296K
  class space    used 4731K, capacity 4982K, committed 4992K, reserved 1048576K
}
Event: 22.901 GC heap before
{Heap before GC invocations=14 (full 2):
 PSYoungGen      total 91648K, used 81920K [0x00000000e0000000, 0x00000000e7b80000, 0x0000000100000000)
  eden space 81920K, 100% used [0x00000000e0000000,0x00000000e5000000,0x00000000e5000000)
  from space 9728K, 0% used [0x00000000e5000000,0x00000000e5000000,0x00000000e5980000)
  to   space 11776K, 0% used [0x00000000e7000000,0x00000000e7000000,0x00000000e7b80000)
 ParOldGen       total 61440K, used 18634K [0x00000000a0000000, 0x00000000a3c00000, 0x00000000e0000000)
  object space 61440K, 30% used [0x00000000a0000000,0x00000000a12329f8,0x00000000a3c00000)
 Metaspace       used 41478K, capacity 42458K, committed 42840K, reserved 1085440K
  class space    used 5596K, capacity 5916K, committed 6016K, reserved 1048576K
Event: 22.929 GC heap after
Heap after GC invocations=14 (full 2):
 PSYoungGen      total 113152K, used 10945K [0x00000000e0000000, 0x00000000e7d80000, 0x0000000100000000)
  eden space 101376K, 0% used [0x00000000e0000000,0x00000000e0000000,0x00000000e6300000)
  from space 11776K, 92% used [0x00000000e7000000,0x00000000e7ab07d0,0x00000000e7b80000)
  to   space 13312K, 0% used [0x00000000e6300000,0x00000000e6300000,0x00000000e7000000)
 ParOldGen       total 61440K, used 18642K [0x00000000a0000000, 0x00000000a3c00000, 0x00000000e0000000)
  object space 61440K, 30% used [0x00000000a0000000,0x00000000a12349f8,0x00000000a3c00000)
 Metaspace       used 41478K, capacity 42458K, committed 42840K, reserved 1085440K
  class space    used 5596K, capacity 5916K, committed 6016K, reserved 1048576K
}
Event: 26.754 GC heap before
{Heap before GC invocations=15 (full 2):
 PSYoungGen      total 113152K, used 112321K [0x00000000e0000000, 0x00000000e7d80000, 0x0000000100000000)
  eden space 101376K, 100% used [0x00000000e0000000,0x00000000e6300000,0x00000000e6300000)
  from space 11776K, 92% used [0x00000000e7000000,0x00000000e7ab07d0,0x00000000e7b80000)
  to   space 13312K, 0% used [0x00000000e6300000,0x00000000e6300000,0x00000000e7000000)
 ParOldGen       total 61440K, used 18642K [0x00000000a0000000, 0x00000000a3c00000, 0x00000000e0000000)
  object space 61440K, 30% used [0x00000000a0000000,0x00000000a12349f8,0x00000000a3c00000)
 Metaspace       used 49953K, capacity 51188K, committed 51416K, reserved 1093632K
  class space    used 6732K, capacity 7109K, committed 7168K, reserved 1048576K
Event: 26.782 GC heap after
Heap after GC invocations=15 (full 2):
 PSYoungGen      total 114688K, used 13297K [0x00000000e0000000, 0x00000000e9980000, 0x0000000100000000)
  eden space 101376K, 0% used [0x00000000e0000000,0x00000000e0000000,0x00000000e6300000)
  from space 13312K, 99% used [0x00000000e6300000,0x00000000e6ffc420,0x00000000e7000000)
  to   space 16384K, 0% used [0x00000000e8980000,0x00000000e8980000,0x00000000e9980000)
 ParOldGen       total 61440K, used 21526K [0x00000000a0000000, 0x00000000a3c00000, 0x00000000e0000000)
  object space 61440K, 35% used [0x00000000a0000000,0x00000000a1505b78,0x00000000a3c00000)
 Metaspace       used 49953K, capacity 51188K, committed 51416K, reserved 1093632K
  class space    used 6732K, capacity 7109K, committed 7168K, reserved 1048576K
}

