# JRE version: OpenJDK Runtime Environment (8.0_152-b02) (build 1.8.0_152-release-1024-b02)
# Java VM: OpenJDK 64-Bit Server VM (25.152-b02 mixed mode windows-amd64 compressed oops)
Heap:
 PSYoungGen      total 222720K, used 91067K [0x00000000e0000000, 0x00000000f1c00000, 0x0000000100000000)
  eden space 174592K, 39% used [0x00000000e0000000,0x00000000e42bd938,0x00000000eaa80000)
  from space 48128K, 47% used [0x00000000eaa80000,0x00000000ec0b1418,0x00000000ed980000)
  to   space 47616K, 0% used [0x00000000eed80000,0x00000000eed80000,0x00000000f1c00000)
 ParOldGen       total 203264K, used 98944K [0x00000000a0000000, 0x00000000ac680000, 0x00000000e0000000)
  object space 203264K, 48% used [0x00000000a0000000,0x00000000a60a0110,0x00000000ac680000)
 Metaspace       used 76949K, capacity 79935K, committed 80728K, reserved 1120256K
  class space    used 10024K, capacity 10635K, committed 10880K, reserved 1048576K
GC Heap History (10 events):
Event: 105.945 GC heap before
{Heap before GC invocations=21 (full 3):
 PSYoungGen      total 161792K, used 161776K [0x00000000e0000000, 0x00000000eca80000, 0x0000000100000000)
  eden space 143872K, 100% used [0x00000000e0000000,0x00000000e8c80000,0x00000000e8c80000)
  from space 17920K, 99% used [0x00000000e8c80000,0x00000000e9dfc0f0,0x00000000e9e00000)
  to   space 22528K, 0% used [0x00000000eb480000,0x00000000eb480000,0x00000000eca80000)
 ParOldGen       total 105984K, used 42972K [0x00000000a0000000, 0x00000000a6780000, 0x00000000e0000000)
  object space 105984K, 40% used [0x00000000a0000000,0x00000000a29f70e0,0x00000000a6780000)
 Metaspace       used 69246K, capacity 71953K, committed 72152K, reserved 1112064K
  class space    used 9223K, capacity 9864K, committed 9984K, reserved 1048576K
Event: 106.015 GC heap after
Heap after GC invocations=21 (full 3):
 PSYoungGen      total 177664K, used 22508K [0x00000000e0000000, 0x00000000ed780000, 0x0000000100000000)
  eden space 155136K, 0% used [0x00000000e0000000,0x00000000e0000000,0x00000000e9780000)
  from space 22528K, 99% used [0x00000000eb480000,0x00000000eca7b118,0x00000000eca80000)
  to   space 29696K, 0% used [0x00000000e9780000,0x00000000e9780000,0x00000000eb480000)
 ParOldGen       total 105984K, used 52189K [0x00000000a0000000, 0x00000000a6780000, 0x00000000e0000000)
  object space 105984K, 49% used [0x00000000a0000000,0x00000000a32f7628,0x00000000a6780000)
 Metaspace       used 69246K, capacity 71953K, committed 72152K, reserved 1112064K
  class space    used 9223K, capacity 9864K, committed 9984K, reserved 1048576K
}
Event: 121.739 GC heap before
{Heap before GC invocations=22 (full 3):
 PSYoungGen      total 177664K, used 177644K [0x00000000e0000000, 0x00000000ed780000, 0x0000000100000000)
  eden space 155136K, 100% used [0x00000000e0000000,0x00000000e9780000,0x00000000e9780000)
  from space 22528K, 99% used [0x00000000eb480000,0x00000000eca7b118,0x00000000eca80000)
  to   space 29696K, 0% used [0x00000000e9780000,0x00000000e9780000,0x00000000eb480000)
 ParOldGen       total 105984K, used 52189K [0x00000000a0000000, 0x00000000a6780000, 0x00000000e0000000)
  object space 105984K, 49% used [0x00000000a0000000,0x00000000a32f7628,0x00000000a6780000)
 Metaspace       used 72277K, capacity 75729K, committed 75864K, reserved 1114112K
  class space    used 9628K, capacity 10330K, committed 10368K, reserved 1048576K
Event: 121.887 GC heap after
Heap after GC invocations=22 (full 3):
 PSYoungGen      total 184832K, used 29666K [0x00000000e0000000, 0x00000000f0c00000, 0x0000000100000000)
  eden space 155136K, 0% used [0x00000000e0000000,0x00000000e0000000,0x00000000e9780000)
  from space 29696K, 99% used [0x00000000e9780000,0x00000000eb478aa0,0x00000000eb480000)
  to   space 49664K, 0% used [0x00000000edb80000,0x00000000edb80000,0x00000000f0c00000)
 ParOldGen       total 105984K, used 92616K [0x00000000a0000000, 0x00000000a6780000, 0x00000000e0000000)
  object space 105984K, 87% used [0x00000000a0000000,0x00000000a5a72248,0x00000000a6780000)
 Metaspace       used 72277K, capacity 75729K, committed 75864K, reserved 1114112K
  class space    used 9628K, capacity 10330K, committed 10368K, reserved 1048576K
}
Event: 121.887 GC heap before
{Heap before GC invocations=23 (full 4):
 PSYoungGen      total 184832K, used 29666K [0x00000000e0000000, 0x00000000f0c00000, 0x0000000100000000)
  eden space 155136K, 0% used [0x00000000e0000000,0x00000000e0000000,0x00000000e9780000)
  from space 29696K, 99% used [0x00000000e9780000,0x00000000eb478aa0,0x00000000eb480000)
  to   space 49664K, 0% used [0x00000000edb80000,0x00000000edb80000,0x00000000f0c00000)
 ParOldGen       total 105984K, used 92616K [0x00000000a0000000, 0x00000000a6780000, 0x00000000e0000000)
  object space 105984K, 87% used [0x00000000a0000000,0x00000000a5a72248,0x00000000a6780000)
 Metaspace       used 72277K, capacity 75729K, committed 75864K, reserved 1114112K
  class space    used 9628K, capacity 10330K, committed 10368K, reserved 1048576K
Event: 122.529 GC heap after
Heap after GC invocations=23 (full 4):
 PSYoungGen      total 184832K, used 0K [0x00000000e0000000, 0x00000000f0c00000, 0x0000000100000000)
  eden space 155136K, 0% used [0x00000000e0000000,0x00000000e0000000,0x00000000e9780000)
  from space 29696K, 0% used [0x00000000e9780000,0x00000000e9780000,0x00000000eb480000)
  to   space 49664K, 0% used [0x00000000edb80000,0x00000000edb80000,0x00000000f0c00000)
 ParOldGen       total 203264K, used 98928K [0x00000000a0000000, 0x00000000ac680000, 0x00000000e0000000)
  object space 203264K, 48% used [0x00000000a0000000,0x00000000a609c110,0x00000000ac680000)
 Metaspace       used 71811K, capacity 74507K, committed 75864K, reserved 1114112K
  class space    used 9465K, capacity 10047K, committed 10368K, reserved 1048576K
}
Event: 129.019 GC heap before
{Heap before GC invocations=24 (full 4):
 PSYoungGen      total 184832K, used 155136K [0x00000000e0000000, 0x00000000f0c00000, 0x0000000100000000)
  eden space 155136K, 100% used [0x00000000e0000000,0x00000000e9780000,0x00000000e9780000)
  from space 29696K, 0% used [0x00000000e9780000,0x00000000e9780000,0x00000000eb480000)
  to   space 49664K, 0% used [0x00000000edb80000,0x00000000edb80000,0x00000000f0c00000)
 ParOldGen       total 203264K, used 98928K [0x00000000a0000000, 0x00000000ac680000, 0x00000000e0000000)
  object space 203264K, 48% used [0x00000000a0000000,0x00000000a609c110,0x00000000ac680000)
 Metaspace       used 72572K, capacity 75329K, committed 76760K, reserved 1116160K
  class space    used 9543K, capacity 10160K, committed 10496K, reserved 1048576K
Event: 129.041 GC heap after
Heap after GC invocations=24 (full 4):
 PSYoungGen      total 220672K, used 6340K [0x00000000e0000000, 0x00000000f0880000, 0x0000000100000000)
  eden space 174592K, 0% used [0x00000000e0000000,0x00000000e0000000,0x00000000eaa80000)
  from space 46080K, 13% used [0x00000000edb80000,0x00000000ee1b1018,0x00000000f0880000)
  to   space 48128K, 0% used [0x00000000eaa80000,0x00000000eaa80000,0x00000000ed980000)
 ParOldGen       total 203264K, used 98936K [0x00000000a0000000, 0x00000000ac680000, 0x00000000e0000000)
  object space 203264K, 48% used [0x00000000a0000000,0x00000000a609e110,0x00000000ac680000)
 Metaspace       used 72572K, capacity 75329K, committed 76760K, reserved 1116160K
  class space    used 9543K, capacity 10160K, committed 10496K, reserved 1048576K
}
Event: 131.970 GC heap before
{Heap before GC invocations=25 (full 4):
 PSYoungGen      total 220672K, used 180158K [0x00000000e0000000, 0x00000000f0880000, 0x0000000100000000)
  eden space 174592K, 99% used [0x00000000e0000000,0x00000000ea9be930,0x00000000eaa80000)
  from space 46080K, 13% used [0x00000000edb80000,0x00000000ee1b1018,0x00000000f0880000)
  to   space 48128K, 0% used [0x00000000eaa80000,0x00000000eaa80000,0x00000000ed980000)
 ParOldGen       total 203264K, used 98936K [0x00000000a0000000, 0x00000000ac680000, 0x00000000e0000000)
  object space 203264K, 48% used [0x00000000a0000000,0x00000000a609e110,0x00000000ac680000)
 Metaspace       used 73829K, capacity 76697K, committed 77912K, reserved 1116160K
  class space    used 9704K, capacity 10342K, committed 10624K, reserved 1048576K
Event: 131.984 GC heap after
Heap after GC invocations=25 (full 4):
 PSYoungGen      total 222720K, used 22725K [0x00000000e0000000, 0x00000000f1c00000, 0x0000000100000000)
  eden space 174592K, 0% used [0x00000000e0000000,0x00000000e0000000,0x00000000eaa80000)
  from space 48128K, 47% used [0x00000000eaa80000,0x00000000ec0b1418,0x00000000ed980000)
  to   space 47616K, 0% used [0x00000000eed80000,0x00000000eed80000,0x00000000f1c00000)
 ParOldGen       total 203264K, used 98944K [0x00000000a0000000, 0x00000000ac680000, 0x00000000e0000000)
  object space 203264K, 48% used [0x00000000a0000000,0x00000000a60a0110,0x00000000ac680000)
 Metaspace       used 73829K, capacity 76697K, committed 77912K, reserved 1116160K
  class space    used 9704K, capacity 10342K, committed 10624K, reserved 1048576K
}

