# JRE version: OpenJDK Runtime Environment (8.0_152-b02) (build 1.8.0_152-release-1024-b02)
# Java VM: OpenJDK 64-Bit Server VM (25.152-b02 mixed mode windows-amd64 compressed oops)
Heap:
 PSYoungGen      total 425984K, used 200773K [0x00000000e0000000, 0x00000000ff780000, 0x0000000100000000)
  eden space 381952K, 41% used [0x00000000e0000000,0x00000000e9913f58,0x00000000f7500000)
  from space 44032K, 99% used [0x00000000fb080000,0x00000000fdb7d668,0x00000000fdb80000)
  to   space 60928K, 0% used [0x00000000f7500000,0x00000000f7500000,0x00000000fb080000)
 ParOldGen       total 161280K, used 124128K [0x00000000a0000000, 0x00000000a9d80000, 0x00000000e0000000)
  object space 161280K, 76% used [0x00000000a0000000,0x00000000a79383b8,0x00000000a9d80000)
 Metaspace       used 98394K, capacity 103384K, committed 103512K, reserved 1138688K
  class space    used 12996K, capacity 14118K, committed 14168K, reserved 1048576K
GC Heap History (10 events):
Event: 135.399 GC heap before
{Heap before GC invocations=18 (full 3):
 PSYoungGen      total 283648K, used 263168K [0x00000000e0000000, 0x00000000f2d00000, 0x0000000100000000)
  eden space 263168K, 100% used [0x00000000e0000000,0x00000000f0100000,0x00000000f0100000)
  from space 20480K, 0% used [0x00000000f1900000,0x00000000f1900000,0x00000000f2d00000)
  to   space 22528K, 0% used [0x00000000f0100000,0x00000000f0100000,0x00000000f1700000)
 ParOldGen       total 96256K, used 48094K [0x00000000a0000000, 0x00000000a5e00000, 0x00000000e0000000)
  object space 96256K, 49% used [0x00000000a0000000,0x00000000a2ef78d8,0x00000000a5e00000)
 Metaspace       used 62652K, capacity 65296K, committed 65496K, reserved 1105920K
  class space    used 8437K, capacity 9133K, committed 9176K, reserved 1048576K
Event: 135.456 GC heap after
Heap after GC invocations=18 (full 3):
 PSYoungGen      total 285696K, used 13372K [0x00000000e0000000, 0x00000000f8380000, 0x0000000100000000)
  eden space 263168K, 0% used [0x00000000e0000000,0x00000000e0000000,0x00000000f0100000)
  from space 22528K, 59% used [0x00000000f0100000,0x00000000f0e0f300,0x00000000f1700000)
  to   space 23040K, 0% used [0x00000000f6d00000,0x00000000f6d00000,0x00000000f8380000)
 ParOldGen       total 96256K, used 48102K [0x00000000a0000000, 0x00000000a5e00000, 0x00000000e0000000)
  object space 96256K, 49% used [0x00000000a0000000,0x00000000a2ef98d8,0x00000000a5e00000)
 Metaspace       used 62652K, capacity 65296K, committed 65496K, reserved 1105920K
  class space    used 8437K, capacity 9133K, committed 9176K, reserved 1048576K
}
Event: 156.888 GC heap before
{Heap before GC invocations=19 (full 3):
 PSYoungGen      total 285696K, used 276540K [0x00000000e0000000, 0x00000000f8380000, 0x0000000100000000)
  eden space 263168K, 100% used [0x00000000e0000000,0x00000000f0100000,0x00000000f0100000)
  from space 22528K, 59% used [0x00000000f0100000,0x00000000f0e0f300,0x00000000f1700000)
  to   space 23040K, 0% used [0x00000000f6d00000,0x00000000f6d00000,0x00000000f8380000)
 ParOldGen       total 96256K, used 48102K [0x00000000a0000000, 0x00000000a5e00000, 0x00000000e0000000)
  object space 96256K, 49% used [0x00000000a0000000,0x00000000a2ef98d8,0x00000000a5e00000)
 Metaspace       used 75455K, capacity 78788K, committed 79064K, reserved 1118208K
  class space    used 10084K, capacity 10905K, committed 10968K, reserved 1048576K
Event: 156.969 GC heap after
Heap after GC invocations=19 (full 3):
 PSYoungGen      total 358400K, used 23024K [0x00000000e0000000, 0x00000000f9800000, 0x0000000100000000)
  eden space 335360K, 0% used [0x00000000e0000000,0x00000000e0000000,0x00000000f4780000)
  from space 23040K, 99% used [0x00000000f6d00000,0x00000000f837c1b0,0x00000000f8380000)
  to   space 38400K, 0% used [0x00000000f4780000,0x00000000f4780000,0x00000000f6d00000)
 ParOldGen       total 96256K, used 78917K [0x00000000a0000000, 0x00000000a5e00000, 0x00000000e0000000)
  object space 96256K, 81% used [0x00000000a0000000,0x00000000a4d11570,0x00000000a5e00000)
 Metaspace       used 75455K, capacity 78788K, committed 79064K, reserved 1118208K
  class space    used 10084K, capacity 10905K, committed 10968K, reserved 1048576K
}
Event: 156.969 GC heap before
{Heap before GC invocations=20 (full 4):
 PSYoungGen      total 358400K, used 23024K [0x00000000e0000000, 0x00000000f9800000, 0x0000000100000000)
  eden space 335360K, 0% used [0x00000000e0000000,0x00000000e0000000,0x00000000f4780000)
  from space 23040K, 99% used [0x00000000f6d00000,0x00000000f837c1b0,0x00000000f8380000)
  to   space 38400K, 0% used [0x00000000f4780000,0x00000000f4780000,0x00000000f6d00000)
 ParOldGen       total 96256K, used 78917K [0x00000000a0000000, 0x00000000a5e00000, 0x00000000e0000000)
  object space 96256K, 81% used [0x00000000a0000000,0x00000000a4d11570,0x00000000a5e00000)
 Metaspace       used 75455K, capacity 78788K, committed 79064K, reserved 1118208K
  class space    used 10084K, capacity 10905K, committed 10968K, reserved 1048576K
Event: 157.594 GC heap after
Heap after GC invocations=20 (full 4):
 PSYoungGen      total 358400K, used 0K [0x00000000e0000000, 0x00000000f9800000, 0x0000000100000000)
  eden space 335360K, 0% used [0x00000000e0000000,0x00000000e0000000,0x00000000f4780000)
  from space 23040K, 0% used [0x00000000f6d00000,0x00000000f6d00000,0x00000000f8380000)
  to   space 38400K, 0% used [0x00000000f4780000,0x00000000f4780000,0x00000000f6d00000)
 ParOldGen       total 161280K, used 94460K [0x00000000a0000000, 0x00000000a9d80000, 0x00000000e0000000)
  object space 161280K, 58% used [0x00000000a0000000,0x00000000a5c3f138,0x00000000a9d80000)
 Metaspace       used 75425K, capacity 78706K, committed 79064K, reserved 1118208K
  class space    used 10073K, capacity 10886K, committed 10968K, reserved 1048576K
}
Event: 502.869 GC heap before
{Heap before GC invocations=21 (full 4):
 PSYoungGen      total 358400K, used 335360K [0x00000000e0000000, 0x00000000f9800000, 0x0000000100000000)
  eden space 335360K, 100% used [0x00000000e0000000,0x00000000f4780000,0x00000000f4780000)
  from space 23040K, 0% used [0x00000000f6d00000,0x00000000f6d00000,0x00000000f8380000)
  to   space 38400K, 0% used [0x00000000f4780000,0x00000000f4780000,0x00000000f6d00000)
 ParOldGen       total 161280K, used 94460K [0x00000000a0000000, 0x00000000a9d80000, 0x00000000e0000000)
  object space 161280K, 58% used [0x00000000a0000000,0x00000000a5c3f138,0x00000000a9d80000)
 Metaspace       used 79332K, capacity 83034K, committed 83288K, reserved 1120256K
  class space    used 10598K, capacity 11491K, committed 11608K, reserved 1048576K
Event: 502.962 GC heap after
Heap after GC invocations=21 (full 4):
 PSYoungGen      total 373760K, used 36384K [0x00000000e0000000, 0x00000000fdb80000, 0x0000000100000000)
  eden space 335360K, 0% used [0x00000000e0000000,0x00000000e0000000,0x00000000f4780000)
  from space 38400K, 94% used [0x00000000f4780000,0x00000000f6b08140,0x00000000f6d00000)
  to   space 44032K, 0% used [0x00000000fb080000,0x00000000fb080000,0x00000000fdb80000)
 ParOldGen       total 161280K, used 100193K [0x00000000a0000000, 0x00000000a9d80000, 0x00000000e0000000)
  object space 161280K, 62% used [0x00000000a0000000,0x00000000a61d84c0,0x00000000a9d80000)
 Metaspace       used 79332K, capacity 83034K, committed 83288K, reserved 1120256K
  class space    used 10598K, capacity 11491K, committed 11608K, reserved 1048576K
}
Event: 529.599 GC heap before
{Heap before GC invocations=22 (full 4):
 PSYoungGen      total 373760K, used 371744K [0x00000000e0000000, 0x00000000fdb80000, 0x0000000100000000)
  eden space 335360K, 100% used [0x00000000e0000000,0x00000000f4780000,0x00000000f4780000)
  from space 38400K, 94% used [0x00000000f4780000,0x00000000f6b08140,0x00000000f6d00000)
  to   space 44032K, 0% used [0x00000000fb080000,0x00000000fb080000,0x00000000fdb80000)
 ParOldGen       total 161280K, used 100193K [0x00000000a0000000, 0x00000000a9d80000, 0x00000000e0000000)
  object space 161280K, 62% used [0x00000000a0000000,0x00000000a61d84c0,0x00000000a9d80000)
 Metaspace       used 93905K, capacity 98582K, committed 98904K, reserved 1134592K
  class space    used 12520K, capacity 13575K, committed 13656K, reserved 1048576K
Event: 529.764 GC heap after
Heap after GC invocations=22 (full 4):
 PSYoungGen      total 425984K, used 44021K [0x00000000e0000000, 0x00000000ff780000, 0x0000000100000000)
  eden space 381952K, 0% used [0x00000000e0000000,0x00000000e0000000,0x00000000f7500000)
  from space 44032K, 99% used [0x00000000fb080000,0x00000000fdb7d668,0x00000000fdb80000)
  to   space 60928K, 0% used [0x00000000f7500000,0x00000000f7500000,0x00000000fb080000)
 ParOldGen       total 161280K, used 124128K [0x00000000a0000000, 0x00000000a9d80000, 0x00000000e0000000)
  object space 161280K, 76% used [0x00000000a0000000,0x00000000a79383b8,0x00000000a9d80000)
 Metaspace       used 93905K, capacity 98582K, committed 98904K, reserved 1134592K
  class space    used 12520K, capacity 13575K, committed 13656K, reserved 1048576K
}

