# JRE version: OpenJDK Runtime Environment (8.0_152-b02) (build 1.8.0_152-release-1024-b02)
# Java VM: OpenJDK 64-Bit Server VM (25.152-b02 mixed mode windows-amd64 compressed oops)
Heap:
 PSYoungGen      total 211968K, used 102066K [0x00000000e0000000, 0x00000000eef80000, 0x0000000100000000)
  eden space 188928K, 41% used [0x00000000e0000000,0x00000000e4d34430,0x00000000eb880000)
  from space 23040K, 99% used [0x00000000ed300000,0x00000000ee978530,0x00000000ee980000)
  to   space 27136K, 0% used [0x00000000eb880000,0x00000000eb880000,0x00000000ed300000)
 ParOldGen       total 115200K, used 51966K [0x00000000a0000000, 0x00000000a7080000, 0x00000000e0000000)
  object space 115200K, 45% used [0x00000000a0000000,0x00000000a32bfa98,0x00000000a7080000)
 Metaspace       used 77983K, capacity 81498K, committed 81752K, reserved 1120256K
  class space    used 10226K, capacity 11076K, committed 11096K, reserved 1048576K
GC Heap History (10 events):
Event: 56.152 GC heap before
{Heap before GC invocations=19 (full 3):
 PSYoungGen      total 179200K, used 2240K [0x00000000e0000000, 0x00000000ec980000, 0x0000000100000000)
  eden space 155136K, 0% used [0x00000000e0000000,0x00000000e0000000,0x00000000e9780000)
  from space 24064K, 9% used [0x00000000eb200000,0x00000000eb430000,0x00000000ec980000)
  to   space 25600K, 0% used [0x00000000e9780000,0x00000000e9780000,0x00000000eb080000)
 ParOldGen       total 59392K, used 58467K [0x00000000a0000000, 0x00000000a3a00000, 0x00000000e0000000)
  object space 59392K, 98% used [0x00000000a0000000,0x00000000a3918cc0,0x00000000a3a00000)
 Metaspace       used 56759K, capacity 58848K, committed 58968K, reserved 1099776K
  class space    used 7869K, capacity 8451K, committed 8536K, reserved 1048576K
Event: 56.669 GC heap after
Heap after GC invocations=19 (full 3):
 PSYoungGen      total 179200K, used 0K [0x00000000e0000000, 0x00000000ec980000, 0x0000000100000000)
  eden space 155136K, 0% used [0x00000000e0000000,0x00000000e0000000,0x00000000e9780000)
  from space 24064K, 0% used [0x00000000eb200000,0x00000000eb200000,0x00000000ec980000)
  to   space 25600K, 0% used [0x00000000e9780000,0x00000000e9780000,0x00000000eb080000)
 ParOldGen       total 115200K, used 51169K [0x00000000a0000000, 0x00000000a7080000, 0x00000000e0000000)
  object space 115200K, 44% used [0x00000000a0000000,0x00000000a31f8670,0x00000000a7080000)
 Metaspace       used 56759K, capacity 58848K, committed 58968K, reserved 1099776K
  class space    used 7869K, capacity 8451K, committed 8536K, reserved 1048576K
}
Event: 83.044 GC heap before
{Heap before GC invocations=20 (full 3):
 PSYoungGen      total 179200K, used 155136K [0x00000000e0000000, 0x00000000ec980000, 0x0000000100000000)
  eden space 155136K, 100% used [0x00000000e0000000,0x00000000e9780000,0x00000000e9780000)
  from space 24064K, 0% used [0x00000000eb200000,0x00000000eb200000,0x00000000ec980000)
  to   space 25600K, 0% used [0x00000000e9780000,0x00000000e9780000,0x00000000eb080000)
 ParOldGen       total 115200K, used 51169K [0x00000000a0000000, 0x00000000a7080000, 0x00000000e0000000)
  object space 115200K, 44% used [0x00000000a0000000,0x00000000a31f8670,0x00000000a7080000)
 Metaspace       used 61122K, capacity 63586K, committed 63832K, reserved 1103872K
  class space    used 8304K, capacity 8946K, committed 9048K, reserved 1048576K
Event: 83.070 GC heap after
Heap after GC invocations=20 (full 3):
 PSYoungGen      total 180736K, used 10960K [0x00000000e0000000, 0x00000000ede80000, 0x0000000100000000)
  eden space 155136K, 0% used [0x00000000e0000000,0x00000000e0000000,0x00000000e9780000)
  from space 25600K, 42% used [0x00000000e9780000,0x00000000ea234188,0x00000000eb080000)
  to   space 24576K, 0% used [0x00000000ec680000,0x00000000ec680000,0x00000000ede80000)
 ParOldGen       total 115200K, used 51177K [0x00000000a0000000, 0x00000000a7080000, 0x00000000e0000000)
  object space 115200K, 44% used [0x00000000a0000000,0x00000000a31fa670,0x00000000a7080000)
 Metaspace       used 61122K, capacity 63586K, committed 63832K, reserved 1103872K
  class space    used 8304K, capacity 8946K, committed 9048K, reserved 1048576K
}
Event: 332.300 GC heap before
{Heap before GC invocations=21 (full 3):
 PSYoungGen      total 180736K, used 166096K [0x00000000e0000000, 0x00000000ede80000, 0x0000000100000000)
  eden space 155136K, 100% used [0x00000000e0000000,0x00000000e9780000,0x00000000e9780000)
  from space 25600K, 42% used [0x00000000e9780000,0x00000000ea234188,0x00000000eb080000)
  to   space 24576K, 0% used [0x00000000ec680000,0x00000000ec680000,0x00000000ede80000)
 ParOldGen       total 115200K, used 51177K [0x00000000a0000000, 0x00000000a7080000, 0x00000000e0000000)
  object space 115200K, 44% used [0x00000000a0000000,0x00000000a31fa670,0x00000000a7080000)
 Metaspace       used 64730K, capacity 67402K, committed 67544K, reserved 1107968K
  class space    used 8658K, capacity 9340K, committed 9432K, reserved 1048576K
Event: 332.324 GC heap after
Heap after GC invocations=21 (full 3):
 PSYoungGen      total 193024K, used 8218K [0x00000000e0000000, 0x00000000ed880000, 0x0000000100000000)
  eden space 174592K, 0% used [0x00000000e0000000,0x00000000e0000000,0x00000000eaa80000)
  from space 18432K, 44% used [0x00000000ec680000,0x00000000ece86a90,0x00000000ed880000)
  to   space 23552K, 0% used [0x00000000eaa80000,0x00000000eaa80000,0x00000000ec180000)
 ParOldGen       total 115200K, used 51185K [0x00000000a0000000, 0x00000000a7080000, 0x00000000e0000000)
  object space 115200K, 44% used [0x00000000a0000000,0x00000000a31fc670,0x00000000a7080000)
 Metaspace       used 64730K, capacity 67402K, committed 67544K, reserved 1107968K
  class space    used 8658K, capacity 9340K, committed 9432K, reserved 1048576K
}
Event: 374.592 GC heap before
{Heap before GC invocations=22 (full 3):
 PSYoungGen      total 193024K, used 182810K [0x00000000e0000000, 0x00000000ed880000, 0x0000000100000000)
  eden space 174592K, 100% used [0x00000000e0000000,0x00000000eaa80000,0x00000000eaa80000)
  from space 18432K, 44% used [0x00000000ec680000,0x00000000ece86a90,0x00000000ed880000)
  to   space 23552K, 0% used [0x00000000eaa80000,0x00000000eaa80000,0x00000000ec180000)
 ParOldGen       total 115200K, used 51185K [0x00000000a0000000, 0x00000000a7080000, 0x00000000e0000000)
  object space 115200K, 44% used [0x00000000a0000000,0x00000000a31fc670,0x00000000a7080000)
 Metaspace       used 65173K, capacity 67906K, committed 68056K, reserved 1107968K
  class space    used 8680K, capacity 9368K, committed 9432K, reserved 1048576K
Event: 374.615 GC heap after
Heap after GC invocations=22 (full 3):
 PSYoungGen      total 198144K, used 12097K [0x00000000e0000000, 0x00000000ee980000, 0x0000000100000000)
  eden space 174592K, 0% used [0x00000000e0000000,0x00000000e0000000,0x00000000eaa80000)
  from space 23552K, 51% used [0x00000000eaa80000,0x00000000eb6506f0,0x00000000ec180000)
  to   space 23040K, 0% used [0x00000000ed300000,0x00000000ed300000,0x00000000ee980000)
 ParOldGen       total 115200K, used 51193K [0x00000000a0000000, 0x00000000a7080000, 0x00000000e0000000)
  object space 115200K, 44% used [0x00000000a0000000,0x00000000a31fe670,0x00000000a7080000)
 Metaspace       used 65173K, capacity 67906K, committed 68056K, reserved 1107968K
  class space    used 8680K, capacity 9368K, committed 9432K, reserved 1048576K
}
Event: 392.993 GC heap before
{Heap before GC invocations=23 (full 3):
 PSYoungGen      total 198144K, used 186689K [0x00000000e0000000, 0x00000000ee980000, 0x0000000100000000)
  eden space 174592K, 100% used [0x00000000e0000000,0x00000000eaa80000,0x00000000eaa80000)
  from space 23552K, 51% used [0x00000000eaa80000,0x00000000eb6506f0,0x00000000ec180000)
  to   space 23040K, 0% used [0x00000000ed300000,0x00000000ed300000,0x00000000ee980000)
 ParOldGen       total 115200K, used 51193K [0x00000000a0000000, 0x00000000a7080000, 0x00000000e0000000)
  object space 115200K, 44% used [0x00000000a0000000,0x00000000a31fe670,0x00000000a7080000)
 Metaspace       used 71286K, capacity 74078K, committed 74328K, reserved 1114112K
  class space    used 9316K, capacity 10018K, committed 10072K, reserved 1048576K
Event: 393.034 GC heap after
Heap after GC invocations=23 (full 3):
 PSYoungGen      total 211968K, used 23009K [0x00000000e0000000, 0x00000000eef80000, 0x0000000100000000)
  eden space 188928K, 0% used [0x00000000e0000000,0x00000000e0000000,0x00000000eb880000)
  from space 23040K, 99% used [0x00000000ed300000,0x00000000ee978530,0x00000000ee980000)
  to   space 27136K, 0% used [0x00000000eb880000,0x00000000eb880000,0x00000000ed300000)
 ParOldGen       total 115200K, used 51966K [0x00000000a0000000, 0x00000000a7080000, 0x00000000e0000000)
  object space 115200K, 45% used [0x00000000a0000000,0x00000000a32bfa98,0x00000000a7080000)
 Metaspace       used 71286K, capacity 74078K, committed 74328K, reserved 1114112K
  class space    used 9316K, capacity 10018K, committed 10072K, reserved 1048576K
}

