# JRE version: OpenJDK Runtime Environment (8.0_152-b02) (build 1.8.0_152-release-1024-b02)
# Java VM: OpenJDK 64-Bit Server VM (25.152-b02 mixed mode windows-amd64 compressed oops)
Heap:
 PSYoungGen      total 147968K, used 136487K [0x00000000e0000000, 0x00000000ec980000, 0x0000000100000000)
  eden space 121344K, 91% used [0x00000000e0000000,0x00000000e6bd73e8,0x00000000e7680000)
  from space 26624K, 98% used [0x00000000e7a00000,0x00000000e938d168,0x00000000e9400000)
  to   space 42496K, 0% used [0x00000000ea000000,0x00000000ea000000,0x00000000ec980000)
 ParOldGen       total 200192K, used 103103K [0x00000000a0000000, 0x00000000ac380000, 0x00000000e0000000)
  object space 200192K, 51% used [0x00000000a0000000,0x00000000a64afcb0,0x00000000ac380000)
 Metaspace       used 83253K, capacity 88653K, committed 88920K, reserved 1126400K
  class space    used 10918K, capacity 12128K, committed 12160K, reserved 1048576K
GC Heap History (10 events):
Event: 3124.317 GC heap before
{Heap before GC invocations=27 (full 4):
 PSYoungGen      total 176640K, used 167127K [0x00000000e0000000, 0x00000000ed500000, 0x0000000100000000)
  eden space 141312K, 100% used [0x00000000e0000000,0x00000000e8a00000,0x00000000e8a00000)
  from space 35328K, 73% used [0x00000000eb280000,0x00000000ecbb5dc0,0x00000000ed500000)
  to   space 38400K, 0% used [0x00000000e8a00000,0x00000000e8a00000,0x00000000eaf80000)
 ParOldGen       total 200192K, used 103063K [0x00000000a0000000, 0x00000000ac380000, 0x00000000e0000000)
  object space 200192K, 51% used [0x00000000a0000000,0x00000000a64a5cb0,0x00000000ac380000)
 Metaspace       used 80720K, capacity 85137K, committed 85464K, reserved 1122304K
  class space    used 10660K, capacity 11669K, committed 11776K, reserved 1048576K
Event: 3124.361 GC heap after
Heap after GC invocations=27 (full 4):
 PSYoungGen      total 161280K, used 24196K [0x00000000e0000000, 0x00000000ed180000, 0x0000000100000000)
  eden space 136704K, 0% used [0x00000000e0000000,0x00000000e0000000,0x00000000e8580000)
  from space 24576K, 98% used [0x00000000e8a00000,0x00000000ea1a1148,0x00000000ea200000)
  to   space 38912K, 0% used [0x00000000eab80000,0x00000000eab80000,0x00000000ed180000)
 ParOldGen       total 200192K, used 103071K [0x00000000a0000000, 0x00000000ac380000, 0x00000000e0000000)
  object space 200192K, 51% used [0x00000000a0000000,0x00000000a64a7cb0,0x00000000ac380000)
 Metaspace       used 80720K, capacity 85137K, committed 85464K, reserved 1122304K
  class space    used 10660K, capacity 11669K, committed 11776K, reserved 1048576K
}
Event: 3364.234 GC heap before
{Heap before GC invocations=28 (full 4):
 PSYoungGen      total 161280K, used 160900K [0x00000000e0000000, 0x00000000ed180000, 0x0000000100000000)
  eden space 136704K, 100% used [0x00000000e0000000,0x00000000e8580000,0x00000000e8580000)
  from space 24576K, 98% used [0x00000000e8a00000,0x00000000ea1a1148,0x00000000ea200000)
  to   space 38912K, 0% used [0x00000000eab80000,0x00000000eab80000,0x00000000ed180000)
 ParOldGen       total 200192K, used 103071K [0x00000000a0000000, 0x00000000ac380000, 0x00000000e0000000)
  object space 200192K, 51% used [0x00000000a0000000,0x00000000a64a7cb0,0x00000000ac380000)
 Metaspace       used 81171K, capacity 85889K, committed 86104K, reserved 1124352K
  class space    used 10713K, capacity 11796K, committed 11904K, reserved 1048576K
Event: 3364.278 GC heap after
Heap after GC invocations=28 (full 4):
 PSYoungGen      total 169472K, used 26048K [0x00000000e0000000, 0x00000000ecf80000, 0x0000000100000000)
  eden space 132608K, 0% used [0x00000000e0000000,0x00000000e0000000,0x00000000e8180000)
  from space 36864K, 70% used [0x00000000eab80000,0x00000000ec4f0138,0x00000000ecf80000)
  to   space 39936K, 0% used [0x00000000e8180000,0x00000000e8180000,0x00000000ea880000)
 ParOldGen       total 200192K, used 103079K [0x00000000a0000000, 0x00000000ac380000, 0x00000000e0000000)
  object space 200192K, 51% used [0x00000000a0000000,0x00000000a64a9cb0,0x00000000ac380000)
 Metaspace       used 81171K, capacity 85889K, committed 86104K, reserved 1124352K
  class space    used 10713K, capacity 11796K, committed 11904K, reserved 1048576K
}
Event: 3381.163 GC heap before
{Heap before GC invocations=29 (full 4):
 PSYoungGen      total 169472K, used 158656K [0x00000000e0000000, 0x00000000ecf80000, 0x0000000100000000)
  eden space 132608K, 100% used [0x00000000e0000000,0x00000000e8180000,0x00000000e8180000)
  from space 36864K, 70% used [0x00000000eab80000,0x00000000ec4f0138,0x00000000ecf80000)
  to   space 39936K, 0% used [0x00000000e8180000,0x00000000e8180000,0x00000000ea880000)
 ParOldGen       total 200192K, used 103079K [0x00000000a0000000, 0x00000000ac380000, 0x00000000e0000000)
  object space 200192K, 51% used [0x00000000a0000000,0x00000000a64a9cb0,0x00000000ac380000)
 Metaspace       used 82179K, capacity 86995K, committed 87256K, reserved 1124352K
  class space    used 10819K, capacity 11913K, committed 12032K, reserved 1048576K
Event: 3381.201 GC heap after
Heap after GC invocations=29 (full 4):
 PSYoungGen      total 157184K, used 28553K [0x00000000e0000000, 0x00000000ecf80000, 0x0000000100000000)
  eden space 128512K, 0% used [0x00000000e0000000,0x00000000e0000000,0x00000000e7d80000)
  from space 28672K, 99% used [0x00000000e8180000,0x00000000e9d62488,0x00000000e9d80000)
  to   space 41984K, 0% used [0x00000000ea680000,0x00000000ea680000,0x00000000ecf80000)
 ParOldGen       total 200192K, used 103087K [0x00000000a0000000, 0x00000000ac380000, 0x00000000e0000000)
  object space 200192K, 51% used [0x00000000a0000000,0x00000000a64abcb0,0x00000000ac380000)
 Metaspace       used 82179K, capacity 86995K, committed 87256K, reserved 1124352K
  class space    used 10819K, capacity 11913K, committed 12032K, reserved 1048576K
}
Event: 3716.294 GC heap before
{Heap before GC invocations=30 (full 4):
 PSYoungGen      total 157184K, used 157065K [0x00000000e0000000, 0x00000000ecf80000, 0x0000000100000000)
  eden space 128512K, 100% used [0x00000000e0000000,0x00000000e7d80000,0x00000000e7d80000)
  from space 28672K, 99% used [0x00000000e8180000,0x00000000e9d62488,0x00000000e9d80000)
  to   space 41984K, 0% used [0x00000000ea680000,0x00000000ea680000,0x00000000ecf80000)
 ParOldGen       total 200192K, used 103087K [0x00000000a0000000, 0x00000000ac380000, 0x00000000e0000000)
  object space 200192K, 51% used [0x00000000a0000000,0x00000000a64abcb0,0x00000000ac380000)
 Metaspace       used 82866K, capacity 88069K, committed 88408K, reserved 1126400K
  class space    used 10896K, capacity 12073K, committed 12160K, reserved 1048576K
Event: 3716.335 GC heap after
Heap after GC invocations=30 (full 4):
 PSYoungGen      total 164352K, used 27233K [0x00000000e0000000, 0x00000000ecd00000, 0x0000000100000000)
  eden space 124928K, 0% used [0x00000000e0000000,0x00000000e0000000,0x00000000e7a00000)
  from space 39424K, 69% used [0x00000000ea680000,0x00000000ec1187d8,0x00000000ecd00000)
  to   space 42496K, 0% used [0x00000000e7a00000,0x00000000e7a00000,0x00000000ea380000)
 ParOldGen       total 200192K, used 103095K [0x00000000a0000000, 0x00000000ac380000, 0x00000000e0000000)
  object space 200192K, 51% used [0x00000000a0000000,0x00000000a64adcb0,0x00000000ac380000)
 Metaspace       used 82866K, capacity 88069K, committed 88408K, reserved 1126400K
  class space    used 10896K, capacity 12073K, committed 12160K, reserved 1048576K
}
Event: 3725.489 GC heap before
{Heap before GC invocations=31 (full 4):
 PSYoungGen      total 164352K, used 152161K [0x00000000e0000000, 0x00000000ecd00000, 0x0000000100000000)
  eden space 124928K, 100% used [0x00000000e0000000,0x00000000e7a00000,0x00000000e7a00000)
  from space 39424K, 69% used [0x00000000ea680000,0x00000000ec1187d8,0x00000000ecd00000)
  to   space 42496K, 0% used [0x00000000e7a00000,0x00000000e7a00000,0x00000000ea380000)
 ParOldGen       total 200192K, used 103095K [0x00000000a0000000, 0x00000000ac380000, 0x00000000e0000000)
  object space 200192K, 51% used [0x00000000a0000000,0x00000000a64adcb0,0x00000000ac380000)
 Metaspace       used 82981K, capacity 88353K, committed 88664K, reserved 1126400K
  class space    used 10898K, capacity 12077K, committed 12160K, reserved 1048576K
Event: 3725.524 GC heap after
Heap after GC invocations=31 (full 4):
 PSYoungGen      total 147968K, used 26164K [0x00000000e0000000, 0x00000000ec980000, 0x0000000100000000)
  eden space 121344K, 0% used [0x00000000e0000000,0x00000000e0000000,0x00000000e7680000)
  from space 26624K, 98% used [0x00000000e7a00000,0x00000000e938d168,0x00000000e9400000)
  to   space 42496K, 0% used [0x00000000ea000000,0x00000000ea000000,0x00000000ec980000)
 ParOldGen       total 200192K, used 103103K [0x00000000a0000000, 0x00000000ac380000, 0x00000000e0000000)
  object space 200192K, 51% used [0x00000000a0000000,0x00000000a64afcb0,0x00000000ac380000)
 Metaspace       used 82981K, capacity 88353K, committed 88664K, reserved 1126400K
  class space    used 10898K, capacity 12077K, committed 12160K, reserved 1048576K
}

