# JRE version: OpenJDK Runtime Environment (8.0_152-b01) (build 1.8.0_152-release-1248-b01)
# Java VM: OpenJDK 64-Bit Server VM (25.152-b01 mixed mode windows-amd64 compressed oops)
Heap:
 PSYoungGen      total 148992K, used 25722K [0x00000000e0000000, 0x00000000eab80000, 0x0000000100000000)
  eden space 123904K, 19% used [0x00000000e0000000,0x00000000e1731580,0x00000000e7900000)
  from space 25088K, 7% used [0x00000000e7900000,0x00000000e7aed3e8,0x00000000e9180000)
  to   space 23552K, 0% used [0x00000000e9180000,0x00000000e9180000,0x00000000ea880000)
 ParOldGen       total 94720K, used 94413K [0x00000000a0000000, 0x00000000a5c80000, 0x00000000e0000000)
  object space 94720K, 99% used [0x00000000a0000000,0x00000000a5c33680,0x00000000a5c80000)
 Metaspace       used 76424K, capacity 78862K, committed 79408K, reserved 1118208K
  class space    used 10134K, capacity 10687K, committed 10800K, reserved 1048576K
GC Heap History (10 events):
Event: 52.433 GC heap before
{Heap before GC invocations=23 (full 3):
 PSYoungGen      total 114176K, used 104767K [0x00000000e0000000, 0x00000000e8b00000, 0x0000000100000000)
  eden space 98304K, 100% used [0x00000000e0000000,0x00000000e6000000,0x00000000e6000000)
  from space 15872K, 40% used [0x00000000e6000000,0x00000000e664fcd8,0x00000000e6f80000)
  to   space 15360K, 0% used [0x00000000e7c00000,0x00000000e7c00000,0x00000000e8b00000)
 ParOldGen       total 94720K, used 33725K [0x00000000a0000000, 0x00000000a5c80000, 0x00000000e0000000)
  object space 94720K, 35% used [0x00000000a0000000,0x00000000a20ef480,0x00000000a5c80000)
 Metaspace       used 61767K, capacity 63574K, committed 63792K, reserved 1103872K
  class space    used 8366K, capacity 8903K, committed 9008K, reserved 1048576K
Event: 52.453 GC heap after
Heap after GC invocations=23 (full 3):
 PSYoungGen      total 123904K, used 11335K [0x00000000e0000000, 0x00000000e8a00000, 0x0000000100000000)
  eden space 109568K, 0% used [0x00000000e0000000,0x00000000e0000000,0x00000000e6b00000)
  from space 14336K, 79% used [0x00000000e7c00000,0x00000000e8711c40,0x00000000e8a00000)
  to   space 15872K, 0% used [0x00000000e6b00000,0x00000000e6b00000,0x00000000e7a80000)
 ParOldGen       total 94720K, used 33733K [0x00000000a0000000, 0x00000000a5c80000, 0x00000000e0000000)
  object space 94720K, 35% used [0x00000000a0000000,0x00000000a20f1480,0x00000000a5c80000)
 Metaspace       used 61767K, capacity 63574K, committed 63792K, reserved 1103872K
  class space    used 8366K, capacity 8903K, committed 9008K, reserved 1048576K
}
Event: 57.322 GC heap before
{Heap before GC invocations=24 (full 3):
 PSYoungGen      total 123904K, used 120903K [0x00000000e0000000, 0x00000000e8a00000, 0x0000000100000000)
  eden space 109568K, 100% used [0x00000000e0000000,0x00000000e6b00000,0x00000000e6b00000)
  from space 14336K, 79% used [0x00000000e7c00000,0x00000000e8711c40,0x00000000e8a00000)
  to   space 15872K, 0% used [0x00000000e6b00000,0x00000000e6b00000,0x00000000e7a80000)
 ParOldGen       total 94720K, used 33733K [0x00000000a0000000, 0x00000000a5c80000, 0x00000000e0000000)
  object space 94720K, 35% used [0x00000000a0000000,0x00000000a20f1480,0x00000000a5c80000)
 Metaspace       used 66375K, capacity 68342K, committed 68656K, reserved 1107968K
  class space    used 8898K, capacity 9425K, committed 9520K, reserved 1048576K
Event: 57.418 GC heap after
Heap after GC invocations=24 (full 3):
 PSYoungGen      total 125440K, used 15867K [0x00000000e0000000, 0x00000000ea880000, 0x0000000100000000)
  eden space 109568K, 0% used [0x00000000e0000000,0x00000000e0000000,0x00000000e6b00000)
  from space 15872K, 99% used [0x00000000e6b00000,0x00000000e7a7ed80,0x00000000e7a80000)
  to   space 23552K, 0% used [0x00000000e9180000,0x00000000e9180000,0x00000000ea880000)
 ParOldGen       total 94720K, used 48362K [0x00000000a0000000, 0x00000000a5c80000, 0x00000000e0000000)
  object space 94720K, 51% used [0x00000000a0000000,0x00000000a2f3a8d0,0x00000000a5c80000)
 Metaspace       used 66375K, capacity 68342K, committed 68656K, reserved 1107968K
  class space    used 8898K, capacity 9425K, committed 9520K, reserved 1048576K
}
Event: 65.300 GC heap before
{Heap before GC invocations=25 (full 3):
 PSYoungGen      total 125440K, used 125435K [0x00000000e0000000, 0x00000000ea880000, 0x0000000100000000)
  eden space 109568K, 100% used [0x00000000e0000000,0x00000000e6b00000,0x00000000e6b00000)
  from space 15872K, 99% used [0x00000000e6b00000,0x00000000e7a7ed80,0x00000000e7a80000)
  to   space 23552K, 0% used [0x00000000e9180000,0x00000000e9180000,0x00000000ea880000)
 ParOldGen       total 94720K, used 48362K [0x00000000a0000000, 0x00000000a5c80000, 0x00000000e0000000)
  object space 94720K, 51% used [0x00000000a0000000,0x00000000a2f3a8d0,0x00000000a5c80000)
 Metaspace       used 69929K, capacity 71884K, committed 71984K, reserved 1112064K
  class space    used 9263K, capacity 9766K, committed 9776K, reserved 1048576K
Event: 65.379 GC heap after
Heap after GC invocations=25 (full 3):
 PSYoungGen      total 147456K, used 17447K [0x00000000e0000000, 0x00000000eab80000, 0x0000000100000000)
  eden space 123904K, 0% used [0x00000000e0000000,0x00000000e0000000,0x00000000e7900000)
  from space 23552K, 74% used [0x00000000e9180000,0x00000000ea289d58,0x00000000ea880000)
  to   space 25088K, 0% used [0x00000000e7900000,0x00000000e7900000,0x00000000e9180000)
 ParOldGen       total 94720K, used 54420K [0x00000000a0000000, 0x00000000a5c80000, 0x00000000e0000000)
  object space 94720K, 57% used [0x00000000a0000000,0x00000000a3525298,0x00000000a5c80000)
 Metaspace       used 69929K, capacity 71884K, committed 71984K, reserved 1112064K
  class space    used 9263K, capacity 9766K, committed 9776K, reserved 1048576K
}
Event: 71.881 GC heap before
{Heap before GC invocations=26 (full 3):
 PSYoungGen      total 147456K, used 141351K [0x00000000e0000000, 0x00000000eab80000, 0x0000000100000000)
  eden space 123904K, 100% used [0x00000000e0000000,0x00000000e7900000,0x00000000e7900000)
  from space 23552K, 74% used [0x00000000e9180000,0x00000000ea289d58,0x00000000ea880000)
  to   space 25088K, 0% used [0x00000000e7900000,0x00000000e7900000,0x00000000e9180000)
 ParOldGen       total 94720K, used 54420K [0x00000000a0000000, 0x00000000a5c80000, 0x00000000e0000000)
  object space 94720K, 57% used [0x00000000a0000000,0x00000000a3525298,0x00000000a5c80000)
 Metaspace       used 76536K, capacity 79290K, committed 79408K, reserved 1118208K
  class space    used 10187K, capacity 10785K, committed 10800K, reserved 1048576K
Event: 72.078 GC heap after
Heap after GC invocations=26 (full 3):
 PSYoungGen      total 148992K, used 25081K [0x00000000e0000000, 0x00000000eab80000, 0x0000000100000000)
  eden space 123904K, 0% used [0x00000000e0000000,0x00000000e0000000,0x00000000e7900000)
  from space 25088K, 99% used [0x00000000e7900000,0x00000000e917e728,0x00000000e9180000)
  to   space 23552K, 0% used [0x00000000e9180000,0x00000000e9180000,0x00000000ea880000)
 ParOldGen       total 94720K, used 93296K [0x00000000a0000000, 0x00000000a5c80000, 0x00000000e0000000)
  object space 94720K, 98% used [0x00000000a0000000,0x00000000a5b1c2b0,0x00000000a5c80000)
 Metaspace       used 76536K, capacity 79290K, committed 79408K, reserved 1118208K
  class space    used 10187K, capacity 10785K, committed 10800K, reserved 1048576K
}
Event: 72.078 GC heap before
{Heap before GC invocations=27 (full 4):
 PSYoungGen      total 148992K, used 25081K [0x00000000e0000000, 0x00000000eab80000, 0x0000000100000000)
  eden space 123904K, 0% used [0x00000000e0000000,0x00000000e0000000,0x00000000e7900000)
  from space 25088K, 99% used [0x00000000e7900000,0x00000000e917e728,0x00000000e9180000)
  to   space 23552K, 0% used [0x00000000e9180000,0x00000000e9180000,0x00000000ea880000)
 ParOldGen       total 94720K, used 93296K [0x00000000a0000000, 0x00000000a5c80000, 0x00000000e0000000)
  object space 94720K, 98% used [0x00000000a0000000,0x00000000a5b1c2b0,0x00000000a5c80000)
 Metaspace       used 76536K, capacity 79290K, committed 79408K, reserved 1118208K
  class space    used 10187K, capacity 10785K, committed 10800K, reserved 1048576K
Event: 73.260 GC heap after
Heap after GC invocations=27 (full 4):
 PSYoungGen      total 148992K, used 1972K [0x00000000e0000000, 0x00000000eab80000, 0x0000000100000000)
  eden space 123904K, 0% used [0x00000000e0000000,0x00000000e0000000,0x00000000e7900000)
  from space 25088K, 7% used [0x00000000e7900000,0x00000000e7aed3e8,0x00000000e9180000)
  to   space 23552K, 0% used [0x00000000e9180000,0x00000000e9180000,0x00000000ea880000)
 ParOldGen       total 94720K, used 94413K [0x00000000a0000000, 0x00000000a5c80000, 0x00000000e0000000)
  object space 94720K, 99% used [0x00000000a0000000,0x00000000a5c33680,0x00000000a5c80000)
 Metaspace       used 76376K, capacity 78850K, committed 79408K, reserved 1118208K
  class space    used 10131K, capacity 10687K, committed 10800K, reserved 1048576K
}

