# JRE version: OpenJDK Runtime Environment (8.0_152-b02) (build 1.8.0_152-release-1024-b02)
# Java VM: OpenJDK 64-Bit Server VM (25.152-b02 mixed mode windows-amd64 compressed oops)
Heap:
 PSYoungGen      total 116736K, used 60576K [0x00000000e0000000, 0x00000000e9980000, 0x0000000100000000)
  eden space 102912K, 45% used [0x00000000e0000000,0x00000000e2da8168,0x00000000e6480000)
  from space 13824K, 99% used [0x00000000e8c00000,0x00000000e997fea8,0x00000000e9980000)
  to   space 10240K, 0% used [0x00000000e6480000,0x00000000e6480000,0x00000000e6e80000)
 ParOldGen       total 59392K, used 30672K [0x00000000a0000000, 0x00000000a3a00000, 0x00000000e0000000)
  object space 59392K, 51% used [0x00000000a0000000,0x00000000a1df41e8,0x00000000a3a00000)
 Metaspace       used 54667K, capacity 56583K, committed 56920K, reserved 1097728K
  class space    used 7510K, capacity 7977K, committed 8064K, reserved 1048576K
GC Heap History (10 events):
Event: 20.826 GC heap before
{Heap before GC invocations=12 (full 1):
 PSYoungGen      total 90624K, used 34546K [0x00000000e0000000, 0x00000000e6380000, 0x0000000100000000)
  eden space 82432K, 32% used [0x00000000e0000000,0x00000000e19c44c8,0x00000000e5080000)
  from space 8192K, 99% used [0x00000000e5a00000,0x00000000e61f86c8,0x00000000e6200000)
  to   space 9728K, 0% used [0x00000000e5080000,0x00000000e5080000,0x00000000e5a00000)
 ParOldGen       total 36352K, used 10130K [0x00000000a0000000, 0x00000000a2380000, 0x00000000e0000000)
  object space 36352K, 27% used [0x00000000a0000000,0x00000000a09e49e0,0x00000000a2380000)
 Metaspace       used 34585K, capacity 35261K, committed 35416K, reserved 1079296K
  class space    used 4768K, capacity 4992K, committed 4992K, reserved 1048576K
Event: 20.842 GC heap after
Heap after GC invocations=12 (full 1):
 PSYoungGen      total 92160K, used 3852K [0x00000000e0000000, 0x00000000e7780000, 0x0000000100000000)
  eden space 82432K, 0% used [0x00000000e0000000,0x00000000e0000000,0x00000000e5080000)
  from space 9728K, 39% used [0x00000000e5080000,0x00000000e54430c0,0x00000000e5a00000)
  to   space 9216K, 0% used [0x00000000e6e80000,0x00000000e6e80000,0x00000000e7780000)
 ParOldGen       total 36352K, used 16031K [0x00000000a0000000, 0x00000000a2380000, 0x00000000e0000000)
  object space 36352K, 44% used [0x00000000a0000000,0x00000000a0fa7dd0,0x00000000a2380000)
 Metaspace       used 34585K, capacity 35261K, committed 35416K, reserved 1079296K
  class space    used 4768K, capacity 4992K, committed 4992K, reserved 1048576K
}
Event: 20.842 GC heap before
{Heap before GC invocations=13 (full 2):
 PSYoungGen      total 92160K, used 3852K [0x00000000e0000000, 0x00000000e7780000, 0x0000000100000000)
  eden space 82432K, 0% used [0x00000000e0000000,0x00000000e0000000,0x00000000e5080000)
  from space 9728K, 39% used [0x00000000e5080000,0x00000000e54430c0,0x00000000e5a00000)
  to   space 9216K, 0% used [0x00000000e6e80000,0x00000000e6e80000,0x00000000e7780000)
 ParOldGen       total 36352K, used 16031K [0x00000000a0000000, 0x00000000a2380000, 0x00000000e0000000)
  object space 36352K, 44% used [0x00000000a0000000,0x00000000a0fa7dd0,0x00000000a2380000)
 Metaspace       used 34585K, capacity 35261K, committed 35416K, reserved 1079296K
  class space    used 4768K, capacity 4992K, committed 4992K, reserved 1048576K
Event: 20.961 GC heap after
Heap after GC invocations=13 (full 2):
 PSYoungGen      total 92160K, used 0K [0x00000000e0000000, 0x00000000e7780000, 0x0000000100000000)
  eden space 82432K, 0% used [0x00000000e0000000,0x00000000e0000000,0x00000000e5080000)
  from space 9728K, 0% used [0x00000000e5080000,0x00000000e5080000,0x00000000e5a00000)
  to   space 9216K, 0% used [0x00000000e6e80000,0x00000000e6e80000,0x00000000e7780000)
 ParOldGen       total 59392K, used 16148K [0x00000000a0000000, 0x00000000a3a00000, 0x00000000e0000000)
  object space 59392K, 27% used [0x00000000a0000000,0x00000000a0fc53a0,0x00000000a3a00000)
 Metaspace       used 34585K, capacity 35261K, committed 35416K, reserved 1079296K
  class space    used 4768K, capacity 4992K, committed 4992K, reserved 1048576K
}
Event: 23.250 GC heap before
{Heap before GC invocations=14 (full 2):
 PSYoungGen      total 92160K, used 82432K [0x00000000e0000000, 0x00000000e7780000, 0x0000000100000000)
  eden space 82432K, 100% used [0x00000000e0000000,0x00000000e5080000,0x00000000e5080000)
  from space 9728K, 0% used [0x00000000e5080000,0x00000000e5080000,0x00000000e5a00000)
  to   space 9216K, 0% used [0x00000000e6e80000,0x00000000e6e80000,0x00000000e7780000)
 ParOldGen       total 59392K, used 16148K [0x00000000a0000000, 0x00000000a3a00000, 0x00000000e0000000)
  object space 59392K, 27% used [0x00000000a0000000,0x00000000a0fc53a0,0x00000000a3a00000)
 Metaspace       used 39672K, capacity 40525K, committed 40792K, reserved 1085440K
  class space    used 5391K, capacity 5673K, committed 5760K, reserved 1048576K
Event: 23.266 GC heap after
Heap after GC invocations=14 (full 2):
 PSYoungGen      total 112128K, used 8679K [0x00000000e0000000, 0x00000000e7880000, 0x0000000100000000)
  eden space 102912K, 0% used [0x00000000e0000000,0x00000000e0000000,0x00000000e6480000)
  from space 9216K, 94% used [0x00000000e6e80000,0x00000000e76f9f38,0x00000000e7780000)
  to   space 10240K, 0% used [0x00000000e6480000,0x00000000e6480000,0x00000000e6e80000)
 ParOldGen       total 59392K, used 16156K [0x00000000a0000000, 0x00000000a3a00000, 0x00000000e0000000)
  object space 59392K, 27% used [0x00000000a0000000,0x00000000a0fc73a0,0x00000000a3a00000)
 Metaspace       used 39672K, capacity 40525K, committed 40792K, reserved 1085440K
  class space    used 5391K, capacity 5673K, committed 5760K, reserved 1048576K
}
Event: 27.090 GC heap before
{Heap before GC invocations=15 (full 2):
 PSYoungGen      total 112128K, used 111591K [0x00000000e0000000, 0x00000000e7880000, 0x0000000100000000)
  eden space 102912K, 100% used [0x00000000e0000000,0x00000000e6480000,0x00000000e6480000)
  from space 9216K, 94% used [0x00000000e6e80000,0x00000000e76f9f38,0x00000000e7780000)
  to   space 10240K, 0% used [0x00000000e6480000,0x00000000e6480000,0x00000000e6e80000)
 ParOldGen       total 59392K, used 16156K [0x00000000a0000000, 0x00000000a3a00000, 0x00000000e0000000)
  object space 59392K, 27% used [0x00000000a0000000,0x00000000a0fc73a0,0x00000000a3a00000)
 Metaspace       used 48612K, capacity 49863K, committed 50008K, reserved 1091584K
  class space    used 6623K, capacity 6985K, committed 7040K, reserved 1048576K
Event: 27.129 GC heap after
Heap after GC invocations=15 (full 2):
 PSYoungGen      total 113152K, used 10221K [0x00000000e0000000, 0x00000000e9980000, 0x0000000100000000)
  eden space 102912K, 0% used [0x00000000e0000000,0x00000000e0000000,0x00000000e6480000)
  from space 10240K, 99% used [0x00000000e6480000,0x00000000e6e7b510,0x00000000e6e80000)
  to   space 13824K, 0% used [0x00000000e8c00000,0x00000000e8c00000,0x00000000e9980000)
 ParOldGen       total 59392K, used 22689K [0x00000000a0000000, 0x00000000a3a00000, 0x00000000e0000000)
  object space 59392K, 38% used [0x00000000a0000000,0x00000000a16284c0,0x00000000a3a00000)
 Metaspace       used 48612K, capacity 49863K, committed 50008K, reserved 1091584K
  class space    used 6623K, capacity 6985K, committed 7040K, reserved 1048576K
}
Event: 33.398 GC heap before
{Heap before GC invocations=16 (full 2):
 PSYoungGen      total 113152K, used 113133K [0x00000000e0000000, 0x00000000e9980000, 0x0000000100000000)
  eden space 102912K, 100% used [0x00000000e0000000,0x00000000e6480000,0x00000000e6480000)
  from space 10240K, 99% used [0x00000000e6480000,0x00000000e6e7b510,0x00000000e6e80000)
  to   space 13824K, 0% used [0x00000000e8c00000,0x00000000e8c00000,0x00000000e9980000)
 ParOldGen       total 59392K, used 22689K [0x00000000a0000000, 0x00000000a3a00000, 0x00000000e0000000)
  object space 59392K, 38% used [0x00000000a0000000,0x00000000a16284c0,0x00000000a3a00000)
 Metaspace       used 54020K, capacity 55791K, committed 56024K, reserved 1097728K
  class space    used 7443K, capacity 7933K, committed 7936K, reserved 1048576K
Event: 33.451 GC heap after
Heap after GC invocations=16 (full 2):
 PSYoungGen      total 116736K, used 13823K [0x00000000e0000000, 0x00000000e9980000, 0x0000000100000000)
  eden space 102912K, 0% used [0x00000000e0000000,0x00000000e0000000,0x00000000e6480000)
  from space 13824K, 99% used [0x00000000e8c00000,0x00000000e997fea8,0x00000000e9980000)
  to   space 10240K, 0% used [0x00000000e6480000,0x00000000e6480000,0x00000000e6e80000)
 ParOldGen       total 59392K, used 30672K [0x00000000a0000000, 0x00000000a3a00000, 0x00000000e0000000)
  object space 59392K, 51% used [0x00000000a0000000,0x00000000a1df41e8,0x00000000a3a00000)
 Metaspace       used 54020K, capacity 55791K, committed 56024K, reserved 1097728K
  class space    used 7443K, capacity 7933K, committed 7936K, reserved 1048576K
}

