# JRE version: OpenJDK Runtime Environment (8.0_152-b01) (build 1.8.0_152-release-1248-b01)
# Java VM: OpenJDK 64-Bit Server VM (25.152-b01 mixed mode windows-amd64 compressed oops)
Heap:
 PSYoungGen      total 143872K, used 143840K [0x00000000e0000000, 0x00000000eb980000, 0x0000000100000000)
  eden space 99840K, 100% used [0x00000000e0000000,0x00000000e6180000,0x00000000e6180000)
  from space 44032K, 99% used [0x00000000e6180000,0x00000000e8c781a0,0x00000000e8c80000)
  to   space 41472K, 6% used [0x00000000e8c80000,0x00000000e8f50000,0x00000000eb500000)
 ParOldGen       total 203264K, used 120641K [0x00000000a0000000, 0x00000000ac680000, 0x00000000e0000000)
  object space 203264K, 59% used [0x00000000a0000000,0x00000000a75d0480,0x00000000ac680000)
 Metaspace       used 81860K, capacity 84832K, committed 84912K, reserved 1122304K
  class space    used 10755K, capacity 11422K, committed 11440K, reserved 1048576K
GC Heap History (10 events):
Event: 69.912 GC heap before
{Heap before GC invocations=31 (full 4):
 PSYoungGen      total 126976K, used 85820K [0x00000000e0000000, 0x00000000ea680000, 0x0000000100000000)
  eden space 86528K, 93% used [0x00000000e0000000,0x00000000e4f0e810,0x00000000e5480000)
  from space 40448K, 12% used [0x00000000e7f00000,0x00000000e83c0918,0x00000000ea680000)
  to   space 41984K, 0% used [0x00000000e5480000,0x00000000e5480000,0x00000000e7d80000)
 ParOldGen       total 203264K, used 101428K [0x00000000a0000000, 0x00000000ac680000, 0x00000000e0000000)
  object space 203264K, 49% used [0x00000000a0000000,0x00000000a630d1b8,0x00000000ac680000)
 Metaspace       used 76288K, capacity 78904K, committed 79024K, reserved 1118208K
  class space    used 10217K, capacity 10878K, committed 10928K, reserved 1048576K
Event: 69.932 GC heap after
Heap after GC invocations=31 (full 4):
 PSYoungGen      total 128512K, used 31536K [0x00000000e0000000, 0x00000000eb780000, 0x0000000100000000)
  eden space 86528K, 0% used [0x00000000e0000000,0x00000000e0000000,0x00000000e5480000)
  from space 41984K, 75% used [0x00000000e5480000,0x00000000e734c280,0x00000000e7d80000)
  to   space 45568K, 0% used [0x00000000e8b00000,0x00000000e8b00000,0x00000000eb780000)
 ParOldGen       total 203264K, used 101436K [0x00000000a0000000, 0x00000000ac680000, 0x00000000e0000000)
  object space 203264K, 49% used [0x00000000a0000000,0x00000000a630f1b8,0x00000000ac680000)
 Metaspace       used 76288K, capacity 78904K, committed 79024K, reserved 1118208K
  class space    used 10217K, capacity 10878K, committed 10928K, reserved 1048576K
}
Event: 280.147 GC heap before
{Heap before GC invocations=32 (full 4):
 PSYoungGen      total 128512K, used 118064K [0x00000000e0000000, 0x00000000eb780000, 0x0000000100000000)
  eden space 86528K, 100% used [0x00000000e0000000,0x00000000e5480000,0x00000000e5480000)
  from space 41984K, 75% used [0x00000000e5480000,0x00000000e734c280,0x00000000e7d80000)
  to   space 45568K, 0% used [0x00000000e8b00000,0x00000000e8b00000,0x00000000eb780000)
 ParOldGen       total 203264K, used 101436K [0x00000000a0000000, 0x00000000ac680000, 0x00000000e0000000)
  object space 203264K, 49% used [0x00000000a0000000,0x00000000a630f1b8,0x00000000ac680000)
 Metaspace       used 80825K, capacity 83746K, committed 83888K, reserved 1122304K
  class space    used 10744K, capacity 11403K, committed 11440K, reserved 1048576K
Event: 280.173 GC heap after
Heap after GC invocations=32 (full 4):
 PSYoungGen      total 135168K, used 8989K [0x00000000e0000000, 0x00000000eb280000, 0x0000000100000000)
  eden space 94720K, 0% used [0x00000000e0000000,0x00000000e0000000,0x00000000e5c80000)
  from space 40448K, 22% used [0x00000000e8b00000,0x00000000e93c75f8,0x00000000eb280000)
  to   space 44032K, 0% used [0x00000000e5c80000,0x00000000e5c80000,0x00000000e8780000)
 ParOldGen       total 203264K, used 101444K [0x00000000a0000000, 0x00000000ac680000, 0x00000000e0000000)
  object space 203264K, 49% used [0x00000000a0000000,0x00000000a63111b8,0x00000000ac680000)
 Metaspace       used 80825K, capacity 83746K, committed 83888K, reserved 1122304K
  class space    used 10744K, capacity 11403K, committed 11440K, reserved 1048576K
}
Event: 294.423 GC heap before
{Heap before GC invocations=33 (full 4):
 PSYoungGen      total 135168K, used 103709K [0x00000000e0000000, 0x00000000eb280000, 0x0000000100000000)
  eden space 94720K, 100% used [0x00000000e0000000,0x00000000e5c80000,0x00000000e5c80000)
  from space 40448K, 22% used [0x00000000e8b00000,0x00000000e93c75f8,0x00000000eb280000)
  to   space 44032K, 0% used [0x00000000e5c80000,0x00000000e5c80000,0x00000000e8780000)
 ParOldGen       total 203264K, used 101444K [0x00000000a0000000, 0x00000000ac680000, 0x00000000e0000000)
  object space 203264K, 49% used [0x00000000a0000000,0x00000000a63111b8,0x00000000ac680000)
 Metaspace       used 81407K, capacity 84376K, committed 84400K, reserved 1122304K
  class space    used 10755K, capacity 11422K, committed 11440K, reserved 1048576K
Event: 294.455 GC heap after
Heap after GC invocations=33 (full 4):
 PSYoungGen      total 138752K, used 14224K [0x00000000e0000000, 0x00000000eb500000, 0x0000000100000000)
  eden space 94720K, 0% used [0x00000000e0000000,0x00000000e0000000,0x00000000e5c80000)
  from space 44032K, 32% used [0x00000000e5c80000,0x00000000e6a64118,0x00000000e8780000)
  to   space 41472K, 0% used [0x00000000e8c80000,0x00000000e8c80000,0x00000000eb500000)
 ParOldGen       total 203264K, used 101452K [0x00000000a0000000, 0x00000000ac680000, 0x00000000e0000000)
  object space 203264K, 49% used [0x00000000a0000000,0x00000000a63131b8,0x00000000ac680000)
 Metaspace       used 81407K, capacity 84376K, committed 84400K, reserved 1122304K
  class space    used 10755K, capacity 11422K, committed 11440K, reserved 1048576K
}
Event: 302.981 GC heap before
{Heap before GC invocations=34 (full 4):
 PSYoungGen      total 138752K, used 108944K [0x00000000e0000000, 0x00000000eb500000, 0x0000000100000000)
  eden space 94720K, 100% used [0x00000000e0000000,0x00000000e5c80000,0x00000000e5c80000)
  from space 44032K, 32% used [0x00000000e5c80000,0x00000000e6a64118,0x00000000e8780000)
  to   space 41472K, 0% used [0x00000000e8c80000,0x00000000e8c80000,0x00000000eb500000)
 ParOldGen       total 203264K, used 101452K [0x00000000a0000000, 0x00000000ac680000, 0x00000000e0000000)
  object space 203264K, 49% used [0x00000000a0000000,0x00000000a63131b8,0x00000000ac680000)
 Metaspace       used 81821K, capacity 84768K, committed 84912K, reserved 1122304K
  class space    used 10755K, capacity 11422K, committed 11440K, reserved 1048576K
Event: 303.043 GC heap after
Heap after GC invocations=34 (full 4):
 PSYoungGen      total 141312K, used 29143K [0x00000000e0000000, 0x00000000eb980000, 0x0000000100000000)
  eden space 99840K, 0% used [0x00000000e0000000,0x00000000e0000000,0x00000000e6180000)
  from space 41472K, 70% used [0x00000000e8c80000,0x00000000ea8f5fd0,0x00000000eb500000)
  to   space 44032K, 0% used [0x00000000e6180000,0x00000000e6180000,0x00000000e8c80000)
 ParOldGen       total 203264K, used 101460K [0x00000000a0000000, 0x00000000ac680000, 0x00000000e0000000)
  object space 203264K, 49% used [0x00000000a0000000,0x00000000a63151b8,0x00000000ac680000)
 Metaspace       used 81821K, capacity 84768K, committed 84912K, reserved 1122304K
  class space    used 10755K, capacity 11422K, committed 11440K, reserved 1048576K
}
Event: 304.586 GC heap before
{Heap before GC invocations=35 (full 4):
 PSYoungGen      total 141312K, used 128811K [0x00000000e0000000, 0x00000000eb980000, 0x0000000100000000)
  eden space 99840K, 99% used [0x00000000e0000000,0x00000000e6154df8,0x00000000e6180000)
  from space 41472K, 70% used [0x00000000e8c80000,0x00000000ea8f5fd0,0x00000000eb500000)
  to   space 44032K, 0% used [0x00000000e6180000,0x00000000e6180000,0x00000000e8c80000)
 ParOldGen       total 203264K, used 101460K [0x00000000a0000000, 0x00000000ac680000, 0x00000000e0000000)
  object space 203264K, 49% used [0x00000000a0000000,0x00000000a63151b8,0x00000000ac680000)
 Metaspace       used 81836K, capacity 84768K, committed 84912K, reserved 1122304K
  class space    used 10755K, capacity 11422K, committed 11440K, reserved 1048576K
Event: 304.746 GC heap after
Heap after GC invocations=35 (full 4):
 PSYoungGen      total 143872K, used 44000K [0x00000000e0000000, 0x00000000eb980000, 0x0000000100000000)
  eden space 99840K, 0% used [0x00000000e0000000,0x00000000e0000000,0x00000000e6180000)
  from space 44032K, 99% used [0x00000000e6180000,0x00000000e8c781a0,0x00000000e8c80000)
  to   space 41472K, 0% used [0x00000000e8c80000,0x00000000e8c80000,0x00000000eb500000)
 ParOldGen       total 203264K, used 120641K [0x00000000a0000000, 0x00000000ac680000, 0x00000000e0000000)
  object space 203264K, 59% used [0x00000000a0000000,0x00000000a75d0480,0x00000000ac680000)
 Metaspace       used 81836K, capacity 84768K, committed 84912K, reserved 1122304K
  class space    used 10755K, capacity 11422K, committed 11440K, reserved 1048576K
}

