# JRE version: OpenJDK Runtime Environment (8.0_152-b02) (build 1.8.0_152-release-1024-b02)
# Java VM: OpenJDK 64-Bit Server VM (25.152-b02 mixed mode windows-amd64 compressed oops)
Heap:
 PSYoungGen      total 257024K, used 81568K [0x00000000e0000000, 0x00000000f6580000, 0x0000000100000000)
  eden space 228864K, 34% used [0x00000000e0000000,0x00000000e4e2ed38,0x00000000edf80000)
  from space 28160K, 5% used [0x00000000edf80000,0x00000000ee0f9488,0x00000000efb00000)
  to   space 50176K, 0% used [0x00000000f3480000,0x00000000f3480000,0x00000000f6580000)
 ParOldGen       total 203264K, used 118943K [0x00000000a0000000, 0x00000000ac680000, 0x00000000e0000000)
  object space 203264K, 58% used [0x00000000a0000000,0x00000000a7427fd8,0x00000000ac680000)
 Metaspace       used 87395K, capacity 91024K, committed 93696K, reserved 1130496K
  class space    used 11567K, capacity 12421K, committed 13056K, reserved 1048576K
GC Heap History (10 events):
Event: 1480.739 GC heap before
{Heap before GC invocations=19 (full 3):
 PSYoungGen      total 174592K, used 157184K [0x00000000e0000000, 0x00000000ef400000, 0x0000000100000000)
  eden space 157184K, 100% used [0x00000000e0000000,0x00000000e9980000,0x00000000e9980000)
  from space 17408K, 0% used [0x00000000e9980000,0x00000000e9980000,0x00000000eaa80000)
  to   space 16896K, 0% used [0x00000000ee380000,0x00000000ee380000,0x00000000ef400000)
 ParOldGen       total 96256K, used 44778K [0x00000000a0000000, 0x00000000a5e00000, 0x00000000e0000000)
  object space 96256K, 46% used [0x00000000a0000000,0x00000000a2bbab48,0x00000000a5e00000)
 Metaspace       used 64048K, capacity 66516K, committed 66688K, reserved 1105920K
  class space    used 8571K, capacity 9225K, committed 9344K, reserved 1048576K
Event: 1480.785 GC heap after
Heap after GC invocations=19 (full 3):
 PSYoungGen      total 211968K, used 12434K [0x00000000e0000000, 0x00000000ef000000, 0x0000000100000000)
  eden space 199168K, 0% used [0x00000000e0000000,0x00000000e0000000,0x00000000ec280000)
  from space 12800K, 97% used [0x00000000ee380000,0x00000000eefa4ad8,0x00000000ef000000)
  to   space 17920K, 0% used [0x00000000ecd00000,0x00000000ecd00000,0x00000000ede80000)
 ParOldGen       total 96256K, used 44786K [0x00000000a0000000, 0x00000000a5e00000, 0x00000000e0000000)
  object space 96256K, 46% used [0x00000000a0000000,0x00000000a2bbcb48,0x00000000a5e00000)
 Metaspace       used 64048K, capacity 66516K, committed 66688K, reserved 1105920K
  class space    used 8571K, capacity 9225K, committed 9344K, reserved 1048576K
}
Event: 1490.204 GC heap before
{Heap before GC invocations=20 (full 3):
 PSYoungGen      total 211968K, used 211602K [0x00000000e0000000, 0x00000000ef000000, 0x0000000100000000)
  eden space 199168K, 100% used [0x00000000e0000000,0x00000000ec280000,0x00000000ec280000)
  from space 12800K, 97% used [0x00000000ee380000,0x00000000eefa4ad8,0x00000000ef000000)
  to   space 17920K, 0% used [0x00000000ecd00000,0x00000000ecd00000,0x00000000ede80000)
 ParOldGen       total 96256K, used 44786K [0x00000000a0000000, 0x00000000a5e00000, 0x00000000e0000000)
  object space 96256K, 46% used [0x00000000a0000000,0x00000000a2bbcb48,0x00000000a5e00000)
 Metaspace       used 73336K, capacity 76806K, committed 76928K, reserved 1116160K
  class space    used 9967K, capacity 10811K, committed 10880K, reserved 1048576K
Event: 1490.287 GC heap after
Heap after GC invocations=20 (full 3):
 PSYoungGen      total 227840K, used 17891K [0x00000000e0000000, 0x00000000f1280000, 0x0000000100000000)
  eden space 209920K, 0% used [0x00000000e0000000,0x00000000e0000000,0x00000000ecd00000)
  from space 17920K, 99% used [0x00000000ecd00000,0x00000000ede78ea0,0x00000000ede80000)
  to   space 24064K, 0% used [0x00000000efb00000,0x00000000efb00000,0x00000000f1280000)
 ParOldGen       total 96256K, used 54321K [0x00000000a0000000, 0x00000000a5e00000, 0x00000000e0000000)
  object space 96256K, 56% used [0x00000000a0000000,0x00000000a350c6d0,0x00000000a5e00000)
 Metaspace       used 73336K, capacity 76806K, committed 76928K, reserved 1116160K
  class space    used 9967K, capacity 10811K, committed 10880K, reserved 1048576K
}
Event: 1508.441 GC heap before
{Heap before GC invocations=21 (full 3):
 PSYoungGen      total 227840K, used 227811K [0x00000000e0000000, 0x00000000f1280000, 0x0000000100000000)
  eden space 209920K, 100% used [0x00000000e0000000,0x00000000ecd00000,0x00000000ecd00000)
  from space 17920K, 99% used [0x00000000ecd00000,0x00000000ede78ea0,0x00000000ede80000)
  to   space 24064K, 0% used [0x00000000efb00000,0x00000000efb00000,0x00000000f1280000)
 ParOldGen       total 96256K, used 54321K [0x00000000a0000000, 0x00000000a5e00000, 0x00000000e0000000)
  object space 96256K, 56% used [0x00000000a0000000,0x00000000a350c6d0,0x00000000a5e00000)
 Metaspace       used 81087K, capacity 84680K, committed 84992K, reserved 1122304K
  class space    used 10839K, capacity 11688K, committed 11776K, reserved 1048576K
Event: 1508.522 GC heap after
Heap after GC invocations=21 (full 3):
 PSYoungGen      total 252928K, used 23949K [0x00000000e0000000, 0x00000000f2300000, 0x0000000100000000)
  eden space 228864K, 0% used [0x00000000e0000000,0x00000000e0000000,0x00000000edf80000)
  from space 24064K, 99% used [0x00000000efb00000,0x00000000f12637b8,0x00000000f1280000)
  to   space 28160K, 0% used [0x00000000edf80000,0x00000000edf80000,0x00000000efb00000)
 ParOldGen       total 96256K, used 71458K [0x00000000a0000000, 0x00000000a5e00000, 0x00000000e0000000)
  object space 96256K, 74% used [0x00000000a0000000,0x00000000a45c8b70,0x00000000a5e00000)
 Metaspace       used 81087K, capacity 84680K, committed 84992K, reserved 1122304K
  class space    used 10839K, capacity 11688K, committed 11776K, reserved 1048576K
}
Event: 1518.649 GC heap before
{Heap before GC invocations=22 (full 3):
 PSYoungGen      total 252928K, used 252813K [0x00000000e0000000, 0x00000000f2300000, 0x0000000100000000)
  eden space 228864K, 100% used [0x00000000e0000000,0x00000000edf80000,0x00000000edf80000)
  from space 24064K, 99% used [0x00000000efb00000,0x00000000f12637b8,0x00000000f1280000)
  to   space 28160K, 0% used [0x00000000edf80000,0x00000000edf80000,0x00000000efb00000)
 ParOldGen       total 96256K, used 71458K [0x00000000a0000000, 0x00000000a5e00000, 0x00000000e0000000)
  object space 96256K, 74% used [0x00000000a0000000,0x00000000a45c8b70,0x00000000a5e00000)
 Metaspace       used 88953K, capacity 93452K, committed 93696K, reserved 1130496K
  class space    used 11905K, capacity 12936K, committed 13056K, reserved 1048576K
Event: 1518.796 GC heap after
Heap after GC invocations=22 (full 3):
 PSYoungGen      total 257024K, used 28143K [0x00000000e0000000, 0x00000000f6580000, 0x0000000100000000)
  eden space 228864K, 0% used [0x00000000e0000000,0x00000000e0000000,0x00000000edf80000)
  from space 28160K, 99% used [0x00000000edf80000,0x00000000efafbf78,0x00000000efb00000)
  to   space 50176K, 0% used [0x00000000f3480000,0x00000000f3480000,0x00000000f6580000)
 ParOldGen       total 119296K, used 119083K [0x00000000a0000000, 0x00000000a7480000, 0x00000000e0000000)
  object space 119296K, 99% used [0x00000000a0000000,0x00000000a744aed8,0x00000000a7480000)
 Metaspace       used 88953K, capacity 93452K, committed 93696K, reserved 1130496K
  class space    used 11905K, capacity 12936K, committed 13056K, reserved 1048576K
}
Event: 1518.811 GC heap before
{Heap before GC invocations=23 (full 4):
 PSYoungGen      total 257024K, used 28143K [0x00000000e0000000, 0x00000000f6580000, 0x0000000100000000)
  eden space 228864K, 0% used [0x00000000e0000000,0x00000000e0000000,0x00000000edf80000)
  from space 28160K, 99% used [0x00000000edf80000,0x00000000efafbf78,0x00000000efb00000)
  to   space 50176K, 0% used [0x00000000f3480000,0x00000000f3480000,0x00000000f6580000)
 ParOldGen       total 119296K, used 119083K [0x00000000a0000000, 0x00000000a7480000, 0x00000000e0000000)
  object space 119296K, 99% used [0x00000000a0000000,0x00000000a744aed8,0x00000000a7480000)
 Metaspace       used 88953K, capacity 93452K, committed 93696K, reserved 1130496K
  class space    used 11905K, capacity 12936K, committed 13056K, reserved 1048576K
Event: 1519.833 GC heap after
Heap after GC invocations=23 (full 4):
 PSYoungGen      total 257024K, used 1509K [0x00000000e0000000, 0x00000000f6580000, 0x0000000100000000)
  eden space 228864K, 0% used [0x00000000e0000000,0x00000000e0000000,0x00000000edf80000)
  from space 28160K, 5% used [0x00000000edf80000,0x00000000ee0f9488,0x00000000efb00000)
  to   space 50176K, 0% used [0x00000000f3480000,0x00000000f3480000,0x00000000f6580000)
 ParOldGen       total 203264K, used 118943K [0x00000000a0000000, 0x00000000ac680000, 0x00000000e0000000)
  object space 203264K, 58% used [0x00000000a0000000,0x00000000a7427fd8,0x00000000ac680000)
 Metaspace       used 87361K, capacity 91024K, committed 93696K, reserved 1130496K
  class space    used 11567K, capacity 12421K, committed 13056K, reserved 1048576K
}

