# JRE version: OpenJDK Runtime Environment (8.0_152-b02) (build 1.8.0_152-release-1024-b02)
# Java VM: OpenJDK 64-Bit Server VM (25.152-b02 mixed mode windows-amd64 compressed oops)
Heap:
 PSYoungGen      total 126976K, used 89377K [0x00000000e0000000, 0x00000000e8800000, 0x0000000100000000)
  eden space 117760K, 68% used [0x00000000e0000000,0x00000000e4e50000,0x00000000e7300000)
  from space 9216K, 99% used [0x00000000e7e80000,0x00000000e8778498,0x00000000e8780000)
  to   space 10752K, 0% used [0x00000000e7300000,0x00000000e7300000,0x00000000e7d80000)
 ParOldGen       total 51712K, used 16754K [0x00000000a0000000, 0x00000000a3280000, 0x00000000e0000000)
  object space 51712K, 32% used [0x00000000a0000000,0x00000000a105cad8,0x00000000a3280000)
 Metaspace       used 46602K, capacity 47579K, committed 47832K, reserved 1091584K
  class space    used 6339K, capacity 6627K, committed 6656K, reserved 1048576K
GC Heap History (10 events):
Event: 9.230 GC heap before
{Heap before GC invocations=10 (full 1):
 PSYoungGen      total 72704K, used 65536K [0x00000000e0000000, 0x00000000e4e00000, 0x0000000100000000)
  eden space 65536K, 100% used [0x00000000e0000000,0x00000000e4000000,0x00000000e4000000)
  from space 7168K, 0% used [0x00000000e4700000,0x00000000e4700000,0x00000000e4e00000)
  to   space 7168K, 0% used [0x00000000e4000000,0x00000000e4000000,0x00000000e4700000)
 ParOldGen       total 32768K, used 8909K [0x00000000a0000000, 0x00000000a2000000, 0x00000000e0000000)
  object space 32768K, 27% used [0x00000000a0000000,0x00000000a08b34e8,0x00000000a2000000)
 Metaspace       used 26540K, capacity 27056K, committed 27136K, reserved 1073152K
  class space    used 3659K, capacity 3829K, committed 3840K, reserved 1048576K
Event: 9.243 GC heap after
Heap after GC invocations=10 (full 1):
 PSYoungGen      total 72704K, used 7155K [0x00000000e0000000, 0x00000000e6900000, 0x0000000100000000)
  eden space 65536K, 0% used [0x00000000e0000000,0x00000000e0000000,0x00000000e4000000)
  from space 7168K, 99% used [0x00000000e4000000,0x00000000e46fccf8,0x00000000e4700000)
  to   space 8192K, 0% used [0x00000000e6100000,0x00000000e6100000,0x00000000e6900000)
 ParOldGen       total 32768K, used 8940K [0x00000000a0000000, 0x00000000a2000000, 0x00000000e0000000)
  object space 32768K, 27% used [0x00000000a0000000,0x00000000a08bb1a0,0x00000000a2000000)
 Metaspace       used 26540K, capacity 27056K, committed 27136K, reserved 1073152K
  class space    used 3659K, capacity 3829K, committed 3840K, reserved 1048576K
}
Event: 13.873 GC heap before
{Heap before GC invocations=11 (full 1):
 PSYoungGen      total 72704K, used 72691K [0x00000000e0000000, 0x00000000e6900000, 0x0000000100000000)
  eden space 65536K, 100% used [0x00000000e0000000,0x00000000e4000000,0x00000000e4000000)
  from space 7168K, 99% used [0x00000000e4000000,0x00000000e46fccf8,0x00000000e4700000)
  to   space 8192K, 0% used [0x00000000e6100000,0x00000000e6100000,0x00000000e6900000)
 ParOldGen       total 32768K, used 8940K [0x00000000a0000000, 0x00000000a2000000, 0x00000000e0000000)
  object space 32768K, 27% used [0x00000000a0000000,0x00000000a08bb1a0,0x00000000a2000000)
 Metaspace       used 29938K, capacity 30526K, committed 30848K, reserved 1075200K
  class space    used 4189K, capacity 4386K, committed 4480K, reserved 1048576K
Event: 13.892 GC heap after
Heap after GC invocations=11 (full 1):
 PSYoungGen      total 97792K, used 8180K [0x00000000e0000000, 0x00000000e6980000, 0x0000000100000000)
  eden space 89600K, 0% used [0x00000000e0000000,0x00000000e0000000,0x00000000e5780000)
  from space 8192K, 99% used [0x00000000e6100000,0x00000000e68fd0a0,0x00000000e6900000)
  to   space 9216K, 0% used [0x00000000e5780000,0x00000000e5780000,0x00000000e6080000)
 ParOldGen       total 32768K, used 9854K [0x00000000a0000000, 0x00000000a2000000, 0x00000000e0000000)
  object space 32768K, 30% used [0x00000000a0000000,0x00000000a099f9d0,0x00000000a2000000)
 Metaspace       used 29938K, capacity 30526K, committed 30848K, reserved 1075200K
  class space    used 4189K, capacity 4386K, committed 4480K, reserved 1048576K
}
Event: 15.980 GC heap before
{Heap before GC invocations=12 (full 1):
 PSYoungGen      total 97792K, used 34383K [0x00000000e0000000, 0x00000000e6980000, 0x0000000100000000)
  eden space 89600K, 29% used [0x00000000e0000000,0x00000000e1996ee8,0x00000000e5780000)
  from space 8192K, 99% used [0x00000000e6100000,0x00000000e68fd0a0,0x00000000e6900000)
  to   space 9216K, 0% used [0x00000000e5780000,0x00000000e5780000,0x00000000e6080000)
 ParOldGen       total 32768K, used 9854K [0x00000000a0000000, 0x00000000a2000000, 0x00000000e0000000)
  object space 32768K, 30% used [0x00000000a0000000,0x00000000a099f9d0,0x00000000a2000000)
 Metaspace       used 34598K, capacity 35261K, committed 35416K, reserved 1079296K
  class space    used 4769K, capacity 4992K, committed 4992K, reserved 1048576K
Event: 15.995 GC heap after
Heap after GC invocations=12 (full 1):
 PSYoungGen      total 98816K, used 3908K [0x00000000e0000000, 0x00000000e8780000, 0x0000000100000000)
  eden space 89600K, 0% used [0x00000000e0000000,0x00000000e0000000,0x00000000e5780000)
  from space 9216K, 42% used [0x00000000e5780000,0x00000000e5b51350,0x00000000e6080000)
  to   space 9216K, 0% used [0x00000000e7e80000,0x00000000e7e80000,0x00000000e8780000)
 ParOldGen       total 32768K, used 15719K [0x00000000a0000000, 0x00000000a2000000, 0x00000000e0000000)
  object space 32768K, 47% used [0x00000000a0000000,0x00000000a0f59db0,0x00000000a2000000)
 Metaspace       used 34598K, capacity 35261K, committed 35416K, reserved 1079296K
  class space    used 4769K, capacity 4992K, committed 4992K, reserved 1048576K
}
Event: 15.996 GC heap before
{Heap before GC invocations=13 (full 2):
 PSYoungGen      total 98816K, used 3908K [0x00000000e0000000, 0x00000000e8780000, 0x0000000100000000)
  eden space 89600K, 0% used [0x00000000e0000000,0x00000000e0000000,0x00000000e5780000)
  from space 9216K, 42% used [0x00000000e5780000,0x00000000e5b51350,0x00000000e6080000)
  to   space 9216K, 0% used [0x00000000e7e80000,0x00000000e7e80000,0x00000000e8780000)
 ParOldGen       total 32768K, used 15719K [0x00000000a0000000, 0x00000000a2000000, 0x00000000e0000000)
  object space 32768K, 47% used [0x00000000a0000000,0x00000000a0f59db0,0x00000000a2000000)
 Metaspace       used 34598K, capacity 35261K, committed 35416K, reserved 1079296K
  class space    used 4769K, capacity 4992K, committed 4992K, reserved 1048576K
Event: 16.105 GC heap after
Heap after GC invocations=13 (full 2):
 PSYoungGen      total 98816K, used 0K [0x00000000e0000000, 0x00000000e8780000, 0x0000000100000000)
  eden space 89600K, 0% used [0x00000000e0000000,0x00000000e0000000,0x00000000e5780000)
  from space 9216K, 0% used [0x00000000e5780000,0x00000000e5780000,0x00000000e6080000)
  to   space 9216K, 0% used [0x00000000e7e80000,0x00000000e7e80000,0x00000000e8780000)
 ParOldGen       total 51712K, used 16149K [0x00000000a0000000, 0x00000000a3280000, 0x00000000e0000000)
  object space 51712K, 31% used [0x00000000a0000000,0x00000000a0fc5638,0x00000000a3280000)
 Metaspace       used 34598K, capacity 35261K, committed 35416K, reserved 1079296K
  class space    used 4769K, capacity 4992K, committed 4992K, reserved 1048576K
}
Event: 18.539 GC heap before
{Heap before GC invocations=14 (full 2):
 PSYoungGen      total 98816K, used 89600K [0x00000000e0000000, 0x00000000e8780000, 0x0000000100000000)
  eden space 89600K, 100% used [0x00000000e0000000,0x00000000e5780000,0x00000000e5780000)
  from space 9216K, 0% used [0x00000000e5780000,0x00000000e5780000,0x00000000e6080000)
  to   space 9216K, 0% used [0x00000000e7e80000,0x00000000e7e80000,0x00000000e8780000)
 ParOldGen       total 51712K, used 16149K [0x00000000a0000000, 0x00000000a3280000, 0x00000000e0000000)
  object space 51712K, 31% used [0x00000000a0000000,0x00000000a0fc5638,0x00000000a3280000)
 Metaspace       used 40140K, capacity 40949K, committed 41048K, reserved 1085440K
  class space    used 5472K, capacity 5727K, committed 5760K, reserved 1048576K
Event: 18.560 GC heap after
Heap after GC invocations=14 (full 2):
 PSYoungGen      total 126976K, used 9185K [0x00000000e0000000, 0x00000000e8800000, 0x0000000100000000)
  eden space 117760K, 0% used [0x00000000e0000000,0x00000000e0000000,0x00000000e7300000)
  from space 9216K, 99% used [0x00000000e7e80000,0x00000000e8778498,0x00000000e8780000)
  to   space 10752K, 0% used [0x00000000e7300000,0x00000000e7300000,0x00000000e7d80000)
 ParOldGen       total 51712K, used 16754K [0x00000000a0000000, 0x00000000a3280000, 0x00000000e0000000)
  object space 51712K, 32% used [0x00000000a0000000,0x00000000a105cad8,0x00000000a3280000)
 Metaspace       used 40140K, capacity 40949K, committed 41048K, reserved 1085440K
  class space    used 5472K, capacity 5727K, committed 5760K, reserved 1048576K
}

