# JRE version: OpenJDK Runtime Environment (8.0_152-b02) (build 1.8.0_152-release-1024-b02)
# Java VM: OpenJDK 64-Bit Server VM (25.152-b02 mixed mode windows-amd64 compressed oops)
Heap:
 PSYoungGen      total 280064K, used 193858K [0x00000000e0000000, 0x00000000f4680000, 0x0000000100000000)
  eden space 229888K, 77% used [0x00000000e0000000,0x00000000eaeb9a10,0x00000000ee080000)
  from space 50176K, 29% used [0x00000000f1580000,0x00000000f2417098,0x00000000f4680000)
  to   space 52224K, 0% used [0x00000000ee080000,0x00000000ee080000,0x00000000f1380000)
 ParOldGen       total 148992K, used 106950K [0x00000000a0000000, 0x00000000a9180000, 0x00000000e0000000)
  object space 148992K, 71% used [0x00000000a0000000,0x00000000a6871980,0x00000000a9180000)
 Metaspace       used 75227K, capacity 78427K, committed 78680K, reserved 1118208K
  class space    used 9900K, capacity 10559K, committed 10624K, reserved 1048576K
GC Heap History (10 events):
Event: 271.068 GC heap before
{Heap before GC invocations=22 (full 4):
 PSYoungGen      total 214016K, used 169984K [0x00000000e0000000, 0x00000000f2000000, 0x0000000100000000)
  eden space 169984K, 100% used [0x00000000e0000000,0x00000000ea600000,0x00000000ea600000)
  from space 44032K, 0% used [0x00000000ea600000,0x00000000ea600000,0x00000000ed100000)
  to   space 45056K, 0% used [0x00000000ef400000,0x00000000ef400000,0x00000000f2000000)
 ParOldGen       total 148992K, used 57790K [0x00000000a0000000, 0x00000000a9180000, 0x00000000e0000000)
  object space 148992K, 38% used [0x00000000a0000000,0x00000000a386f808,0x00000000a9180000)
 Metaspace       used 69819K, capacity 72569K, committed 72664K, reserved 1112064K
  class space    used 9317K, capacity 9914K, committed 9984K, reserved 1048576K
Event: 271.120 GC heap after
Heap after GC invocations=22 (full 4):
 PSYoungGen      total 231424K, used 18919K [0x00000000e0000000, 0x00000000f1500000, 0x0000000100000000)
  eden space 197632K, 0% used [0x00000000e0000000,0x00000000e0000000,0x00000000ec100000)
  from space 33792K, 55% used [0x00000000ef400000,0x00000000f0679ef0,0x00000000f1500000)
  to   space 43008K, 0% used [0x00000000ec100000,0x00000000ec100000,0x00000000eeb00000)
 ParOldGen       total 148992K, used 57798K [0x00000000a0000000, 0x00000000a9180000, 0x00000000e0000000)
  object space 148992K, 38% used [0x00000000a0000000,0x00000000a3871808,0x00000000a9180000)
 Metaspace       used 69819K, capacity 72569K, committed 72664K, reserved 1112064K
  class space    used 9317K, capacity 9914K, committed 9984K, reserved 1048576K
}
Event: 278.161 GC heap before
{Heap before GC invocations=23 (full 4):
 PSYoungGen      total 231424K, used 216551K [0x00000000e0000000, 0x00000000f1500000, 0x0000000100000000)
  eden space 197632K, 100% used [0x00000000e0000000,0x00000000ec100000,0x00000000ec100000)
  from space 33792K, 55% used [0x00000000ef400000,0x00000000f0679ef0,0x00000000f1500000)
  to   space 43008K, 0% used [0x00000000ec100000,0x00000000ec100000,0x00000000eeb00000)
 ParOldGen       total 148992K, used 57798K [0x00000000a0000000, 0x00000000a9180000, 0x00000000e0000000)
  object space 148992K, 38% used [0x00000000a0000000,0x00000000a3871808,0x00000000a9180000)
 Metaspace       used 73875K, capacity 76861K, committed 77016K, reserved 1116160K
  class space    used 9785K, capacity 10384K, committed 10496K, reserved 1048576K
Event: 278.410 GC heap after
Heap after GC invocations=23 (full 4):
 PSYoungGen      total 240640K, used 43000K [0x00000000e0000000, 0x00000000f1500000, 0x0000000100000000)
  eden space 197632K, 0% used [0x00000000e0000000,0x00000000e0000000,0x00000000ec100000)
  from space 43008K, 99% used [0x00000000ec100000,0x00000000eeafe108,0x00000000eeb00000)
  to   space 33792K, 0% used [0x00000000ef400000,0x00000000ef400000,0x00000000f1500000)
 ParOldGen       total 148992K, used 82012K [0x00000000a0000000, 0x00000000a9180000, 0x00000000e0000000)
  object space 148992K, 55% used [0x00000000a0000000,0x00000000a5017158,0x00000000a9180000)
 Metaspace       used 73875K, capacity 76861K, committed 77016K, reserved 1116160K
  class space    used 9785K, capacity 10384K, committed 10496K, reserved 1048576K
}
Event: 281.579 GC heap before
{Heap before GC invocations=24 (full 4):
 PSYoungGen      total 240640K, used 236774K [0x00000000e0000000, 0x00000000f1500000, 0x0000000100000000)
  eden space 197632K, 98% used [0x00000000e0000000,0x00000000ebd3b8a0,0x00000000ec100000)
  from space 43008K, 99% used [0x00000000ec100000,0x00000000eeafe108,0x00000000eeb00000)
  to   space 33792K, 0% used [0x00000000ef400000,0x00000000ef400000,0x00000000f1500000)
 ParOldGen       total 148992K, used 82012K [0x00000000a0000000, 0x00000000a9180000, 0x00000000e0000000)
  object space 148992K, 55% used [0x00000000a0000000,0x00000000a5017158,0x00000000a9180000)
 Metaspace       used 73948K, capacity 76943K, committed 77272K, reserved 1116160K
  class space    used 9787K, capacity 10387K, committed 10496K, reserved 1048576K
Event: 281.635 GC heap after
Heap after GC invocations=24 (full 4):
 PSYoungGen      total 231424K, used 9589K [0x00000000e0000000, 0x00000000f1500000, 0x0000000100000000)
  eden space 197632K, 0% used [0x00000000e0000000,0x00000000e0000000,0x00000000ec100000)
  from space 33792K, 28% used [0x00000000ef400000,0x00000000efd5d4e8,0x00000000f1500000)
  to   space 43008K, 0% used [0x00000000ec100000,0x00000000ec100000,0x00000000eeb00000)
 ParOldGen       total 148992K, used 106934K [0x00000000a0000000, 0x00000000a9180000, 0x00000000e0000000)
  object space 148992K, 71% used [0x00000000a0000000,0x00000000a686d980,0x00000000a9180000)
 Metaspace       used 73948K, capacity 76943K, committed 77272K, reserved 1116160K
  class space    used 9787K, capacity 10387K, committed 10496K, reserved 1048576K
}
Event: 352.502 GC heap before
{Heap before GC invocations=25 (full 4):
 PSYoungGen      total 231424K, used 207221K [0x00000000e0000000, 0x00000000f1500000, 0x0000000100000000)
  eden space 197632K, 100% used [0x00000000e0000000,0x00000000ec100000,0x00000000ec100000)
  from space 33792K, 28% used [0x00000000ef400000,0x00000000efd5d4e8,0x00000000f1500000)
  to   space 43008K, 0% used [0x00000000ec100000,0x00000000ec100000,0x00000000eeb00000)
 ParOldGen       total 148992K, used 106934K [0x00000000a0000000, 0x00000000a9180000, 0x00000000e0000000)
  object space 148992K, 71% used [0x00000000a0000000,0x00000000a686d980,0x00000000a9180000)
 Metaspace       used 75035K, capacity 78227K, committed 78424K, reserved 1118208K
  class space    used 9889K, capacity 10547K, committed 10624K, reserved 1048576K
Event: 352.524 GC heap after
Heap after GC invocations=25 (full 4):
 PSYoungGen      total 240640K, used 16061K [0x00000000e0000000, 0x00000000f4b00000, 0x0000000100000000)
  eden space 197632K, 0% used [0x00000000e0000000,0x00000000e0000000,0x00000000ec100000)
  from space 43008K, 37% used [0x00000000ec100000,0x00000000ed0af608,0x00000000eeb00000)
  to   space 54784K, 0% used [0x00000000f1580000,0x00000000f1580000,0x00000000f4b00000)
 ParOldGen       total 148992K, used 106942K [0x00000000a0000000, 0x00000000a9180000, 0x00000000e0000000)
  object space 148992K, 71% used [0x00000000a0000000,0x00000000a686f980,0x00000000a9180000)
 Metaspace       used 75035K, capacity 78227K, committed 78424K, reserved 1118208K
  class space    used 9889K, capacity 10547K, committed 10624K, reserved 1048576K
}
Event: 353.978 GC heap before
{Heap before GC invocations=26 (full 4):
 PSYoungGen      total 240640K, used 212816K [0x00000000e0000000, 0x00000000f4b00000, 0x0000000100000000)
  eden space 197632K, 99% used [0x00000000e0000000,0x00000000ec024b10,0x00000000ec100000)
  from space 43008K, 37% used [0x00000000ec100000,0x00000000ed0af608,0x00000000eeb00000)
  to   space 54784K, 0% used [0x00000000f1580000,0x00000000f1580000,0x00000000f4b00000)
 ParOldGen       total 148992K, used 106942K [0x00000000a0000000, 0x00000000a9180000, 0x00000000e0000000)
  object space 148992K, 71% used [0x00000000a0000000,0x00000000a686f980,0x00000000a9180000)
 Metaspace       used 75140K, capacity 78397K, committed 78680K, reserved 1118208K
  class space    used 9898K, capacity 10554K, committed 10624K, reserved 1048576K
Event: 354.003 GC heap after
Heap after GC invocations=26 (full 4):
 PSYoungGen      total 280064K, used 14940K [0x00000000e0000000, 0x00000000f4680000, 0x0000000100000000)
  eden space 229888K, 0% used [0x00000000e0000000,0x00000000e0000000,0x00000000ee080000)
  from space 50176K, 29% used [0x00000000f1580000,0x00000000f2417098,0x00000000f4680000)
  to   space 52224K, 0% used [0x00000000ee080000,0x00000000ee080000,0x00000000f1380000)
 ParOldGen       total 148992K, used 106950K [0x00000000a0000000, 0x00000000a9180000, 0x00000000e0000000)
  object space 148992K, 71% used [0x00000000a0000000,0x00000000a6871980,0x00000000a9180000)
 Metaspace       used 75140K, capacity 78397K, committed 78680K, reserved 1118208K
  class space    used 9898K, capacity 10554K, committed 10624K, reserved 1048576K
}

