# JRE version: OpenJDK Runtime Environment (8.0_152-b02) (build 1.8.0_152-release-1024-b02)
# Java VM: OpenJDK 64-Bit Server VM (25.152-b02 mixed mode windows-amd64 compressed oops)
Heap:
 PSYoungGen      total 169984K, used 162735K [0x00000000e0000000, 0x00000000ee600000, 0x0000000100000000)
  eden space 157184K, 99% used [0x00000000e0000000,0x00000000e9821210,0x00000000e9980000)
  from space 12800K, 54% used [0x00000000e9980000,0x00000000ea04adc8,0x00000000ea600000)
  to   space 12288K, 0% used [0x00000000eda00000,0x00000000eda00000,0x00000000ee600000)
 ParOldGen       total 91136K, used 49146K [0x00000000a0000000, 0x00000000a5900000, 0x00000000e0000000)
  object space 91136K, 53% used [0x00000000a0000000,0x00000000a2ffea78,0x00000000a5900000)
 Metaspace       used 69977K, capacity 73196K, committed 73472K, reserved 1112064K
  class space    used 9288K, capacity 10128K, committed 10240K, reserved 1048576K
GC Heap History (10 events):
Event: 64.525 GC heap before
{Heap before GC invocations=20 (full 2):
 PSYoungGen      total 108544K, used 13390K [0x00000000e0000000, 0x00000000e8c80000, 0x0000000100000000)
  eden space 96256K, 1% used [0x00000000e0000000,0x00000000e01dd748,0x00000000e5e00000)
  from space 12288K, 93% used [0x00000000e5e00000,0x00000000e69360f0,0x00000000e6a00000)
  to   space 13824K, 0% used [0x00000000e7f00000,0x00000000e7f00000,0x00000000e8c80000)
 ParOldGen       total 56832K, used 35524K [0x00000000a0000000, 0x00000000a3780000, 0x00000000e0000000)
  object space 56832K, 62% used [0x00000000a0000000,0x00000000a22b12c8,0x00000000a3780000)
 Metaspace       used 56834K, capacity 58752K, committed 59008K, reserved 1099776K
  class space    used 7821K, capacity 8302K, committed 8320K, reserved 1048576K
Event: 64.548 GC heap after
Heap after GC invocations=20 (full 2):
 PSYoungGen      total 129536K, used 256K [0x00000000e0000000, 0x00000000e9e80000, 0x0000000100000000)
  eden space 115712K, 0% used [0x00000000e0000000,0x00000000e0000000,0x00000000e7100000)
  from space 13824K, 1% used [0x00000000e7f00000,0x00000000e7f40000,0x00000000e8c80000)
  to   space 14336K, 0% used [0x00000000e7100000,0x00000000e7100000,0x00000000e7f00000)
 ParOldGen       total 56832K, used 46544K [0x00000000a0000000, 0x00000000a3780000, 0x00000000e0000000)
  object space 56832K, 81% used [0x00000000a0000000,0x00000000a2d74348,0x00000000a3780000)
 Metaspace       used 56834K, capacity 58752K, committed 59008K, reserved 1099776K
  class space    used 7821K, capacity 8302K, committed 8320K, reserved 1048576K
}
Event: 64.548 GC heap before
{Heap before GC invocations=21 (full 3):
 PSYoungGen      total 129536K, used 256K [0x00000000e0000000, 0x00000000e9e80000, 0x0000000100000000)
  eden space 115712K, 0% used [0x00000000e0000000,0x00000000e0000000,0x00000000e7100000)
  from space 13824K, 1% used [0x00000000e7f00000,0x00000000e7f40000,0x00000000e8c80000)
  to   space 14336K, 0% used [0x00000000e7100000,0x00000000e7100000,0x00000000e7f00000)
 ParOldGen       total 56832K, used 46544K [0x00000000a0000000, 0x00000000a3780000, 0x00000000e0000000)
  object space 56832K, 81% used [0x00000000a0000000,0x00000000a2d74348,0x00000000a3780000)
 Metaspace       used 56834K, capacity 58752K, committed 59008K, reserved 1099776K
  class space    used 7821K, capacity 8302K, committed 8320K, reserved 1048576K
Event: 65.080 GC heap after
Heap after GC invocations=21 (full 3):
 PSYoungGen      total 129536K, used 0K [0x00000000e0000000, 0x00000000e9e80000, 0x0000000100000000)
  eden space 115712K, 0% used [0x00000000e0000000,0x00000000e0000000,0x00000000e7100000)
  from space 13824K, 0% used [0x00000000e7f00000,0x00000000e7f00000,0x00000000e8c80000)
  to   space 14336K, 0% used [0x00000000e7100000,0x00000000e7100000,0x00000000e7f00000)
 ParOldGen       total 91136K, used 43746K [0x00000000a0000000, 0x00000000a5900000, 0x00000000e0000000)
  object space 91136K, 48% used [0x00000000a0000000,0x00000000a2ab8b30,0x00000000a5900000)
 Metaspace       used 56834K, capacity 58752K, committed 59008K, reserved 1099776K
  class space    used 7821K, capacity 8302K, committed 8320K, reserved 1048576K
}
Event: 79.377 GC heap before
{Heap before GC invocations=22 (full 3):
 PSYoungGen      total 129536K, used 115712K [0x00000000e0000000, 0x00000000e9e80000, 0x0000000100000000)
  eden space 115712K, 100% used [0x00000000e0000000,0x00000000e7100000,0x00000000e7100000)
  from space 13824K, 0% used [0x00000000e7f00000,0x00000000e7f00000,0x00000000e8c80000)
  to   space 14336K, 0% used [0x00000000e7100000,0x00000000e7100000,0x00000000e7f00000)
 ParOldGen       total 91136K, used 43746K [0x00000000a0000000, 0x00000000a5900000, 0x00000000e0000000)
  object space 91136K, 48% used [0x00000000a0000000,0x00000000a2ab8b30,0x00000000a5900000)
 Metaspace       used 60313K, capacity 62426K, committed 62592K, reserved 1103872K
  class space    used 8157K, capacity 8758K, committed 8832K, reserved 1048576K
Event: 79.399 GC heap after
Heap after GC invocations=22 (full 3):
 PSYoungGen      total 130048K, used 5490K [0x00000000e0000000, 0x00000000eb480000, 0x0000000100000000)
  eden space 115712K, 0% used [0x00000000e0000000,0x00000000e0000000,0x00000000e7100000)
  from space 14336K, 38% used [0x00000000e7100000,0x00000000e765c830,0x00000000e7f00000)
  to   space 13312K, 0% used [0x00000000ea780000,0x00000000ea780000,0x00000000eb480000)
 ParOldGen       total 91136K, used 43754K [0x00000000a0000000, 0x00000000a5900000, 0x00000000e0000000)
  object space 91136K, 48% used [0x00000000a0000000,0x00000000a2abab30,0x00000000a5900000)
 Metaspace       used 60313K, capacity 62426K, committed 62592K, reserved 1103872K
  class space    used 8157K, capacity 8758K, committed 8832K, reserved 1048576K
}
Event: 525.731 GC heap before
{Heap before GC invocations=23 (full 3):
 PSYoungGen      total 130048K, used 121202K [0x00000000e0000000, 0x00000000eb480000, 0x0000000100000000)
  eden space 115712K, 100% used [0x00000000e0000000,0x00000000e7100000,0x00000000e7100000)
  from space 14336K, 38% used [0x00000000e7100000,0x00000000e765c830,0x00000000e7f00000)
  to   space 13312K, 0% used [0x00000000ea780000,0x00000000ea780000,0x00000000eb480000)
 ParOldGen       total 91136K, used 43754K [0x00000000a0000000, 0x00000000a5900000, 0x00000000e0000000)
  object space 91136K, 48% used [0x00000000a0000000,0x00000000a2abab30,0x00000000a5900000)
 Metaspace       used 63757K, capacity 66482K, committed 66688K, reserved 1105920K
  class space    used 8547K, capacity 9277K, committed 9344K, reserved 1048576K
Event: 525.763 GC heap after
Heap after GC invocations=23 (full 3):
 PSYoungGen      total 168448K, used 6316K [0x00000000e0000000, 0x00000000eb280000, 0x0000000100000000)
  eden space 157184K, 0% used [0x00000000e0000000,0x00000000e0000000,0x00000000e9980000)
  from space 11264K, 56% used [0x00000000ea780000,0x00000000eadab1c8,0x00000000eb280000)
  to   space 12800K, 0% used [0x00000000e9980000,0x00000000e9980000,0x00000000ea600000)
 ParOldGen       total 91136K, used 47140K [0x00000000a0000000, 0x00000000a5900000, 0x00000000e0000000)
  object space 91136K, 51% used [0x00000000a0000000,0x00000000a2e093a8,0x00000000a5900000)
 Metaspace       used 63757K, capacity 66482K, committed 66688K, reserved 1105920K
  class space    used 8547K, capacity 9277K, committed 9344K, reserved 1048576K
}
Event: 561.707 GC heap before
{Heap before GC invocations=24 (full 3):
 PSYoungGen      total 168448K, used 163500K [0x00000000e0000000, 0x00000000eb280000, 0x0000000100000000)
  eden space 157184K, 100% used [0x00000000e0000000,0x00000000e9980000,0x00000000e9980000)
  from space 11264K, 56% used [0x00000000ea780000,0x00000000eadab1c8,0x00000000eb280000)
  to   space 12800K, 0% used [0x00000000e9980000,0x00000000e9980000,0x00000000ea600000)
 ParOldGen       total 91136K, used 47140K [0x00000000a0000000, 0x00000000a5900000, 0x00000000e0000000)
  object space 91136K, 51% used [0x00000000a0000000,0x00000000a2e093a8,0x00000000a5900000)
 Metaspace       used 68979K, capacity 71882K, committed 72064K, reserved 1112064K
  class space    used 9224K, capacity 9992K, committed 10112K, reserved 1048576K
Event: 561.728 GC heap after
Heap after GC invocations=24 (full 3):
 PSYoungGen      total 169984K, used 6955K [0x00000000e0000000, 0x00000000ee600000, 0x0000000100000000)
  eden space 157184K, 0% used [0x00000000e0000000,0x00000000e0000000,0x00000000e9980000)
  from space 12800K, 54% used [0x00000000e9980000,0x00000000ea04adc8,0x00000000ea600000)
  to   space 12288K, 0% used [0x00000000eda00000,0x00000000eda00000,0x00000000ee600000)
 ParOldGen       total 91136K, used 49146K [0x00000000a0000000, 0x00000000a5900000, 0x00000000e0000000)
  object space 91136K, 53% used [0x00000000a0000000,0x00000000a2ffea78,0x00000000a5900000)
 Metaspace       used 68979K, capacity 71882K, committed 72064K, reserved 1112064K
  class space    used 9224K, capacity 9992K, committed 10112K, reserved 1048576K
}

