# JRE version: OpenJDK Runtime Environment (8.0_152-b01) (build 1.8.0_152-release-1248-b01)
# Java VM: OpenJDK 64-Bit Server VM (25.152-b01 mixed mode windows-amd64 compressed oops)
Heap:
 PSYoungGen      total 129024K, used 48983K [0x00000000e0000000, 0x00000000e9e00000, 0x0000000100000000)
  eden space 116224K, 42% used [0x00000000e0000000,0x00000000e2fd5d18,0x00000000e7180000)
  from space 12800K, 0% used [0x00000000e7180000,0x00000000e7180000,0x00000000e7e00000)
  to   space 14336K, 0% used [0x00000000e9000000,0x00000000e9000000,0x00000000e9e00000)
 ParOldGen       total 53248K, used 34003K [0x00000000a0000000, 0x00000000a3400000, 0x00000000e0000000)
  object space 53248K, 63% used [0x00000000a0000000,0x00000000a2134c30,0x00000000a3400000)
 Metaspace       used 59800K, capacity 61432K, committed 61592K, reserved 1101824K
  class space    used 8119K, capacity 8562K, committed 8600K, reserved 1048576K
GC Heap History (10 events):
Event: 17.827 GC heap before
{Heap before GC invocations=16 (full 2):
 PSYoungGen      total 102912K, used 1186K [0x00000000e0000000, 0x00000000e6d80000, 0x0000000100000000)
  eden space 95744K, 0% used [0x00000000e0000000,0x00000000e0000000,0x00000000e5d80000)
  from space 7168K, 16% used [0x00000000e6680000,0x00000000e67a8ae0,0x00000000e6d80000)
  to   space 8192K, 0% used [0x00000000e5d80000,0x00000000e5d80000,0x00000000e6580000)
 ParOldGen       total 30720K, used 15015K [0x00000000a0000000, 0x00000000a1e00000, 0x00000000e0000000)
  object space 30720K, 48% used [0x00000000a0000000,0x00000000a0ea9eb8,0x00000000a1e00000)
 Metaspace       used 34683K, capacity 35440K, committed 35496K, reserved 1079296K
  class space    used 4749K, capacity 5013K, committed 5032K, reserved 1048576K
Event: 18.087 GC heap after
Heap after GC invocations=16 (full 2):
 PSYoungGen      total 102912K, used 0K [0x00000000e0000000, 0x00000000e6d80000, 0x0000000100000000)
  eden space 95744K, 0% used [0x00000000e0000000,0x00000000e0000000,0x00000000e5d80000)
  from space 7168K, 0% used [0x00000000e6680000,0x00000000e6680000,0x00000000e6d80000)
  to   space 8192K, 0% used [0x00000000e5d80000,0x00000000e5d80000,0x00000000e6580000)
 ParOldGen       total 53248K, used 15782K [0x00000000a0000000, 0x00000000a3400000, 0x00000000e0000000)
  object space 53248K, 29% used [0x00000000a0000000,0x00000000a0f69a00,0x00000000a3400000)
 Metaspace       used 34659K, capacity 35352K, committed 35496K, reserved 1079296K
  class space    used 4742K, capacity 5005K, committed 5032K, reserved 1048576K
}
Event: 25.526 GC heap before
{Heap before GC invocations=17 (full 2):
 PSYoungGen      total 102912K, used 95744K [0x00000000e0000000, 0x00000000e6d80000, 0x0000000100000000)
  eden space 95744K, 100% used [0x00000000e0000000,0x00000000e5d80000,0x00000000e5d80000)
  from space 7168K, 0% used [0x00000000e6680000,0x00000000e6680000,0x00000000e6d80000)
  to   space 8192K, 0% used [0x00000000e5d80000,0x00000000e5d80000,0x00000000e6580000)
 ParOldGen       total 53248K, used 15782K [0x00000000a0000000, 0x00000000a3400000, 0x00000000e0000000)
  object space 53248K, 29% used [0x00000000a0000000,0x00000000a0f69a00,0x00000000a3400000)
 Metaspace       used 45204K, capacity 46162K, committed 46376K, reserved 1089536K
  class space    used 6023K, capacity 6356K, committed 6440K, reserved 1048576K
Event: 25.558 GC heap after
Heap after GC invocations=17 (full 2):
 PSYoungGen      total 103936K, used 8188K [0x00000000e0000000, 0x00000000e8b00000, 0x0000000100000000)
  eden space 95744K, 0% used [0x00000000e0000000,0x00000000e0000000,0x00000000e5d80000)
  from space 8192K, 99% used [0x00000000e5d80000,0x00000000e657f300,0x00000000e6580000)
  to   space 11776K, 0% used [0x00000000e7f80000,0x00000000e7f80000,0x00000000e8b00000)
 ParOldGen       total 53248K, used 22448K [0x00000000a0000000, 0x00000000a3400000, 0x00000000e0000000)
  object space 53248K, 42% used [0x00000000a0000000,0x00000000a15ec1b8,0x00000000a3400000)
 Metaspace       used 45204K, capacity 46162K, committed 46376K, reserved 1089536K
  class space    used 6023K, capacity 6356K, committed 6440K, reserved 1048576K
}
Event: 33.748 GC heap before
{Heap before GC invocations=18 (full 2):
 PSYoungGen      total 103936K, used 103932K [0x00000000e0000000, 0x00000000e8b00000, 0x0000000100000000)
  eden space 95744K, 100% used [0x00000000e0000000,0x00000000e5d80000,0x00000000e5d80000)
  from space 8192K, 99% used [0x00000000e5d80000,0x00000000e657f300,0x00000000e6580000)
  to   space 11776K, 0% used [0x00000000e7f80000,0x00000000e7f80000,0x00000000e8b00000)
 ParOldGen       total 53248K, used 22448K [0x00000000a0000000, 0x00000000a3400000, 0x00000000e0000000)
  object space 53248K, 42% used [0x00000000a0000000,0x00000000a15ec1b8,0x00000000a3400000)
 Metaspace       used 54191K, capacity 55462K, committed 55592K, reserved 1097728K
  class space    used 7222K, capacity 7616K, committed 7720K, reserved 1048576K
Event: 33.780 GC heap after
Heap after GC invocations=18 (full 2):
 PSYoungGen      total 127488K, used 10287K [0x00000000e0000000, 0x00000000e8a80000, 0x0000000100000000)
  eden space 116224K, 0% used [0x00000000e0000000,0x00000000e0000000,0x00000000e7180000)
  from space 11264K, 91% used [0x00000000e7f80000,0x00000000e898bdb8,0x00000000e8a80000)
  to   space 12800K, 0% used [0x00000000e7180000,0x00000000e7180000,0x00000000e7e00000)
 ParOldGen       total 53248K, used 30344K [0x00000000a0000000, 0x00000000a3400000, 0x00000000e0000000)
  object space 53248K, 56% used [0x00000000a0000000,0x00000000a1da2380,0x00000000a3400000)
 Metaspace       used 54191K, capacity 55462K, committed 55592K, reserved 1097728K
  class space    used 7222K, capacity 7616K, committed 7720K, reserved 1048576K
}
Event: 35.752 GC heap before
{Heap before GC invocations=19 (full 2):
 PSYoungGen      total 127488K, used 64967K [0x00000000e0000000, 0x00000000e8a80000, 0x0000000100000000)
  eden space 116224K, 47% used [0x00000000e0000000,0x00000000e3566190,0x00000000e7180000)
  from space 11264K, 91% used [0x00000000e7f80000,0x00000000e898bdb8,0x00000000e8a80000)
  to   space 12800K, 0% used [0x00000000e7180000,0x00000000e7180000,0x00000000e7e00000)
 ParOldGen       total 53248K, used 30344K [0x00000000a0000000, 0x00000000a3400000, 0x00000000e0000000)
  object space 53248K, 56% used [0x00000000a0000000,0x00000000a1da2380,0x00000000a3400000)
 Metaspace       used 57658K, capacity 59032K, committed 59160K, reserved 1099776K
  class space    used 7728K, capacity 8109K, committed 8216K, reserved 1048576K
Event: 35.777 GC heap after
Heap after GC invocations=19 (full 2):
 PSYoungGen      total 129024K, used 11628K [0x00000000e0000000, 0x00000000e9e00000, 0x0000000100000000)
  eden space 116224K, 0% used [0x00000000e0000000,0x00000000e0000000,0x00000000e7180000)
  from space 12800K, 90% used [0x00000000e7180000,0x00000000e7cdb078,0x00000000e7e00000)
  to   space 14336K, 0% used [0x00000000e9000000,0x00000000e9000000,0x00000000e9e00000)
 ParOldGen       total 53248K, used 30352K [0x00000000a0000000, 0x00000000a3400000, 0x00000000e0000000)
  object space 53248K, 57% used [0x00000000a0000000,0x00000000a1da4380,0x00000000a3400000)
 Metaspace       used 57658K, capacity 59032K, committed 59160K, reserved 1099776K
  class space    used 7728K, capacity 8109K, committed 8216K, reserved 1048576K
}
Event: 35.777 GC heap before
{Heap before GC invocations=20 (full 3):
 PSYoungGen      total 129024K, used 11628K [0x00000000e0000000, 0x00000000e9e00000, 0x0000000100000000)
  eden space 116224K, 0% used [0x00000000e0000000,0x00000000e0000000,0x00000000e7180000)
  from space 12800K, 90% used [0x00000000e7180000,0x00000000e7cdb078,0x00000000e7e00000)
  to   space 14336K, 0% used [0x00000000e9000000,0x00000000e9000000,0x00000000e9e00000)
 ParOldGen       total 53248K, used 30352K [0x00000000a0000000, 0x00000000a3400000, 0x00000000e0000000)
  object space 53248K, 57% used [0x00000000a0000000,0x00000000a1da4380,0x00000000a3400000)
 Metaspace       used 57658K, capacity 59032K, committed 59160K, reserved 1099776K
  class space    used 7728K, capacity 8109K, committed 8216K, reserved 1048576K
Event: 36.148 GC heap after
Heap after GC invocations=20 (full 3):
 PSYoungGen      total 129024K, used 0K [0x00000000e0000000, 0x00000000e9e00000, 0x0000000100000000)
  eden space 116224K, 0% used [0x00000000e0000000,0x00000000e0000000,0x00000000e7180000)
  from space 12800K, 0% used [0x00000000e7180000,0x00000000e7180000,0x00000000e7e00000)
  to   space 14336K, 0% used [0x00000000e9000000,0x00000000e9000000,0x00000000e9e00000)
 ParOldGen       total 53248K, used 34003K [0x00000000a0000000, 0x00000000a3400000, 0x00000000e0000000)
  object space 53248K, 63% used [0x00000000a0000000,0x00000000a2134c30,0x00000000a3400000)
 Metaspace       used 57658K, capacity 59032K, committed 59160K, reserved 1099776K
  class space    used 7728K, capacity 8109K, committed 8216K, reserved 1048576K
}

