# JRE version: OpenJDK Runtime Environment (8.0_152-b02) (build 1.8.0_152-release-1024-b02)
# Java VM: OpenJDK 64-Bit Server VM (25.152-b02 mixed mode windows-amd64 compressed oops)
Heap:
 PSYoungGen      total 158208K, used 69192K [0x00000000e0000000, 0x00000000ee780000, 0x0000000100000000)
  eden space 110592K, 62% used [0x00000000e0000000,0x00000000e4392028,0x00000000e6c00000)
  from space 47616K, 0% used [0x00000000e6c00000,0x00000000e6c00000,0x00000000e9a80000)
  to   space 51200K, 0% used [0x00000000eb580000,0x00000000eb580000,0x00000000ee780000)
 ParOldGen       total 173056K, used 57198K [0x00000000a0000000, 0x00000000aa900000, 0x00000000e0000000)
  object space 173056K, 33% used [0x00000000a0000000,0x00000000a37db8a0,0x00000000aa900000)
 Metaspace       used 73141K, capacity 75975K, committed 77144K, reserved 1116160K
  class space    used 9660K, capacity 10299K, committed 10624K, reserved 1048576K
GC Heap History (10 events):
Event: 64.588 GC heap before
{Heap before GC invocations=21 (full 3):
 PSYoungGen      total 120832K, used 119756K [0x00000000e0000000, 0x00000000e9280000, 0x0000000100000000)
  eden space 104960K, 100% used [0x00000000e0000000,0x00000000e6680000,0x00000000e6680000)
  from space 15872K, 93% used [0x00000000e6680000,0x00000000e74f3090,0x00000000e7600000)
  to   space 17920K, 0% used [0x00000000e8100000,0x00000000e8100000,0x00000000e9280000)
 ParOldGen       total 124416K, used 41899K [0x00000000a0000000, 0x00000000a7980000, 0x00000000e0000000)
  object space 124416K, 33% used [0x00000000a0000000,0x00000000a28eafb0,0x00000000a7980000)
 Metaspace       used 64515K, capacity 66703K, committed 67032K, reserved 1107968K
  class space    used 8594K, capacity 9125K, committed 9216K, reserved 1048576K
Event: 64.622 GC heap after
Heap after GC invocations=21 (full 3):
 PSYoungGen      total 130560K, used 14674K [0x00000000e0000000, 0x00000000e9500000, 0x0000000100000000)
  eden space 112640K, 0% used [0x00000000e0000000,0x00000000e0000000,0x00000000e6e00000)
  from space 17920K, 81% used [0x00000000e8100000,0x00000000e8f549b8,0x00000000e9280000)
  to   space 19456K, 0% used [0x00000000e6e00000,0x00000000e6e00000,0x00000000e8100000)
 ParOldGen       total 124416K, used 41915K [0x00000000a0000000, 0x00000000a7980000, 0x00000000e0000000)
  object space 124416K, 33% used [0x00000000a0000000,0x00000000a28eefb0,0x00000000a7980000)
 Metaspace       used 64515K, capacity 66703K, committed 67032K, reserved 1107968K
  class space    used 8594K, capacity 9125K, committed 9216K, reserved 1048576K
}
Event: 68.244 GC heap before
{Heap before GC invocations=22 (full 3):
 PSYoungGen      total 130560K, used 127314K [0x00000000e0000000, 0x00000000e9500000, 0x0000000100000000)
  eden space 112640K, 100% used [0x00000000e0000000,0x00000000e6e00000,0x00000000e6e00000)
  from space 17920K, 81% used [0x00000000e8100000,0x00000000e8f549b8,0x00000000e9280000)
  to   space 19456K, 0% used [0x00000000e6e00000,0x00000000e6e00000,0x00000000e8100000)
 ParOldGen       total 124416K, used 41915K [0x00000000a0000000, 0x00000000a7980000, 0x00000000e0000000)
  object space 124416K, 33% used [0x00000000a0000000,0x00000000a28eefb0,0x00000000a7980000)
 Metaspace       used 71342K, capacity 74601K, committed 74840K, reserved 1114112K
  class space    used 9565K, capacity 10272K, committed 10368K, reserved 1048576K
Event: 68.313 GC heap after
Heap after GC invocations=22 (full 3):
 PSYoungGen      total 132096K, used 19440K [0x00000000e0000000, 0x00000000eba00000, 0x0000000100000000)
  eden space 112640K, 0% used [0x00000000e0000000,0x00000000e0000000,0x00000000e6e00000)
  from space 19456K, 99% used [0x00000000e6e00000,0x00000000e80fc340,0x00000000e8100000)
  to   space 32256K, 0% used [0x00000000e9a80000,0x00000000e9a80000,0x00000000eba00000)
 ParOldGen       total 124416K, used 69083K [0x00000000a0000000, 0x00000000a7980000, 0x00000000e0000000)
  object space 124416K, 55% used [0x00000000a0000000,0x00000000a4376df0,0x00000000a7980000)
 Metaspace       used 71342K, capacity 74601K, committed 74840K, reserved 1114112K
  class space    used 9565K, capacity 10272K, committed 10368K, reserved 1048576K
}
Event: 70.784 GC heap before
{Heap before GC invocations=23 (full 3):
 PSYoungGen      total 132096K, used 132080K [0x00000000e0000000, 0x00000000eba00000, 0x0000000100000000)
  eden space 112640K, 100% used [0x00000000e0000000,0x00000000e6e00000,0x00000000e6e00000)
  from space 19456K, 99% used [0x00000000e6e00000,0x00000000e80fc340,0x00000000e8100000)
  to   space 32256K, 0% used [0x00000000e9a80000,0x00000000e9a80000,0x00000000eba00000)
 ParOldGen       total 124416K, used 69083K [0x00000000a0000000, 0x00000000a7980000, 0x00000000e0000000)
  object space 124416K, 55% used [0x00000000a0000000,0x00000000a4376df0,0x00000000a7980000)
 Metaspace       used 71668K, capacity 74913K, committed 75096K, reserved 1114112K
  class space    used 9568K, capacity 10274K, committed 10368K, reserved 1048576K
Event: 70.986 GC heap after
Heap after GC invocations=23 (full 3):
 PSYoungGen      total 142848K, used 32227K [0x00000000e0000000, 0x00000000ee380000, 0x0000000100000000)
  eden space 110592K, 0% used [0x00000000e0000000,0x00000000e0000000,0x00000000e6c00000)
  from space 32256K, 99% used [0x00000000e9a80000,0x00000000eb9f8dc0,0x00000000eba00000)
  to   space 47616K, 0% used [0x00000000e6c00000,0x00000000e6c00000,0x00000000e9a80000)
 ParOldGen       total 124416K, used 97106K [0x00000000a0000000, 0x00000000a7980000, 0x00000000e0000000)
  object space 124416K, 78% used [0x00000000a0000000,0x00000000a5ed4b50,0x00000000a7980000)
 Metaspace       used 71668K, capacity 74913K, committed 75096K, reserved 1114112K
  class space    used 9568K, capacity 10274K, committed 10368K, reserved 1048576K
}
Event: 74.818 GC heap before
{Heap before GC invocations=24 (full 3):
 PSYoungGen      total 142848K, used 142819K [0x00000000e0000000, 0x00000000ee380000, 0x0000000100000000)
  eden space 110592K, 100% used [0x00000000e0000000,0x00000000e6c00000,0x00000000e6c00000)
  from space 32256K, 99% used [0x00000000e9a80000,0x00000000eb9f8dc0,0x00000000eba00000)
  to   space 47616K, 0% used [0x00000000e6c00000,0x00000000e6c00000,0x00000000e9a80000)
 ParOldGen       total 124416K, used 97106K [0x00000000a0000000, 0x00000000a7980000, 0x00000000e0000000)
  object space 124416K, 78% used [0x00000000a0000000,0x00000000a5ed4b50,0x00000000a7980000)
 Metaspace       used 73252K, capacity 76531K, committed 76760K, reserved 1116160K
  class space    used 9741K, capacity 10433K, committed 10496K, reserved 1048576K
Event: 74.896 GC heap after
Heap after GC invocations=24 (full 3):
 PSYoungGen      total 158208K, used 34526K [0x00000000e0000000, 0x00000000ee780000, 0x0000000100000000)
  eden space 110592K, 0% used [0x00000000e0000000,0x00000000e0000000,0x00000000e6c00000)
  from space 47616K, 72% used [0x00000000e6c00000,0x00000000e8db7ad0,0x00000000e9a80000)
  to   space 51200K, 0% used [0x00000000eb580000,0x00000000eb580000,0x00000000ee780000)
 ParOldGen       total 124416K, used 105199K [0x00000000a0000000, 0x00000000a7980000, 0x00000000e0000000)
  object space 124416K, 84% used [0x00000000a0000000,0x00000000a66bbe10,0x00000000a7980000)
 Metaspace       used 73252K, capacity 76531K, committed 76760K, reserved 1116160K
  class space    used 9741K, capacity 10433K, committed 10496K, reserved 1048576K
}
Event: 74.896 GC heap before
{Heap before GC invocations=25 (full 4):
 PSYoungGen      total 158208K, used 34526K [0x00000000e0000000, 0x00000000ee780000, 0x0000000100000000)
  eden space 110592K, 0% used [0x00000000e0000000,0x00000000e0000000,0x00000000e6c00000)
  from space 47616K, 72% used [0x00000000e6c00000,0x00000000e8db7ad0,0x00000000e9a80000)
  to   space 51200K, 0% used [0x00000000eb580000,0x00000000eb580000,0x00000000ee780000)
 ParOldGen       total 124416K, used 105199K [0x00000000a0000000, 0x00000000a7980000, 0x00000000e0000000)
  object space 124416K, 84% used [0x00000000a0000000,0x00000000a66bbe10,0x00000000a7980000)
 Metaspace       used 73252K, capacity 76531K, committed 76760K, reserved 1116160K
  class space    used 9741K, capacity 10433K, committed 10496K, reserved 1048576K
Event: 75.129 GC heap after
Heap after GC invocations=25 (full 4):
 PSYoungGen      total 158208K, used 0K [0x00000000e0000000, 0x00000000ee780000, 0x0000000100000000)
  eden space 110592K, 0% used [0x00000000e0000000,0x00000000e0000000,0x00000000e6c00000)
  from space 47616K, 0% used [0x00000000e6c00000,0x00000000e6c00000,0x00000000e9a80000)
  to   space 51200K, 0% used [0x00000000eb580000,0x00000000eb580000,0x00000000ee780000)
 ParOldGen       total 173056K, used 57198K [0x00000000a0000000, 0x00000000aa900000, 0x00000000e0000000)
  object space 173056K, 33% used [0x00000000a0000000,0x00000000a37db8a0,0x00000000aa900000)
 Metaspace       used 72878K, capacity 75539K, committed 76760K, reserved 1116160K
  class space    used 9611K, capacity 10205K, committed 10496K, reserved 1048576K
}

