# JRE version: OpenJDK Runtime Environment (8.0_152-b02) (build 1.8.0_152-release-1024-b02)
# Java VM: OpenJDK 64-Bit Server VM (25.152-b02 mixed mode windows-amd64 compressed oops)
Heap:
 PSYoungGen      total 65536K, used 18260K [0x00000000e0000000, 0x00000000e5c80000, 0x0000000100000000)
  eden space 46080K, 8% used [0x00000000e0000000,0x00000000e03f0eb0,0x00000000e2d00000)
  from space 19456K, 73% used [0x00000000e2d00000,0x00000000e3ae4250,0x00000000e4000000)
  to   space 20480K, 0% used [0x00000000e4880000,0x00000000e4880000,0x00000000e5c80000)
 ParOldGen       total 66048K, used 28747K [0x00000000a0000000, 0x00000000a4080000, 0x00000000e0000000)
  object space 66048K, 43% used [0x00000000a0000000,0x00000000a1c12d68,0x00000000a4080000)
 Metaspace       used 54453K, capacity 56314K, committed 56536K, reserved 1097728K
  class space    used 7458K, capacity 7922K, committed 7936K, reserved 1048576K
GC Heap History (10 events):
Event: 44.865 GC heap before
{Heap before GC invocations=25 (full 2):
 PSYoungGen      total 47104K, used 47083K [0x00000000e0000000, 0x00000000e3f80000, 0x0000000100000000)
  eden space 36352K, 100% used [0x00000000e0000000,0x00000000e2380000,0x00000000e2380000)
  from space 10752K, 99% used [0x00000000e3080000,0x00000000e3afad78,0x00000000e3b00000)
  to   space 13312K, 0% used [0x00000000e2380000,0x00000000e2380000,0x00000000e3080000)
 ParOldGen       total 66048K, used 18776K [0x00000000a0000000, 0x00000000a4080000, 0x00000000e0000000)
  object space 66048K, 28% used [0x00000000a0000000,0x00000000a12563a0,0x00000000a4080000)
 Metaspace       used 48677K, capacity 49926K, committed 50008K, reserved 1091584K
  class space    used 6616K, capacity 6970K, committed 7040K, reserved 1048576K
Event: 44.889 GC heap after
Heap after GC invocations=25 (full 2):
 PSYoungGen      total 49664K, used 13301K [0x00000000e0000000, 0x00000000e4700000, 0x0000000100000000)
  eden space 36352K, 0% used [0x00000000e0000000,0x00000000e0000000,0x00000000e2380000)
  from space 13312K, 99% used [0x00000000e2380000,0x00000000e307d768,0x00000000e3080000)
  to   space 15360K, 0% used [0x00000000e3800000,0x00000000e3800000,0x00000000e4700000)
 ParOldGen       total 66048K, used 19483K [0x00000000a0000000, 0x00000000a4080000, 0x00000000e0000000)
  object space 66048K, 29% used [0x00000000a0000000,0x00000000a1306e70,0x00000000a4080000)
 Metaspace       used 48677K, capacity 49926K, committed 50008K, reserved 1091584K
  class space    used 6616K, capacity 6970K, committed 7040K, reserved 1048576K
}
Event: 46.540 GC heap before
{Heap before GC invocations=26 (full 2):
 PSYoungGen      total 49664K, used 49653K [0x00000000e0000000, 0x00000000e4700000, 0x0000000100000000)
  eden space 36352K, 100% used [0x00000000e0000000,0x00000000e2380000,0x00000000e2380000)
  from space 13312K, 99% used [0x00000000e2380000,0x00000000e307d768,0x00000000e3080000)
  to   space 15360K, 0% used [0x00000000e3800000,0x00000000e3800000,0x00000000e4700000)
 ParOldGen       total 66048K, used 19483K [0x00000000a0000000, 0x00000000a4080000, 0x00000000e0000000)
  object space 66048K, 29% used [0x00000000a0000000,0x00000000a1306e70,0x00000000a4080000)
 Metaspace       used 50980K, capacity 52502K, committed 52696K, reserved 1095680K
  class space    used 6984K, capacity 7380K, committed 7424K, reserved 1048576K
Event: 46.624 GC heap after
Heap after GC invocations=26 (full 2):
 PSYoungGen      total 55296K, used 14779K [0x00000000e0000000, 0x00000000e4d80000, 0x0000000100000000)
  eden space 39936K, 0% used [0x00000000e0000000,0x00000000e0000000,0x00000000e2700000)
  from space 15360K, 96% used [0x00000000e3800000,0x00000000e466ec40,0x00000000e4700000)
  to   space 17408K, 0% used [0x00000000e2700000,0x00000000e2700000,0x00000000e3800000)
 ParOldGen       total 66048K, used 20363K [0x00000000a0000000, 0x00000000a4080000, 0x00000000e0000000)
  object space 66048K, 30% used [0x00000000a0000000,0x00000000a13e2e70,0x00000000a4080000)
 Metaspace       used 50980K, capacity 52502K, committed 52696K, reserved 1095680K
  class space    used 6984K, capacity 7380K, committed 7424K, reserved 1048576K
}
Event: 50.450 GC heap before
{Heap before GC invocations=27 (full 2):
 PSYoungGen      total 55296K, used 54715K [0x00000000e0000000, 0x00000000e4d80000, 0x0000000100000000)
  eden space 39936K, 100% used [0x00000000e0000000,0x00000000e2700000,0x00000000e2700000)
  from space 15360K, 96% used [0x00000000e3800000,0x00000000e466ec40,0x00000000e4700000)
  to   space 17408K, 0% used [0x00000000e2700000,0x00000000e2700000,0x00000000e3800000)
 ParOldGen       total 66048K, used 20363K [0x00000000a0000000, 0x00000000a4080000, 0x00000000e0000000)
  object space 66048K, 30% used [0x00000000a0000000,0x00000000a13e2e70,0x00000000a4080000)
 Metaspace       used 52633K, capacity 54208K, committed 54488K, reserved 1095680K
  class space    used 7234K, capacity 7635K, committed 7680K, reserved 1048576K
Event: 50.526 GC heap after
Heap after GC invocations=27 (full 2):
 PSYoungGen      total 57344K, used 13807K [0x00000000e0000000, 0x00000000e5280000, 0x0000000100000000)
  eden space 39936K, 0% used [0x00000000e0000000,0x00000000e0000000,0x00000000e2700000)
  from space 17408K, 79% used [0x00000000e2700000,0x00000000e347bec0,0x00000000e3800000)
  to   space 18944K, 0% used [0x00000000e4000000,0x00000000e4000000,0x00000000e5280000)
 ParOldGen       total 66048K, used 25183K [0x00000000a0000000, 0x00000000a4080000, 0x00000000e0000000)
  object space 66048K, 38% used [0x00000000a0000000,0x00000000a1897d58,0x00000000a4080000)
 Metaspace       used 52633K, capacity 54208K, committed 54488K, reserved 1095680K
  class space    used 7234K, capacity 7635K, committed 7680K, reserved 1048576K
}
Event: 59.924 GC heap before
{Heap before GC invocations=28 (full 2):
 PSYoungGen      total 57344K, used 53743K [0x00000000e0000000, 0x00000000e5280000, 0x0000000100000000)
  eden space 39936K, 100% used [0x00000000e0000000,0x00000000e2700000,0x00000000e2700000)
  from space 17408K, 79% used [0x00000000e2700000,0x00000000e347bec0,0x00000000e3800000)
  to   space 18944K, 0% used [0x00000000e4000000,0x00000000e4000000,0x00000000e5280000)
 ParOldGen       total 66048K, used 25183K [0x00000000a0000000, 0x00000000a4080000, 0x00000000e0000000)
  object space 66048K, 38% used [0x00000000a0000000,0x00000000a1897d58,0x00000000a4080000)
 Metaspace       used 53889K, capacity 55554K, committed 55768K, reserved 1097728K
  class space    used 7389K, capacity 7846K, committed 7936K, reserved 1048576K
Event: 59.961 GC heap after
Heap after GC invocations=28 (full 2):
 PSYoungGen      total 65024K, used 12562K [0x00000000e0000000, 0x00000000e5300000, 0x0000000100000000)
  eden space 46080K, 0% used [0x00000000e0000000,0x00000000e0000000,0x00000000e2d00000)
  from space 18944K, 66% used [0x00000000e4000000,0x00000000e4c448d8,0x00000000e5280000)
  to   space 19456K, 0% used [0x00000000e2d00000,0x00000000e2d00000,0x00000000e4000000)
 ParOldGen       total 66048K, used 28747K [0x00000000a0000000, 0x00000000a4080000, 0x00000000e0000000)
  object space 66048K, 43% used [0x00000000a0000000,0x00000000a1c12d68,0x00000000a4080000)
 Metaspace       used 53889K, capacity 55554K, committed 55768K, reserved 1097728K
  class space    used 7389K, capacity 7846K, committed 7936K, reserved 1048576K
}
Event: 67.834 GC heap before
{Heap before GC invocations=29 (full 2):
 PSYoungGen      total 65024K, used 58642K [0x00000000e0000000, 0x00000000e5300000, 0x0000000100000000)
  eden space 46080K, 100% used [0x00000000e0000000,0x00000000e2d00000,0x00000000e2d00000)
  from space 18944K, 66% used [0x00000000e4000000,0x00000000e4c448d8,0x00000000e5280000)
  to   space 19456K, 0% used [0x00000000e2d00000,0x00000000e2d00000,0x00000000e4000000)
 ParOldGen       total 66048K, used 28747K [0x00000000a0000000, 0x00000000a4080000, 0x00000000e0000000)
  object space 66048K, 43% used [0x00000000a0000000,0x00000000a1c12d68,0x00000000a4080000)
 Metaspace       used 54442K, capacity 56250K, committed 56280K, reserved 1097728K
  class space    used 7454K, capacity 7922K, committed 7936K, reserved 1048576K
Event: 68.137 GC heap after
Heap after GC invocations=29 (full 2):
 PSYoungGen      total 65536K, used 14224K [0x00000000e0000000, 0x00000000e5c80000, 0x0000000100000000)
  eden space 46080K, 0% used [0x00000000e0000000,0x00000000e0000000,0x00000000e2d00000)
  from space 19456K, 73% used [0x00000000e2d00000,0x00000000e3ae4250,0x00000000e4000000)
  to   space 20480K, 0% used [0x00000000e4880000,0x00000000e4880000,0x00000000e5c80000)
 ParOldGen       total 66048K, used 28747K [0x00000000a0000000, 0x00000000a4080000, 0x00000000e0000000)
  object space 66048K, 43% used [0x00000000a0000000,0x00000000a1c12d68,0x00000000a4080000)
 Metaspace       used 54442K, capacity 56250K, committed 56280K, reserved 1097728K
  class space    used 7454K, capacity 7922K, committed 7936K, reserved 1048576K
}

