# JRE version: OpenJDK Runtime Environment (8.0_152-b02) (build 1.8.0_152-release-1024-b02)
# Java VM: OpenJDK 64-Bit Server VM (25.152-b02 mixed mode windows-amd64 compressed oops)
Heap:
 PSYoungGen      total 240640K, used 58840K [0x00000000e0000000, 0x00000000f2980000, 0x0000000100000000)
  eden space 221696K, 23% used [0x00000000e0000000,0x00000000e32bca80,0x00000000ed880000)
  from space 18944K, 36% used [0x00000000ed880000,0x00000000edf39668,0x00000000eeb00000)
  to   space 18432K, 0% used [0x00000000eeb00000,0x00000000eeb00000,0x00000000efd00000)
 ParOldGen       total 91136K, used 42136K [0x00000000a0000000, 0x00000000a5900000, 0x00000000e0000000)
  object space 91136K, 46% used [0x00000000a0000000,0x00000000a2926238,0x00000000a5900000)
 Metaspace       used 64822K, capacity 67654K, committed 67800K, reserved 1107968K
  class space    used 8515K, capacity 9154K, committed 9216K, reserved 1048576K
GC Heap History (10 events):
Event: 37.901 GC heap before
{Heap before GC invocations=18 (full 3):
 PSYoungGen      total 173056K, used 5021K [0x00000000e0000000, 0x00000000ee400000, 0x0000000100000000)
  eden space 157184K, 0% used [0x00000000e0000000,0x00000000e0000000,0x00000000e9980000)
  from space 15872K, 31% used [0x00000000e9980000,0x00000000e9e67438,0x00000000ea900000)
  to   space 15360K, 0% used [0x00000000ed500000,0x00000000ed500000,0x00000000ee400000)
 ParOldGen       total 52224K, used 41018K [0x00000000a0000000, 0x00000000a3300000, 0x00000000e0000000)
  object space 52224K, 78% used [0x00000000a0000000,0x00000000a280eb20,0x00000000a3300000)
 Metaspace       used 56966K, capacity 58842K, committed 58968K, reserved 1099776K
  class space    used 7723K, capacity 8214K, committed 8320K, reserved 1048576K
Event: 38.271 GC heap after
Heap after GC invocations=18 (full 3):
 PSYoungGen      total 173056K, used 0K [0x00000000e0000000, 0x00000000ee400000, 0x0000000100000000)
  eden space 157184K, 0% used [0x00000000e0000000,0x00000000e0000000,0x00000000e9980000)
  from space 15872K, 0% used [0x00000000e9980000,0x00000000e9980000,0x00000000ea900000)
  to   space 15360K, 0% used [0x00000000ed500000,0x00000000ed500000,0x00000000ee400000)
 ParOldGen       total 91136K, used 39510K [0x00000000a0000000, 0x00000000a5900000, 0x00000000e0000000)
  object space 91136K, 43% used [0x00000000a0000000,0x00000000a2695bb8,0x00000000a5900000)
 Metaspace       used 56966K, capacity 58842K, committed 58968K, reserved 1099776K
  class space    used 7723K, capacity 8214K, committed 8320K, reserved 1048576K
}
Event: 76.228 GC heap before
{Heap before GC invocations=19 (full 3):
 PSYoungGen      total 173056K, used 157184K [0x00000000e0000000, 0x00000000ee400000, 0x0000000100000000)
  eden space 157184K, 100% used [0x00000000e0000000,0x00000000e9980000,0x00000000e9980000)
  from space 15872K, 0% used [0x00000000e9980000,0x00000000e9980000,0x00000000ea900000)
  to   space 15360K, 0% used [0x00000000ed500000,0x00000000ed500000,0x00000000ee400000)
 ParOldGen       total 91136K, used 39510K [0x00000000a0000000, 0x00000000a5900000, 0x00000000e0000000)
  object space 91136K, 43% used [0x00000000a0000000,0x00000000a2695bb8,0x00000000a5900000)
 Metaspace       used 60191K, capacity 62352K, committed 62552K, reserved 1103872K
  class space    used 7951K, capacity 8481K, committed 8576K, reserved 1048576K
Event: 76.260 GC heap after
Heap after GC invocations=19 (full 3):
 PSYoungGen      total 205824K, used 12167K [0x00000000e0000000, 0x00000000ee100000, 0x0000000100000000)
  eden space 193536K, 0% used [0x00000000e0000000,0x00000000e0000000,0x00000000ebd00000)
  from space 12288K, 99% used [0x00000000ed500000,0x00000000ee0e1d28,0x00000000ee100000)
  to   space 16384K, 0% used [0x00000000ec100000,0x00000000ec100000,0x00000000ed100000)
 ParOldGen       total 91136K, used 39518K [0x00000000a0000000, 0x00000000a5900000, 0x00000000e0000000)
  object space 91136K, 43% used [0x00000000a0000000,0x00000000a2697bb8,0x00000000a5900000)
 Metaspace       used 60191K, capacity 62352K, committed 62552K, reserved 1103872K
  class space    used 7951K, capacity 8481K, committed 8576K, reserved 1048576K
}
Event: 81.092 GC heap before
{Heap before GC invocations=20 (full 3):
 PSYoungGen      total 205824K, used 204818K [0x00000000e0000000, 0x00000000ee100000, 0x0000000100000000)
  eden space 193536K, 99% used [0x00000000e0000000,0x00000000ebc22d58,0x00000000ebd00000)
  from space 12288K, 99% used [0x00000000ed500000,0x00000000ee0e1d28,0x00000000ee100000)
  to   space 16384K, 0% used [0x00000000ec100000,0x00000000ec100000,0x00000000ed100000)
 ParOldGen       total 91136K, used 39518K [0x00000000a0000000, 0x00000000a5900000, 0x00000000e0000000)
  object space 91136K, 43% used [0x00000000a0000000,0x00000000a2697bb8,0x00000000a5900000)
 Metaspace       used 62209K, capacity 64592K, committed 64856K, reserved 1105920K
  class space    used 8204K, capacity 8785K, committed 8832K, reserved 1048576K
Event: 81.119 GC heap after
Heap after GC invocations=20 (full 3):
 PSYoungGen      total 214016K, used 14448K [0x00000000e0000000, 0x00000000efd00000, 0x0000000100000000)
  eden space 197632K, 0% used [0x00000000e0000000,0x00000000e0000000,0x00000000ec100000)
  from space 16384K, 88% used [0x00000000ec100000,0x00000000ecf1c078,0x00000000ed100000)
  to   space 18432K, 0% used [0x00000000eeb00000,0x00000000eeb00000,0x00000000efd00000)
 ParOldGen       total 91136K, used 39526K [0x00000000a0000000, 0x00000000a5900000, 0x00000000e0000000)
  object space 91136K, 43% used [0x00000000a0000000,0x00000000a2699bb8,0x00000000a5900000)
 Metaspace       used 62209K, capacity 64592K, committed 64856K, reserved 1105920K
  class space    used 8204K, capacity 8785K, committed 8832K, reserved 1048576K
}
Event: 81.159 GC heap before
{Heap before GC invocations=21 (full 3):
 PSYoungGen      total 214016K, used 211450K [0x00000000e0000000, 0x00000000efd00000, 0x0000000100000000)
  eden space 197632K, 99% used [0x00000000e0000000,0x00000000ec0627c8,0x00000000ec100000)
  from space 16384K, 88% used [0x00000000ec100000,0x00000000ecf1c078,0x00000000ed100000)
  to   space 18432K, 0% used [0x00000000eeb00000,0x00000000eeb00000,0x00000000efd00000)
 ParOldGen       total 91136K, used 39526K [0x00000000a0000000, 0x00000000a5900000, 0x00000000e0000000)
  object space 91136K, 43% used [0x00000000a0000000,0x00000000a2699bb8,0x00000000a5900000)
 Metaspace       used 62216K, capacity 64592K, committed 64856K, reserved 1105920K
  class space    used 8204K, capacity 8785K, committed 8832K, reserved 1048576K
Event: 81.177 GC heap after
Heap after GC invocations=21 (full 3):
 PSYoungGen      total 240128K, used 12707K [0x00000000e0000000, 0x00000000f2980000, 0x0000000100000000)
  eden space 221696K, 0% used [0x00000000e0000000,0x00000000e0000000,0x00000000ed880000)
  from space 18432K, 68% used [0x00000000eeb00000,0x00000000ef768f40,0x00000000efd00000)
  to   space 18944K, 0% used [0x00000000ed880000,0x00000000ed880000,0x00000000eeb00000)
 ParOldGen       total 91136K, used 39526K [0x00000000a0000000, 0x00000000a5900000, 0x00000000e0000000)
  object space 91136K, 43% used [0x00000000a0000000,0x00000000a2699bb8,0x00000000a5900000)
 Metaspace       used 62216K, capacity 64592K, committed 64856K, reserved 1105920K
  class space    used 8204K, capacity 8785K, committed 8832K, reserved 1048576K
}
Event: 1391.711 GC heap before
{Heap before GC invocations=22 (full 3):
 PSYoungGen      total 240128K, used 234403K [0x00000000e0000000, 0x00000000f2980000, 0x0000000100000000)
  eden space 221696K, 100% used [0x00000000e0000000,0x00000000ed880000,0x00000000ed880000)
  from space 18432K, 68% used [0x00000000eeb00000,0x00000000ef768f40,0x00000000efd00000)
  to   space 18944K, 0% used [0x00000000ed880000,0x00000000ed880000,0x00000000eeb00000)
 ParOldGen       total 91136K, used 39526K [0x00000000a0000000, 0x00000000a5900000, 0x00000000e0000000)
  object space 91136K, 43% used [0x00000000a0000000,0x00000000a2699bb8,0x00000000a5900000)
 Metaspace       used 63897K, capacity 66554K, committed 66648K, reserved 1107968K
  class space    used 8418K, capacity 9012K, committed 9088K, reserved 1048576K
Event: 1391.851 GC heap after
Heap after GC invocations=22 (full 3):
 PSYoungGen      total 240640K, used 6885K [0x00000000e0000000, 0x00000000f2980000, 0x0000000100000000)
  eden space 221696K, 0% used [0x00000000e0000000,0x00000000e0000000,0x00000000ed880000)
  from space 18944K, 36% used [0x00000000ed880000,0x00000000edf39668,0x00000000eeb00000)
  to   space 18432K, 0% used [0x00000000eeb00000,0x00000000eeb00000,0x00000000efd00000)
 ParOldGen       total 91136K, used 42136K [0x00000000a0000000, 0x00000000a5900000, 0x00000000e0000000)
  object space 91136K, 46% used [0x00000000a0000000,0x00000000a2926238,0x00000000a5900000)
 Metaspace       used 63897K, capacity 66554K, committed 66648K, reserved 1107968K
  class space    used 8418K, capacity 9012K, committed 9088K, reserved 1048576K
}

