# JRE version: OpenJDK Runtime Environment (8.0_152-b02) (build 1.8.0_152-release-1024-b02)
# Java VM: OpenJDK 64-Bit Server VM (25.152-b02 mixed mode windows-amd64 compressed oops)
Heap:
 PSYoungGen      total 486400K, used 370441K [0x00000000e0000000, 0x00000000ffa80000, 0x0000000100000000)
  eden space 459264K, 78% used [0x00000000e0000000,0x00000000f5fc4de0,0x00000000fc080000)
  from space 27136K, 37% used [0x00000000fe000000,0x00000000fe9fd940,0x00000000ffa80000)
  to   space 29696K, 0% used [0x00000000fc080000,0x00000000fc080000,0x00000000fdd80000)
 ParOldGen       total 94208K, used 78775K [0x00000000a0000000, 0x00000000a5c00000, 0x00000000e0000000)
  object space 94208K, 83% used [0x00000000a0000000,0x00000000a4cedc38,0x00000000a5c00000)
 Metaspace       used 79595K, capacity 82696K, committed 83032K, reserved 1122304K
  class space    used 10089K, capacity 10756K, committed 10880K, reserved 1048576K
GC Heap History (10 events):
Event: 148.126 GC heap before
{Heap before GC invocations=27 (full 3):
 PSYoungGen      total 385536K, used 354034K [0x00000000e0000000, 0x00000000ff200000, 0x0000000100000000)
  eden space 349184K, 100% used [0x00000000e0000000,0x00000000f5500000,0x00000000f5500000)
  from space 36352K, 13% used [0x00000000f5500000,0x00000000f59bc8a0,0x00000000f7880000)
  to   space 35840K, 0% used [0x00000000fcf00000,0x00000000fcf00000,0x00000000ff200000)
 ParOldGen       total 94208K, used 78591K [0x00000000a0000000, 0x00000000a5c00000, 0x00000000e0000000)
  object space 94208K, 83% used [0x00000000a0000000,0x00000000a4cbfc38,0x00000000a5c00000)
 Metaspace       used 79260K, capacity 82260K, committed 82392K, reserved 1120256K
  class space    used 10083K, capacity 10722K, committed 10752K, reserved 1048576K
Event: 148.133 GC heap after
Heap after GC invocations=27 (full 3):
 PSYoungGen      total 455680K, used 1152K [0x00000000e0000000, 0x00000000fe880000, 0x0000000100000000)
  eden space 429568K, 0% used [0x00000000e0000000,0x00000000e0000000,0x00000000fa380000)
  from space 26112K, 4% used [0x00000000fcf00000,0x00000000fd020000,0x00000000fe880000)
  to   space 35328K, 0% used [0x00000000fa380000,0x00000000fa380000,0x00000000fc600000)
 ParOldGen       total 94208K, used 78719K [0x00000000a0000000, 0x00000000a5c00000, 0x00000000e0000000)
  object space 94208K, 83% used [0x00000000a0000000,0x00000000a4cdfc38,0x00000000a5c00000)
 Metaspace       used 79260K, capacity 82260K, committed 82392K, reserved 1120256K
  class space    used 10083K, capacity 10722K, committed 10752K, reserved 1048576K
}
Event: 151.126 GC heap before
{Heap before GC invocations=28 (full 3):
 PSYoungGen      total 455680K, used 430720K [0x00000000e0000000, 0x00000000fe880000, 0x0000000100000000)
  eden space 429568K, 100% used [0x00000000e0000000,0x00000000fa380000,0x00000000fa380000)
  from space 26112K, 4% used [0x00000000fcf00000,0x00000000fd020000,0x00000000fe880000)
  to   space 35328K, 0% used [0x00000000fa380000,0x00000000fa380000,0x00000000fc600000)
 ParOldGen       total 94208K, used 78719K [0x00000000a0000000, 0x00000000a5c00000, 0x00000000e0000000)
  object space 94208K, 83% used [0x00000000a0000000,0x00000000a4cdfc38,0x00000000a5c00000)
 Metaspace       used 79285K, capacity 82324K, committed 82392K, reserved 1120256K
  class space    used 10083K, capacity 10722K, committed 10752K, reserved 1048576K
Event: 151.144 GC heap after
Heap after GC invocations=28 (full 3):
 PSYoungGen      total 464896K, used 3714K [0x00000000e0000000, 0x0000000100000000, 0x0000000100000000)
  eden space 429568K, 0% used [0x00000000e0000000,0x00000000e0000000,0x00000000fa380000)
  from space 35328K, 10% used [0x00000000fa380000,0x00000000fa720a90,0x00000000fc600000)
  to   space 34304K, 0% used [0x00000000fde80000,0x00000000fde80000,0x0000000100000000)
 ParOldGen       total 94208K, used 78727K [0x00000000a0000000, 0x00000000a5c00000, 0x00000000e0000000)
  object space 94208K, 83% used [0x00000000a0000000,0x00000000a4ce1c38,0x00000000a5c00000)
 Metaspace       used 79285K, capacity 82324K, committed 82392K, reserved 1120256K
  class space    used 10083K, capacity 10722K, committed 10752K, reserved 1048576K
}
Event: 153.566 GC heap before
{Heap before GC invocations=29 (full 3):
 PSYoungGen      total 464896K, used 433282K [0x00000000e0000000, 0x0000000100000000, 0x0000000100000000)
  eden space 429568K, 100% used [0x00000000e0000000,0x00000000fa380000,0x00000000fa380000)
  from space 35328K, 10% used [0x00000000fa380000,0x00000000fa720a90,0x00000000fc600000)
  to   space 34304K, 0% used [0x00000000fde80000,0x00000000fde80000,0x0000000100000000)
 ParOldGen       total 94208K, used 78727K [0x00000000a0000000, 0x00000000a5c00000, 0x00000000e0000000)
  object space 94208K, 83% used [0x00000000a0000000,0x00000000a4ce1c38,0x00000000a5c00000)
 Metaspace       used 79338K, capacity 82332K, committed 82392K, reserved 1120256K
  class space    used 10083K, capacity 10722K, committed 10752K, reserved 1048576K
Event: 153.584 GC heap after
Heap after GC invocations=29 (full 3):
 PSYoungGen      total 485888K, used 3955K [0x00000000e0000000, 0x00000000ffd00000, 0x0000000100000000)
  eden space 454656K, 0% used [0x00000000e0000000,0x00000000e0000000,0x00000000fbc00000)
  from space 31232K, 12% used [0x00000000fde80000,0x00000000fe25cda8,0x00000000ffd00000)
  to   space 33280K, 0% used [0x00000000fbc00000,0x00000000fbc00000,0x00000000fdc80000)
 ParOldGen       total 94208K, used 78743K [0x00000000a0000000, 0x00000000a5c00000, 0x00000000e0000000)
  object space 94208K, 83% used [0x00000000a0000000,0x00000000a4ce5c38,0x00000000a5c00000)
 Metaspace       used 79338K, capacity 82332K, committed 82392K, reserved 1120256K
  class space    used 10083K, capacity 10722K, committed 10752K, reserved 1048576K
}
Event: 156.279 GC heap before
{Heap before GC invocations=30 (full 3):
 PSYoungGen      total 485888K, used 458611K [0x00000000e0000000, 0x00000000ffd00000, 0x0000000100000000)
  eden space 454656K, 100% used [0x00000000e0000000,0x00000000fbc00000,0x00000000fbc00000)
  from space 31232K, 12% used [0x00000000fde80000,0x00000000fe25cda8,0x00000000ffd00000)
  to   space 33280K, 0% used [0x00000000fbc00000,0x00000000fbc00000,0x00000000fdc80000)
 ParOldGen       total 94208K, used 78743K [0x00000000a0000000, 0x00000000a5c00000, 0x00000000e0000000)
  object space 94208K, 83% used [0x00000000a0000000,0x00000000a4ce5c38,0x00000000a5c00000)
 Metaspace       used 79418K, capacity 82460K, committed 82648K, reserved 1122304K
  class space    used 10083K, capacity 10722K, committed 10752K, reserved 1048576K
Event: 156.305 GC heap after
Heap after GC invocations=30 (full 3):
 PSYoungGen      total 487936K, used 5230K [0x00000000e0000000, 0x00000000fff00000, 0x0000000100000000)
  eden space 454656K, 0% used [0x00000000e0000000,0x00000000e0000000,0x00000000fbc00000)
  from space 33280K, 15% used [0x00000000fbc00000,0x00000000fc11b9a8,0x00000000fdc80000)
  to   space 31744K, 0% used [0x00000000fe000000,0x00000000fe000000,0x00000000fff00000)
 ParOldGen       total 94208K, used 78759K [0x00000000a0000000, 0x00000000a5c00000, 0x00000000e0000000)
  object space 94208K, 83% used [0x00000000a0000000,0x00000000a4ce9c38,0x00000000a5c00000)
 Metaspace       used 79418K, capacity 82460K, committed 82648K, reserved 1122304K
  class space    used 10083K, capacity 10722K, committed 10752K, reserved 1048576K
}
Event: 158.333 GC heap before
{Heap before GC invocations=31 (full 3):
 PSYoungGen      total 487936K, used 459886K [0x00000000e0000000, 0x00000000fff00000, 0x0000000100000000)
  eden space 454656K, 100% used [0x00000000e0000000,0x00000000fbc00000,0x00000000fbc00000)
  from space 33280K, 15% used [0x00000000fbc00000,0x00000000fc11b9a8,0x00000000fdc80000)
  to   space 31744K, 0% used [0x00000000fe000000,0x00000000fe000000,0x00000000fff00000)
 ParOldGen       total 94208K, used 78759K [0x00000000a0000000, 0x00000000a5c00000, 0x00000000e0000000)
  object space 94208K, 83% used [0x00000000a0000000,0x00000000a4ce9c38,0x00000000a5c00000)
 Metaspace       used 79442K, capacity 82460K, committed 82648K, reserved 1122304K
  class space    used 10083K, capacity 10722K, committed 10752K, reserved 1048576K
Event: 158.370 GC heap after
Heap after GC invocations=31 (full 3):
 PSYoungGen      total 486400K, used 10230K [0x00000000e0000000, 0x00000000ffa80000, 0x0000000100000000)
  eden space 459264K, 0% used [0x00000000e0000000,0x00000000e0000000,0x00000000fc080000)
  from space 27136K, 37% used [0x00000000fe000000,0x00000000fe9fd940,0x00000000ffa80000)
  to   space 29696K, 0% used [0x00000000fc080000,0x00000000fc080000,0x00000000fdd80000)
 ParOldGen       total 94208K, used 78775K [0x00000000a0000000, 0x00000000a5c00000, 0x00000000e0000000)
  object space 94208K, 83% used [0x00000000a0000000,0x00000000a4cedc38,0x00000000a5c00000)
 Metaspace       used 79442K, capacity 82460K, committed 82648K, reserved 1122304K
  class space    used 10083K, capacity 10722K, committed 10752K, reserved 1048576K
}

