# JRE version: OpenJDK Runtime Environment (8.0_152-b01) (build 1.8.0_152-release-1248-b01)
# Java VM: OpenJDK 64-Bit Server VM (25.152-b01 mixed mode windows-amd64 compressed oops)
Heap:
 PSYoungGen      total 105472K, used 27950K [0x00000000e0000000, 0x00000000e8580000, 0x0000000100000000)
  eden space 94208K, 29% used [0x00000000e0000000,0x00000000e1b4bb70,0x00000000e5c00000)
  from space 11264K, 0% used [0x00000000e5c00000,0x00000000e5c00000,0x00000000e6700000)
  to   space 12288K, 0% used [0x00000000e7980000,0x00000000e7980000,0x00000000e8580000)
 ParOldGen       total 93696K, used 36223K [0x00000000a0000000, 0x00000000a5b80000, 0x00000000e0000000)
  object space 93696K, 38% used [0x00000000a0000000,0x00000000a235ff98,0x00000000a5b80000)
 Metaspace       used 59040K, capacity 60836K, committed 61104K, reserved 1101824K
  class space    used 8088K, capacity 8582K, committed 8624K, reserved 1048576K
GC Heap History (10 events):
Event: 23.667 GC heap before
{Heap before GC invocations=16 (full 2):
 PSYoungGen      total 63488K, used 57344K [0x00000000e0000000, 0x00000000e5480000, 0x0000000100000000)
  eden space 57344K, 100% used [0x00000000e0000000,0x00000000e3800000,0x00000000e3800000)
  from space 6144K, 0% used [0x00000000e3800000,0x00000000e3800000,0x00000000e3e00000)
  to   space 6144K, 0% used [0x00000000e4e80000,0x00000000e4e80000,0x00000000e5480000)
 ParOldGen       total 55296K, used 16666K [0x00000000a0000000, 0x00000000a3600000, 0x00000000e0000000)
  object space 55296K, 30% used [0x00000000a0000000,0x00000000a1046998,0x00000000a3600000)
 Metaspace       used 40860K, capacity 41658K, committed 42032K, reserved 1085440K
  class space    used 5546K, capacity 5823K, committed 5936K, reserved 1048576K
Event: 23.682 GC heap after
Heap after GC invocations=16 (full 2):
 PSYoungGen      total 78848K, used 6115K [0x00000000e0000000, 0x00000000e5600000, 0x0000000100000000)
  eden space 72704K, 0% used [0x00000000e0000000,0x00000000e0000000,0x00000000e4700000)
  from space 6144K, 99% used [0x00000000e4e80000,0x00000000e5478de8,0x00000000e5480000)
  to   space 7680K, 0% used [0x00000000e4700000,0x00000000e4700000,0x00000000e4e80000)
 ParOldGen       total 55296K, used 19257K [0x00000000a0000000, 0x00000000a3600000, 0x00000000e0000000)
  object space 55296K, 34% used [0x00000000a0000000,0x00000000a12ce508,0x00000000a3600000)
 Metaspace       used 40860K, capacity 41658K, committed 42032K, reserved 1085440K
  class space    used 5546K, capacity 5823K, committed 5936K, reserved 1048576K
}
Event: 26.210 GC heap before
{Heap before GC invocations=17 (full 2):
 PSYoungGen      total 78848K, used 78819K [0x00000000e0000000, 0x00000000e5600000, 0x0000000100000000)
  eden space 72704K, 100% used [0x00000000e0000000,0x00000000e4700000,0x00000000e4700000)
  from space 6144K, 99% used [0x00000000e4e80000,0x00000000e5478de8,0x00000000e5480000)
  to   space 7680K, 0% used [0x00000000e4700000,0x00000000e4700000,0x00000000e4e80000)
 ParOldGen       total 55296K, used 19257K [0x00000000a0000000, 0x00000000a3600000, 0x00000000e0000000)
  object space 55296K, 34% used [0x00000000a0000000,0x00000000a12ce508,0x00000000a3600000)
 Metaspace       used 44631K, capacity 45566K, committed 45872K, reserved 1089536K
  class space    used 6109K, capacity 6430K, committed 6448K, reserved 1048576K
Event: 26.253 GC heap after
Heap after GC invocations=17 (full 2):
 PSYoungGen      total 80384K, used 7660K [0x00000000e0000000, 0x00000000e7180000, 0x0000000100000000)
  eden space 72704K, 0% used [0x00000000e0000000,0x00000000e0000000,0x00000000e4700000)
  from space 7680K, 99% used [0x00000000e4700000,0x00000000e4e7b048,0x00000000e4e80000)
  to   space 10752K, 0% used [0x00000000e6700000,0x00000000e6700000,0x00000000e7180000)
 ParOldGen       total 55296K, used 24769K [0x00000000a0000000, 0x00000000a3600000, 0x00000000e0000000)
  object space 55296K, 44% used [0x00000000a0000000,0x00000000a1830480,0x00000000a3600000)
 Metaspace       used 44631K, capacity 45566K, committed 45872K, reserved 1089536K
  class space    used 6109K, capacity 6430K, committed 6448K, reserved 1048576K
}
Event: 29.639 GC heap before
{Heap before GC invocations=18 (full 2):
 PSYoungGen      total 80384K, used 80364K [0x00000000e0000000, 0x00000000e7180000, 0x0000000100000000)
  eden space 72704K, 100% used [0x00000000e0000000,0x00000000e4700000,0x00000000e4700000)
  from space 7680K, 99% used [0x00000000e4700000,0x00000000e4e7b048,0x00000000e4e80000)
  to   space 10752K, 0% used [0x00000000e6700000,0x00000000e6700000,0x00000000e7180000)
 ParOldGen       total 55296K, used 24769K [0x00000000a0000000, 0x00000000a3600000, 0x00000000e0000000)
  object space 55296K, 44% used [0x00000000a0000000,0x00000000a1830480,0x00000000a3600000)
 Metaspace       used 52640K, capacity 53806K, committed 53808K, reserved 1095680K
  class space    used 7117K, capacity 7470K, committed 7472K, reserved 1048576K
Event: 29.667 GC heap after
Heap after GC invocations=18 (full 2):
 PSYoungGen      total 104960K, used 8265K [0x00000000e0000000, 0x00000000e7200000, 0x0000000100000000)
  eden space 94208K, 0% used [0x00000000e0000000,0x00000000e0000000,0x00000000e5c00000)
  from space 10752K, 76% used [0x00000000e6700000,0x00000000e6f12728,0x00000000e7180000)
  to   space 11264K, 0% used [0x00000000e5c00000,0x00000000e5c00000,0x00000000e6700000)
 ParOldGen       total 55296K, used 31015K [0x00000000a0000000, 0x00000000a3600000, 0x00000000e0000000)
  object space 55296K, 56% used [0x00000000a0000000,0x00000000a1e49d00,0x00000000a3600000)
 Metaspace       used 52640K, capacity 53806K, committed 53808K, reserved 1095680K
  class space    used 7117K, capacity 7470K, committed 7472K, reserved 1048576K
}
Event: 32.963 GC heap before
{Heap before GC invocations=19 (full 2):
 PSYoungGen      total 104960K, used 89845K [0x00000000e0000000, 0x00000000e7200000, 0x0000000100000000)
  eden space 94208K, 86% used [0x00000000e0000000,0x00000000e4faacf8,0x00000000e5c00000)
  from space 10752K, 76% used [0x00000000e6700000,0x00000000e6f12728,0x00000000e7180000)
  to   space 11264K, 0% used [0x00000000e5c00000,0x00000000e5c00000,0x00000000e6700000)
 ParOldGen       total 55296K, used 31015K [0x00000000a0000000, 0x00000000a3600000, 0x00000000e0000000)
  object space 55296K, 56% used [0x00000000a0000000,0x00000000a1e49d00,0x00000000a3600000)
 Metaspace       used 57520K, capacity 59096K, committed 59160K, reserved 1099776K
  class space    used 7885K, capacity 8363K, committed 8368K, reserved 1048576K
Event: 32.989 GC heap after
Heap after GC invocations=19 (full 2):
 PSYoungGen      total 105472K, used 9379K [0x00000000e0000000, 0x00000000e8580000, 0x0000000100000000)
  eden space 94208K, 0% used [0x00000000e0000000,0x00000000e0000000,0x00000000e5c00000)
  from space 11264K, 83% used [0x00000000e5c00000,0x00000000e6528cc8,0x00000000e6700000)
  to   space 12288K, 0% used [0x00000000e7980000,0x00000000e7980000,0x00000000e8580000)
 ParOldGen       total 55296K, used 34139K [0x00000000a0000000, 0x00000000a3600000, 0x00000000e0000000)
  object space 55296K, 61% used [0x00000000a0000000,0x00000000a2156d88,0x00000000a3600000)
 Metaspace       used 57520K, capacity 59096K, committed 59160K, reserved 1099776K
  class space    used 7885K, capacity 8363K, committed 8368K, reserved 1048576K
}
Event: 32.989 GC heap before
{Heap before GC invocations=20 (full 3):
 PSYoungGen      total 105472K, used 9379K [0x00000000e0000000, 0x00000000e8580000, 0x0000000100000000)
  eden space 94208K, 0% used [0x00000000e0000000,0x00000000e0000000,0x00000000e5c00000)
  from space 11264K, 83% used [0x00000000e5c00000,0x00000000e6528cc8,0x00000000e6700000)
  to   space 12288K, 0% used [0x00000000e7980000,0x00000000e7980000,0x00000000e8580000)
 ParOldGen       total 55296K, used 34139K [0x00000000a0000000, 0x00000000a3600000, 0x00000000e0000000)
  object space 55296K, 61% used [0x00000000a0000000,0x00000000a2156d88,0x00000000a3600000)
 Metaspace       used 57520K, capacity 59096K, committed 59160K, reserved 1099776K
  class space    used 7885K, capacity 8363K, committed 8368K, reserved 1048576K
Event: 33.580 GC heap after
Heap after GC invocations=20 (full 3):
 PSYoungGen      total 105472K, used 0K [0x00000000e0000000, 0x00000000e8580000, 0x0000000100000000)
  eden space 94208K, 0% used [0x00000000e0000000,0x00000000e0000000,0x00000000e5c00000)
  from space 11264K, 0% used [0x00000000e5c00000,0x00000000e5c00000,0x00000000e6700000)
  to   space 12288K, 0% used [0x00000000e7980000,0x00000000e7980000,0x00000000e8580000)
 ParOldGen       total 93696K, used 36223K [0x00000000a0000000, 0x00000000a5b80000, 0x00000000e0000000)
  object space 93696K, 38% used [0x00000000a0000000,0x00000000a235ff98,0x00000000a5b80000)
 Metaspace       used 57520K, capacity 59096K, committed 59160K, reserved 1099776K
  class space    used 7885K, capacity 8363K, committed 8368K, reserved 1048576K
}

