# JRE version: OpenJDK Runtime Environment (8.0_152-b02) (build 1.8.0_152-release-1024-b02)
# Java VM: OpenJDK 64-Bit Server VM (25.152-b02 mixed mode windows-amd64 compressed oops)
Heap:
 PSYoungGen      total 176640K, used 77787K [0x00000000e0000000, 0x00000000eff00000, 0x0000000100000000)
  eden space 140288K, 29% used [0x00000000e0000000,0x00000000e28795e8,0x00000000e8900000)
  from space 36352K, 99% used [0x00000000e8900000,0x00000000eac7d7a0,0x00000000eac80000)
  to   space 48128K, 0% used [0x00000000ed000000,0x00000000ed000000,0x00000000eff00000)
 ParOldGen       total 174080K, used 139356K [0x00000000a0000000, 0x00000000aaa00000, 0x00000000e0000000)
  object space 174080K, 80% used [0x00000000a0000000,0x00000000a8817158,0x00000000aaa00000)
 Metaspace       used 79301K, capacity 82795K, committed 83200K, reserved 1122304K
  class space    used 10127K, capacity 10851K, committed 11008K, reserved 1048576K
GC Heap History (10 events):
Event: 2559.360 GC heap before
{Heap before GC invocations=29 (full 4):
 PSYoungGen      total 120320K, used 104960K [0x00000000e0000000, 0x00000000edc00000, 0x0000000100000000)
  eden space 104960K, 100% used [0x00000000e0000000,0x00000000e6680000,0x00000000e6680000)
  from space 15360K, 0% used [0x00000000e8f00000,0x00000000e8f00000,0x00000000e9e00000)
  to   space 41472K, 0% used [0x00000000e6680000,0x00000000e6680000,0x00000000e8f00000)
 ParOldGen       total 174080K, used 94082K [0x00000000a0000000, 0x00000000aaa00000, 0x00000000e0000000)
  object space 174080K, 54% used [0x00000000a0000000,0x00000000a5be0ac0,0x00000000aaa00000)
 Metaspace       used 75981K, capacity 78921K, committed 80640K, reserved 1120256K
  class space    used 9660K, capacity 10292K, committed 10752K, reserved 1048576K
Event: 2559.374 GC heap after
Heap after GC invocations=29 (full 4):
 PSYoungGen      total 146432K, used 19104K [0x00000000e0000000, 0x00000000ec800000, 0x0000000100000000)
  eden space 104960K, 0% used [0x00000000e0000000,0x00000000e0000000,0x00000000e6680000)
  from space 41472K, 46% used [0x00000000e6680000,0x00000000e7928170,0x00000000e8f00000)
  to   space 40448K, 0% used [0x00000000ea080000,0x00000000ea080000,0x00000000ec800000)
 ParOldGen       total 174080K, used 94082K [0x00000000a0000000, 0x00000000aaa00000, 0x00000000e0000000)
  object space 174080K, 54% used [0x00000000a0000000,0x00000000a5be0ac0,0x00000000aaa00000)
 Metaspace       used 75981K, capacity 78921K, committed 80640K, reserved 1120256K
  class space    used 9660K, capacity 10292K, committed 10752K, reserved 1048576K
}
Event: 2564.137 GC heap before
{Heap before GC invocations=30 (full 4):
 PSYoungGen      total 146432K, used 124064K [0x00000000e0000000, 0x00000000ec800000, 0x0000000100000000)
  eden space 104960K, 100% used [0x00000000e0000000,0x00000000e6680000,0x00000000e6680000)
  from space 41472K, 46% used [0x00000000e6680000,0x00000000e7928170,0x00000000e8f00000)
  to   space 40448K, 0% used [0x00000000ea080000,0x00000000ea080000,0x00000000ec800000)
 ParOldGen       total 174080K, used 94501K [0x00000000a0000000, 0x00000000aaa00000, 0x00000000e0000000)
  object space 174080K, 54% used [0x00000000a0000000,0x00000000a5c49588,0x00000000aaa00000)
 Metaspace       used 77695K, capacity 80665K, committed 82048K, reserved 1120256K
  class space    used 9870K, capacity 10510K, committed 10880K, reserved 1048576K
Event: 2564.170 GC heap after
Heap after GC invocations=30 (full 4):
 PSYoungGen      total 159232K, used 19465K [0x00000000e0000000, 0x00000000ec480000, 0x0000000100000000)
  eden space 122368K, 0% used [0x00000000e0000000,0x00000000e0000000,0x00000000e7780000)
  from space 36864K, 52% used [0x00000000ea080000,0x00000000eb382660,0x00000000ec480000)
  to   space 39424K, 0% used [0x00000000e7780000,0x00000000e7780000,0x00000000e9e00000)
 ParOldGen       total 174080K, used 94509K [0x00000000a0000000, 0x00000000aaa00000, 0x00000000e0000000)
  object space 174080K, 54% used [0x00000000a0000000,0x00000000a5c4b588,0x00000000aaa00000)
 Metaspace       used 77695K, capacity 80665K, committed 82048K, reserved 1120256K
  class space    used 9870K, capacity 10510K, committed 10880K, reserved 1048576K
}
Event: 2564.699 GC heap before
{Heap before GC invocations=31 (full 4):
 PSYoungGen      total 159232K, used 141833K [0x00000000e0000000, 0x00000000ec480000, 0x0000000100000000)
  eden space 122368K, 100% used [0x00000000e0000000,0x00000000e7780000,0x00000000e7780000)
  from space 36864K, 52% used [0x00000000ea080000,0x00000000eb382660,0x00000000ec480000)
  to   space 39424K, 0% used [0x00000000e7780000,0x00000000e7780000,0x00000000e9e00000)
 ParOldGen       total 174080K, used 118062K [0x00000000a0000000, 0x00000000aaa00000, 0x00000000e0000000)
  object space 174080K, 67% used [0x00000000a0000000,0x00000000a734bb28,0x00000000aaa00000)
 Metaspace       used 77884K, capacity 80947K, committed 82304K, reserved 1120256K
  class space    used 9899K, capacity 10555K, committed 10880K, reserved 1048576K
Event: 2564.709 GC heap after
Heap after GC invocations=31 (full 4):
 PSYoungGen      total 161792K, used 12652K [0x00000000e0000000, 0x00000000ed580000, 0x0000000100000000)
  eden space 122368K, 0% used [0x00000000e0000000,0x00000000e0000000,0x00000000e7780000)
  from space 39424K, 32% used [0x00000000e7780000,0x00000000e83db048,0x00000000e9e00000)
  to   space 37888K, 0% used [0x00000000eb080000,0x00000000eb080000,0x00000000ed580000)
 ParOldGen       total 174080K, used 118070K [0x00000000a0000000, 0x00000000aaa00000, 0x00000000e0000000)
  object space 174080K, 67% used [0x00000000a0000000,0x00000000a734db28,0x00000000aaa00000)
 Metaspace       used 77884K, capacity 80947K, committed 82304K, reserved 1120256K
  class space    used 9899K, capacity 10555K, committed 10880K, reserved 1048576K
}
Event: 2947.499 GC heap before
{Heap before GC invocations=32 (full 4):
 PSYoungGen      total 161792K, used 135020K [0x00000000e0000000, 0x00000000ed580000, 0x0000000100000000)
  eden space 122368K, 100% used [0x00000000e0000000,0x00000000e7780000,0x00000000e7780000)
  from space 39424K, 32% used [0x00000000e7780000,0x00000000e83db048,0x00000000e9e00000)
  to   space 37888K, 0% used [0x00000000eb080000,0x00000000eb080000,0x00000000ed580000)
 ParOldGen       total 174080K, used 118070K [0x00000000a0000000, 0x00000000aaa00000, 0x00000000e0000000)
  object space 174080K, 67% used [0x00000000a0000000,0x00000000a734db28,0x00000000aaa00000)
 Metaspace       used 79172K, capacity 82701K, committed 83200K, reserved 1122304K
  class space    used 10125K, capacity 10848K, committed 11008K, reserved 1048576K
Event: 2947.529 GC heap after
Heap after GC invocations=32 (full 4):
 PSYoungGen      total 172544K, used 9028K [0x00000000e0000000, 0x00000000ed000000, 0x0000000100000000)
  eden space 140288K, 0% used [0x00000000e0000000,0x00000000e0000000,0x00000000e8900000)
  from space 32256K, 27% used [0x00000000eb080000,0x00000000eb951178,0x00000000ed000000)
  to   space 36352K, 0% used [0x00000000e8900000,0x00000000e8900000,0x00000000eac80000)
 ParOldGen       total 174080K, used 123810K [0x00000000a0000000, 0x00000000aaa00000, 0x00000000e0000000)
  object space 174080K, 71% used [0x00000000a0000000,0x00000000a78e8828,0x00000000aaa00000)
 Metaspace       used 79172K, capacity 82701K, committed 83200K, reserved 1122304K
  class space    used 10125K, capacity 10848K, committed 11008K, reserved 1048576K
}
Event: 2950.523 GC heap before
{Heap before GC invocations=33 (full 4):
 PSYoungGen      total 172544K, used 149316K [0x00000000e0000000, 0x00000000ed000000, 0x0000000100000000)
  eden space 140288K, 100% used [0x00000000e0000000,0x00000000e8900000,0x00000000e8900000)
  from space 32256K, 27% used [0x00000000eb080000,0x00000000eb951178,0x00000000ed000000)
  to   space 36352K, 0% used [0x00000000e8900000,0x00000000e8900000,0x00000000eac80000)
 ParOldGen       total 174080K, used 123810K [0x00000000a0000000, 0x00000000aaa00000, 0x00000000e0000000)
  object space 174080K, 71% used [0x00000000a0000000,0x00000000a78e8828,0x00000000aaa00000)
 Metaspace       used 79294K, capacity 82795K, committed 83200K, reserved 1122304K
  class space    used 10127K, capacity 10851K, committed 11008K, reserved 1048576K
Event: 2950.621 GC heap after
Heap after GC invocations=33 (full 4):
 PSYoungGen      total 176640K, used 36341K [0x00000000e0000000, 0x00000000eff00000, 0x0000000100000000)
  eden space 140288K, 0% used [0x00000000e0000000,0x00000000e0000000,0x00000000e8900000)
  from space 36352K, 99% used [0x00000000e8900000,0x00000000eac7d7a0,0x00000000eac80000)
  to   space 48128K, 0% used [0x00000000ed000000,0x00000000ed000000,0x00000000eff00000)
 ParOldGen       total 174080K, used 139356K [0x00000000a0000000, 0x00000000aaa00000, 0x00000000e0000000)
  object space 174080K, 80% used [0x00000000a0000000,0x00000000a8817158,0x00000000aaa00000)
 Metaspace       used 79294K, capacity 82795K, committed 83200K, reserved 1122304K
  class space    used 10127K, capacity 10851K, committed 11008K, reserved 1048576K
}

