# JRE version: OpenJDK Runtime Environment (8.0_152-b01) (build 1.8.0_152-release-1248-b01)
# Java VM: OpenJDK 64-Bit Server VM (25.152-b01 mixed mode windows-amd64 compressed oops)
Heap:
 PSYoungGen      total 170496K, used 80845K [0x00000000e0000000, 0x00000000edb00000, 0x0000000100000000)
  eden space 134656K, 36% used [0x00000000e0000000,0x00000000e2fb6d78,0x00000000e8380000)
  from space 35840K, 89% used [0x00000000e8380000,0x00000000ea2bca80,0x00000000ea680000)
  to   space 40448K, 0% used [0x00000000eb380000,0x00000000eb380000,0x00000000edb00000)
 ParOldGen       total 91648K, used 40918K [0x00000000a0000000, 0x00000000a5980000, 0x00000000e0000000)
  object space 91648K, 44% used [0x00000000a0000000,0x00000000a27f5bc0,0x00000000a5980000)
 Metaspace       used 81754K, capacity 84938K, committed 85040K, reserved 1122304K
  class space    used 10797K, capacity 11501K, committed 11568K, reserved 1048576K
GC Heap History (10 events):
Event: 54.359 GC heap before
{Heap before GC invocations=26 (full 5):
 PSYoungGen      total 128512K, used 112820K [0x00000000e0000000, 0x00000000ecb00000, 0x0000000100000000)
  eden space 108032K, 100% used [0x00000000e0000000,0x00000000e6980000,0x00000000e6980000)
  from space 20480K, 23% used [0x00000000e6980000,0x00000000e6e2d050,0x00000000e7d80000)
  to   space 38912K, 0% used [0x00000000ea500000,0x00000000ea500000,0x00000000ecb00000)
 ParOldGen       total 91648K, used 91584K [0x00000000a0000000, 0x00000000a5980000, 0x00000000e0000000)
  object space 91648K, 99% used [0x00000000a0000000,0x00000000a5970270,0x00000000a5980000)
 Metaspace       used 65495K, capacity 67690K, committed 67888K, reserved 1107968K
  class space    used 8893K, capacity 9453K, committed 9520K, reserved 1048576K
Event: 54.498 GC heap after
Heap after GC invocations=26 (full 5):
 PSYoungGen      total 128512K, used 0K [0x00000000e0000000, 0x00000000ecb00000, 0x0000000100000000)
  eden space 108032K, 0% used [0x00000000e0000000,0x00000000e0000000,0x00000000e6980000)
  from space 20480K, 0% used [0x00000000e6980000,0x00000000e6980000,0x00000000e7d80000)
  to   space 38912K, 0% used [0x00000000ea500000,0x00000000ea500000,0x00000000ecb00000)
 ParOldGen       total 91648K, used 40878K [0x00000000a0000000, 0x00000000a5980000, 0x00000000e0000000)
  object space 91648K, 44% used [0x00000000a0000000,0x00000000a27ebbc0,0x00000000a5980000)
 Metaspace       used 65495K, capacity 67690K, committed 67888K, reserved 1107968K
  class space    used 8893K, capacity 9453K, committed 9520K, reserved 1048576K
}
Event: 64.211 GC heap before
{Heap before GC invocations=27 (full 5):
 PSYoungGen      total 128512K, used 104188K [0x00000000e0000000, 0x00000000ecb00000, 0x0000000100000000)
  eden space 108032K, 96% used [0x00000000e0000000,0x00000000e65bf280,0x00000000e6980000)
  from space 20480K, 0% used [0x00000000e6980000,0x00000000e6980000,0x00000000e7d80000)
  to   space 38912K, 0% used [0x00000000ea500000,0x00000000ea500000,0x00000000ecb00000)
 ParOldGen       total 91648K, used 40878K [0x00000000a0000000, 0x00000000a5980000, 0x00000000e0000000)
  object space 91648K, 44% used [0x00000000a0000000,0x00000000a27ebbc0,0x00000000a5980000)
 Metaspace       used 67468K, capacity 69844K, committed 69936K, reserved 1110016K
  class space    used 9143K, capacity 9744K, committed 9776K, reserved 1048576K
Event: 64.230 GC heap after
Heap after GC invocations=27 (full 5):
 PSYoungGen      total 156672K, used 23647K [0x00000000e0000000, 0x00000000ec600000, 0x0000000100000000)
  eden space 122880K, 0% used [0x00000000e0000000,0x00000000e0000000,0x00000000e7800000)
  from space 33792K, 69% used [0x00000000ea500000,0x00000000ebc17c20,0x00000000ec600000)
  to   space 39936K, 0% used [0x00000000e7800000,0x00000000e7800000,0x00000000e9f00000)
 ParOldGen       total 91648K, used 40886K [0x00000000a0000000, 0x00000000a5980000, 0x00000000e0000000)
  object space 91648K, 44% used [0x00000000a0000000,0x00000000a27edbc0,0x00000000a5980000)
 Metaspace       used 67468K, capacity 69844K, committed 69936K, reserved 1110016K
  class space    used 9143K, capacity 9744K, committed 9776K, reserved 1048576K
}
Event: 2057.346 GC heap before
{Heap before GC invocations=28 (full 5):
 PSYoungGen      total 156672K, used 146527K [0x00000000e0000000, 0x00000000ec600000, 0x0000000100000000)
  eden space 122880K, 100% used [0x00000000e0000000,0x00000000e7800000,0x00000000e7800000)
  from space 33792K, 69% used [0x00000000ea500000,0x00000000ebc17c20,0x00000000ec600000)
  to   space 39936K, 0% used [0x00000000e7800000,0x00000000e7800000,0x00000000e9f00000)
 ParOldGen       total 91648K, used 40886K [0x00000000a0000000, 0x00000000a5980000, 0x00000000e0000000)
  object space 91648K, 44% used [0x00000000a0000000,0x00000000a27edbc0,0x00000000a5980000)
 Metaspace       used 72178K, capacity 74910K, committed 75184K, reserved 1114112K
  class space    used 9676K, capacity 10299K, committed 10416K, reserved 1048576K
Event: 2057.448 GC heap after
Heap after GC invocations=28 (full 5):
 PSYoungGen      total 162816K, used 11998K [0x00000000e0000000, 0x00000000ecf80000, 0x0000000100000000)
  eden space 122880K, 0% used [0x00000000e0000000,0x00000000e0000000,0x00000000e7800000)
  from space 39936K, 30% used [0x00000000e7800000,0x00000000e83b7aa0,0x00000000e9f00000)
  to   space 37888K, 0% used [0x00000000eaa80000,0x00000000eaa80000,0x00000000ecf80000)
 ParOldGen       total 91648K, used 40894K [0x00000000a0000000, 0x00000000a5980000, 0x00000000e0000000)
  object space 91648K, 44% used [0x00000000a0000000,0x00000000a27efbc0,0x00000000a5980000)
 Metaspace       used 72178K, capacity 74910K, committed 75184K, reserved 1114112K
  class space    used 9676K, capacity 10299K, committed 10416K, reserved 1048576K
}
Event: 2072.567 GC heap before
{Heap before GC invocations=29 (full 5):
 PSYoungGen      total 162816K, used 134878K [0x00000000e0000000, 0x00000000ecf80000, 0x0000000100000000)
  eden space 122880K, 100% used [0x00000000e0000000,0x00000000e7800000,0x00000000e7800000)
  from space 39936K, 30% used [0x00000000e7800000,0x00000000e83b7aa0,0x00000000e9f00000)
  to   space 37888K, 0% used [0x00000000eaa80000,0x00000000eaa80000,0x00000000ecf80000)
 ParOldGen       total 91648K, used 40894K [0x00000000a0000000, 0x00000000a5980000, 0x00000000e0000000)
  object space 91648K, 44% used [0x00000000a0000000,0x00000000a27efbc0,0x00000000a5980000)
 Metaspace       used 73637K, capacity 76480K, committed 76592K, reserved 1116160K
  class space    used 9803K, capacity 10468K, committed 10544K, reserved 1048576K
Event: 2072.607 GC heap after
Heap after GC invocations=29 (full 5):
 PSYoungGen      total 166400K, used 11417K [0x00000000e0000000, 0x00000000ec980000, 0x0000000100000000)
  eden space 134656K, 0% used [0x00000000e0000000,0x00000000e0000000,0x00000000e8380000)
  from space 31744K, 35% used [0x00000000eaa80000,0x00000000eb5a6410,0x00000000ec980000)
  to   space 35840K, 0% used [0x00000000e8380000,0x00000000e8380000,0x00000000ea680000)
 ParOldGen       total 91648K, used 40902K [0x00000000a0000000, 0x00000000a5980000, 0x00000000e0000000)
  object space 91648K, 44% used [0x00000000a0000000,0x00000000a27f1bc0,0x00000000a5980000)
 Metaspace       used 73637K, capacity 76480K, committed 76592K, reserved 1116160K
  class space    used 9803K, capacity 10468K, committed 10544K, reserved 1048576K
}
Event: 2085.335 GC heap before
{Heap before GC invocations=30 (full 5):
 PSYoungGen      total 166400K, used 143010K [0x00000000e0000000, 0x00000000ec980000, 0x0000000100000000)
  eden space 134656K, 97% used [0x00000000e0000000,0x00000000e8082648,0x00000000e8380000)
  from space 31744K, 35% used [0x00000000eaa80000,0x00000000eb5a6410,0x00000000ec980000)
  to   space 35840K, 0% used [0x00000000e8380000,0x00000000e8380000,0x00000000ea680000)
 ParOldGen       total 91648K, used 40902K [0x00000000a0000000, 0x00000000a5980000, 0x00000000e0000000)
  object space 91648K, 44% used [0x00000000a0000000,0x00000000a27f1bc0,0x00000000a5980000)
 Metaspace       used 81747K, capacity 84934K, committed 85040K, reserved 1122304K
  class space    used 10797K, capacity 11501K, committed 11568K, reserved 1048576K
Event: 2085.400 GC heap after
Heap after GC invocations=30 (full 5):
 PSYoungGen      total 170496K, used 31986K [0x00000000e0000000, 0x00000000edb00000, 0x0000000100000000)
  eden space 134656K, 0% used [0x00000000e0000000,0x00000000e0000000,0x00000000e8380000)
  from space 35840K, 89% used [0x00000000e8380000,0x00000000ea2bca80,0x00000000ea680000)
  to   space 40448K, 0% used [0x00000000eb380000,0x00000000eb380000,0x00000000edb00000)
 ParOldGen       total 91648K, used 40918K [0x00000000a0000000, 0x00000000a5980000, 0x00000000e0000000)
  object space 91648K, 44% used [0x00000000a0000000,0x00000000a27f5bc0,0x00000000a5980000)
 Metaspace       used 81747K, capacity 84934K, committed 85040K, reserved 1122304K
  class space    used 10797K, capacity 11501K, committed 11568K, reserved 1048576K
}

