# JRE version: OpenJDK Runtime Environment (8.0_152-b02) (build 1.8.0_152-release-1024-b02)
# Java VM: OpenJDK 64-Bit Server VM (25.152-b02 mixed mode windows-amd64 compressed oops)
Heap:
 PSYoungGen      total 100352K, used 4955K [0x00000000e0000000, 0x00000000e8e80000, 0x0000000100000000)
  eden space 91136K, 5% used [0x00000000e0000000,0x00000000e04d6e80,0x00000000e5900000)
  from space 9216K, 0% used [0x00000000e5900000,0x00000000e5900000,0x00000000e6200000)
  to   space 9216K, 0% used [0x00000000e8580000,0x00000000e8580000,0x00000000e8e80000)
 ParOldGen       total 54272K, used 16586K [0x00000000a0000000, 0x00000000a3500000, 0x00000000e0000000)
  object space 54272K, 30% used [0x00000000a0000000,0x00000000a1032908,0x00000000a3500000)
 Metaspace       used 35464K, capacity 36068K, committed 36312K, reserved 1081344K
  class space    used 4861K, capacity 5080K, committed 5120K, reserved 1048576K
GC Heap History (10 events):
Event: 7.261 GC heap before
{Heap before GC invocations=9 (full 1):
 PSYoungGen      total 72704K, used 4653K [0x00000000e0000000, 0x00000000e4e00000, 0x0000000100000000)
  eden space 65536K, 0% used [0x00000000e0000000,0x00000000e0000000,0x00000000e4000000)
  from space 7168K, 64% used [0x00000000e4700000,0x00000000e4b8b690,0x00000000e4e00000)
  to   space 7168K, 0% used [0x00000000e4000000,0x00000000e4000000,0x00000000e4700000)
 ParOldGen       total 44032K, used 7578K [0x00000000a0000000, 0x00000000a2b00000, 0x00000000e0000000)
  object space 44032K, 17% used [0x00000000a0000000,0x00000000a0766bd0,0x00000000a2b00000)
 Metaspace       used 20774K, capacity 21098K, committed 21248K, reserved 1067008K
  class space    used 2898K, capacity 3017K, committed 3072K, reserved 1048576K
Event: 7.329 GC heap after
Heap after GC invocations=9 (full 1):
 PSYoungGen      total 72704K, used 0K [0x00000000e0000000, 0x00000000e4e00000, 0x0000000100000000)
  eden space 65536K, 0% used [0x00000000e0000000,0x00000000e0000000,0x00000000e4000000)
  from space 7168K, 0% used [0x00000000e4700000,0x00000000e4700000,0x00000000e4e00000)
  to   space 7168K, 0% used [0x00000000e4000000,0x00000000e4000000,0x00000000e4700000)
 ParOldGen       total 32256K, used 7800K [0x00000000a0000000, 0x00000000a1f80000, 0x00000000e0000000)
  object space 32256K, 24% used [0x00000000a0000000,0x00000000a079e258,0x00000000a1f80000)
 Metaspace       used 20774K, capacity 21098K, committed 21248K, reserved 1067008K
  class space    used 2898K, capacity 3017K, committed 3072K, reserved 1048576K
}
Event: 9.366 GC heap before
{Heap before GC invocations=10 (full 1):
 PSYoungGen      total 72704K, used 65536K [0x00000000e0000000, 0x00000000e4e00000, 0x0000000100000000)
  eden space 65536K, 100% used [0x00000000e0000000,0x00000000e4000000,0x00000000e4000000)
  from space 7168K, 0% used [0x00000000e4700000,0x00000000e4700000,0x00000000e4e00000)
  to   space 7168K, 0% used [0x00000000e4000000,0x00000000e4000000,0x00000000e4700000)
 ParOldGen       total 32256K, used 7800K [0x00000000a0000000, 0x00000000a1f80000, 0x00000000e0000000)
  object space 32256K, 24% used [0x00000000a0000000,0x00000000a079e258,0x00000000a1f80000)
 Metaspace       used 26414K, capacity 26794K, committed 27136K, reserved 1073152K
  class space    used 3643K, capacity 3776K, committed 3840K, reserved 1048576K
Event: 9.395 GC heap after
Heap after GC invocations=10 (full 1):
 PSYoungGen      total 72704K, used 6990K [0x00000000e0000000, 0x00000000e6a80000, 0x0000000100000000)
  eden space 65536K, 0% used [0x00000000e0000000,0x00000000e0000000,0x00000000e4000000)
  from space 7168K, 97% used [0x00000000e4000000,0x00000000e46d3b10,0x00000000e4700000)
  to   space 8192K, 0% used [0x00000000e6280000,0x00000000e6280000,0x00000000e6a80000)
 ParOldGen       total 32256K, used 7808K [0x00000000a0000000, 0x00000000a1f80000, 0x00000000e0000000)
  object space 32256K, 24% used [0x00000000a0000000,0x00000000a07a0258,0x00000000a1f80000)
 Metaspace       used 26414K, capacity 26794K, committed 27136K, reserved 1073152K
  class space    used 3643K, capacity 3776K, committed 3840K, reserved 1048576K
}
Event: 11.528 GC heap before
{Heap before GC invocations=11 (full 1):
 PSYoungGen      total 72704K, used 72526K [0x00000000e0000000, 0x00000000e6a80000, 0x0000000100000000)
  eden space 65536K, 100% used [0x00000000e0000000,0x00000000e4000000,0x00000000e4000000)
  from space 7168K, 97% used [0x00000000e4000000,0x00000000e46d3b10,0x00000000e4700000)
  to   space 8192K, 0% used [0x00000000e6280000,0x00000000e6280000,0x00000000e6a80000)
 ParOldGen       total 32256K, used 7808K [0x00000000a0000000, 0x00000000a1f80000, 0x00000000e0000000)
  object space 32256K, 24% used [0x00000000a0000000,0x00000000a07a0258,0x00000000a1f80000)
 Metaspace       used 29685K, capacity 30168K, committed 30464K, reserved 1075200K
  class space    used 4150K, capacity 4301K, committed 4352K, reserved 1048576K
Event: 11.549 GC heap after
Heap after GC invocations=11 (full 1):
 PSYoungGen      total 99328K, used 8171K [0x00000000e0000000, 0x00000000e6b00000, 0x0000000100000000)
  eden space 91136K, 0% used [0x00000000e0000000,0x00000000e0000000,0x00000000e5900000)
  from space 8192K, 99% used [0x00000000e6280000,0x00000000e6a7ae20,0x00000000e6a80000)
  to   space 9216K, 0% used [0x00000000e5900000,0x00000000e5900000,0x00000000e6200000)
 ParOldGen       total 32256K, used 8442K [0x00000000a0000000, 0x00000000a1f80000, 0x00000000e0000000)
  object space 32256K, 26% used [0x00000000a0000000,0x00000000a083e800,0x00000000a1f80000)
 Metaspace       used 29685K, capacity 30168K, committed 30464K, reserved 1075200K
  class space    used 4150K, capacity 4301K, committed 4352K, reserved 1048576K
}
Event: 12.455 GC heap before
{Heap before GC invocations=12 (full 1):
 PSYoungGen      total 99328K, used 34880K [0x00000000e0000000, 0x00000000e6b00000, 0x0000000100000000)
  eden space 91136K, 29% used [0x00000000e0000000,0x00000000e1a153f8,0x00000000e5900000)
  from space 8192K, 99% used [0x00000000e6280000,0x00000000e6a7ae20,0x00000000e6a80000)
  to   space 9216K, 0% used [0x00000000e5900000,0x00000000e5900000,0x00000000e6200000)
 ParOldGen       total 32256K, used 8442K [0x00000000a0000000, 0x00000000a1f80000, 0x00000000e0000000)
  object space 32256K, 26% used [0x00000000a0000000,0x00000000a083e800,0x00000000a1f80000)
 Metaspace       used 34781K, capacity 35304K, committed 35416K, reserved 1079296K
  class space    used 4768K, capacity 4978K, committed 4992K, reserved 1048576K
Event: 12.476 GC heap after
Heap after GC invocations=12 (full 1):
 PSYoungGen      total 100352K, used 4220K [0x00000000e0000000, 0x00000000e8e80000, 0x0000000100000000)
  eden space 91136K, 0% used [0x00000000e0000000,0x00000000e0000000,0x00000000e5900000)
  from space 9216K, 45% used [0x00000000e5900000,0x00000000e5d1f000,0x00000000e6200000)
  to   space 9216K, 0% used [0x00000000e8580000,0x00000000e8580000,0x00000000e8e80000)
 ParOldGen       total 32256K, used 14123K [0x00000000a0000000, 0x00000000a1f80000, 0x00000000e0000000)
  object space 32256K, 43% used [0x00000000a0000000,0x00000000a0dcaf10,0x00000000a1f80000)
 Metaspace       used 34781K, capacity 35304K, committed 35416K, reserved 1079296K
  class space    used 4768K, capacity 4978K, committed 4992K, reserved 1048576K
}
Event: 12.476 GC heap before
{Heap before GC invocations=13 (full 2):
 PSYoungGen      total 100352K, used 4220K [0x00000000e0000000, 0x00000000e8e80000, 0x0000000100000000)
  eden space 91136K, 0% used [0x00000000e0000000,0x00000000e0000000,0x00000000e5900000)
  from space 9216K, 45% used [0x00000000e5900000,0x00000000e5d1f000,0x00000000e6200000)
  to   space 9216K, 0% used [0x00000000e8580000,0x00000000e8580000,0x00000000e8e80000)
 ParOldGen       total 32256K, used 14123K [0x00000000a0000000, 0x00000000a1f80000, 0x00000000e0000000)
  object space 32256K, 43% used [0x00000000a0000000,0x00000000a0dcaf10,0x00000000a1f80000)
 Metaspace       used 34781K, capacity 35304K, committed 35416K, reserved 1079296K
  class space    used 4768K, capacity 4978K, committed 4992K, reserved 1048576K
Event: 12.638 GC heap after
Heap after GC invocations=13 (full 2):
 PSYoungGen      total 100352K, used 0K [0x00000000e0000000, 0x00000000e8e80000, 0x0000000100000000)
  eden space 91136K, 0% used [0x00000000e0000000,0x00000000e0000000,0x00000000e5900000)
  from space 9216K, 0% used [0x00000000e5900000,0x00000000e5900000,0x00000000e6200000)
  to   space 9216K, 0% used [0x00000000e8580000,0x00000000e8580000,0x00000000e8e80000)
 ParOldGen       total 54272K, used 16586K [0x00000000a0000000, 0x00000000a3500000, 0x00000000e0000000)
  object space 54272K, 30% used [0x00000000a0000000,0x00000000a1032908,0x00000000a3500000)
 Metaspace       used 34781K, capacity 35304K, committed 35416K, reserved 1079296K
  class space    used 4768K, capacity 4978K, committed 4992K, reserved 1048576K
}

