# JRE version: OpenJDK Runtime Environment (8.0_152-b02) (build 1.8.0_152-release-1024-b02)
# Java VM: OpenJDK 64-Bit Server VM (25.152-b02 mixed mode windows-amd64 compressed oops)
Heap:
 PSYoungGen      total 127488K, used 103508K [0x00000000e0000000, 0x00000000e8880000, 0x0000000100000000)
  eden space 118272K, 79% used [0x00000000e0000000,0x00000000e5c16cd8,0x00000000e7380000)
  from space 9216K, 99% used [0x00000000e7e80000,0x00000000e877e3b8,0x00000000e8780000)
  to   space 10752K, 0% used [0x00000000e7380000,0x00000000e7380000,0x00000000e7e00000)
 ParOldGen       total 32768K, used 16653K [0x00000000a0000000, 0x00000000a2000000, 0x00000000e0000000)
  object space 32768K, 50% used [0x00000000a0000000,0x00000000a1043778,0x00000000a2000000)
 Metaspace       used 48183K, capacity 49393K, committed 49664K, reserved 1091584K
  class space    used 6533K, capacity 6884K, committed 6912K, reserved 1048576K
GC Heap History (10 events):
Event: 8.296 GC heap before
{Heap before GC invocations=10 (full 1):
 PSYoungGen      total 72704K, used 65536K [0x00000000e0000000, 0x00000000e4e00000, 0x0000000100000000)
  eden space 65536K, 100% used [0x00000000e0000000,0x00000000e4000000,0x00000000e4000000)
  from space 7168K, 0% used [0x00000000e4700000,0x00000000e4700000,0x00000000e4e00000)
  to   space 7168K, 0% used [0x00000000e4000000,0x00000000e4000000,0x00000000e4700000)
 ParOldGen       total 32768K, used 7892K [0x00000000a0000000, 0x00000000a2000000, 0x00000000e0000000)
  object space 32768K, 24% used [0x00000000a0000000,0x00000000a07b5060,0x00000000a2000000)
 Metaspace       used 26603K, capacity 27056K, committed 27136K, reserved 1073152K
  class space    used 3671K, capacity 3829K, committed 3840K, reserved 1048576K
Event: 8.318 GC heap after
Heap after GC invocations=10 (full 1):
 PSYoungGen      total 72704K, used 7091K [0x00000000e0000000, 0x00000000e6880000, 0x0000000100000000)
  eden space 65536K, 0% used [0x00000000e0000000,0x00000000e0000000,0x00000000e4000000)
  from space 7168K, 98% used [0x00000000e4000000,0x00000000e46eccd8,0x00000000e4700000)
  to   space 8192K, 0% used [0x00000000e6080000,0x00000000e6080000,0x00000000e6880000)
 ParOldGen       total 32768K, used 7900K [0x00000000a0000000, 0x00000000a2000000, 0x00000000e0000000)
  object space 32768K, 24% used [0x00000000a0000000,0x00000000a07b7060,0x00000000a2000000)
 Metaspace       used 26603K, capacity 27056K, committed 27136K, reserved 1073152K
  class space    used 3671K, capacity 3829K, committed 3840K, reserved 1048576K
}
Event: 11.327 GC heap before
{Heap before GC invocations=11 (full 1):
 PSYoungGen      total 72704K, used 72627K [0x00000000e0000000, 0x00000000e6880000, 0x0000000100000000)
  eden space 65536K, 100% used [0x00000000e0000000,0x00000000e4000000,0x00000000e4000000)
  from space 7168K, 98% used [0x00000000e4000000,0x00000000e46eccd8,0x00000000e4700000)
  to   space 8192K, 0% used [0x00000000e6080000,0x00000000e6080000,0x00000000e6880000)
 ParOldGen       total 32768K, used 7900K [0x00000000a0000000, 0x00000000a2000000, 0x00000000e0000000)
  object space 32768K, 24% used [0x00000000a0000000,0x00000000a07b7060,0x00000000a2000000)
 Metaspace       used 29936K, capacity 30526K, committed 30848K, reserved 1075200K
  class space    used 4190K, capacity 4386K, committed 4480K, reserved 1048576K
Event: 11.349 GC heap after
Heap after GC invocations=11 (full 1):
 PSYoungGen      total 97280K, used 8178K [0x00000000e0000000, 0x00000000e6900000, 0x0000000100000000)
  eden space 89088K, 0% used [0x00000000e0000000,0x00000000e0000000,0x00000000e5700000)
  from space 8192K, 99% used [0x00000000e6080000,0x00000000e687c9e8,0x00000000e6880000)
  to   space 9216K, 0% used [0x00000000e5700000,0x00000000e5700000,0x00000000e6000000)
 ParOldGen       total 32768K, used 8760K [0x00000000a0000000, 0x00000000a2000000, 0x00000000e0000000)
  object space 32768K, 26% used [0x00000000a0000000,0x00000000a088e218,0x00000000a2000000)
 Metaspace       used 29936K, capacity 30526K, committed 30848K, reserved 1075200K
  class space    used 4190K, capacity 4386K, committed 4480K, reserved 1048576K
}
Event: 12.646 GC heap before
{Heap before GC invocations=12 (full 1):
 PSYoungGen      total 97280K, used 32716K [0x00000000e0000000, 0x00000000e6900000, 0x0000000100000000)
  eden space 89088K, 27% used [0x00000000e0000000,0x00000000e17f67e8,0x00000000e5700000)
  from space 8192K, 99% used [0x00000000e6080000,0x00000000e687c9e8,0x00000000e6880000)
  to   space 9216K, 0% used [0x00000000e5700000,0x00000000e5700000,0x00000000e6000000)
 ParOldGen       total 32768K, used 8760K [0x00000000a0000000, 0x00000000a2000000, 0x00000000e0000000)
  object space 32768K, 26% used [0x00000000a0000000,0x00000000a088e218,0x00000000a2000000)
 Metaspace       used 34532K, capacity 35197K, committed 35416K, reserved 1079296K
  class space    used 4759K, capacity 4992K, committed 4992K, reserved 1048576K
Event: 12.663 GC heap after
Heap after GC invocations=12 (full 1):
 PSYoungGen      total 98304K, used 3724K [0x00000000e0000000, 0x00000000e8780000, 0x0000000100000000)
  eden space 89088K, 0% used [0x00000000e0000000,0x00000000e0000000,0x00000000e5700000)
  from space 9216K, 40% used [0x00000000e5700000,0x00000000e5aa30c0,0x00000000e6000000)
  to   space 9216K, 0% used [0x00000000e7e80000,0x00000000e7e80000,0x00000000e8780000)
 ParOldGen       total 32768K, used 14598K [0x00000000a0000000, 0x00000000a2000000, 0x00000000e0000000)
  object space 32768K, 44% used [0x00000000a0000000,0x00000000a0e418c8,0x00000000a2000000)
 Metaspace       used 34532K, capacity 35197K, committed 35416K, reserved 1079296K
  class space    used 4759K, capacity 4992K, committed 4992K, reserved 1048576K
}
Event: 12.663 GC heap before
{Heap before GC invocations=13 (full 2):
 PSYoungGen      total 98304K, used 3724K [0x00000000e0000000, 0x00000000e8780000, 0x0000000100000000)
  eden space 89088K, 0% used [0x00000000e0000000,0x00000000e0000000,0x00000000e5700000)
  from space 9216K, 40% used [0x00000000e5700000,0x00000000e5aa30c0,0x00000000e6000000)
  to   space 9216K, 0% used [0x00000000e7e80000,0x00000000e7e80000,0x00000000e8780000)
 ParOldGen       total 32768K, used 14598K [0x00000000a0000000, 0x00000000a2000000, 0x00000000e0000000)
  object space 32768K, 44% used [0x00000000a0000000,0x00000000a0e418c8,0x00000000a2000000)
 Metaspace       used 34532K, capacity 35197K, committed 35416K, reserved 1079296K
  class space    used 4759K, capacity 4992K, committed 4992K, reserved 1048576K
Event: 12.748 GC heap after
Heap after GC invocations=13 (full 2):
 PSYoungGen      total 98304K, used 0K [0x00000000e0000000, 0x00000000e8780000, 0x0000000100000000)
  eden space 89088K, 0% used [0x00000000e0000000,0x00000000e0000000,0x00000000e5700000)
  from space 9216K, 0% used [0x00000000e5700000,0x00000000e5700000,0x00000000e6000000)
  to   space 9216K, 0% used [0x00000000e7e80000,0x00000000e7e80000,0x00000000e8780000)
 ParOldGen       total 32768K, used 16156K [0x00000000a0000000, 0x00000000a2000000, 0x00000000e0000000)
  object space 32768K, 49% used [0x00000000a0000000,0x00000000a0fc7168,0x00000000a2000000)
 Metaspace       used 34532K, capacity 35197K, committed 35416K, reserved 1079296K
  class space    used 4759K, capacity 4992K, committed 4992K, reserved 1048576K
}
Event: 14.818 GC heap before
{Heap before GC invocations=14 (full 2):
 PSYoungGen      total 98304K, used 89088K [0x00000000e0000000, 0x00000000e8780000, 0x0000000100000000)
  eden space 89088K, 100% used [0x00000000e0000000,0x00000000e5700000,0x00000000e5700000)
  from space 9216K, 0% used [0x00000000e5700000,0x00000000e5700000,0x00000000e6000000)
  to   space 9216K, 0% used [0x00000000e7e80000,0x00000000e7e80000,0x00000000e8780000)
 ParOldGen       total 32768K, used 16156K [0x00000000a0000000, 0x00000000a2000000, 0x00000000e0000000)
  object space 32768K, 49% used [0x00000000a0000000,0x00000000a0fc7168,0x00000000a2000000)
 Metaspace       used 40012K, capacity 40875K, committed 41088K, reserved 1085440K
  class space    used 5445K, capacity 5724K, committed 5760K, reserved 1048576K
Event: 14.842 GC heap after
Heap after GC invocations=14 (full 2):
 PSYoungGen      total 127488K, used 9208K [0x00000000e0000000, 0x00000000e8880000, 0x0000000100000000)
  eden space 118272K, 0% used [0x00000000e0000000,0x00000000e0000000,0x00000000e7380000)
  from space 9216K, 99% used [0x00000000e7e80000,0x00000000e877e3b8,0x00000000e8780000)
  to   space 10752K, 0% used [0x00000000e7380000,0x00000000e7380000,0x00000000e7e00000)
 ParOldGen       total 32768K, used 16653K [0x00000000a0000000, 0x00000000a2000000, 0x00000000e0000000)
  object space 32768K, 50% used [0x00000000a0000000,0x00000000a1043778,0x00000000a2000000)
 Metaspace       used 40012K, capacity 40875K, committed 41088K, reserved 1085440K
  class space    used 5445K, capacity 5724K, committed 5760K, reserved 1048576K
}

