# JRE version: OpenJDK Runtime Environment (8.0_152-b02) (build 1.8.0_152-release-1024-b02)
# Java VM: OpenJDK 64-Bit Server VM (25.152-b02 mixed mode windows-amd64 compressed oops)
Heap:
 PSYoungGen      total 286720K, used 132082K [0x00000000e0000000, 0x00000000f8c00000, 0x0000000100000000)
  eden space 218112K, 34% used [0x00000000e0000000,0x00000000e4a0bc48,0x00000000ed500000)
  from space 68608K, 82% used [0x00000000ed500000,0x00000000f0bf0d00,0x00000000f1800000)
  to   space 76288K, 0% used [0x00000000f4180000,0x00000000f4180000,0x00000000f8c00000)
 ParOldGen       total 126976K, used 94361K [0x00000000a0000000, 0x00000000a7c00000, 0x00000000e0000000)
  object space 126976K, 74% used [0x00000000a0000000,0x00000000a5c266c0,0x00000000a7c00000)
 Metaspace       used 76251K, capacity 79523K, committed 79576K, reserved 1118208K
  class space    used 10038K, capacity 10719K, committed 10752K, reserved 1048576K
GC Heap History (10 events):
Event: 34.380 GC heap before
{Heap before GC invocations=16 (full 3):
 PSYoungGen      total 172032K, used 22005K [0x00000000e0000000, 0x00000000efd00000, 0x0000000100000000)
  eden space 150016K, 0% used [0x00000000e0000000,0x00000000e0000000,0x00000000e9280000)
  from space 22016K, 99% used [0x00000000e9280000,0x00000000ea7fd590,0x00000000ea800000)
  to   space 35328K, 0% used [0x00000000eda80000,0x00000000eda80000,0x00000000efd00000)
 ParOldGen       total 58880K, used 57254K [0x00000000a0000000, 0x00000000a3980000, 0x00000000e0000000)
  object space 58880K, 97% used [0x00000000a0000000,0x00000000a37e9be0,0x00000000a3980000)
 Metaspace       used 56955K, capacity 58869K, committed 58968K, reserved 1099776K
  class space    used 7794K, capacity 8276K, committed 8320K, reserved 1048576K
Event: 34.842 GC heap after
Heap after GC invocations=16 (full 3):
 PSYoungGen      total 172032K, used 9107K [0x00000000e0000000, 0x00000000efd00000, 0x0000000100000000)
  eden space 150016K, 0% used [0x00000000e0000000,0x00000000e0000000,0x00000000e9280000)
  from space 22016K, 41% used [0x00000000e9280000,0x00000000e9b64e10,0x00000000ea800000)
  to   space 35328K, 0% used [0x00000000eda80000,0x00000000eda80000,0x00000000efd00000)
 ParOldGen       total 126976K, used 58542K [0x00000000a0000000, 0x00000000a7c00000, 0x00000000e0000000)
  object space 126976K, 46% used [0x00000000a0000000,0x00000000a392bb28,0x00000000a7c00000)
 Metaspace       used 56955K, capacity 58869K, committed 58968K, reserved 1099776K
  class space    used 7794K, capacity 8276K, committed 8320K, reserved 1048576K
}
Event: 37.851 GC heap before
{Heap before GC invocations=17 (full 3):
 PSYoungGen      total 172032K, used 159123K [0x00000000e0000000, 0x00000000efd00000, 0x0000000100000000)
  eden space 150016K, 100% used [0x00000000e0000000,0x00000000e9280000,0x00000000e9280000)
  from space 22016K, 41% used [0x00000000e9280000,0x00000000e9b64e10,0x00000000ea800000)
  to   space 35328K, 0% used [0x00000000eda80000,0x00000000eda80000,0x00000000efd00000)
 ParOldGen       total 126976K, used 58542K [0x00000000a0000000, 0x00000000a7c00000, 0x00000000e0000000)
  object space 126976K, 46% used [0x00000000a0000000,0x00000000a392bb28,0x00000000a7c00000)
 Metaspace       used 59747K, capacity 62003K, committed 62296K, reserved 1103872K
  class space    used 8175K, capacity 8729K, committed 8832K, reserved 1048576K
Event: 37.982 GC heap after
Heap after GC invocations=17 (full 3):
 PSYoungGen      total 208896K, used 35324K [0x00000000e0000000, 0x00000000f2080000, 0x0000000100000000)
  eden space 173568K, 0% used [0x00000000e0000000,0x00000000e0000000,0x00000000ea980000)
  from space 35328K, 99% used [0x00000000eda80000,0x00000000efcff298,0x00000000efd00000)
  to   space 50176K, 0% used [0x00000000ea980000,0x00000000ea980000,0x00000000eda80000)
 ParOldGen       total 126976K, used 82263K [0x00000000a0000000, 0x00000000a7c00000, 0x00000000e0000000)
  object space 126976K, 64% used [0x00000000a0000000,0x00000000a5055eb0,0x00000000a7c00000)
 Metaspace       used 59747K, capacity 62003K, committed 62296K, reserved 1103872K
  class space    used 8175K, capacity 8729K, committed 8832K, reserved 1048576K
}
Event: 42.362 GC heap before
{Heap before GC invocations=18 (full 3):
 PSYoungGen      total 208896K, used 208892K [0x00000000e0000000, 0x00000000f2080000, 0x0000000100000000)
  eden space 173568K, 100% used [0x00000000e0000000,0x00000000ea980000,0x00000000ea980000)
  from space 35328K, 99% used [0x00000000eda80000,0x00000000efcff298,0x00000000efd00000)
  to   space 50176K, 0% used [0x00000000ea980000,0x00000000ea980000,0x00000000eda80000)
 ParOldGen       total 126976K, used 82263K [0x00000000a0000000, 0x00000000a7c00000, 0x00000000e0000000)
  object space 126976K, 64% used [0x00000000a0000000,0x00000000a5055eb0,0x00000000a7c00000)
 Metaspace       used 62301K, capacity 64843K, committed 65112K, reserved 1105920K
  class space    used 8480K, capacity 9063K, committed 9088K, reserved 1048576K
Event: 42.474 GC heap after
Heap after GC invocations=18 (full 3):
 PSYoungGen      total 223744K, used 49819K [0x00000000e0000000, 0x00000000f5180000, 0x0000000100000000)
  eden space 173568K, 0% used [0x00000000e0000000,0x00000000e0000000,0x00000000ea980000)
  from space 50176K, 99% used [0x00000000ea980000,0x00000000eda26d78,0x00000000eda80000)
  to   space 58880K, 0% used [0x00000000f1800000,0x00000000f1800000,0x00000000f5180000)
 ParOldGen       total 126976K, used 85044K [0x00000000a0000000, 0x00000000a7c00000, 0x00000000e0000000)
  object space 126976K, 66% used [0x00000000a0000000,0x00000000a530d2a8,0x00000000a7c00000)
 Metaspace       used 62301K, capacity 64843K, committed 65112K, reserved 1105920K
  class space    used 8480K, capacity 9063K, committed 9088K, reserved 1048576K
}
Event: 418.602 GC heap before
{Heap before GC invocations=19 (full 3):
 PSYoungGen      total 223744K, used 219987K [0x00000000e0000000, 0x00000000f5180000, 0x0000000100000000)
  eden space 173568K, 98% used [0x00000000e0000000,0x00000000ea62e1a0,0x00000000ea980000)
  from space 50176K, 99% used [0x00000000ea980000,0x00000000eda26d78,0x00000000eda80000)
  to   space 58880K, 0% used [0x00000000f1800000,0x00000000f1800000,0x00000000f5180000)
 ParOldGen       total 126976K, used 85044K [0x00000000a0000000, 0x00000000a7c00000, 0x00000000e0000000)
  object space 126976K, 66% used [0x00000000a0000000,0x00000000a530d2a8,0x00000000a7c00000)
 Metaspace       used 67554K, capacity 70335K, committed 70616K, reserved 1110016K
  class space    used 8970K, capacity 9607K, committed 9728K, reserved 1048576K
Event: 418.728 GC heap after
Heap after GC invocations=19 (full 3):
 PSYoungGen      total 276992K, used 58267K [0x00000000e0000000, 0x00000000f5d80000, 0x0000000100000000)
  eden space 218112K, 0% used [0x00000000e0000000,0x00000000e0000000,0x00000000ed500000)
  from space 58880K, 98% used [0x00000000f1800000,0x00000000f50e6cb8,0x00000000f5180000)
  to   space 68608K, 0% used [0x00000000ed500000,0x00000000ed500000,0x00000000f1800000)
 ParOldGen       total 126976K, used 94353K [0x00000000a0000000, 0x00000000a7c00000, 0x00000000e0000000)
  object space 126976K, 74% used [0x00000000a0000000,0x00000000a5c246c0,0x00000000a7c00000)
 Metaspace       used 67554K, capacity 70335K, committed 70616K, reserved 1110016K
  class space    used 8970K, capacity 9607K, committed 9728K, reserved 1048576K
}
Event: 451.822 GC heap before
{Heap before GC invocations=20 (full 3):
 PSYoungGen      total 276992K, used 274989K [0x00000000e0000000, 0x00000000f5d80000, 0x0000000100000000)
  eden space 218112K, 99% used [0x00000000e0000000,0x00000000ed3a47e8,0x00000000ed500000)
  from space 58880K, 98% used [0x00000000f1800000,0x00000000f50e6cb8,0x00000000f5180000)
  to   space 68608K, 0% used [0x00000000ed500000,0x00000000ed500000,0x00000000f1800000)
 ParOldGen       total 126976K, used 94353K [0x00000000a0000000, 0x00000000a7c00000, 0x00000000e0000000)
  object space 126976K, 74% used [0x00000000a0000000,0x00000000a5c246c0,0x00000000a7c00000)
 Metaspace       used 76240K, capacity 79519K, committed 79576K, reserved 1118208K
  class space    used 10038K, capacity 10719K, committed 10752K, reserved 1048576K
Event: 451.929 GC heap after
Heap after GC invocations=20 (full 3):
 PSYoungGen      total 286720K, used 56259K [0x00000000e0000000, 0x00000000f8c00000, 0x0000000100000000)
  eden space 218112K, 0% used [0x00000000e0000000,0x00000000e0000000,0x00000000ed500000)
  from space 68608K, 82% used [0x00000000ed500000,0x00000000f0bf0d00,0x00000000f1800000)
  to   space 76288K, 0% used [0x00000000f4180000,0x00000000f4180000,0x00000000f8c00000)
 ParOldGen       total 126976K, used 94361K [0x00000000a0000000, 0x00000000a7c00000, 0x00000000e0000000)
  object space 126976K, 74% used [0x00000000a0000000,0x00000000a5c266c0,0x00000000a7c00000)
 Metaspace       used 76240K, capacity 79519K, committed 79576K, reserved 1118208K
  class space    used 10038K, capacity 10719K, committed 10752K, reserved 1048576K
}

