# JRE version: OpenJDK Runtime Environment (8.0_152-b02) (build 1.8.0_152-release-1024-b02)
# Java VM: OpenJDK 64-Bit Server VM (25.152-b02 mixed mode windows-amd64 compressed oops)
Heap:
 PSYoungGen      total 38400K, used 25137K [0x00000000e0000000, 0x00000000e2b00000, 0x0000000100000000)
  eden space 32768K, 76% used [0x00000000e0000000,0x00000000e188c728,0x00000000e2000000)
  from space 5632K, 0% used [0x00000000e2580000,0x00000000e2580000,0x00000000e2b00000)
  to   space 5632K, 0% used [0x00000000e2000000,0x00000000e2000000,0x00000000e2580000)
 ParOldGen       total 35328K, used 8879K [0x00000000a0000000, 0x00000000a2280000, 0x00000000e0000000)
  object space 35328K, 25% used [0x00000000a0000000,0x00000000a08abf18,0x00000000a2280000)
 Metaspace       used 23165K, capacity 23514K, committed 23808K, reserved 1069056K
  class space    used 3156K, capacity 3282K, committed 3328K, reserved 1048576K
GC Heap History (10 events):
Event: 5.107 GC heap before
{Heap before GC invocations=5 (full 0):
 PSYoungGen      total 18944K, used 18928K [0x00000000e0000000, 0x00000000e1500000, 0x0000000100000000)
  eden space 16384K, 100% used [0x00000000e0000000,0x00000000e1000000,0x00000000e1000000)
  from space 2560K, 99% used [0x00000000e1280000,0x00000000e14fc010,0x00000000e1500000)
  to   space 2560K, 0% used [0x00000000e1000000,0x00000000e1000000,0x00000000e1280000)
 ParOldGen       total 44032K, used 3056K [0x00000000a0000000, 0x00000000a2b00000, 0x00000000e0000000)
  object space 44032K, 6% used [0x00000000a0000000,0x00000000a02fc0a8,0x00000000a2b00000)
 Metaspace       used 13014K, capacity 13352K, committed 13440K, reserved 1060864K
  class space    used 1777K, capacity 1890K, committed 1920K, reserved 1048576K
Event: 5.116 GC heap after
Heap after GC invocations=5 (full 0):
 PSYoungGen      total 18944K, used 2528K [0x00000000e0000000, 0x00000000e2b00000, 0x0000000100000000)
  eden space 16384K, 0% used [0x00000000e0000000,0x00000000e0000000,0x00000000e1000000)
  from space 2560K, 98% used [0x00000000e1000000,0x00000000e1278040,0x00000000e1280000)
  to   space 5632K, 0% used [0x00000000e2580000,0x00000000e2580000,0x00000000e2b00000)
 ParOldGen       total 44032K, used 4798K [0x00000000a0000000, 0x00000000a2b00000, 0x00000000e0000000)
  object space 44032K, 10% used [0x00000000a0000000,0x00000000a04af880,0x00000000a2b00000)
 Metaspace       used 13014K, capacity 13352K, committed 13440K, reserved 1060864K
  class space    used 1777K, capacity 1890K, committed 1920K, reserved 1048576K
}
Event: 5.362 GC heap before
{Heap before GC invocations=6 (full 0):
 PSYoungGen      total 18944K, used 18912K [0x00000000e0000000, 0x00000000e2b00000, 0x0000000100000000)
  eden space 16384K, 100% used [0x00000000e0000000,0x00000000e1000000,0x00000000e1000000)
  from space 2560K, 98% used [0x00000000e1000000,0x00000000e1278040,0x00000000e1280000)
  to   space 5632K, 0% used [0x00000000e2580000,0x00000000e2580000,0x00000000e2b00000)
 ParOldGen       total 44032K, used 4798K [0x00000000a0000000, 0x00000000a2b00000, 0x00000000e0000000)
  object space 44032K, 10% used [0x00000000a0000000,0x00000000a04af880,0x00000000a2b00000)
 Metaspace       used 14562K, capacity 14828K, committed 14976K, reserved 1062912K
  class space    used 2041K, capacity 2148K, committed 2176K, reserved 1048576K
Event: 5.373 GC heap after
Heap after GC invocations=6 (full 0):
 PSYoungGen      total 38400K, used 4725K [0x00000000e0000000, 0x00000000e2b00000, 0x0000000100000000)
  eden space 32768K, 0% used [0x00000000e0000000,0x00000000e0000000,0x00000000e2000000)
  from space 5632K, 83% used [0x00000000e2580000,0x00000000e2a1d590,0x00000000e2b00000)
  to   space 5632K, 0% used [0x00000000e2000000,0x00000000e2000000,0x00000000e2580000)
 ParOldGen       total 44032K, used 4806K [0x00000000a0000000, 0x00000000a2b00000, 0x00000000e0000000)
  object space 44032K, 10% used [0x00000000a0000000,0x00000000a04b1880,0x00000000a2b00000)
 Metaspace       used 14562K, capacity 14828K, committed 14976K, reserved 1062912K
  class space    used 2041K, capacity 2148K, committed 2176K, reserved 1048576K
}
Event: 7.206 GC heap before
{Heap before GC invocations=7 (full 0):
 PSYoungGen      total 38400K, used 37493K [0x00000000e0000000, 0x00000000e2b00000, 0x0000000100000000)
  eden space 32768K, 100% used [0x00000000e0000000,0x00000000e2000000,0x00000000e2000000)
  from space 5632K, 83% used [0x00000000e2580000,0x00000000e2a1d590,0x00000000e2b00000)
  to   space 5632K, 0% used [0x00000000e2000000,0x00000000e2000000,0x00000000e2580000)
 ParOldGen       total 44032K, used 4806K [0x00000000a0000000, 0x00000000a2b00000, 0x00000000e0000000)
  object space 44032K, 10% used [0x00000000a0000000,0x00000000a04b1880,0x00000000a2b00000)
 Metaspace       used 17879K, capacity 18250K, committed 18560K, reserved 1064960K
  class space    used 2563K, capacity 2665K, committed 2688K, reserved 1048576K
Event: 7.222 GC heap after
Heap after GC invocations=7 (full 0):
 PSYoungGen      total 38400K, used 5629K [0x00000000e0000000, 0x00000000e2b00000, 0x0000000100000000)
  eden space 32768K, 0% used [0x00000000e0000000,0x00000000e0000000,0x00000000e2000000)
  from space 5632K, 99% used [0x00000000e2000000,0x00000000e257f588,0x00000000e2580000)
  to   space 5632K, 0% used [0x00000000e2580000,0x00000000e2580000,0x00000000e2b00000)
 ParOldGen       total 44032K, used 6465K [0x00000000a0000000, 0x00000000a2b00000, 0x00000000e0000000)
  object space 44032K, 14% used [0x00000000a0000000,0x00000000a06507a0,0x00000000a2b00000)
 Metaspace       used 17879K, capacity 18250K, committed 18560K, reserved 1064960K
  class space    used 2563K, capacity 2665K, committed 2688K, reserved 1048576K
}
Event: 7.900 GC heap before
{Heap before GC invocations=8 (full 0):
 PSYoungGen      total 38400K, used 16582K [0x00000000e0000000, 0x00000000e2b00000, 0x0000000100000000)
  eden space 32768K, 33% used [0x00000000e0000000,0x00000000e0ab24e0,0x00000000e2000000)
  from space 5632K, 99% used [0x00000000e2000000,0x00000000e257f588,0x00000000e2580000)
  to   space 5632K, 0% used [0x00000000e2580000,0x00000000e2580000,0x00000000e2b00000)
 ParOldGen       total 44032K, used 6465K [0x00000000a0000000, 0x00000000a2b00000, 0x00000000e0000000)
  object space 44032K, 14% used [0x00000000a0000000,0x00000000a06507a0,0x00000000a2b00000)
 Metaspace       used 20752K, capacity 21098K, committed 21248K, reserved 1067008K
  class space    used 2890K, capacity 3017K, committed 3072K, reserved 1048576K
Event: 7.907 GC heap after
Heap after GC invocations=8 (full 0):
 PSYoungGen      total 38400K, used 4729K [0x00000000e0000000, 0x00000000e2b00000, 0x0000000100000000)
  eden space 32768K, 0% used [0x00000000e0000000,0x00000000e0000000,0x00000000e2000000)
  from space 5632K, 83% used [0x00000000e2580000,0x00000000e2a1e480,0x00000000e2b00000)
  to   space 5632K, 0% used [0x00000000e2000000,0x00000000e2000000,0x00000000e2580000)
 ParOldGen       total 44032K, used 7334K [0x00000000a0000000, 0x00000000a2b00000, 0x00000000e0000000)
  object space 44032K, 16% used [0x00000000a0000000,0x00000000a0729b90,0x00000000a2b00000)
 Metaspace       used 20752K, capacity 21098K, committed 21248K, reserved 1067008K
  class space    used 2890K, capacity 3017K, committed 3072K, reserved 1048576K
}
Event: 7.907 GC heap before
{Heap before GC invocations=9 (full 1):
 PSYoungGen      total 38400K, used 4729K [0x00000000e0000000, 0x00000000e2b00000, 0x0000000100000000)
  eden space 32768K, 0% used [0x00000000e0000000,0x00000000e0000000,0x00000000e2000000)
  from space 5632K, 83% used [0x00000000e2580000,0x00000000e2a1e480,0x00000000e2b00000)
  to   space 5632K, 0% used [0x00000000e2000000,0x00000000e2000000,0x00000000e2580000)
 ParOldGen       total 44032K, used 7334K [0x00000000a0000000, 0x00000000a2b00000, 0x00000000e0000000)
  object space 44032K, 16% used [0x00000000a0000000,0x00000000a0729b90,0x00000000a2b00000)
 Metaspace       used 20752K, capacity 21098K, committed 21248K, reserved 1067008K
  class space    used 2890K, capacity 3017K, committed 3072K, reserved 1048576K
Event: 7.994 GC heap after
Heap after GC invocations=9 (full 1):
 PSYoungGen      total 38400K, used 0K [0x00000000e0000000, 0x00000000e2b00000, 0x0000000100000000)
  eden space 32768K, 0% used [0x00000000e0000000,0x00000000e0000000,0x00000000e2000000)
  from space 5632K, 0% used [0x00000000e2580000,0x00000000e2580000,0x00000000e2b00000)
  to   space 5632K, 0% used [0x00000000e2000000,0x00000000e2000000,0x00000000e2580000)
 ParOldGen       total 35328K, used 8879K [0x00000000a0000000, 0x00000000a2280000, 0x00000000e0000000)
  object space 35328K, 25% used [0x00000000a0000000,0x00000000a08abf18,0x00000000a2280000)
 Metaspace       used 20752K, capacity 21098K, committed 21248K, reserved 1067008K
  class space    used 2890K, capacity 3017K, committed 3072K, reserved 1048576K
}

