# JRE version: OpenJDK Runtime Environment (8.0_152-b02) (build 1.8.0_152-release-1024-b02)
# Java VM: OpenJDK 64-Bit Server VM (25.152-b02 mixed mode windows-amd64 compressed oops)
Heap:
 PSYoungGen      total 168448K, used 48807K [0x00000000e0000000, 0x00000000eca80000, 0x0000000100000000)
  eden space 158208K, 24% used [0x00000000e0000000,0x00000000e25af9d0,0x00000000e9a80000)
  from space 10240K, 99% used [0x00000000ebd80000,0x00000000ec77a588,0x00000000ec780000)
  to   space 24576K, 0% used [0x00000000e9a80000,0x00000000e9a80000,0x00000000eb280000)
 ParOldGen       total 100352K, used 66073K [0x00000000a0000000, 0x00000000a6200000, 0x00000000e0000000)
  object space 100352K, 65% used [0x00000000a0000000,0x00000000a4086498,0x00000000a6200000)
 Metaspace       used 77900K, capacity 81520K, committed 81792K, reserved 1120256K
  class space    used 10454K, capacity 11339K, committed 11392K, reserved 1048576K
GC Heap History (10 events):
Event: 36.897 GC heap before
{Heap before GC invocations=17 (full 2):
 PSYoungGen      total 157696K, used 134499K [0x00000000e0000000, 0x00000000eb000000, 0x0000000100000000)
  eden space 142848K, 84% used [0x00000000e0000000,0x00000000e767e7f0,0x00000000e8b80000)
  from space 14848K, 88% used [0x00000000e9b80000,0x00000000ea85a5b0,0x00000000eaa00000)
  to   space 16384K, 0% used [0x00000000e8b80000,0x00000000e8b80000,0x00000000e9b80000)
 ParOldGen       total 54784K, used 30480K [0x00000000a0000000, 0x00000000a3580000, 0x00000000e0000000)
  object space 54784K, 55% used [0x00000000a0000000,0x00000000a1dc42f0,0x00000000a3580000)
 Metaspace       used 56796K, capacity 58878K, committed 59028K, reserved 1099776K
  class space    used 7791K, capacity 8338K, committed 8448K, reserved 1048576K
Event: 36.975 GC heap after
Heap after GC invocations=17 (full 2):
 PSYoungGen      total 159232K, used 8346K [0x00000000e0000000, 0x00000000ed480000, 0x0000000100000000)
  eden space 142848K, 0% used [0x00000000e0000000,0x00000000e0000000,0x00000000e8b80000)
  from space 16384K, 50% used [0x00000000e8b80000,0x00000000e93a6b40,0x00000000e9b80000)
  to   space 15872K, 0% used [0x00000000ec500000,0x00000000ec500000,0x00000000ed480000)
 ParOldGen       total 54784K, used 42094K [0x00000000a0000000, 0x00000000a3580000, 0x00000000e0000000)
  object space 54784K, 76% used [0x00000000a0000000,0x00000000a291bb90,0x00000000a3580000)
 Metaspace       used 56796K, capacity 58878K, committed 59028K, reserved 1099776K
  class space    used 7791K, capacity 8338K, committed 8448K, reserved 1048576K
}
Event: 36.975 GC heap before
{Heap before GC invocations=18 (full 3):
 PSYoungGen      total 159232K, used 8346K [0x00000000e0000000, 0x00000000ed480000, 0x0000000100000000)
  eden space 142848K, 0% used [0x00000000e0000000,0x00000000e0000000,0x00000000e8b80000)
  from space 16384K, 50% used [0x00000000e8b80000,0x00000000e93a6b40,0x00000000e9b80000)
  to   space 15872K, 0% used [0x00000000ec500000,0x00000000ec500000,0x00000000ed480000)
 ParOldGen       total 54784K, used 42094K [0x00000000a0000000, 0x00000000a3580000, 0x00000000e0000000)
  object space 54784K, 76% used [0x00000000a0000000,0x00000000a291bb90,0x00000000a3580000)
 Metaspace       used 56796K, capacity 58878K, committed 59028K, reserved 1099776K
  class space    used 7791K, capacity 8338K, committed 8448K, reserved 1048576K
Event: 37.576 GC heap after
Heap after GC invocations=18 (full 3):
 PSYoungGen      total 159232K, used 0K [0x00000000e0000000, 0x00000000ed480000, 0x0000000100000000)
  eden space 142848K, 0% used [0x00000000e0000000,0x00000000e0000000,0x00000000e8b80000)
  from space 16384K, 0% used [0x00000000e8b80000,0x00000000e8b80000,0x00000000e9b80000)
  to   space 15872K, 0% used [0x00000000ec500000,0x00000000ec500000,0x00000000ed480000)
 ParOldGen       total 100352K, used 44829K [0x00000000a0000000, 0x00000000a6200000, 0x00000000e0000000)
  object space 100352K, 44% used [0x00000000a0000000,0x00000000a2bc74e8,0x00000000a6200000)
 Metaspace       used 56796K, capacity 58878K, committed 59028K, reserved 1099776K
  class space    used 7791K, capacity 8338K, committed 8448K, reserved 1048576K
}
Event: 411.695 GC heap before
{Heap before GC invocations=19 (full 3):
 PSYoungGen      total 159232K, used 142848K [0x00000000e0000000, 0x00000000ed480000, 0x0000000100000000)
  eden space 142848K, 100% used [0x00000000e0000000,0x00000000e8b80000,0x00000000e8b80000)
  from space 16384K, 0% used [0x00000000e8b80000,0x00000000e8b80000,0x00000000e9b80000)
  to   space 15872K, 0% used [0x00000000ec500000,0x00000000ec500000,0x00000000ed480000)
 ParOldGen       total 100352K, used 44829K [0x00000000a0000000, 0x00000000a6200000, 0x00000000e0000000)
  object space 100352K, 44% used [0x00000000a0000000,0x00000000a2bc74e8,0x00000000a6200000)
 Metaspace       used 62179K, capacity 64494K, committed 64768K, reserved 1105920K
  class space    used 8329K, capacity 8906K, committed 8960K, reserved 1048576K
Event: 411.717 GC heap after
Heap after GC invocations=19 (full 3):
 PSYoungGen      total 178176K, used 6984K [0x00000000e0000000, 0x00000000ecc00000, 0x0000000100000000)
  eden space 171008K, 0% used [0x00000000e0000000,0x00000000e0000000,0x00000000ea700000)
  from space 7168K, 97% used [0x00000000ec500000,0x00000000ecbd23f8,0x00000000ecc00000)
  to   space 14848K, 0% used [0x00000000eaf00000,0x00000000eaf00000,0x00000000ebd80000)
 ParOldGen       total 100352K, used 44837K [0x00000000a0000000, 0x00000000a6200000, 0x00000000e0000000)
  object space 100352K, 44% used [0x00000000a0000000,0x00000000a2bc94e8,0x00000000a6200000)
 Metaspace       used 62179K, capacity 64494K, committed 64768K, reserved 1105920K
  class space    used 8329K, capacity 8906K, committed 8960K, reserved 1048576K
}
Event: 1802.034 GC heap before
{Heap before GC invocations=20 (full 3):
 PSYoungGen      total 178176K, used 177992K [0x00000000e0000000, 0x00000000ecc00000, 0x0000000100000000)
  eden space 171008K, 100% used [0x00000000e0000000,0x00000000ea700000,0x00000000ea700000)
  from space 7168K, 97% used [0x00000000ec500000,0x00000000ecbd23f8,0x00000000ecc00000)
  to   space 14848K, 0% used [0x00000000eaf00000,0x00000000eaf00000,0x00000000ebd80000)
 ParOldGen       total 100352K, used 44837K [0x00000000a0000000, 0x00000000a6200000, 0x00000000e0000000)
  object space 100352K, 44% used [0x00000000a0000000,0x00000000a2bc94e8,0x00000000a6200000)
 Metaspace       used 73507K, capacity 76650K, committed 76672K, reserved 1116160K
  class space    used 9849K, capacity 10602K, committed 10624K, reserved 1048576K
Event: 1802.084 GC heap after
Heap after GC invocations=20 (full 3):
 PSYoungGen      total 179200K, used 14817K [0x00000000e0000000, 0x00000000ec780000, 0x0000000100000000)
  eden space 164352K, 0% used [0x00000000e0000000,0x00000000e0000000,0x00000000ea080000)
  from space 14848K, 99% used [0x00000000eaf00000,0x00000000ebd78520,0x00000000ebd80000)
  to   space 10240K, 0% used [0x00000000ebd80000,0x00000000ebd80000,0x00000000ec780000)
 ParOldGen       total 100352K, used 53014K [0x00000000a0000000, 0x00000000a6200000, 0x00000000e0000000)
  object space 100352K, 52% used [0x00000000a0000000,0x00000000a33c5ad0,0x00000000a6200000)
 Metaspace       used 73507K, capacity 76650K, committed 76672K, reserved 1116160K
  class space    used 9849K, capacity 10602K, committed 10624K, reserved 1048576K
}
Event: 1814.982 GC heap before
{Heap before GC invocations=21 (full 3):
 PSYoungGen      total 179200K, used 179169K [0x00000000e0000000, 0x00000000ec780000, 0x0000000100000000)
  eden space 164352K, 100% used [0x00000000e0000000,0x00000000ea080000,0x00000000ea080000)
  from space 14848K, 99% used [0x00000000eaf00000,0x00000000ebd78520,0x00000000ebd80000)
  to   space 10240K, 0% used [0x00000000ebd80000,0x00000000ebd80000,0x00000000ec780000)
 ParOldGen       total 100352K, used 53014K [0x00000000a0000000, 0x00000000a6200000, 0x00000000e0000000)
  object space 100352K, 52% used [0x00000000a0000000,0x00000000a33c5ad0,0x00000000a6200000)
 Metaspace       used 77057K, capacity 80652K, committed 80896K, reserved 1118208K
  class space    used 10359K, capacity 11241K, committed 11264K, reserved 1048576K
Event: 1815.022 GC heap after
Heap after GC invocations=21 (full 3):
 PSYoungGen      total 168448K, used 10217K [0x00000000e0000000, 0x00000000eca80000, 0x0000000100000000)
  eden space 158208K, 0% used [0x00000000e0000000,0x00000000e0000000,0x00000000e9a80000)
  from space 10240K, 99% used [0x00000000ebd80000,0x00000000ec77a588,0x00000000ec780000)
  to   space 24576K, 0% used [0x00000000e9a80000,0x00000000e9a80000,0x00000000eb280000)
 ParOldGen       total 100352K, used 66073K [0x00000000a0000000, 0x00000000a6200000, 0x00000000e0000000)
  object space 100352K, 65% used [0x00000000a0000000,0x00000000a4086498,0x00000000a6200000)
 Metaspace       used 77057K, capacity 80652K, committed 80896K, reserved 1118208K
  class space    used 10359K, capacity 11241K, committed 11264K, reserved 1048576K
}

