# JRE version: OpenJDK Runtime Environment (8.0_152-b01) (build 1.8.0_152-release-1248-b01)
# Java VM: OpenJDK 64-Bit Server VM (25.152-b01 mixed mode windows-amd64 compressed oops)
Heap:
 PSYoungGen      total 116224K, used 73700K [0x00000000e0000000, 0x00000000e9580000, 0x0000000100000000)
  eden space 102912K, 71% used [0x00000000e0000000,0x00000000e47f9028,0x00000000e6480000)
  from space 13312K, 0% used [0x00000000e6480000,0x00000000e6480000,0x00000000e7180000)
  to   space 12800K, 0% used [0x00000000e8900000,0x00000000e8900000,0x00000000e9580000)
 ParOldGen       total 55296K, used 31210K [0x00000000a0000000, 0x00000000a3600000, 0x00000000e0000000)
  object space 55296K, 56% used [0x00000000a0000000,0x00000000a1e7aad8,0x00000000a3600000)
 Metaspace       used 61327K, capacity 63038K, committed 63232K, reserved 1103872K
  class space    used 8387K, capacity 8860K, committed 8960K, reserved 1048576K
GC Heap History (10 events):
Event: 16.024 GC heap before
{Heap before GC invocations=16 (full 2):
 PSYoungGen      total 70656K, used 64000K [0x00000000e0000000, 0x00000000e6600000, 0x0000000100000000)
  eden space 64000K, 100% used [0x00000000e0000000,0x00000000e3e80000,0x00000000e3e80000)
  from space 6656K, 0% used [0x00000000e3e80000,0x00000000e3e80000,0x00000000e4500000)
  to   space 7168K, 0% used [0x00000000e5f00000,0x00000000e5f00000,0x00000000e6600000)
 ParOldGen       total 55296K, used 18246K [0x00000000a0000000, 0x00000000a3600000, 0x00000000e0000000)
  object space 55296K, 32% used [0x00000000a0000000,0x00000000a11d1b90,0x00000000a3600000)
 Metaspace       used 43009K, capacity 43714K, committed 44032K, reserved 1087488K
  class space    used 5771K, capacity 6035K, committed 6144K, reserved 1048576K
Event: 16.048 GC heap after
Heap after GC invocations=16 (full 2):
 PSYoungGen      total 87552K, used 7146K [0x00000000e0000000, 0x00000000e6600000, 0x0000000100000000)
  eden space 80384K, 0% used [0x00000000e0000000,0x00000000e0000000,0x00000000e4e80000)
  from space 7168K, 99% used [0x00000000e5f00000,0x00000000e65faa50,0x00000000e6600000)
  to   space 8704K, 0% used [0x00000000e5500000,0x00000000e5500000,0x00000000e5d80000)
 ParOldGen       total 55296K, used 20411K [0x00000000a0000000, 0x00000000a3600000, 0x00000000e0000000)
  object space 55296K, 36% used [0x00000000a0000000,0x00000000a13eef60,0x00000000a3600000)
 Metaspace       used 43009K, capacity 43714K, committed 44032K, reserved 1087488K
  class space    used 5771K, capacity 6035K, committed 6144K, reserved 1048576K
}
Event: 17.439 GC heap before
{Heap before GC invocations=17 (full 2):
 PSYoungGen      total 87552K, used 87530K [0x00000000e0000000, 0x00000000e6600000, 0x0000000100000000)
  eden space 80384K, 100% used [0x00000000e0000000,0x00000000e4e80000,0x00000000e4e80000)
  from space 7168K, 99% used [0x00000000e5f00000,0x00000000e65faa50,0x00000000e6600000)
  to   space 8704K, 0% used [0x00000000e5500000,0x00000000e5500000,0x00000000e5d80000)
 ParOldGen       total 55296K, used 20411K [0x00000000a0000000, 0x00000000a3600000, 0x00000000e0000000)
  object space 55296K, 36% used [0x00000000a0000000,0x00000000a13eef60,0x00000000a3600000)
 Metaspace       used 47900K, capacity 48968K, committed 49280K, reserved 1091584K
  class space    used 6463K, capacity 6781K, committed 6784K, reserved 1048576K
Event: 17.476 GC heap after
Heap after GC invocations=17 (full 2):
 PSYoungGen      total 95744K, used 8701K [0x00000000e0000000, 0x00000000e7d80000, 0x0000000100000000)
  eden space 87040K, 0% used [0x00000000e0000000,0x00000000e0000000,0x00000000e5500000)
  from space 8704K, 99% used [0x00000000e5500000,0x00000000e5d7f658,0x00000000e5d80000)
  to   space 12288K, 0% used [0x00000000e7180000,0x00000000e7180000,0x00000000e7d80000)
 ParOldGen       total 55296K, used 27090K [0x00000000a0000000, 0x00000000a3600000, 0x00000000e0000000)
  object space 55296K, 48% used [0x00000000a0000000,0x00000000a1a74bd8,0x00000000a3600000)
 Metaspace       used 47900K, capacity 48968K, committed 49280K, reserved 1091584K
  class space    used 6463K, capacity 6781K, committed 6784K, reserved 1048576K
}
Event: 19.388 GC heap before
{Heap before GC invocations=18 (full 2):
 PSYoungGen      total 95744K, used 95741K [0x00000000e0000000, 0x00000000e7d80000, 0x0000000100000000)
  eden space 87040K, 100% used [0x00000000e0000000,0x00000000e5500000,0x00000000e5500000)
  from space 8704K, 99% used [0x00000000e5500000,0x00000000e5d7f658,0x00000000e5d80000)
  to   space 12288K, 0% used [0x00000000e7180000,0x00000000e7180000,0x00000000e7d80000)
 ParOldGen       total 55296K, used 27090K [0x00000000a0000000, 0x00000000a3600000, 0x00000000e0000000)
  object space 55296K, 48% used [0x00000000a0000000,0x00000000a1a74bd8,0x00000000a3600000)
 Metaspace       used 57260K, capacity 58588K, committed 58880K, reserved 1099776K
  class space    used 7672K, capacity 8089K, committed 8192K, reserved 1048576K
Event: 19.417 GC heap after
Heap after GC invocations=18 (full 2):
 PSYoungGen      total 115200K, used 9872K [0x00000000e0000000, 0x00000000e8780000, 0x0000000100000000)
  eden space 102912K, 0% used [0x00000000e0000000,0x00000000e0000000,0x00000000e6480000)
  from space 12288K, 80% used [0x00000000e7180000,0x00000000e7b24250,0x00000000e7d80000)
  to   space 13312K, 0% used [0x00000000e6480000,0x00000000e6480000,0x00000000e7180000)
 ParOldGen       total 55296K, used 33639K [0x00000000a0000000, 0x00000000a3600000, 0x00000000e0000000)
  object space 55296K, 60% used [0x00000000a0000000,0x00000000a20d9c88,0x00000000a3600000)
 Metaspace       used 57260K, capacity 58588K, committed 58880K, reserved 1099776K
  class space    used 7672K, capacity 8089K, committed 8192K, reserved 1048576K
}
Event: 19.682 GC heap before
{Heap before GC invocations=19 (full 2):
 PSYoungGen      total 115200K, used 26021K [0x00000000e0000000, 0x00000000e8780000, 0x0000000100000000)
  eden space 102912K, 15% used [0x00000000e0000000,0x00000000e0fc5268,0x00000000e6480000)
  from space 12288K, 80% used [0x00000000e7180000,0x00000000e7b24250,0x00000000e7d80000)
  to   space 13312K, 0% used [0x00000000e6480000,0x00000000e6480000,0x00000000e7180000)
 ParOldGen       total 55296K, used 33639K [0x00000000a0000000, 0x00000000a3600000, 0x00000000e0000000)
  object space 55296K, 60% used [0x00000000a0000000,0x00000000a20d9c88,0x00000000a3600000)
 Metaspace       used 57631K, capacity 58994K, committed 59096K, reserved 1099776K
  class space    used 7740K, capacity 8118K, committed 8192K, reserved 1048576K
Event: 19.697 GC heap after
Heap after GC invocations=19 (full 2):
 PSYoungGen      total 116224K, used 5392K [0x00000000e0000000, 0x00000000e9580000, 0x0000000100000000)
  eden space 102912K, 0% used [0x00000000e0000000,0x00000000e0000000,0x00000000e6480000)
  from space 13312K, 40% used [0x00000000e6480000,0x00000000e69c4210,0x00000000e7180000)
  to   space 12800K, 0% used [0x00000000e8900000,0x00000000e8900000,0x00000000e9580000)
 ParOldGen       total 55296K, used 33647K [0x00000000a0000000, 0x00000000a3600000, 0x00000000e0000000)
  object space 55296K, 60% used [0x00000000a0000000,0x00000000a20dbc88,0x00000000a3600000)
 Metaspace       used 57631K, capacity 58994K, committed 59096K, reserved 1099776K
  class space    used 7740K, capacity 8118K, committed 8192K, reserved 1048576K
}
Event: 19.697 GC heap before
{Heap before GC invocations=20 (full 3):
 PSYoungGen      total 116224K, used 5392K [0x00000000e0000000, 0x00000000e9580000, 0x0000000100000000)
  eden space 102912K, 0% used [0x00000000e0000000,0x00000000e0000000,0x00000000e6480000)
  from space 13312K, 40% used [0x00000000e6480000,0x00000000e69c4210,0x00000000e7180000)
  to   space 12800K, 0% used [0x00000000e8900000,0x00000000e8900000,0x00000000e9580000)
 ParOldGen       total 55296K, used 33647K [0x00000000a0000000, 0x00000000a3600000, 0x00000000e0000000)
  object space 55296K, 60% used [0x00000000a0000000,0x00000000a20dbc88,0x00000000a3600000)
 Metaspace       used 57631K, capacity 58994K, committed 59096K, reserved 1099776K
  class space    used 7740K, capacity 8118K, committed 8192K, reserved 1048576K
Event: 20.090 GC heap after
Heap after GC invocations=20 (full 3):
 PSYoungGen      total 116224K, used 0K [0x00000000e0000000, 0x00000000e9580000, 0x0000000100000000)
  eden space 102912K, 0% used [0x00000000e0000000,0x00000000e0000000,0x00000000e6480000)
  from space 13312K, 0% used [0x00000000e6480000,0x00000000e6480000,0x00000000e7180000)
  to   space 12800K, 0% used [0x00000000e8900000,0x00000000e8900000,0x00000000e9580000)
 ParOldGen       total 55296K, used 31210K [0x00000000a0000000, 0x00000000a3600000, 0x00000000e0000000)
  object space 55296K, 56% used [0x00000000a0000000,0x00000000a1e7aad8,0x00000000a3600000)
 Metaspace       used 57631K, capacity 58994K, committed 59096K, reserved 1099776K
  class space    used 7740K, capacity 8118K, committed 8192K, reserved 1048576K
}

