# JRE version: OpenJDK Runtime Environment (8.0_152-b01) (build 1.8.0_152-release-1248-b01)
# Java VM: OpenJDK 64-Bit Server VM (25.152-b01 mixed mode windows-amd64 compressed oops)
Heap:
 PSYoungGen      total 113664K, used 27031K [0x00000000e0000000, 0x00000000e9200000, 0x0000000100000000)
  eden space 89088K, 2% used [0x00000000e0000000,0x00000000e0269b60,0x00000000e5700000)
  from space 24576K, 99% used [0x00000000e5700000,0x00000000e6efc0a8,0x00000000e6f00000)
  to   space 22016K, 0% used [0x00000000e6f00000,0x00000000e6f00000,0x00000000e8480000)
 ParOldGen       total 80896K, used 41431K [0x00000000a0000000, 0x00000000a4f00000, 0x00000000e0000000)
  object space 80896K, 51% used [0x00000000a0000000,0x00000000a2875e98,0x00000000a4f00000)
 Metaspace       used 70398K, capacity 72782K, committed 72832K, reserved 1112064K
  class space    used 9226K, capacity 9846K, committed 9856K, reserved 1048576K
GC Heap History (10 events):
Event: 319.828 GC heap before
{Heap before GC invocations=38 (full 3):
 PSYoungGen      total 100352K, used 93651K [0x00000000e0000000, 0x00000000e7300000, 0x0000000100000000)
  eden space 82944K, 100% used [0x00000000e0000000,0x00000000e5100000,0x00000000e5100000)
  from space 17408K, 61% used [0x00000000e6200000,0x00000000e6c74de0,0x00000000e7300000)
  to   space 17408K, 0% used [0x00000000e5100000,0x00000000e5100000,0x00000000e6200000)
 ParOldGen       total 80896K, used 32577K [0x00000000a0000000, 0x00000000a4f00000, 0x00000000e0000000)
  object space 80896K, 40% used [0x00000000a0000000,0x00000000a1fd0798,0x00000000a4f00000)
 Metaspace       used 67784K, capacity 69802K, committed 70016K, reserved 1110016K
  class space    used 8994K, capacity 9528K, committed 9600K, reserved 1048576K
Event: 319.846 GC heap after
Heap after GC invocations=38 (full 3):
 PSYoungGen      total 100352K, used 11452K [0x00000000e0000000, 0x00000000e7980000, 0x0000000100000000)
  eden space 82944K, 0% used [0x00000000e0000000,0x00000000e0000000,0x00000000e5100000)
  from space 17408K, 65% used [0x00000000e5100000,0x00000000e5c2f0d0,0x00000000e6200000)
  to   space 17920K, 0% used [0x00000000e6800000,0x00000000e6800000,0x00000000e7980000)
 ParOldGen       total 80896K, used 32585K [0x00000000a0000000, 0x00000000a4f00000, 0x00000000e0000000)
  object space 80896K, 40% used [0x00000000a0000000,0x00000000a1fd2798,0x00000000a4f00000)
 Metaspace       used 67784K, capacity 69802K, committed 70016K, reserved 1110016K
  class space    used 8994K, capacity 9528K, committed 9600K, reserved 1048576K
}
Event: 348.461 GC heap before
{Heap before GC invocations=39 (full 3):
 PSYoungGen      total 100352K, used 94396K [0x00000000e0000000, 0x00000000e7980000, 0x0000000100000000)
  eden space 82944K, 100% used [0x00000000e0000000,0x00000000e5100000,0x00000000e5100000)
  from space 17408K, 65% used [0x00000000e5100000,0x00000000e5c2f0d0,0x00000000e6200000)
  to   space 17920K, 0% used [0x00000000e6800000,0x00000000e6800000,0x00000000e7980000)
 ParOldGen       total 80896K, used 32585K [0x00000000a0000000, 0x00000000a4f00000, 0x00000000e0000000)
  object space 80896K, 40% used [0x00000000a0000000,0x00000000a1fd2798,0x00000000a4f00000)
 Metaspace       used 68667K, capacity 70818K, committed 71168K, reserved 1110016K
  class space    used 9068K, capacity 9622K, committed 9728K, reserved 1048576K
Event: 348.485 GC heap after
Heap after GC invocations=39 (full 3):
 PSYoungGen      total 104960K, used 14055K [0x00000000e0000000, 0x00000000e7c00000, 0x0000000100000000)
  eden space 87040K, 0% used [0x00000000e0000000,0x00000000e0000000,0x00000000e5500000)
  from space 17920K, 78% used [0x00000000e6800000,0x00000000e75b9f90,0x00000000e7980000)
  to   space 19456K, 0% used [0x00000000e5500000,0x00000000e5500000,0x00000000e6800000)
 ParOldGen       total 80896K, used 32593K [0x00000000a0000000, 0x00000000a4f00000, 0x00000000e0000000)
  object space 80896K, 40% used [0x00000000a0000000,0x00000000a1fd4798,0x00000000a4f00000)
 Metaspace       used 68667K, capacity 70818K, committed 71168K, reserved 1110016K
  class space    used 9068K, capacity 9622K, committed 9728K, reserved 1048576K
}
Event: 360.861 GC heap before
{Heap before GC invocations=40 (full 3):
 PSYoungGen      total 104960K, used 101095K [0x00000000e0000000, 0x00000000e7c00000, 0x0000000100000000)
  eden space 87040K, 100% used [0x00000000e0000000,0x00000000e5500000,0x00000000e5500000)
  from space 17920K, 78% used [0x00000000e6800000,0x00000000e75b9f90,0x00000000e7980000)
  to   space 19456K, 0% used [0x00000000e5500000,0x00000000e5500000,0x00000000e6800000)
 ParOldGen       total 80896K, used 32593K [0x00000000a0000000, 0x00000000a4f00000, 0x00000000e0000000)
  object space 80896K, 40% used [0x00000000a0000000,0x00000000a1fd4798,0x00000000a4f00000)
 Metaspace       used 69455K, capacity 71542K, committed 71680K, reserved 1112064K
  class space    used 9103K, capacity 9662K, committed 9728K, reserved 1048576K
Event: 360.894 GC heap after
Heap after GC invocations=40 (full 3):
 PSYoungGen      total 106496K, used 18736K [0x00000000e0000000, 0x00000000e8480000, 0x0000000100000000)
  eden space 87040K, 0% used [0x00000000e0000000,0x00000000e0000000,0x00000000e5500000)
  from space 19456K, 96% used [0x00000000e5500000,0x00000000e674c0e0,0x00000000e6800000)
  to   space 22016K, 0% used [0x00000000e6f00000,0x00000000e6f00000,0x00000000e8480000)
 ParOldGen       total 80896K, used 32601K [0x00000000a0000000, 0x00000000a4f00000, 0x00000000e0000000)
  object space 80896K, 40% used [0x00000000a0000000,0x00000000a1fd6798,0x00000000a4f00000)
 Metaspace       used 69455K, capacity 71542K, committed 71680K, reserved 1112064K
  class space    used 9103K, capacity 9662K, committed 9728K, reserved 1048576K
}
Event: 361.542 GC heap before
{Heap before GC invocations=41 (full 3):
 PSYoungGen      total 106496K, used 105776K [0x00000000e0000000, 0x00000000e8480000, 0x0000000100000000)
  eden space 87040K, 100% used [0x00000000e0000000,0x00000000e5500000,0x00000000e5500000)
  from space 19456K, 96% used [0x00000000e5500000,0x00000000e674c0e0,0x00000000e6800000)
  to   space 22016K, 0% used [0x00000000e6f00000,0x00000000e6f00000,0x00000000e8480000)
 ParOldGen       total 80896K, used 32601K [0x00000000a0000000, 0x00000000a4f00000, 0x00000000e0000000)
  object space 80896K, 40% used [0x00000000a0000000,0x00000000a1fd6798,0x00000000a4f00000)
 Metaspace       used 69461K, capacity 71606K, committed 71680K, reserved 1112064K
  class space    used 9103K, capacity 9662K, committed 9728K, reserved 1048576K
Event: 361.592 GC heap after
Heap after GC invocations=41 (full 3):
 PSYoungGen      total 111104K, used 19364K [0x00000000e0000000, 0x00000000e9200000, 0x0000000100000000)
  eden space 89088K, 0% used [0x00000000e0000000,0x00000000e0000000,0x00000000e5700000)
  from space 22016K, 87% used [0x00000000e6f00000,0x00000000e81e9188,0x00000000e8480000)
  to   space 24576K, 0% used [0x00000000e5700000,0x00000000e5700000,0x00000000e6f00000)
 ParOldGen       total 80896K, used 32601K [0x00000000a0000000, 0x00000000a4f00000, 0x00000000e0000000)
  object space 80896K, 40% used [0x00000000a0000000,0x00000000a1fd6798,0x00000000a4f00000)
 Metaspace       used 69461K, capacity 71606K, committed 71680K, reserved 1112064K
  class space    used 9103K, capacity 9662K, committed 9728K, reserved 1048576K
}
Event: 362.517 GC heap before
{Heap before GC invocations=42 (full 3):
 PSYoungGen      total 111104K, used 108452K [0x00000000e0000000, 0x00000000e9200000, 0x0000000100000000)
  eden space 89088K, 100% used [0x00000000e0000000,0x00000000e5700000,0x00000000e5700000)
  from space 22016K, 87% used [0x00000000e6f00000,0x00000000e81e9188,0x00000000e8480000)
  to   space 24576K, 0% used [0x00000000e5700000,0x00000000e5700000,0x00000000e6f00000)
 ParOldGen       total 80896K, used 32601K [0x00000000a0000000, 0x00000000a4f00000, 0x00000000e0000000)
  object space 80896K, 40% used [0x00000000a0000000,0x00000000a1fd6798,0x00000000a4f00000)
 Metaspace       used 70271K, capacity 72718K, committed 72832K, reserved 1112064K
  class space    used 9207K, capacity 9846K, committed 9856K, reserved 1048576K
Event: 362.581 GC heap after
Heap after GC invocations=42 (full 3):
 PSYoungGen      total 113664K, used 24560K [0x00000000e0000000, 0x00000000e9200000, 0x0000000100000000)
  eden space 89088K, 0% used [0x00000000e0000000,0x00000000e0000000,0x00000000e5700000)
  from space 24576K, 99% used [0x00000000e5700000,0x00000000e6efc0a8,0x00000000e6f00000)
  to   space 22016K, 0% used [0x00000000e6f00000,0x00000000e6f00000,0x00000000e8480000)
 ParOldGen       total 80896K, used 41431K [0x00000000a0000000, 0x00000000a4f00000, 0x00000000e0000000)
  object space 80896K, 51% used [0x00000000a0000000,0x00000000a2875e98,0x00000000a4f00000)
 Metaspace       used 70271K, capacity 72718K, committed 72832K, reserved 1112064K
  class space    used 9207K, capacity 9846K, committed 9856K, reserved 1048576K
}

