# JRE version: OpenJDK Runtime Environment (8.0_152-b02) (build 1.8.0_152-release-1024-b02)
# Java VM: OpenJDK 64-Bit Server VM (25.152-b02 mixed mode windows-amd64 compressed oops)
Heap:
 PSYoungGen      total 171520K, used 17645K [0x00000000e0000000, 0x00000000ed180000, 0x0000000100000000)
  eden space 152064K, 11% used [0x00000000e0000000,0x00000000e1198db8,0x00000000e9480000)
  from space 19456K, 0% used [0x00000000ea780000,0x00000000ea780000,0x00000000eba80000)
  to   space 19456K, 0% used [0x00000000e9480000,0x00000000e9480000,0x00000000ea780000)
 ParOldGen       total 69632K, used 68179K [0x00000000a0000000, 0x00000000a4400000, 0x00000000e0000000)
  object space 69632K, 97% used [0x00000000a0000000,0x00000000a4294d70,0x00000000a4400000)
 Metaspace       used 70776K, capacity 73192K, committed 74072K, reserved 1114112K
  class space    used 9349K, capacity 9881K, committed 10112K, reserved 1048576K
GC Heap History (10 events):
Event: 47.943 GC heap before
{Heap before GC invocations=18 (full 2):
 PSYoungGen      total 144896K, used 20591K [0x00000000e0000000, 0x00000000eba80000, 0x0000000100000000)
  eden space 125440K, 6% used [0x00000000e0000000,0x00000000e086cf40,0x00000000e7a80000)
  from space 19456K, 61% used [0x00000000e7a80000,0x00000000e862f028,0x00000000e8d80000)
  to   space 19456K, 0% used [0x00000000ea780000,0x00000000ea780000,0x00000000eba80000)
 ParOldGen       total 58368K, used 38167K [0x00000000a0000000, 0x00000000a3900000, 0x00000000e0000000)
  object space 58368K, 65% used [0x00000000a0000000,0x00000000a2545d00,0x00000000a3900000)
 Metaspace       used 56960K, capacity 58832K, committed 58968K, reserved 1099776K
  class space    used 7732K, capacity 8225K, committed 8320K, reserved 1048576K
Event: 47.972 GC heap after
Heap after GC invocations=18 (full 2):
 PSYoungGen      total 171520K, used 10470K [0x00000000e0000000, 0x00000000ed180000, 0x0000000100000000)
  eden space 152064K, 0% used [0x00000000e0000000,0x00000000e0000000,0x00000000e9480000)
  from space 19456K, 53% used [0x00000000ea780000,0x00000000eb1b9bc0,0x00000000eba80000)
  to   space 19456K, 0% used [0x00000000e9480000,0x00000000e9480000,0x00000000ea780000)
 ParOldGen       total 58368K, used 38175K [0x00000000a0000000, 0x00000000a3900000, 0x00000000e0000000)
  object space 58368K, 65% used [0x00000000a0000000,0x00000000a2547d00,0x00000000a3900000)
 Metaspace       used 56960K, capacity 58832K, committed 58968K, reserved 1099776K
  class space    used 7732K, capacity 8225K, committed 8320K, reserved 1048576K
}
Event: 47.972 GC heap before
{Heap before GC invocations=19 (full 3):
 PSYoungGen      total 171520K, used 10470K [0x00000000e0000000, 0x00000000ed180000, 0x0000000100000000)
  eden space 152064K, 0% used [0x00000000e0000000,0x00000000e0000000,0x00000000e9480000)
  from space 19456K, 53% used [0x00000000ea780000,0x00000000eb1b9bc0,0x00000000eba80000)
  to   space 19456K, 0% used [0x00000000e9480000,0x00000000e9480000,0x00000000ea780000)
 ParOldGen       total 58368K, used 38175K [0x00000000a0000000, 0x00000000a3900000, 0x00000000e0000000)
  object space 58368K, 65% used [0x00000000a0000000,0x00000000a2547d00,0x00000000a3900000)
 Metaspace       used 56960K, capacity 58832K, committed 58968K, reserved 1099776K
  class space    used 7732K, capacity 8225K, committed 8320K, reserved 1048576K
Event: 48.488 GC heap after
Heap after GC invocations=19 (full 3):
 PSYoungGen      total 171520K, used 0K [0x00000000e0000000, 0x00000000ed180000, 0x0000000100000000)
  eden space 152064K, 0% used [0x00000000e0000000,0x00000000e0000000,0x00000000e9480000)
  from space 19456K, 0% used [0x00000000ea780000,0x00000000ea780000,0x00000000eba80000)
  to   space 19456K, 0% used [0x00000000e9480000,0x00000000e9480000,0x00000000ea780000)
 ParOldGen       total 58368K, used 40051K [0x00000000a0000000, 0x00000000a3900000, 0x00000000e0000000)
  object space 58368K, 68% used [0x00000000a0000000,0x00000000a271ce88,0x00000000a3900000)
 Metaspace       used 56960K, capacity 58832K, committed 58968K, reserved 1099776K
  class space    used 7732K, capacity 8225K, committed 8320K, reserved 1048576K
}
Event: 65.766 GC heap before
{Heap before GC invocations=20 (full 3):
 PSYoungGen      total 171520K, used 152064K [0x00000000e0000000, 0x00000000ed180000, 0x0000000100000000)
  eden space 152064K, 100% used [0x00000000e0000000,0x00000000e9480000,0x00000000e9480000)
  from space 19456K, 0% used [0x00000000ea780000,0x00000000ea780000,0x00000000eba80000)
  to   space 19456K, 0% used [0x00000000e9480000,0x00000000e9480000,0x00000000ea780000)
 ParOldGen       total 58368K, used 40051K [0x00000000a0000000, 0x00000000a3900000, 0x00000000e0000000)
  object space 58368K, 68% used [0x00000000a0000000,0x00000000a271ce88,0x00000000a3900000)
 Metaspace       used 63087K, capacity 65046K, committed 65240K, reserved 1105920K
  class space    used 8432K, capacity 8932K, committed 8960K, reserved 1048576K
Event: 65.849 GC heap after
Heap after GC invocations=20 (full 3):
 PSYoungGen      total 171520K, used 19425K [0x00000000e0000000, 0x00000000ed180000, 0x0000000100000000)
  eden space 152064K, 0% used [0x00000000e0000000,0x00000000e0000000,0x00000000e9480000)
  from space 19456K, 99% used [0x00000000e9480000,0x00000000ea778498,0x00000000ea780000)
  to   space 19456K, 0% used [0x00000000ea780000,0x00000000ea780000,0x00000000eba80000)
 ParOldGen       total 58368K, used 44972K [0x00000000a0000000, 0x00000000a3900000, 0x00000000e0000000)
  object space 58368K, 77% used [0x00000000a0000000,0x00000000a2beb210,0x00000000a3900000)
 Metaspace       used 63087K, capacity 65046K, committed 65240K, reserved 1105920K
  class space    used 8432K, capacity 8932K, committed 8960K, reserved 1048576K
}
Event: 76.796 GC heap before
{Heap before GC invocations=21 (full 3):
 PSYoungGen      total 171520K, used 171307K [0x00000000e0000000, 0x00000000ed180000, 0x0000000100000000)
  eden space 152064K, 99% used [0x00000000e0000000,0x00000000e9452a98,0x00000000e9480000)
  from space 19456K, 99% used [0x00000000e9480000,0x00000000ea778498,0x00000000ea780000)
  to   space 19456K, 0% used [0x00000000ea780000,0x00000000ea780000,0x00000000eba80000)
 ParOldGen       total 58368K, used 44972K [0x00000000a0000000, 0x00000000a3900000, 0x00000000e0000000)
  object space 58368K, 77% used [0x00000000a0000000,0x00000000a2beb210,0x00000000a3900000)
 Metaspace       used 71051K, capacity 73872K, committed 74072K, reserved 1114112K
  class space    used 9446K, capacity 10053K, committed 10112K, reserved 1048576K
Event: 76.847 GC heap after
Heap after GC invocations=21 (full 3):
 PSYoungGen      total 171520K, used 19433K [0x00000000e0000000, 0x00000000ed180000, 0x0000000100000000)
  eden space 152064K, 0% used [0x00000000e0000000,0x00000000e0000000,0x00000000e9480000)
  from space 19456K, 99% used [0x00000000ea780000,0x00000000eba7a4d8,0x00000000eba80000)
  to   space 19456K, 0% used [0x00000000e9480000,0x00000000e9480000,0x00000000ea780000)
 ParOldGen       total 69632K, used 69457K [0x00000000a0000000, 0x00000000a4400000, 0x00000000e0000000)
  object space 69632K, 99% used [0x00000000a0000000,0x00000000a43d4738,0x00000000a4400000)
 Metaspace       used 71051K, capacity 73872K, committed 74072K, reserved 1114112K
  class space    used 9446K, capacity 10053K, committed 10112K, reserved 1048576K
}
Event: 76.847 GC heap before
{Heap before GC invocations=22 (full 4):
 PSYoungGen      total 171520K, used 19433K [0x00000000e0000000, 0x00000000ed180000, 0x0000000100000000)
  eden space 152064K, 0% used [0x00000000e0000000,0x00000000e0000000,0x00000000e9480000)
  from space 19456K, 99% used [0x00000000ea780000,0x00000000eba7a4d8,0x00000000eba80000)
  to   space 19456K, 0% used [0x00000000e9480000,0x00000000e9480000,0x00000000ea780000)
 ParOldGen       total 69632K, used 69457K [0x00000000a0000000, 0x00000000a4400000, 0x00000000e0000000)
  object space 69632K, 99% used [0x00000000a0000000,0x00000000a43d4738,0x00000000a4400000)
 Metaspace       used 71051K, capacity 73872K, committed 74072K, reserved 1114112K
  class space    used 9446K, capacity 10053K, committed 10112K, reserved 1048576K
Event: 77.265 GC heap after
Heap after GC invocations=22 (full 4):
 PSYoungGen      total 171520K, used 0K [0x00000000e0000000, 0x00000000ed180000, 0x0000000100000000)
  eden space 152064K, 0% used [0x00000000e0000000,0x00000000e0000000,0x00000000e9480000)
  from space 19456K, 0% used [0x00000000ea780000,0x00000000ea780000,0x00000000eba80000)
  to   space 19456K, 0% used [0x00000000e9480000,0x00000000e9480000,0x00000000ea780000)
 ParOldGen       total 69632K, used 68179K [0x00000000a0000000, 0x00000000a4400000, 0x00000000e0000000)
  object space 69632K, 97% used [0x00000000a0000000,0x00000000a4294d70,0x00000000a4400000)
 Metaspace       used 70770K, capacity 73186K, committed 74072K, reserved 1114112K
  class space    used 9346K, capacity 9880K, committed 10112K, reserved 1048576K
}

