# JRE version: OpenJDK Runtime Environment (8.0_152-b02) (build 1.8.0_152-release-1024-b02)
# Java VM: OpenJDK 64-Bit Server VM (25.152-b02 mixed mode windows-amd64 compressed oops)
Heap:
 PSYoungGen      total 121344K, used 10459K [0x00000000e0000000, 0x00000000e8280000, 0x0000000100000000)
  eden space 112128K, 4% used [0x00000000e0000000,0x00000000e0563bf0,0x00000000e6d80000)
  from space 9216K, 53% used [0x00000000e7980000,0x00000000e7e53360,0x00000000e8280000)
  to   space 10752K, 0% used [0x00000000e6d80000,0x00000000e6d80000,0x00000000e7800000)
 ParOldGen       total 58368K, used 43540K [0x00000000a0000000, 0x00000000a3900000, 0x00000000e0000000)
  object space 58368K, 74% used [0x00000000a0000000,0x00000000a2a85110,0x00000000a3900000)
 Metaspace       used 60707K, capacity 62876K, committed 63104K, reserved 1103872K
  class space    used 8185K, capacity 8783K, committed 8832K, reserved 1048576K
GC Heap History (10 events):
Event: 17.305 GC heap before
{Heap before GC invocations=15 (full 2):
 PSYoungGen      total 121344K, used 121329K [0x00000000e0000000, 0x00000000e8280000, 0x0000000100000000)
  eden space 112128K, 100% used [0x00000000e0000000,0x00000000e6d80000,0x00000000e6d80000)
  from space 9216K, 99% used [0x00000000e7980000,0x00000000e827c480,0x00000000e8280000)
  to   space 10752K, 0% used [0x00000000e6d80000,0x00000000e6d80000,0x00000000e7800000)
 ParOldGen       total 58368K, used 18951K [0x00000000a0000000, 0x00000000a3900000, 0x00000000e0000000)
  object space 58368K, 32% used [0x00000000a0000000,0x00000000a1281fd8,0x00000000a3900000)
 Metaspace       used 51877K, capacity 53340K, committed 53632K, reserved 1095680K
  class space    used 7005K, capacity 7436K, committed 7552K, reserved 1048576K
Event: 17.343 GC heap after
Heap after GC invocations=15 (full 2):
 PSYoungGen      total 122880K, used 10734K [0x00000000e0000000, 0x00000000e8280000, 0x0000000100000000)
  eden space 112128K, 0% used [0x00000000e0000000,0x00000000e0000000,0x00000000e6d80000)
  from space 10752K, 99% used [0x00000000e6d80000,0x00000000e77fb960,0x00000000e7800000)
  to   space 9216K, 0% used [0x00000000e7980000,0x00000000e7980000,0x00000000e8280000)
 ParOldGen       total 58368K, used 26465K [0x00000000a0000000, 0x00000000a3900000, 0x00000000e0000000)
  object space 58368K, 45% used [0x00000000a0000000,0x00000000a19d8628,0x00000000a3900000)
 Metaspace       used 51877K, capacity 53340K, committed 53632K, reserved 1095680K
  class space    used 7005K, capacity 7436K, committed 7552K, reserved 1048576K
}
Event: 19.849 GC heap before
{Heap before GC invocations=16 (full 2):
 PSYoungGen      total 122880K, used 122862K [0x00000000e0000000, 0x00000000e8280000, 0x0000000100000000)
  eden space 112128K, 100% used [0x00000000e0000000,0x00000000e6d80000,0x00000000e6d80000)
  from space 10752K, 99% used [0x00000000e6d80000,0x00000000e77fb960,0x00000000e7800000)
  to   space 9216K, 0% used [0x00000000e7980000,0x00000000e7980000,0x00000000e8280000)
 ParOldGen       total 58368K, used 26465K [0x00000000a0000000, 0x00000000a3900000, 0x00000000e0000000)
  object space 58368K, 45% used [0x00000000a0000000,0x00000000a19d8628,0x00000000a3900000)
 Metaspace       used 56782K, capacity 58600K, committed 58752K, reserved 1099776K
  class space    used 7812K, capacity 8286K, committed 8320K, reserved 1048576K
Event: 19.889 GC heap after
Heap after GC invocations=16 (full 2):
 PSYoungGen      total 121344K, used 9184K [0x00000000e0000000, 0x00000000e8280000, 0x0000000100000000)
  eden space 112128K, 0% used [0x00000000e0000000,0x00000000e0000000,0x00000000e6d80000)
  from space 9216K, 99% used [0x00000000e7980000,0x00000000e8278010,0x00000000e8280000)
  to   space 10752K, 0% used [0x00000000e6d80000,0x00000000e6d80000,0x00000000e7800000)
 ParOldGen       total 58368K, used 35672K [0x00000000a0000000, 0x00000000a3900000, 0x00000000e0000000)
  object space 58368K, 61% used [0x00000000a0000000,0x00000000a22d6038,0x00000000a3900000)
 Metaspace       used 56782K, capacity 58600K, committed 58752K, reserved 1099776K
  class space    used 7812K, capacity 8286K, committed 8320K, reserved 1048576K
}
Event: 20.495 GC heap before
{Heap before GC invocations=17 (full 2):
 PSYoungGen      total 121344K, used 65899K [0x00000000e0000000, 0x00000000e8280000, 0x0000000100000000)
  eden space 112128K, 50% used [0x00000000e0000000,0x00000000e3762e08,0x00000000e6d80000)
  from space 9216K, 99% used [0x00000000e7980000,0x00000000e8278010,0x00000000e8280000)
  to   space 10752K, 0% used [0x00000000e6d80000,0x00000000e6d80000,0x00000000e7800000)
 ParOldGen       total 58368K, used 35672K [0x00000000a0000000, 0x00000000a3900000, 0x00000000e0000000)
  object space 58368K, 61% used [0x00000000a0000000,0x00000000a22d6038,0x00000000a3900000)
 Metaspace       used 57040K, capacity 58896K, committed 59008K, reserved 1099776K
  class space    used 7840K, capacity 8300K, committed 8320K, reserved 1048576K
Event: 20.536 GC heap after
Heap after GC invocations=17 (full 2):
 PSYoungGen      total 122880K, used 7558K [0x00000000e0000000, 0x00000000e8280000, 0x0000000100000000)
  eden space 112128K, 0% used [0x00000000e0000000,0x00000000e0000000,0x00000000e6d80000)
  from space 10752K, 70% used [0x00000000e6d80000,0x00000000e74e1930,0x00000000e7800000)
  to   space 9216K, 0% used [0x00000000e7980000,0x00000000e7980000,0x00000000e8280000)
 ParOldGen       total 58368K, used 44430K [0x00000000a0000000, 0x00000000a3900000, 0x00000000e0000000)
  object space 58368K, 76% used [0x00000000a0000000,0x00000000a2b638b8,0x00000000a3900000)
 Metaspace       used 57040K, capacity 58896K, committed 59008K, reserved 1099776K
  class space    used 7840K, capacity 8300K, committed 8320K, reserved 1048576K
}
Event: 20.536 GC heap before
{Heap before GC invocations=18 (full 3):
 PSYoungGen      total 122880K, used 7558K [0x00000000e0000000, 0x00000000e8280000, 0x0000000100000000)
  eden space 112128K, 0% used [0x00000000e0000000,0x00000000e0000000,0x00000000e6d80000)
  from space 10752K, 70% used [0x00000000e6d80000,0x00000000e74e1930,0x00000000e7800000)
  to   space 9216K, 0% used [0x00000000e7980000,0x00000000e7980000,0x00000000e8280000)
 ParOldGen       total 58368K, used 44430K [0x00000000a0000000, 0x00000000a3900000, 0x00000000e0000000)
  object space 58368K, 76% used [0x00000000a0000000,0x00000000a2b638b8,0x00000000a3900000)
 Metaspace       used 57040K, capacity 58896K, committed 59008K, reserved 1099776K
  class space    used 7840K, capacity 8300K, committed 8320K, reserved 1048576K
Event: 21.024 GC heap after
Heap after GC invocations=18 (full 3):
 PSYoungGen      total 122880K, used 0K [0x00000000e0000000, 0x00000000e8280000, 0x0000000100000000)
  eden space 112128K, 0% used [0x00000000e0000000,0x00000000e0000000,0x00000000e6d80000)
  from space 10752K, 0% used [0x00000000e6d80000,0x00000000e6d80000,0x00000000e7800000)
  to   space 9216K, 0% used [0x00000000e7980000,0x00000000e7980000,0x00000000e8280000)
 ParOldGen       total 58368K, used 43532K [0x00000000a0000000, 0x00000000a3900000, 0x00000000e0000000)
  object space 58368K, 74% used [0x00000000a0000000,0x00000000a2a83110,0x00000000a3900000)
 Metaspace       used 57040K, capacity 58896K, committed 59008K, reserved 1099776K
  class space    used 7840K, capacity 8300K, committed 8320K, reserved 1048576K
}
Event: 29.315 GC heap before
{Heap before GC invocations=19 (full 3):
 PSYoungGen      total 122880K, used 112128K [0x00000000e0000000, 0x00000000e8280000, 0x0000000100000000)
  eden space 112128K, 100% used [0x00000000e0000000,0x00000000e6d80000,0x00000000e6d80000)
  from space 10752K, 0% used [0x00000000e6d80000,0x00000000e6d80000,0x00000000e7800000)
  to   space 9216K, 0% used [0x00000000e7980000,0x00000000e7980000,0x00000000e8280000)
 ParOldGen       total 58368K, used 43532K [0x00000000a0000000, 0x00000000a3900000, 0x00000000e0000000)
  object space 58368K, 74% used [0x00000000a0000000,0x00000000a2a83110,0x00000000a3900000)
 Metaspace       used 59517K, capacity 61692K, committed 61952K, reserved 1101824K
  class space    used 8110K, capacity 8687K, committed 8704K, reserved 1048576K
Event: 29.336 GC heap after
Heap after GC invocations=19 (full 3):
 PSYoungGen      total 121344K, used 4940K [0x00000000e0000000, 0x00000000e8280000, 0x0000000100000000)
  eden space 112128K, 0% used [0x00000000e0000000,0x00000000e0000000,0x00000000e6d80000)
  from space 9216K, 53% used [0x00000000e7980000,0x00000000e7e53360,0x00000000e8280000)
  to   space 10752K, 0% used [0x00000000e6d80000,0x00000000e6d80000,0x00000000e7800000)
 ParOldGen       total 58368K, used 43540K [0x00000000a0000000, 0x00000000a3900000, 0x00000000e0000000)
  object space 58368K, 74% used [0x00000000a0000000,0x00000000a2a85110,0x00000000a3900000)
 Metaspace       used 59517K, capacity 61692K, committed 61952K, reserved 1101824K
  class space    used 8110K, capacity 8687K, committed 8704K, reserved 1048576K
}

