# JRE version: OpenJDK Runtime Environment (8.0_152-b02) (build 1.8.0_152-release-1024-b02)
# Java VM: OpenJDK 64-Bit Server VM (25.152-b02 mixed mode windows-amd64 compressed oops)
Heap:
 PSYoungGen      total 80896K, used 37513K [0x00000000e0000000, 0x00000000e5600000, 0x0000000100000000)
  eden space 74240K, 43% used [0x00000000e0000000,0x00000000e1fbb480,0x00000000e4880000)
  from space 6656K, 75% used [0x00000000e4f00000,0x00000000e53e7150,0x00000000e5580000)
  to   space 6656K, 0% used [0x00000000e4880000,0x00000000e4880000,0x00000000e4f00000)
 ParOldGen       total 57856K, used 16186K [0x00000000a0000000, 0x00000000a3880000, 0x00000000e0000000)
  object space 57856K, 27% used [0x00000000a0000000,0x00000000a0fce8c0,0x00000000a3880000)
 Metaspace       used 40263K, capacity 41121K, committed 41432K, reserved 1085440K
  class space    used 5488K, capacity 5762K, committed 5888K, reserved 1048576K
GC Heap History (10 events):
Event: 12.653 GC heap before
{Heap before GC invocations=12 (full 1):
 PSYoungGen      total 48640K, used 48547K [0x00000000e0000000, 0x00000000e3d00000, 0x0000000100000000)
  eden space 44544K, 100% used [0x00000000e0000000,0x00000000e2b80000,0x00000000e2b80000)
  from space 4096K, 97% used [0x00000000e3900000,0x00000000e3ce8f98,0x00000000e3d00000)
  to   space 5632K, 0% used [0x00000000e3200000,0x00000000e3200000,0x00000000e3780000)
 ParOldGen       total 35328K, used 7806K [0x00000000a0000000, 0x00000000a2280000, 0x00000000e0000000)
  object space 35328K, 22% used [0x00000000a0000000,0x00000000a079f8b8,0x00000000a2280000)
 Metaspace       used 27386K, capacity 27824K, committed 28032K, reserved 1073152K
  class space    used 3810K, capacity 3957K, committed 3968K, reserved 1048576K
Event: 12.663 GC heap after
Heap after GC invocations=12 (full 1):
 PSYoungGen      total 56832K, used 4334K [0x00000000e0000000, 0x00000000e4480000, 0x0000000100000000)
  eden space 51200K, 0% used [0x00000000e0000000,0x00000000e0000000,0x00000000e3200000)
  from space 5632K, 76% used [0x00000000e3200000,0x00000000e363ba18,0x00000000e3780000)
  to   space 5632K, 0% used [0x00000000e3f00000,0x00000000e3f00000,0x00000000e4480000)
 ParOldGen       total 35328K, used 9402K [0x00000000a0000000, 0x00000000a2280000, 0x00000000e0000000)
  object space 35328K, 26% used [0x00000000a0000000,0x00000000a092e938,0x00000000a2280000)
 Metaspace       used 27386K, capacity 27824K, committed 28032K, reserved 1073152K
  class space    used 3810K, capacity 3957K, committed 3968K, reserved 1048576K
}
Event: 17.168 GC heap before
{Heap before GC invocations=13 (full 1):
 PSYoungGen      total 56832K, used 55534K [0x00000000e0000000, 0x00000000e4480000, 0x0000000100000000)
  eden space 51200K, 100% used [0x00000000e0000000,0x00000000e3200000,0x00000000e3200000)
  from space 5632K, 76% used [0x00000000e3200000,0x00000000e363ba18,0x00000000e3780000)
  to   space 5632K, 0% used [0x00000000e3f00000,0x00000000e3f00000,0x00000000e4480000)
 ParOldGen       total 35328K, used 9402K [0x00000000a0000000, 0x00000000a2280000, 0x00000000e0000000)
  object space 35328K, 26% used [0x00000000a0000000,0x00000000a092e938,0x00000000a2280000)
 Metaspace       used 29970K, capacity 30622K, committed 30848K, reserved 1075200K
  class space    used 4194K, capacity 4418K, committed 4480K, reserved 1048576K
Event: 17.184 GC heap after
Heap after GC invocations=13 (full 1):
 PSYoungGen      total 64512K, used 4872K [0x00000000e0000000, 0x00000000e4b00000, 0x0000000100000000)
  eden space 58880K, 0% used [0x00000000e0000000,0x00000000e0000000,0x00000000e3980000)
  from space 5632K, 86% used [0x00000000e3f00000,0x00000000e43c21a8,0x00000000e4480000)
  to   space 5632K, 0% used [0x00000000e3980000,0x00000000e3980000,0x00000000e3f00000)
 ParOldGen       total 35328K, used 11215K [0x00000000a0000000, 0x00000000a2280000, 0x00000000e0000000)
  object space 35328K, 31% used [0x00000000a0000000,0x00000000a0af3c08,0x00000000a2280000)
 Metaspace       used 29970K, capacity 30622K, committed 30848K, reserved 1075200K
  class space    used 4194K, capacity 4418K, committed 4480K, reserved 1048576K
}
Event: 18.950 GC heap before
{Heap before GC invocations=14 (full 1):
 PSYoungGen      total 64512K, used 31095K [0x00000000e0000000, 0x00000000e4b00000, 0x0000000100000000)
  eden space 58880K, 44% used [0x00000000e0000000,0x00000000e199bb40,0x00000000e3980000)
  from space 5632K, 86% used [0x00000000e3f00000,0x00000000e43c21a8,0x00000000e4480000)
  to   space 5632K, 0% used [0x00000000e3980000,0x00000000e3980000,0x00000000e3f00000)
 ParOldGen       total 35328K, used 11215K [0x00000000a0000000, 0x00000000a2280000, 0x00000000e0000000)
  object space 35328K, 31% used [0x00000000a0000000,0x00000000a0af3c08,0x00000000a2280000)
 Metaspace       used 34597K, capacity 35261K, committed 35416K, reserved 1079296K
  class space    used 4768K, capacity 4992K, committed 4992K, reserved 1048576K
Event: 18.960 GC heap after
Heap after GC invocations=14 (full 1):
 PSYoungGen      total 64512K, used 5607K [0x00000000e0000000, 0x00000000e5580000, 0x0000000100000000)
  eden space 58880K, 0% used [0x00000000e0000000,0x00000000e0000000,0x00000000e3980000)
  from space 5632K, 99% used [0x00000000e3980000,0x00000000e3ef9ce8,0x00000000e3f00000)
  to   space 6656K, 0% used [0x00000000e4f00000,0x00000000e4f00000,0x00000000e5580000)
 ParOldGen       total 35328K, used 11961K [0x00000000a0000000, 0x00000000a2280000, 0x00000000e0000000)
  object space 35328K, 33% used [0x00000000a0000000,0x00000000a0bae6f0,0x00000000a2280000)
 Metaspace       used 34597K, capacity 35261K, committed 35416K, reserved 1079296K
  class space    used 4768K, capacity 4992K, committed 4992K, reserved 1048576K
}
Event: 18.960 GC heap before
{Heap before GC invocations=15 (full 2):
 PSYoungGen      total 64512K, used 5607K [0x00000000e0000000, 0x00000000e5580000, 0x0000000100000000)
  eden space 58880K, 0% used [0x00000000e0000000,0x00000000e0000000,0x00000000e3980000)
  from space 5632K, 99% used [0x00000000e3980000,0x00000000e3ef9ce8,0x00000000e3f00000)
  to   space 6656K, 0% used [0x00000000e4f00000,0x00000000e4f00000,0x00000000e5580000)
 ParOldGen       total 35328K, used 11961K [0x00000000a0000000, 0x00000000a2280000, 0x00000000e0000000)
  object space 35328K, 33% used [0x00000000a0000000,0x00000000a0bae6f0,0x00000000a2280000)
 Metaspace       used 34597K, capacity 35261K, committed 35416K, reserved 1079296K
  class space    used 4768K, capacity 4992K, committed 4992K, reserved 1048576K
Event: 19.066 GC heap after
Heap after GC invocations=15 (full 2):
 PSYoungGen      total 64512K, used 0K [0x00000000e0000000, 0x00000000e5580000, 0x0000000100000000)
  eden space 58880K, 0% used [0x00000000e0000000,0x00000000e0000000,0x00000000e3980000)
  from space 5632K, 0% used [0x00000000e3980000,0x00000000e3980000,0x00000000e3f00000)
  to   space 6656K, 0% used [0x00000000e4f00000,0x00000000e4f00000,0x00000000e5580000)
 ParOldGen       total 57856K, used 16178K [0x00000000a0000000, 0x00000000a3880000, 0x00000000e0000000)
  object space 57856K, 27% used [0x00000000a0000000,0x00000000a0fcc8c0,0x00000000a3880000)
 Metaspace       used 34597K, capacity 35261K, committed 35416K, reserved 1079296K
  class space    used 4768K, capacity 4992K, committed 4992K, reserved 1048576K
}
Event: 20.612 GC heap before
{Heap before GC invocations=16 (full 2):
 PSYoungGen      total 64512K, used 58880K [0x00000000e0000000, 0x00000000e5580000, 0x0000000100000000)
  eden space 58880K, 100% used [0x00000000e0000000,0x00000000e3980000,0x00000000e3980000)
  from space 5632K, 0% used [0x00000000e3980000,0x00000000e3980000,0x00000000e3f00000)
  to   space 6656K, 0% used [0x00000000e4f00000,0x00000000e4f00000,0x00000000e5580000)
 ParOldGen       total 57856K, used 16178K [0x00000000a0000000, 0x00000000a3880000, 0x00000000e0000000)
  object space 57856K, 27% used [0x00000000a0000000,0x00000000a0fcc8c0,0x00000000a3880000)
 Metaspace       used 38025K, capacity 38845K, committed 39000K, reserved 1083392K
  class space    used 5185K, capacity 5461K, committed 5504K, reserved 1048576K
Event: 20.624 GC heap after
Heap after GC invocations=16 (full 2):
 PSYoungGen      total 80896K, used 5020K [0x00000000e0000000, 0x00000000e5600000, 0x0000000100000000)
  eden space 74240K, 0% used [0x00000000e0000000,0x00000000e0000000,0x00000000e4880000)
  from space 6656K, 75% used [0x00000000e4f00000,0x00000000e53e7150,0x00000000e5580000)
  to   space 6656K, 0% used [0x00000000e4880000,0x00000000e4880000,0x00000000e4f00000)
 ParOldGen       total 57856K, used 16186K [0x00000000a0000000, 0x00000000a3880000, 0x00000000e0000000)
  object space 57856K, 27% used [0x00000000a0000000,0x00000000a0fce8c0,0x00000000a3880000)
 Metaspace       used 38025K, capacity 38845K, committed 39000K, reserved 1083392K
  class space    used 5185K, capacity 5461K, committed 5504K, reserved 1048576K
}

