# JRE version: OpenJDK Runtime Environment (8.0_152-b02) (build 1.8.0_152-release-1024-b02)
# Java VM: OpenJDK 64-Bit Server VM (25.152-b02 mixed mode windows-amd64 compressed oops)
Heap:
 PSYoungGen      total 221696K, used 123730K [0x00000000e0000000, 0x00000000efa00000, 0x0000000100000000)
  eden space 191488K, 56% used [0x00000000e0000000,0x00000000e69be5d8,0x00000000ebb00000)
  from space 30208K, 51% used [0x00000000edc80000,0x00000000eeb96408,0x00000000efa00000)
  to   space 32256K, 0% used [0x00000000ebb00000,0x00000000ebb00000,0x00000000eda80000)
 ParOldGen       total 198656K, used 157471K [0x00000000a0000000, 0x00000000ac200000, 0x00000000e0000000)
  object space 198656K, 79% used [0x00000000a0000000,0x00000000a99c7e20,0x00000000ac200000)
 Metaspace       used 85387K, capacity 89247K, committed 89560K, reserved 1126400K
  class space    used 10890K, capacity 11709K, committed 11776K, reserved 1048576K
GC Heap History (10 events):
Event: 1733.154 GC heap before
{Heap before GC invocations=36 (full 4):
 PSYoungGen      total 159744K, used 122677K [0x00000000e0000000, 0x00000000edc00000, 0x0000000100000000)
  eden space 120832K, 100% used [0x00000000e0000000,0x00000000e7600000,0x00000000e7600000)
  from space 38912K, 4% used [0x00000000e7600000,0x00000000e77cd648,0x00000000e9c00000)
  to   space 38912K, 0% used [0x00000000eb600000,0x00000000eb600000,0x00000000edc00000)
 ParOldGen       total 198656K, used 129357K [0x00000000a0000000, 0x00000000ac200000, 0x00000000e0000000)
  object space 198656K, 65% used [0x00000000a0000000,0x00000000a7e53660,0x00000000ac200000)
 Metaspace       used 82231K, capacity 85883K, committed 86232K, reserved 1124352K
  class space    used 10621K, capacity 11385K, committed 11520K, reserved 1048576K
Event: 1733.171 GC heap after
Heap after GC invocations=36 (full 4):
 PSYoungGen      total 182272K, used 1472K [0x00000000e0000000, 0x00000000eda00000, 0x0000000100000000)
  eden space 145408K, 0% used [0x00000000e0000000,0x00000000e0000000,0x00000000e8e00000)
  from space 36864K, 3% used [0x00000000eb600000,0x00000000eb770000,0x00000000eda00000)
  to   space 38912K, 0% used [0x00000000e8e00000,0x00000000e8e00000,0x00000000eb400000)
 ParOldGen       total 198656K, used 129773K [0x00000000a0000000, 0x00000000ac200000, 0x00000000e0000000)
  object space 198656K, 65% used [0x00000000a0000000,0x00000000a7ebb6c0,0x00000000ac200000)
 Metaspace       used 82231K, capacity 85883K, committed 86232K, reserved 1124352K
  class space    used 10621K, capacity 11385K, committed 11520K, reserved 1048576K
}
Event: 1747.610 GC heap before
{Heap before GC invocations=37 (full 4):
 PSYoungGen      total 182272K, used 146880K [0x00000000e0000000, 0x00000000eda00000, 0x0000000100000000)
  eden space 145408K, 100% used [0x00000000e0000000,0x00000000e8e00000,0x00000000e8e00000)
  from space 36864K, 3% used [0x00000000eb600000,0x00000000eb770000,0x00000000eda00000)
  to   space 38912K, 0% used [0x00000000e8e00000,0x00000000e8e00000,0x00000000eb400000)
 ParOldGen       total 198656K, used 129773K [0x00000000a0000000, 0x00000000ac200000, 0x00000000e0000000)
  object space 198656K, 65% used [0x00000000a0000000,0x00000000a7ebb6c0,0x00000000ac200000)
 Metaspace       used 82775K, capacity 86451K, committed 86744K, reserved 1124352K
  class space    used 10644K, capacity 11415K, committed 11520K, reserved 1048576K
Event: 1747.640 GC heap after
Heap after GC invocations=37 (full 4):
 PSYoungGen      total 184320K, used 14637K [0x00000000e0000000, 0x00000000eec00000, 0x0000000100000000)
  eden space 145408K, 0% used [0x00000000e0000000,0x00000000e0000000,0x00000000e8e00000)
  from space 38912K, 37% used [0x00000000e8e00000,0x00000000e9c4b7b8,0x00000000eb400000)
  to   space 36864K, 0% used [0x00000000ec800000,0x00000000ec800000,0x00000000eec00000)
 ParOldGen       total 198656K, used 130213K [0x00000000a0000000, 0x00000000ac200000, 0x00000000e0000000)
  object space 198656K, 65% used [0x00000000a0000000,0x00000000a7f29728,0x00000000ac200000)
 Metaspace       used 82775K, capacity 86451K, committed 86744K, reserved 1124352K
  class space    used 10644K, capacity 11415K, committed 11520K, reserved 1048576K
}
Event: 1749.767 GC heap before
{Heap before GC invocations=38 (full 4):
 PSYoungGen      total 184320K, used 160045K [0x00000000e0000000, 0x00000000eec00000, 0x0000000100000000)
  eden space 145408K, 100% used [0x00000000e0000000,0x00000000e8e00000,0x00000000e8e00000)
  from space 38912K, 37% used [0x00000000e8e00000,0x00000000e9c4b7b8,0x00000000eb400000)
  to   space 36864K, 0% used [0x00000000ec800000,0x00000000ec800000,0x00000000eec00000)
 ParOldGen       total 198656K, used 130213K [0x00000000a0000000, 0x00000000ac200000, 0x00000000e0000000)
  object space 198656K, 65% used [0x00000000a0000000,0x00000000a7f29728,0x00000000ac200000)
 Metaspace       used 84249K, capacity 88041K, committed 88152K, reserved 1126400K
  class space    used 10800K, capacity 11628K, committed 11648K, reserved 1048576K
Event: 1749.855 GC heap after
Heap after GC invocations=38 (full 4):
 PSYoungGen      total 201728K, used 11287K [0x00000000e0000000, 0x00000000ee880000, 0x0000000100000000)
  eden space 168448K, 0% used [0x00000000e0000000,0x00000000e0000000,0x00000000ea480000)
  from space 33280K, 33% used [0x00000000ec800000,0x00000000ed305ff8,0x00000000ee880000)
  to   space 34816K, 0% used [0x00000000ea480000,0x00000000ea480000,0x00000000ec680000)
 ParOldGen       total 198656K, used 144482K [0x00000000a0000000, 0x00000000ac200000, 0x00000000e0000000)
  object space 198656K, 72% used [0x00000000a0000000,0x00000000a8d18ad0,0x00000000ac200000)
 Metaspace       used 84249K, capacity 88041K, committed 88152K, reserved 1126400K
  class space    used 10800K, capacity 11628K, committed 11648K, reserved 1048576K
}
Event: 1836.422 GC heap before
{Heap before GC invocations=39 (full 4):
 PSYoungGen      total 201728K, used 179735K [0x00000000e0000000, 0x00000000ee880000, 0x0000000100000000)
  eden space 168448K, 100% used [0x00000000e0000000,0x00000000ea480000,0x00000000ea480000)
  from space 33280K, 33% used [0x00000000ec800000,0x00000000ed305ff8,0x00000000ee880000)
  to   space 34816K, 0% used [0x00000000ea480000,0x00000000ea480000,0x00000000ec680000)
 ParOldGen       total 198656K, used 144482K [0x00000000a0000000, 0x00000000ac200000, 0x00000000e0000000)
  object space 198656K, 72% used [0x00000000a0000000,0x00000000a8d18ad0,0x00000000ac200000)
 Metaspace       used 85283K, capacity 89183K, committed 89304K, reserved 1126400K
  class space    used 10890K, capacity 11709K, committed 11776K, reserved 1048576K
Event: 1836.451 GC heap after
Heap after GC invocations=39 (full 4):
 PSYoungGen      total 203264K, used 8656K [0x00000000e0000000, 0x00000000efd00000, 0x0000000100000000)
  eden space 168448K, 0% used [0x00000000e0000000,0x00000000e0000000,0x00000000ea480000)
  from space 34816K, 24% used [0x00000000ea480000,0x00000000eacf4060,0x00000000ec680000)
  to   space 33280K, 0% used [0x00000000edc80000,0x00000000edc80000,0x00000000efd00000)
 ParOldGen       total 198656K, used 149514K [0x00000000a0000000, 0x00000000ac200000, 0x00000000e0000000)
  object space 198656K, 75% used [0x00000000a0000000,0x00000000a9202a48,0x00000000ac200000)
 Metaspace       used 85283K, capacity 89183K, committed 89304K, reserved 1126400K
  class space    used 10890K, capacity 11709K, committed 11776K, reserved 1048576K
}
Event: 1841.272 GC heap before
{Heap before GC invocations=40 (full 4):
 PSYoungGen      total 203264K, used 177104K [0x00000000e0000000, 0x00000000efd00000, 0x0000000100000000)
  eden space 168448K, 100% used [0x00000000e0000000,0x00000000ea480000,0x00000000ea480000)
  from space 34816K, 24% used [0x00000000ea480000,0x00000000eacf4060,0x00000000ec680000)
  to   space 33280K, 0% used [0x00000000edc80000,0x00000000edc80000,0x00000000efd00000)
 ParOldGen       total 198656K, used 149514K [0x00000000a0000000, 0x00000000ac200000, 0x00000000e0000000)
  object space 198656K, 75% used [0x00000000a0000000,0x00000000a9202a48,0x00000000ac200000)
 Metaspace       used 85341K, capacity 89183K, committed 89304K, reserved 1126400K
  class space    used 10890K, capacity 11709K, committed 11776K, reserved 1048576K
Event: 1841.331 GC heap after
Heap after GC invocations=40 (full 4):
 PSYoungGen      total 221696K, used 15449K [0x00000000e0000000, 0x00000000efa00000, 0x0000000100000000)
  eden space 191488K, 0% used [0x00000000e0000000,0x00000000e0000000,0x00000000ebb00000)
  from space 30208K, 51% used [0x00000000edc80000,0x00000000eeb96408,0x00000000efa00000)
  to   space 32256K, 0% used [0x00000000ebb00000,0x00000000ebb00000,0x00000000eda80000)
 ParOldGen       total 198656K, used 157471K [0x00000000a0000000, 0x00000000ac200000, 0x00000000e0000000)
  object space 198656K, 79% used [0x00000000a0000000,0x00000000a99c7e20,0x00000000ac200000)
 Metaspace       used 85341K, capacity 89183K, committed 89304K, reserved 1126400K
  class space    used 10890K, capacity 11709K, committed 11776K, reserved 1048576K
}

