# JRE version: OpenJDK Runtime Environment (8.0_152-b02) (build 1.8.0_152-release-1024-b02)
# Java VM: OpenJDK 64-Bit Server VM (25.152-b02 mixed mode windows-amd64 compressed oops)
Heap:
 PSYoungGen      total 200192K, used 16961K [0x00000000e0000000, 0x00000000f1780000, 0x0000000100000000)
  eden space 183296K, 2% used [0x00000000e0000000,0x00000000e052a520,0x00000000eb300000)
  from space 16896K, 69% used [0x00000000eb300000,0x00000000ebe66000,0x00000000ec380000)
  to   space 38912K, 0% used [0x00000000ef180000,0x00000000ef180000,0x00000000f1780000)
 ParOldGen       total 94208K, used 93368K [0x00000000a0000000, 0x00000000a5c00000, 0x00000000e0000000)
  object space 94208K, 99% used [0x00000000a0000000,0x00000000a5b2e180,0x00000000a5c00000)
 Metaspace       used 70248K, capacity 72917K, committed 74072K, reserved 1114112K
  class space    used 9433K, capacity 10044K, committed 10368K, reserved 1048576K
GC Heap History (10 events):
Event: 40.314 GC heap before
{Heap before GC invocations=17 (full 2):
 PSYoungGen      total 161280K, used 118852K [0x00000000e0000000, 0x00000000eae80000, 0x0000000100000000)
  eden space 146944K, 73% used [0x00000000e0000000,0x00000000e68ea6c8,0x00000000e8f80000)
  from space 14336K, 79% used [0x00000000ea080000,0x00000000eaba6cd8,0x00000000eae80000)
  to   space 15872K, 0% used [0x00000000e8f80000,0x00000000e8f80000,0x00000000e9f00000)
 ParOldGen       total 53248K, used 31301K [0x00000000a0000000, 0x00000000a3400000, 0x00000000e0000000)
  object space 53248K, 58% used [0x00000000a0000000,0x00000000a1e915c0,0x00000000a3400000)
 Metaspace       used 56885K, capacity 58813K, committed 58968K, reserved 1099776K
  class space    used 7731K, capacity 8224K, committed 8320K, reserved 1048576K
Event: 40.355 GC heap after
Heap after GC invocations=17 (full 2):
 PSYoungGen      total 162816K, used 4678K [0x00000000e0000000, 0x00000000ed580000, 0x0000000100000000)
  eden space 146944K, 0% used [0x00000000e0000000,0x00000000e0000000,0x00000000e8f80000)
  from space 15872K, 29% used [0x00000000e8f80000,0x00000000e9411898,0x00000000e9f00000)
  to   space 15360K, 0% used [0x00000000ec680000,0x00000000ec680000,0x00000000ed580000)
 ParOldGen       total 53248K, used 39954K [0x00000000a0000000, 0x00000000a3400000, 0x00000000e0000000)
  object space 53248K, 75% used [0x00000000a0000000,0x00000000a2704a70,0x00000000a3400000)
 Metaspace       used 56885K, capacity 58813K, committed 58968K, reserved 1099776K
  class space    used 7731K, capacity 8224K, committed 8320K, reserved 1048576K
}
Event: 40.356 GC heap before
{Heap before GC invocations=18 (full 3):
 PSYoungGen      total 162816K, used 4678K [0x00000000e0000000, 0x00000000ed580000, 0x0000000100000000)
  eden space 146944K, 0% used [0x00000000e0000000,0x00000000e0000000,0x00000000e8f80000)
  from space 15872K, 29% used [0x00000000e8f80000,0x00000000e9411898,0x00000000e9f00000)
  to   space 15360K, 0% used [0x00000000ec680000,0x00000000ec680000,0x00000000ed580000)
 ParOldGen       total 53248K, used 39954K [0x00000000a0000000, 0x00000000a3400000, 0x00000000e0000000)
  object space 53248K, 75% used [0x00000000a0000000,0x00000000a2704a70,0x00000000a3400000)
 Metaspace       used 56885K, capacity 58813K, committed 58968K, reserved 1099776K
  class space    used 7731K, capacity 8224K, committed 8320K, reserved 1048576K
Event: 40.884 GC heap after
Heap after GC invocations=18 (full 3):
 PSYoungGen      total 162816K, used 0K [0x00000000e0000000, 0x00000000ed580000, 0x0000000100000000)
  eden space 146944K, 0% used [0x00000000e0000000,0x00000000e0000000,0x00000000e8f80000)
  from space 15872K, 0% used [0x00000000e8f80000,0x00000000e8f80000,0x00000000e9f00000)
  to   space 15360K, 0% used [0x00000000ec680000,0x00000000ec680000,0x00000000ed580000)
 ParOldGen       total 94208K, used 38835K [0x00000000a0000000, 0x00000000a5c00000, 0x00000000e0000000)
  object space 94208K, 41% used [0x00000000a0000000,0x00000000a25ece20,0x00000000a5c00000)
 Metaspace       used 56885K, capacity 58813K, committed 58968K, reserved 1099776K
  class space    used 7731K, capacity 8224K, committed 8320K, reserved 1048576K
}
Event: 57.953 GC heap before
{Heap before GC invocations=19 (full 3):
 PSYoungGen      total 162816K, used 146944K [0x00000000e0000000, 0x00000000ed580000, 0x0000000100000000)
  eden space 146944K, 100% used [0x00000000e0000000,0x00000000e8f80000,0x00000000e8f80000)
  from space 15872K, 0% used [0x00000000e8f80000,0x00000000e8f80000,0x00000000e9f00000)
  to   space 15360K, 0% used [0x00000000ec680000,0x00000000ec680000,0x00000000ed580000)
 ParOldGen       total 94208K, used 38835K [0x00000000a0000000, 0x00000000a5c00000, 0x00000000e0000000)
  object space 94208K, 41% used [0x00000000a0000000,0x00000000a25ece20,0x00000000a5c00000)
 Metaspace       used 62645K, capacity 64773K, committed 64984K, reserved 1105920K
  class space    used 8424K, capacity 8930K, committed 8960K, reserved 1048576K
Event: 57.978 GC heap after
Heap after GC invocations=19 (full 3):
 PSYoungGen      total 189952K, used 13601K [0x00000000e0000000, 0x00000000ed400000, 0x0000000100000000)
  eden space 176128K, 0% used [0x00000000e0000000,0x00000000e0000000,0x00000000eac00000)
  from space 13824K, 98% used [0x00000000ec680000,0x00000000ed3c8550,0x00000000ed400000)
  to   space 16896K, 0% used [0x00000000eb300000,0x00000000eb300000,0x00000000ec380000)
 ParOldGen       total 94208K, used 38843K [0x00000000a0000000, 0x00000000a5c00000, 0x00000000e0000000)
  object space 94208K, 41% used [0x00000000a0000000,0x00000000a25eee20,0x00000000a5c00000)
 Metaspace       used 62645K, capacity 64773K, committed 64984K, reserved 1105920K
  class space    used 8424K, capacity 8930K, committed 8960K, reserved 1048576K
}
Event: 65.844 GC heap before
{Heap before GC invocations=20 (full 3):
 PSYoungGen      total 189952K, used 189729K [0x00000000e0000000, 0x00000000ed400000, 0x0000000100000000)
  eden space 176128K, 100% used [0x00000000e0000000,0x00000000eac00000,0x00000000eac00000)
  from space 13824K, 98% used [0x00000000ec680000,0x00000000ed3c8550,0x00000000ed400000)
  to   space 16896K, 0% used [0x00000000eb300000,0x00000000eb300000,0x00000000ec380000)
 ParOldGen       total 94208K, used 38843K [0x00000000a0000000, 0x00000000a5c00000, 0x00000000e0000000)
  object space 94208K, 41% used [0x00000000a0000000,0x00000000a25eee20,0x00000000a5c00000)
 Metaspace       used 70611K, capacity 73875K, committed 74072K, reserved 1114112K
  class space    used 9562K, capacity 10267K, committed 10368K, reserved 1048576K
Event: 66.050 GC heap after
Heap after GC invocations=20 (full 3):
 PSYoungGen      total 200192K, used 16889K [0x00000000e0000000, 0x00000000f1780000, 0x0000000100000000)
  eden space 183296K, 0% used [0x00000000e0000000,0x00000000e0000000,0x00000000eb300000)
  from space 16896K, 99% used [0x00000000eb300000,0x00000000ec37e4a8,0x00000000ec380000)
  to   space 38912K, 0% used [0x00000000ef180000,0x00000000ef180000,0x00000000f1780000)
 ParOldGen       total 94208K, used 91286K [0x00000000a0000000, 0x00000000a5c00000, 0x00000000e0000000)
  object space 94208K, 96% used [0x00000000a0000000,0x00000000a5925830,0x00000000a5c00000)
 Metaspace       used 70611K, capacity 73875K, committed 74072K, reserved 1114112K
  class space    used 9562K, capacity 10267K, committed 10368K, reserved 1048576K
}
Event: 66.050 GC heap before
{Heap before GC invocations=21 (full 4):
 PSYoungGen      total 200192K, used 16889K [0x00000000e0000000, 0x00000000f1780000, 0x0000000100000000)
  eden space 183296K, 0% used [0x00000000e0000000,0x00000000e0000000,0x00000000eb300000)
  from space 16896K, 99% used [0x00000000eb300000,0x00000000ec37e4a8,0x00000000ec380000)
  to   space 38912K, 0% used [0x00000000ef180000,0x00000000ef180000,0x00000000f1780000)
 ParOldGen       total 94208K, used 91286K [0x00000000a0000000, 0x00000000a5c00000, 0x00000000e0000000)
  object space 94208K, 96% used [0x00000000a0000000,0x00000000a5925830,0x00000000a5c00000)
 Metaspace       used 70611K, capacity 73875K, committed 74072K, reserved 1114112K
  class space    used 9562K, capacity 10267K, committed 10368K, reserved 1048576K
Event: 68.018 GC heap after
Heap after GC invocations=21 (full 4):
 PSYoungGen      total 200192K, used 11672K [0x00000000e0000000, 0x00000000f1780000, 0x0000000100000000)
  eden space 183296K, 0% used [0x00000000e0000000,0x00000000e0000000,0x00000000eb300000)
  from space 16896K, 69% used [0x00000000eb300000,0x00000000ebe66000,0x00000000ec380000)
  to   space 38912K, 0% used [0x00000000ef180000,0x00000000ef180000,0x00000000f1780000)
 ParOldGen       total 94208K, used 93368K [0x00000000a0000000, 0x00000000a5c00000, 0x00000000e0000000)
  object space 94208K, 99% used [0x00000000a0000000,0x00000000a5b2e180,0x00000000a5c00000)
 Metaspace       used 70243K, capacity 72911K, committed 74072K, reserved 1114112K
  class space    used 9432K, capacity 10043K, committed 10368K, reserved 1048576K
}

