# JRE version: OpenJDK Runtime Environment (8.0_152-b01) (build 1.8.0_152-release-1248-b01)
# Java VM: OpenJDK 64-Bit Server VM (25.152-b01 mixed mode windows-amd64 compressed oops)
Heap:
 PSYoungGen      total 128000K, used 21682K [0x00000000e0000000, 0x00000000ed500000, 0x0000000100000000)
  eden space 97280K, 22% used [0x00000000e0000000,0x00000000e152c878,0x00000000e5f00000)
  from space 30720K, 0% used [0x00000000e8d00000,0x00000000e8d00000,0x00000000eab00000)
  to   space 47104K, 0% used [0x00000000e5f00000,0x00000000e5f00000,0x00000000e8d00000)
 ParOldGen       total 219136K, used 103932K [0x00000000a0000000, 0x00000000ad600000, 0x00000000e0000000)
  object space 219136K, 47% used [0x00000000a0000000,0x00000000a657f328,0x00000000ad600000)
 Metaspace       used 81224K, capacity 83878K, committed 84400K, reserved 1122304K
  class space    used 10421K, capacity 11031K, committed 11184K, reserved 1048576K
GC Heap History (10 events):
Event: 195.493 GC heap before
{Heap before GC invocations=29 (full 3):
 PSYoungGen      total 121856K, used 121505K [0x00000000e0000000, 0x00000000e9c80000, 0x0000000100000000)
  eden space 98304K, 100% used [0x00000000e0000000,0x00000000e6000000,0x00000000e6000000)
  from space 23552K, 98% used [0x00000000e6000000,0x00000000e76a85b0,0x00000000e7700000)
  to   space 27136K, 0% used [0x00000000e8200000,0x00000000e8200000,0x00000000e9c80000)
 ParOldGen       total 96768K, used 71941K [0x00000000a0000000, 0x00000000a5e80000, 0x00000000e0000000)
  object space 96768K, 74% used [0x00000000a0000000,0x00000000a4641510,0x00000000a5e80000)
 Metaspace       used 71738K, capacity 73824K, committed 74160K, reserved 1114112K
  class space    used 9244K, capacity 9794K, committed 9904K, reserved 1048576K
Event: 195.527 GC heap after
Heap after GC invocations=29 (full 3):
 PSYoungGen      total 132096K, used 14575K [0x00000000e0000000, 0x00000000e9b80000, 0x0000000100000000)
  eden space 105984K, 0% used [0x00000000e0000000,0x00000000e0000000,0x00000000e6780000)
  from space 26112K, 55% used [0x00000000e8200000,0x00000000e903bf20,0x00000000e9b80000)
  to   space 26624K, 0% used [0x00000000e6780000,0x00000000e6780000,0x00000000e8180000)
 ParOldGen       total 96768K, used 71949K [0x00000000a0000000, 0x00000000a5e80000, 0x00000000e0000000)
  object space 96768K, 74% used [0x00000000a0000000,0x00000000a4643510,0x00000000a5e80000)
 Metaspace       used 71738K, capacity 73824K, committed 74160K, reserved 1114112K
  class space    used 9244K, capacity 9794K, committed 9904K, reserved 1048576K
}
Event: 203.308 GC heap before
{Heap before GC invocations=30 (full 3):
 PSYoungGen      total 132096K, used 118289K [0x00000000e0000000, 0x00000000e9b80000, 0x0000000100000000)
  eden space 105984K, 97% used [0x00000000e0000000,0x00000000e6548730,0x00000000e6780000)
  from space 26112K, 55% used [0x00000000e8200000,0x00000000e903bf20,0x00000000e9b80000)
  to   space 26624K, 0% used [0x00000000e6780000,0x00000000e6780000,0x00000000e8180000)
 ParOldGen       total 96768K, used 71949K [0x00000000a0000000, 0x00000000a5e80000, 0x00000000e0000000)
  object space 96768K, 74% used [0x00000000a0000000,0x00000000a4643510,0x00000000a5e80000)
 Metaspace       used 80443K, capacity 83308K, committed 83504K, reserved 1122304K
  class space    used 10354K, capacity 11008K, committed 11056K, reserved 1048576K
Event: 203.333 GC heap after
Heap after GC invocations=30 (full 3):
 PSYoungGen      total 132608K, used 26604K [0x00000000e0000000, 0x00000000eab00000, 0x0000000100000000)
  eden space 105984K, 0% used [0x00000000e0000000,0x00000000e0000000,0x00000000e6780000)
  from space 26624K, 99% used [0x00000000e6780000,0x00000000e817b258,0x00000000e8180000)
  to   space 30720K, 0% used [0x00000000e8d00000,0x00000000e8d00000,0x00000000eab00000)
 ParOldGen       total 96768K, used 72117K [0x00000000a0000000, 0x00000000a5e80000, 0x00000000e0000000)
  object space 96768K, 74% used [0x00000000a0000000,0x00000000a466d4d8,0x00000000a5e80000)
 Metaspace       used 80443K, capacity 83308K, committed 83504K, reserved 1122304K
  class space    used 10354K, capacity 11008K, committed 11056K, reserved 1048576K
}
Event: 205.015 GC heap before
{Heap before GC invocations=31 (full 3):
 PSYoungGen      total 132608K, used 132588K [0x00000000e0000000, 0x00000000eab00000, 0x0000000100000000)
  eden space 105984K, 100% used [0x00000000e0000000,0x00000000e6780000,0x00000000e6780000)
  from space 26624K, 99% used [0x00000000e6780000,0x00000000e817b258,0x00000000e8180000)
  to   space 30720K, 0% used [0x00000000e8d00000,0x00000000e8d00000,0x00000000eab00000)
 ParOldGen       total 96768K, used 72117K [0x00000000a0000000, 0x00000000a5e80000, 0x00000000e0000000)
  object space 96768K, 74% used [0x00000000a0000000,0x00000000a466d4d8,0x00000000a5e80000)
 Metaspace       used 81375K, capacity 84352K, committed 84400K, reserved 1122304K
  class space    used 10482K, capacity 11138K, committed 11184K, reserved 1048576K
Event: 205.151 GC heap after
Heap after GC invocations=31 (full 3):
 PSYoungGen      total 128000K, used 30709K [0x00000000e0000000, 0x00000000ed500000, 0x0000000100000000)
  eden space 97280K, 0% used [0x00000000e0000000,0x00000000e0000000,0x00000000e5f00000)
  from space 30720K, 99% used [0x00000000e8d00000,0x00000000eaafd400,0x00000000eab00000)
  to   space 47104K, 0% used [0x00000000e5f00000,0x00000000e5f00000,0x00000000e8d00000)
 ParOldGen       total 103936K, used 103615K [0x00000000a0000000, 0x00000000a6580000, 0x00000000e0000000)
  object space 103936K, 99% used [0x00000000a0000000,0x00000000a652ffc0,0x00000000a6580000)
 Metaspace       used 81375K, capacity 84352K, committed 84400K, reserved 1122304K
  class space    used 10482K, capacity 11138K, committed 11184K, reserved 1048576K
}
Event: 205.151 GC heap before
{Heap before GC invocations=32 (full 4):
 PSYoungGen      total 128000K, used 30709K [0x00000000e0000000, 0x00000000ed500000, 0x0000000100000000)
  eden space 97280K, 0% used [0x00000000e0000000,0x00000000e0000000,0x00000000e5f00000)
  from space 30720K, 99% used [0x00000000e8d00000,0x00000000eaafd400,0x00000000eab00000)
  to   space 47104K, 0% used [0x00000000e5f00000,0x00000000e5f00000,0x00000000e8d00000)
 ParOldGen       total 103936K, used 103615K [0x00000000a0000000, 0x00000000a6580000, 0x00000000e0000000)
  object space 103936K, 99% used [0x00000000a0000000,0x00000000a652ffc0,0x00000000a6580000)
 Metaspace       used 81375K, capacity 84352K, committed 84400K, reserved 1122304K
  class space    used 10482K, capacity 11138K, committed 11184K, reserved 1048576K
Event: 205.853 GC heap after
Heap after GC invocations=32 (full 4):
 PSYoungGen      total 128000K, used 0K [0x00000000e0000000, 0x00000000ed500000, 0x0000000100000000)
  eden space 97280K, 0% used [0x00000000e0000000,0x00000000e0000000,0x00000000e5f00000)
  from space 30720K, 0% used [0x00000000e8d00000,0x00000000e8d00000,0x00000000eab00000)
  to   space 47104K, 0% used [0x00000000e5f00000,0x00000000e5f00000,0x00000000e8d00000)
 ParOldGen       total 103936K, used 101733K [0x00000000a0000000, 0x00000000a6580000, 0x00000000e0000000)
  object space 103936K, 97% used [0x00000000a0000000,0x00000000a6359560,0x00000000a6580000)
 Metaspace       used 81200K, capacity 83874K, committed 84400K, reserved 1122304K
  class space    used 10421K, capacity 11031K, committed 11184K, reserved 1048576K
}
Event: 206.784 GC heap before
{Heap before GC invocations=33 (full 5):
 PSYoungGen      total 128000K, used 91929K [0x00000000e0000000, 0x00000000ed500000, 0x0000000100000000)
  eden space 97280K, 94% used [0x00000000e0000000,0x00000000e59c6478,0x00000000e5f00000)
  from space 30720K, 0% used [0x00000000e8d00000,0x00000000e8d00000,0x00000000eab00000)
  to   space 47104K, 0% used [0x00000000e5f00000,0x00000000e5f00000,0x00000000e8d00000)
 ParOldGen       total 103936K, used 101733K [0x00000000a0000000, 0x00000000a6580000, 0x00000000e0000000)
  object space 103936K, 97% used [0x00000000a0000000,0x00000000a6359560,0x00000000a6580000)
 Metaspace       used 81209K, capacity 83878K, committed 84400K, reserved 1122304K
  class space    used 10421K, capacity 11031K, committed 11184K, reserved 1048576K
Event: 207.818 GC heap after
Heap after GC invocations=33 (full 5):
 PSYoungGen      total 128000K, used 1349K [0x00000000e0000000, 0x00000000ed500000, 0x0000000100000000)
  eden space 97280K, 1% used [0x00000000e0000000,0x00000000e0151490,0x00000000e5f00000)
  from space 30720K, 0% used [0x00000000e8d00000,0x00000000e8d00000,0x00000000eab00000)
  to   space 47104K, 0% used [0x00000000e5f00000,0x00000000e5f00000,0x00000000e8d00000)
 ParOldGen       total 219136K, used 103932K [0x00000000a0000000, 0x00000000ad600000, 0x00000000e0000000)
  object space 219136K, 47% used [0x00000000a0000000,0x00000000a657f328,0x00000000ad600000)
 Metaspace       used 81209K, capacity 83878K, committed 84400K, reserved 1122304K
  class space    used 10421K, capacity 11031K, committed 11184K, reserved 1048576K
}

