# JRE version: OpenJDK Runtime Environment (8.0_152-b02) (build 1.8.0_152-release-1024-b02)
# Java VM: OpenJDK 64-Bit Server VM (25.152-b02 mixed mode windows-amd64 compressed oops)
Heap:
 PSYoungGen      total 212480K, used 48371K [0x00000000e0000000, 0x00000000efe00000, 0x0000000100000000)
  eden space 197632K, 24% used [0x00000000e0000000,0x00000000e2e98c88,0x00000000ec100000)
  from space 14848K, 4% used [0x00000000ec100000,0x00000000ec1a4030,0x00000000ecf80000)
  to   space 15360K, 0% used [0x00000000eef00000,0x00000000eef00000,0x00000000efe00000)
 ParOldGen       total 92160K, used 40766K [0x00000000a0000000, 0x00000000a5a00000, 0x00000000e0000000)
  object space 92160K, 44% used [0x00000000a0000000,0x00000000a27cf908,0x00000000a5a00000)
 Metaspace       used 61163K, capacity 63459K, committed 63576K, reserved 1103872K
  class space    used 8222K, capacity 8793K, committed 8832K, reserved 1048576K
GC Heap History (10 events):
Event: 29.290 GC heap before
{Heap before GC invocations=16 (full 2):
 PSYoungGen      total 131584K, used 131576K [0x00000000e0000000, 0x00000000ebd80000, 0x0000000100000000)
  eden space 120832K, 100% used [0x00000000e0000000,0x00000000e7600000,0x00000000e7600000)
  from space 10752K, 99% used [0x00000000e7600000,0x00000000e807e088,0x00000000e8080000)
  to   space 15360K, 0% used [0x00000000eae80000,0x00000000eae80000,0x00000000ebd80000)
 ParOldGen       total 51200K, used 25325K [0x00000000a0000000, 0x00000000a3200000, 0x00000000e0000000)
  object space 51200K, 49% used [0x00000000a0000000,0x00000000a18bb500,0x00000000a3200000)
 Metaspace       used 54668K, capacity 56567K, committed 56664K, reserved 1097728K
  class space    used 7507K, capacity 7975K, committed 8064K, reserved 1048576K
Event: 29.325 GC heap after
Heap after GC invocations=16 (full 2):
 PSYoungGen      total 172544K, used 11850K [0x00000000e0000000, 0x00000000ebb80000, 0x0000000100000000)
  eden space 159232K, 0% used [0x00000000e0000000,0x00000000e0000000,0x00000000e9b80000)
  from space 13312K, 89% used [0x00000000eae80000,0x00000000eba12888,0x00000000ebb80000)
  to   space 16384K, 0% used [0x00000000e9b80000,0x00000000e9b80000,0x00000000eab80000)
 ParOldGen       total 51200K, used 32588K [0x00000000a0000000, 0x00000000a3200000, 0x00000000e0000000)
  object space 51200K, 63% used [0x00000000a0000000,0x00000000a1fd3338,0x00000000a3200000)
 Metaspace       used 54668K, capacity 56567K, committed 56664K, reserved 1097728K
  class space    used 7507K, capacity 7975K, committed 8064K, reserved 1048576K
}
Event: 45.838 GC heap before
{Heap before GC invocations=17 (full 2):
 PSYoungGen      total 172544K, used 150302K [0x00000000e0000000, 0x00000000ebb80000, 0x0000000100000000)
  eden space 159232K, 86% used [0x00000000e0000000,0x00000000e87351d8,0x00000000e9b80000)
  from space 13312K, 89% used [0x00000000eae80000,0x00000000eba12888,0x00000000ebb80000)
  to   space 16384K, 0% used [0x00000000e9b80000,0x00000000e9b80000,0x00000000eab80000)
 ParOldGen       total 51200K, used 32588K [0x00000000a0000000, 0x00000000a3200000, 0x00000000e0000000)
  object space 51200K, 63% used [0x00000000a0000000,0x00000000a1fd3338,0x00000000a3200000)
 Metaspace       used 56858K, capacity 58875K, committed 58968K, reserved 1099776K
  class space    used 7744K, capacity 8259K, committed 8320K, reserved 1048576K
Event: 45.872 GC heap after
Heap after GC invocations=17 (full 2):
 PSYoungGen      total 175616K, used 5488K [0x00000000e0000000, 0x00000000ee680000, 0x0000000100000000)
  eden space 159232K, 0% used [0x00000000e0000000,0x00000000e0000000,0x00000000e9b80000)
  from space 16384K, 33% used [0x00000000e9b80000,0x00000000ea0dc270,0x00000000eab80000)
  to   space 15872K, 0% used [0x00000000ed700000,0x00000000ed700000,0x00000000ee680000)
 ParOldGen       total 51200K, used 41626K [0x00000000a0000000, 0x00000000a3200000, 0x00000000e0000000)
  object space 51200K, 81% used [0x00000000a0000000,0x00000000a28a6848,0x00000000a3200000)
 Metaspace       used 56858K, capacity 58875K, committed 58968K, reserved 1099776K
  class space    used 7744K, capacity 8259K, committed 8320K, reserved 1048576K
}
Event: 45.872 GC heap before
{Heap before GC invocations=18 (full 3):
 PSYoungGen      total 175616K, used 5488K [0x00000000e0000000, 0x00000000ee680000, 0x0000000100000000)
  eden space 159232K, 0% used [0x00000000e0000000,0x00000000e0000000,0x00000000e9b80000)
  from space 16384K, 33% used [0x00000000e9b80000,0x00000000ea0dc270,0x00000000eab80000)
  to   space 15872K, 0% used [0x00000000ed700000,0x00000000ed700000,0x00000000ee680000)
 ParOldGen       total 51200K, used 41626K [0x00000000a0000000, 0x00000000a3200000, 0x00000000e0000000)
  object space 51200K, 81% used [0x00000000a0000000,0x00000000a28a6848,0x00000000a3200000)
 Metaspace       used 56858K, capacity 58875K, committed 58968K, reserved 1099776K
  class space    used 7744K, capacity 8259K, committed 8320K, reserved 1048576K
Event: 46.435 GC heap after
Heap after GC invocations=18 (full 3):
 PSYoungGen      total 175616K, used 0K [0x00000000e0000000, 0x00000000ee680000, 0x0000000100000000)
  eden space 159232K, 0% used [0x00000000e0000000,0x00000000e0000000,0x00000000e9b80000)
  from space 16384K, 0% used [0x00000000e9b80000,0x00000000e9b80000,0x00000000eab80000)
  to   space 15872K, 0% used [0x00000000ed700000,0x00000000ed700000,0x00000000ee680000)
 ParOldGen       total 92160K, used 40750K [0x00000000a0000000, 0x00000000a5a00000, 0x00000000e0000000)
  object space 92160K, 44% used [0x00000000a0000000,0x00000000a27cb908,0x00000000a5a00000)
 Metaspace       used 56858K, capacity 58875K, committed 58968K, reserved 1099776K
  class space    used 7744K, capacity 8259K, committed 8320K, reserved 1048576K
}
Event: 47.797 GC heap before
{Heap before GC invocations=19 (full 3):
 PSYoungGen      total 175616K, used 159209K [0x00000000e0000000, 0x00000000ee680000, 0x0000000100000000)
  eden space 159232K, 99% used [0x00000000e0000000,0x00000000e9b7a708,0x00000000e9b80000)
  from space 16384K, 0% used [0x00000000e9b80000,0x00000000e9b80000,0x00000000eab80000)
  to   space 15872K, 0% used [0x00000000ed700000,0x00000000ed700000,0x00000000ee680000)
 ParOldGen       total 92160K, used 40750K [0x00000000a0000000, 0x00000000a5a00000, 0x00000000e0000000)
  object space 92160K, 44% used [0x00000000a0000000,0x00000000a27cb908,0x00000000a5a00000)
 Metaspace       used 58039K, capacity 60211K, committed 60376K, reserved 1101824K
  class space    used 7898K, capacity 8435K, committed 8448K, reserved 1048576K
Event: 47.806 GC heap after
Heap after GC invocations=19 (full 3):
 PSYoungGen      total 203776K, used 7061K [0x00000000e0000000, 0x00000000ede00000, 0x0000000100000000)
  eden space 196608K, 0% used [0x00000000e0000000,0x00000000e0000000,0x00000000ec000000)
  from space 7168K, 98% used [0x00000000ed700000,0x00000000edde5680,0x00000000ede00000)
  to   space 14848K, 0% used [0x00000000ec100000,0x00000000ec100000,0x00000000ecf80000)
 ParOldGen       total 92160K, used 40758K [0x00000000a0000000, 0x00000000a5a00000, 0x00000000e0000000)
  object space 92160K, 44% used [0x00000000a0000000,0x00000000a27cd908,0x00000000a5a00000)
 Metaspace       used 58039K, capacity 60211K, committed 60376K, reserved 1101824K
  class space    used 7898K, capacity 8435K, committed 8448K, reserved 1048576K
}
Event: 48.067 GC heap before
{Heap before GC invocations=20 (full 3):
 PSYoungGen      total 203776K, used 203669K [0x00000000e0000000, 0x00000000ede00000, 0x0000000100000000)
  eden space 196608K, 100% used [0x00000000e0000000,0x00000000ec000000,0x00000000ec000000)
  from space 7168K, 98% used [0x00000000ed700000,0x00000000edde5680,0x00000000ede00000)
  to   space 14848K, 0% used [0x00000000ec100000,0x00000000ec100000,0x00000000ecf80000)
 ParOldGen       total 92160K, used 40758K [0x00000000a0000000, 0x00000000a5a00000, 0x00000000e0000000)
  object space 92160K, 44% used [0x00000000a0000000,0x00000000a27cd908,0x00000000a5a00000)
 Metaspace       used 58138K, capacity 60333K, committed 60376K, reserved 1101824K
  class space    used 7916K, capacity 8448K, committed 8448K, reserved 1048576K
Event: 48.070 GC heap after
Heap after GC invocations=20 (full 3):
 PSYoungGen      total 212480K, used 656K [0x00000000e0000000, 0x00000000efe00000, 0x0000000100000000)
  eden space 197632K, 0% used [0x00000000e0000000,0x00000000e0000000,0x00000000ec100000)
  from space 14848K, 4% used [0x00000000ec100000,0x00000000ec1a4030,0x00000000ecf80000)
  to   space 15360K, 0% used [0x00000000eef00000,0x00000000eef00000,0x00000000efe00000)
 ParOldGen       total 92160K, used 40766K [0x00000000a0000000, 0x00000000a5a00000, 0x00000000e0000000)
  object space 92160K, 44% used [0x00000000a0000000,0x00000000a27cf908,0x00000000a5a00000)
 Metaspace       used 58138K, capacity 60333K, committed 60376K, reserved 1101824K
  class space    used 7916K, capacity 8448K, committed 8448K, reserved 1048576K
}

