# JRE version: OpenJDK Runtime Environment (8.0_152-b02) (build 1.8.0_152-release-1024-b02)
# Java VM: OpenJDK 64-Bit Server VM (25.152-b02 mixed mode windows-amd64 compressed oops)
Heap:
 PSYoungGen      total 141312K, used 141307K [0x00000000e0000000, 0x00000000eb000000, 0x0000000100000000)
  eden space 129024K, 100% used [0x00000000e0000000,0x00000000e7e00000,0x00000000e7e00000)
  from space 12288K, 99% used [0x00000000e7e00000,0x00000000e89feda0,0x00000000e8a00000)
  to   space 16384K, 99% used [0x00000000ea000000,0x00000000eaffdeb0,0x00000000eb000000)
 ParOldGen       total 101888K, used 89935K [0x00000000a0000000, 0x00000000a6380000, 0x00000000e0000000)
  object space 101888K, 88% used [0x00000000a0000000,0x00000000a57d5d58,0x00000000a6380000)
 Metaspace       used 67997K, capacity 70983K, committed 71060K, reserved 1110016K
  class space    used 9271K, capacity 9875K, committed 9916K, reserved 1048576K
GC Heap History (10 events):
Event: 33.649 GC heap after
Heap after GC invocations=18 (full 2):
 PSYoungGen      total 118784K, used 9128K [0x00000000e0000000, 0x00000000e8180000, 0x0000000100000000)
  eden space 108544K, 0% used [0x00000000e0000000,0x00000000e0000000,0x00000000e6a00000)
  from space 10240K, 89% used [0x00000000e7500000,0x00000000e7dea220,0x00000000e7f00000)
  to   space 11264K, 0% used [0x00000000e6a00000,0x00000000e6a00000,0x00000000e7500000)
 ParOldGen       total 54784K, used 31621K [0x00000000a0000000, 0x00000000a3580000, 0x00000000e0000000)
  object space 54784K, 57% used [0x00000000a0000000,0x00000000a1ee14a0,0x00000000a3580000)
 Metaspace       used 51289K, capacity 52965K, committed 53080K, reserved 1095680K
  class space    used 7059K, capacity 7480K, committed 7552K, reserved 1048576K
}
Event: 47.812 GC heap before
{Heap before GC invocations=19 (full 2):
 PSYoungGen      total 118784K, used 117672K [0x00000000e0000000, 0x00000000e8180000, 0x0000000100000000)
  eden space 108544K, 100% used [0x00000000e0000000,0x00000000e6a00000,0x00000000e6a00000)
  from space 10240K, 89% used [0x00000000e7500000,0x00000000e7dea220,0x00000000e7f00000)
  to   space 11264K, 0% used [0x00000000e6a00000,0x00000000e6a00000,0x00000000e7500000)
 ParOldGen       total 54784K, used 31621K [0x00000000a0000000, 0x00000000a3580000, 0x00000000e0000000)
  object space 54784K, 57% used [0x00000000a0000000,0x00000000a1ee14a0,0x00000000a3580000)
 Metaspace       used 54671K, capacity 56579K, committed 56920K, reserved 1097728K
  class space    used 7512K, capacity 7977K, committed 8064K, reserved 1048576K
Event: 47.840 GC heap after
Heap after GC invocations=19 (full 2):
 PSYoungGen      total 119808K, used 9729K [0x00000000e0000000, 0x00000000e9680000, 0x0000000100000000)
  eden space 108544K, 0% used [0x00000000e0000000,0x00000000e0000000,0x00000000e6a00000)
  from space 11264K, 86% used [0x00000000e6a00000,0x00000000e7380778,0x00000000e7500000)
  to   space 12288K, 0% used [0x00000000e8a80000,0x00000000e8a80000,0x00000000e9680000)
 ParOldGen       total 54784K, used 37001K [0x00000000a0000000, 0x00000000a3580000, 0x00000000e0000000)
  object space 54784K, 67% used [0x00000000a0000000,0x00000000a2422740,0x00000000a3580000)
 Metaspace       used 54671K, capacity 56579K, committed 56920K, reserved 1097728K
  class space    used 7512K, capacity 7977K, committed 8064K, reserved 1048576K
}
Event: 52.447 GC heap before
{Heap before GC invocations=20 (full 2):
 PSYoungGen      total 119808K, used 80099K [0x00000000e0000000, 0x00000000e9680000, 0x0000000100000000)
  eden space 108544K, 64% used [0x00000000e0000000,0x00000000e44b87b8,0x00000000e6a00000)
  from space 11264K, 86% used [0x00000000e6a00000,0x00000000e7380778,0x00000000e7500000)
  to   space 12288K, 0% used [0x00000000e8a80000,0x00000000e8a80000,0x00000000e9680000)
 ParOldGen       total 54784K, used 37001K [0x00000000a0000000, 0x00000000a3580000, 0x00000000e0000000)
  object space 54784K, 67% used [0x00000000a0000000,0x00000000a2422740,0x00000000a3580000)
 Metaspace       used 57090K, capacity 58953K, committed 59028K, reserved 1099776K
  class space    used 7860K, capacity 8342K, committed 8380K, reserved 1048576K
Event: 52.474 GC heap after
Heap after GC invocations=20 (full 2):
 PSYoungGen      total 140800K, used 8704K [0x00000000e0000000, 0x00000000e9600000, 0x0000000100000000)
  eden space 129024K, 0% used [0x00000000e0000000,0x00000000e0000000,0x00000000e7e00000)
  from space 11776K, 73% used [0x00000000e8a80000,0x00000000e9300310,0x00000000e9600000)
  to   space 12288K, 0% used [0x00000000e7e00000,0x00000000e7e00000,0x00000000e8a00000)
 ParOldGen       total 54784K, used 44199K [0x00000000a0000000, 0x00000000a3580000, 0x00000000e0000000)
  object space 54784K, 80% used [0x00000000a0000000,0x00000000a2b29cd0,0x00000000a3580000)
 Metaspace       used 57090K, capacity 58953K, committed 59028K, reserved 1099776K
  class space    used 7860K, capacity 8342K, committed 8380K, reserved 1048576K
}
Event: 52.474 GC heap before
{Heap before GC invocations=21 (full 3):
 PSYoungGen      total 140800K, used 8704K [0x00000000e0000000, 0x00000000e9600000, 0x0000000100000000)
  eden space 129024K, 0% used [0x00000000e0000000,0x00000000e0000000,0x00000000e7e00000)
  from space 11776K, 73% used [0x00000000e8a80000,0x00000000e9300310,0x00000000e9600000)
  to   space 12288K, 0% used [0x00000000e7e00000,0x00000000e7e00000,0x00000000e8a00000)
 ParOldGen       total 54784K, used 44199K [0x00000000a0000000, 0x00000000a3580000, 0x00000000e0000000)
  object space 54784K, 80% used [0x00000000a0000000,0x00000000a2b29cd0,0x00000000a3580000)
 Metaspace       used 57090K, capacity 58953K, committed 59028K, reserved 1099776K
  class space    used 7860K, capacity 8342K, committed 8380K, reserved 1048576K
Event: 52.945 GC heap after
Heap after GC invocations=21 (full 3):
 PSYoungGen      total 140800K, used 0K [0x00000000e0000000, 0x00000000e9600000, 0x0000000100000000)
  eden space 129024K, 0% used [0x00000000e0000000,0x00000000e0000000,0x00000000e7e00000)
  from space 11776K, 0% used [0x00000000e8a80000,0x00000000e8a80000,0x00000000e9600000)
  to   space 12288K, 0% used [0x00000000e7e00000,0x00000000e7e00000,0x00000000e8a00000)
 ParOldGen       total 101888K, used 44413K [0x00000000a0000000, 0x00000000a6380000, 0x00000000e0000000)
  object space 101888K, 43% used [0x00000000a0000000,0x00000000a2b5f7d8,0x00000000a6380000)
 Metaspace       used 57090K, capacity 58953K, committed 59028K, reserved 1099776K
  class space    used 7860K, capacity 8342K, committed 8380K, reserved 1048576K
}
Event: 63.218 GC heap before
{Heap before GC invocations=22 (full 3):
 PSYoungGen      total 140800K, used 129024K [0x00000000e0000000, 0x00000000e9600000, 0x0000000100000000)
  eden space 129024K, 100% used [0x00000000e0000000,0x00000000e7e00000,0x00000000e7e00000)
  from space 11776K, 0% used [0x00000000e8a80000,0x00000000e8a80000,0x00000000e9600000)
  to   space 12288K, 0% used [0x00000000e7e00000,0x00000000e7e00000,0x00000000e8a00000)
 ParOldGen       total 101888K, used 44413K [0x00000000a0000000, 0x00000000a6380000, 0x00000000e0000000)
  object space 101888K, 43% used [0x00000000a0000000,0x00000000a2b5f7d8,0x00000000a6380000)
 Metaspace       used 64486K, capacity 66717K, committed 66964K, reserved 1107968K
  class space    used 8752K, capacity 9280K, committed 9404K, reserved 1048576K
Event: 63.254 GC heap after
Heap after GC invocations=22 (full 3):
 PSYoungGen      total 141312K, used 12283K [0x00000000e0000000, 0x00000000eb000000, 0x0000000100000000)
  eden space 129024K, 0% used [0x00000000e0000000,0x00000000e0000000,0x00000000e7e00000)
  from space 12288K, 99% used [0x00000000e7e00000,0x00000000e89feda0,0x00000000e8a00000)
  to   space 16384K, 0% used [0x00000000ea000000,0x00000000ea000000,0x00000000eb000000)
 ParOldGen       total 101888K, used 50083K [0x00000000a0000000, 0x00000000a6380000, 0x00000000e0000000)
  object space 101888K, 49% used [0x00000000a0000000,0x00000000a30e8f70,0x00000000a6380000)
 Metaspace       used 64486K, capacity 66717K, committed 66964K, reserved 1107968K
  class space    used 8752K, capacity 9280K, committed 9404K, reserved 1048576K
}
Event: 68.880 GC heap before
{Heap before GC invocations=23 (full 3):
 PSYoungGen      total 141312K, used 141307K [0x00000000e0000000, 0x00000000eb000000, 0x0000000100000000)
  eden space 129024K, 100% used [0x00000000e0000000,0x00000000e7e00000,0x00000000e7e00000)
  from space 12288K, 99% used [0x00000000e7e00000,0x00000000e89feda0,0x00000000e8a00000)
  to   space 16384K, 0% used [0x00000000ea000000,0x00000000ea000000,0x00000000eb000000)
 ParOldGen       total 101888K, used 50083K [0x00000000a0000000, 0x00000000a6380000, 0x00000000e0000000)
  object space 101888K, 49% used [0x00000000a0000000,0x00000000a30e8f70,0x00000000a6380000)
 Metaspace       used 67997K, capacity 70983K, committed 71060K, reserved 1110016K
  class space    used 9271K, capacity 9875K, committed 9916K, reserved 1048576K

