# JRE version: OpenJDK Runtime Environment (8.0_152-b02) (build 1.8.0_152-release-1024-b02)
# Java VM: OpenJDK 64-Bit Server VM (25.152-b02 mixed mode windows-amd64 compressed oops)
Heap:
 PSYoungGen      total 127488K, used 82353K [0x00000000e0000000, 0x00000000eb600000, 0x0000000100000000)
  eden space 108032K, 58% used [0x00000000e0000000,0x00000000e3d73fb0,0x00000000e6980000)
  from space 19456K, 99% used [0x00000000e6980000,0x00000000e7c78720,0x00000000e7c80000)
  to   space 31232K, 0% used [0x00000000e9780000,0x00000000e9780000,0x00000000eb600000)
 ParOldGen       total 107008K, used 68883K [0x00000000a0000000, 0x00000000a6880000, 0x00000000e0000000)
  object space 107008K, 64% used [0x00000000a0000000,0x00000000a4344ec0,0x00000000a6880000)
 Metaspace       used 68394K, capacity 71831K, committed 72084K, reserved 1112064K
  class space    used 9369K, capacity 10047K, committed 10172K, reserved 1048576K
GC Heap History (10 events):
Event: 35.678 GC heap before
{Heap before GC invocations=20 (full 2):
 PSYoungGen      total 92160K, used 89893K [0x00000000e0000000, 0x00000000e7680000, 0x0000000100000000)
  eden space 80384K, 100% used [0x00000000e0000000,0x00000000e4e80000,0x00000000e4e80000)
  from space 11776K, 80% used [0x00000000e4e80000,0x00000000e57c9540,0x00000000e5a00000)
  to   space 12800K, 0% used [0x00000000e6a00000,0x00000000e6a00000,0x00000000e7680000)
 ParOldGen       total 59904K, used 32357K [0x00000000a0000000, 0x00000000a3a80000, 0x00000000e0000000)
  object space 59904K, 54% used [0x00000000a0000000,0x00000000a1f994b0,0x00000000a3a80000)
 Metaspace       used 54686K, capacity 56583K, committed 56920K, reserved 1097728K
  class space    used 7510K, capacity 7977K, committed 8064K, reserved 1048576K
Event: 35.702 GC heap after
Heap after GC invocations=20 (full 2):
 PSYoungGen      total 107008K, used 12571K [0x00000000e0000000, 0x00000000e7800000, 0x0000000100000000)
  eden space 94208K, 0% used [0x00000000e0000000,0x00000000e0000000,0x00000000e5c00000)
  from space 12800K, 98% used [0x00000000e6a00000,0x00000000e7646e58,0x00000000e7680000)
  to   space 14336K, 0% used [0x00000000e5c00000,0x00000000e5c00000,0x00000000e6a00000)
 ParOldGen       total 59904K, used 32365K [0x00000000a0000000, 0x00000000a3a80000, 0x00000000e0000000)
  object space 59904K, 54% used [0x00000000a0000000,0x00000000a1f9b4b0,0x00000000a3a80000)
 Metaspace       used 54686K, capacity 56583K, committed 56920K, reserved 1097728K
  class space    used 7510K, capacity 7977K, committed 8064K, reserved 1048576K
}
Event: 39.451 GC heap before
{Heap before GC invocations=21 (full 2):
 PSYoungGen      total 107008K, used 74879K [0x00000000e0000000, 0x00000000e7800000, 0x0000000100000000)
  eden space 94208K, 66% used [0x00000000e0000000,0x00000000e3cd9078,0x00000000e5c00000)
  from space 12800K, 98% used [0x00000000e6a00000,0x00000000e7646e58,0x00000000e7680000)
  to   space 14336K, 0% used [0x00000000e5c00000,0x00000000e5c00000,0x00000000e6a00000)
 ParOldGen       total 59904K, used 32365K [0x00000000a0000000, 0x00000000a3a80000, 0x00000000e0000000)
  object space 59904K, 54% used [0x00000000a0000000,0x00000000a1f9b4b0,0x00000000a3a80000)
 Metaspace       used 57102K, capacity 58957K, committed 59028K, reserved 1099776K
  class space    used 7859K, capacity 8342K, committed 8380K, reserved 1048576K
Event: 39.492 GC heap after
Heap after GC invocations=21 (full 2):
 PSYoungGen      total 108544K, used 14304K [0x00000000e0000000, 0x00000000e9080000, 0x0000000100000000)
  eden space 94208K, 0% used [0x00000000e0000000,0x00000000e0000000,0x00000000e5c00000)
  from space 14336K, 99% used [0x00000000e5c00000,0x00000000e69f8010,0x00000000e6a00000)
  to   space 18432K, 0% used [0x00000000e7e80000,0x00000000e7e80000,0x00000000e9080000)
 ParOldGen       total 59904K, used 37602K [0x00000000a0000000, 0x00000000a3a80000, 0x00000000e0000000)
  object space 59904K, 62% used [0x00000000a0000000,0x00000000a24b8ae8,0x00000000a3a80000)
 Metaspace       used 57102K, capacity 58957K, committed 59028K, reserved 1099776K
  class space    used 7859K, capacity 8342K, committed 8380K, reserved 1048576K
}
Event: 39.492 GC heap before
{Heap before GC invocations=22 (full 3):
 PSYoungGen      total 108544K, used 14304K [0x00000000e0000000, 0x00000000e9080000, 0x0000000100000000)
  eden space 94208K, 0% used [0x00000000e0000000,0x00000000e0000000,0x00000000e5c00000)
  from space 14336K, 99% used [0x00000000e5c00000,0x00000000e69f8010,0x00000000e6a00000)
  to   space 18432K, 0% used [0x00000000e7e80000,0x00000000e7e80000,0x00000000e9080000)
 ParOldGen       total 59904K, used 37602K [0x00000000a0000000, 0x00000000a3a80000, 0x00000000e0000000)
  object space 59904K, 62% used [0x00000000a0000000,0x00000000a24b8ae8,0x00000000a3a80000)
 Metaspace       used 57102K, capacity 58957K, committed 59028K, reserved 1099776K
  class space    used 7859K, capacity 8342K, committed 8380K, reserved 1048576K
Event: 39.898 GC heap after
Heap after GC invocations=22 (full 3):
 PSYoungGen      total 108544K, used 0K [0x00000000e0000000, 0x00000000e9080000, 0x0000000100000000)
  eden space 94208K, 0% used [0x00000000e0000000,0x00000000e0000000,0x00000000e5c00000)
  from space 14336K, 0% used [0x00000000e5c00000,0x00000000e5c00000,0x00000000e6a00000)
  to   space 18432K, 0% used [0x00000000e7e80000,0x00000000e7e80000,0x00000000e9080000)
 ParOldGen       total 107008K, used 44329K [0x00000000a0000000, 0x00000000a6880000, 0x00000000e0000000)
  object space 107008K, 41% used [0x00000000a0000000,0x00000000a2b4a638,0x00000000a6880000)
 Metaspace       used 57102K, capacity 58957K, committed 59028K, reserved 1099776K
  class space    used 7859K, capacity 8342K, committed 8380K, reserved 1048576K
}
Event: 47.135 GC heap before
{Heap before GC invocations=23 (full 3):
 PSYoungGen      total 108544K, used 94208K [0x00000000e0000000, 0x00000000e9080000, 0x0000000100000000)
  eden space 94208K, 100% used [0x00000000e0000000,0x00000000e5c00000,0x00000000e5c00000)
  from space 14336K, 0% used [0x00000000e5c00000,0x00000000e5c00000,0x00000000e6a00000)
  to   space 18432K, 0% used [0x00000000e7e80000,0x00000000e7e80000,0x00000000e9080000)
 ParOldGen       total 107008K, used 44329K [0x00000000a0000000, 0x00000000a6880000, 0x00000000e0000000)
  object space 107008K, 41% used [0x00000000a0000000,0x00000000a2b4a638,0x00000000a6880000)
 Metaspace       used 60292K, capacity 62137K, committed 62356K, reserved 1103872K
  class space    used 8166K, capacity 8632K, committed 8636K, reserved 1048576K
Event: 47.160 GC heap after
Heap after GC invocations=23 (full 3):
 PSYoungGen      total 125440K, used 13434K [0x00000000e0000000, 0x00000000e8f80000, 0x0000000100000000)
  eden space 108032K, 0% used [0x00000000e0000000,0x00000000e0000000,0x00000000e6980000)
  from space 17408K, 77% used [0x00000000e7e80000,0x00000000e8b9ebe8,0x00000000e8f80000)
  to   space 19456K, 0% used [0x00000000e6980000,0x00000000e6980000,0x00000000e7c80000)
 ParOldGen       total 107008K, used 44337K [0x00000000a0000000, 0x00000000a6880000, 0x00000000e0000000)
  object space 107008K, 41% used [0x00000000a0000000,0x00000000a2b4c638,0x00000000a6880000)
 Metaspace       used 60292K, capacity 62137K, committed 62356K, reserved 1103872K
  class space    used 8166K, capacity 8632K, committed 8636K, reserved 1048576K
}
Event: 55.049 GC heap before
{Heap before GC invocations=24 (full 3):
 PSYoungGen      total 125440K, used 121466K [0x00000000e0000000, 0x00000000e8f80000, 0x0000000100000000)
  eden space 108032K, 100% used [0x00000000e0000000,0x00000000e6980000,0x00000000e6980000)
  from space 17408K, 77% used [0x00000000e7e80000,0x00000000e8b9ebe8,0x00000000e8f80000)
  to   space 19456K, 0% used [0x00000000e6980000,0x00000000e6980000,0x00000000e7c80000)
 ParOldGen       total 107008K, used 44337K [0x00000000a0000000, 0x00000000a6880000, 0x00000000e0000000)
  object space 107008K, 41% used [0x00000000a0000000,0x00000000a2b4c638,0x00000000a6880000)
 Metaspace       used 67325K, capacity 70671K, committed 70804K, reserved 1110016K
  class space    used 9213K, capacity 9895K, committed 9916K, reserved 1048576K
Event: 55.105 GC heap after
Heap after GC invocations=24 (full 3):
 PSYoungGen      total 127488K, used 19425K [0x00000000e0000000, 0x00000000eb600000, 0x0000000100000000)
  eden space 108032K, 0% used [0x00000000e0000000,0x00000000e0000000,0x00000000e6980000)
  from space 19456K, 99% used [0x00000000e6980000,0x00000000e7c78720,0x00000000e7c80000)
  to   space 31232K, 0% used [0x00000000e9780000,0x00000000e9780000,0x00000000eb600000)
 ParOldGen       total 107008K, used 68883K [0x00000000a0000000, 0x00000000a6880000, 0x00000000e0000000)
  object space 107008K, 64% used [0x00000000a0000000,0x00000000a4344ec0,0x00000000a6880000)
 Metaspace       used 67325K, capacity 70671K, committed 70804K, reserved 1110016K
  class space    used 9213K, capacity 9895K, committed 9916K, reserved 1048576K
}

