# JRE version: OpenJDK Runtime Environment (8.0_152-b02) (build 1.8.0_152-release-1024-b02)
# Java VM: OpenJDK 64-Bit Server VM (25.152-b02 mixed mode windows-amd64 compressed oops)
Heap:
 PSYoungGen      total 97792K, used 49121K [0x00000000e0000000, 0x00000000e8480000, 0x0000000100000000)
  eden space 88576K, 55% used [0x00000000e0000000,0x00000000e2ff86c0,0x00000000e5680000)
  from space 9216K, 0% used [0x00000000e5680000,0x00000000e5680000,0x00000000e5f80000)
  to   space 9216K, 0% used [0x00000000e7b80000,0x00000000e7b80000,0x00000000e8480000)
 ParOldGen       total 52736K, used 16192K [0x00000000a0000000, 0x00000000a3380000, 0x00000000e0000000)
  object space 52736K, 30% used [0x00000000a0000000,0x00000000a0fd0318,0x00000000a3380000)
 Metaspace       used 36722K, capacity 37487K, committed 37848K, reserved 1081344K
  class space    used 5019K, capacity 5266K, committed 5376K, reserved 1048576K
GC Heap History (10 events):
Event: 5.939 GC heap before
{Heap before GC invocations=9 (full 1):
 PSYoungGen      total 72704K, used 4628K [0x00000000e0000000, 0x00000000e4e00000, 0x0000000100000000)
  eden space 65536K, 0% used [0x00000000e0000000,0x00000000e0000000,0x00000000e4000000)
  from space 7168K, 64% used [0x00000000e4700000,0x00000000e4b85198,0x00000000e4e00000)
  to   space 7168K, 0% used [0x00000000e4000000,0x00000000e4000000,0x00000000e4700000)
 ParOldGen       total 44032K, used 7165K [0x00000000a0000000, 0x00000000a2b00000, 0x00000000e0000000)
  object space 44032K, 16% used [0x00000000a0000000,0x00000000a06ff768,0x00000000a2b00000)
 Metaspace       used 20815K, capacity 21200K, committed 21248K, reserved 1067008K
  class space    used 2904K, capacity 3038K, committed 3072K, reserved 1048576K
Event: 6.017 GC heap after
Heap after GC invocations=9 (full 1):
 PSYoungGen      total 72704K, used 0K [0x00000000e0000000, 0x00000000e4e00000, 0x0000000100000000)
  eden space 65536K, 0% used [0x00000000e0000000,0x00000000e0000000,0x00000000e4000000)
  from space 7168K, 0% used [0x00000000e4700000,0x00000000e4700000,0x00000000e4e00000)
  to   space 7168K, 0% used [0x00000000e4000000,0x00000000e4000000,0x00000000e4700000)
 ParOldGen       total 32768K, used 7767K [0x00000000a0000000, 0x00000000a2000000, 0x00000000e0000000)
  object space 32768K, 23% used [0x00000000a0000000,0x00000000a0795ee0,0x00000000a2000000)
 Metaspace       used 20815K, capacity 21200K, committed 21248K, reserved 1067008K
  class space    used 2904K, capacity 3038K, committed 3072K, reserved 1048576K
}
Event: 7.852 GC heap before
{Heap before GC invocations=10 (full 1):
 PSYoungGen      total 72704K, used 65536K [0x00000000e0000000, 0x00000000e4e00000, 0x0000000100000000)
  eden space 65536K, 100% used [0x00000000e0000000,0x00000000e4000000,0x00000000e4000000)
  from space 7168K, 0% used [0x00000000e4700000,0x00000000e4700000,0x00000000e4e00000)
  to   space 7168K, 0% used [0x00000000e4000000,0x00000000e4000000,0x00000000e4700000)
 ParOldGen       total 32768K, used 7767K [0x00000000a0000000, 0x00000000a2000000, 0x00000000e0000000)
  object space 32768K, 23% used [0x00000000a0000000,0x00000000a0795ee0,0x00000000a2000000)
 Metaspace       used 26569K, capacity 27056K, committed 27136K, reserved 1073152K
  class space    used 3663K, capacity 3829K, committed 3840K, reserved 1048576K
Event: 7.878 GC heap after
Heap after GC invocations=10 (full 1):
 PSYoungGen      total 72704K, used 7151K [0x00000000e0000000, 0x00000000e6880000, 0x0000000100000000)
  eden space 65536K, 0% used [0x00000000e0000000,0x00000000e0000000,0x00000000e4000000)
  from space 7168K, 99% used [0x00000000e4000000,0x00000000e46fbfe8,0x00000000e4700000)
  to   space 8192K, 0% used [0x00000000e6080000,0x00000000e6080000,0x00000000e6880000)
 ParOldGen       total 32768K, used 7841K [0x00000000a0000000, 0x00000000a2000000, 0x00000000e0000000)
  object space 32768K, 23% used [0x00000000a0000000,0x00000000a07a8460,0x00000000a2000000)
 Metaspace       used 26569K, capacity 27056K, committed 27136K, reserved 1073152K
  class space    used 3663K, capacity 3829K, committed 3840K, reserved 1048576K
}
Event: 12.669 GC heap before
{Heap before GC invocations=11 (full 1):
 PSYoungGen      total 72704K, used 72687K [0x00000000e0000000, 0x00000000e6880000, 0x0000000100000000)
  eden space 65536K, 100% used [0x00000000e0000000,0x00000000e4000000,0x00000000e4000000)
  from space 7168K, 99% used [0x00000000e4000000,0x00000000e46fbfe8,0x00000000e4700000)
  to   space 8192K, 0% used [0x00000000e6080000,0x00000000e6080000,0x00000000e6880000)
 ParOldGen       total 32768K, used 7841K [0x00000000a0000000, 0x00000000a2000000, 0x00000000e0000000)
  object space 32768K, 23% used [0x00000000a0000000,0x00000000a07a8460,0x00000000a2000000)
 Metaspace       used 29946K, capacity 30526K, committed 30848K, reserved 1075200K
  class space    used 4189K, capacity 4386K, committed 4480K, reserved 1048576K
Event: 12.689 GC heap after
Heap after GC invocations=11 (full 1):
 PSYoungGen      total 96256K, used 8176K [0x00000000e0000000, 0x00000000e6880000, 0x0000000100000000)
  eden space 88064K, 0% used [0x00000000e0000000,0x00000000e0000000,0x00000000e5600000)
  from space 8192K, 99% used [0x00000000e6080000,0x00000000e687c118,0x00000000e6880000)
  to   space 9216K, 0% used [0x00000000e5680000,0x00000000e5680000,0x00000000e5f80000)
 ParOldGen       total 32768K, used 8891K [0x00000000a0000000, 0x00000000a2000000, 0x00000000e0000000)
  object space 32768K, 27% used [0x00000000a0000000,0x00000000a08aed60,0x00000000a2000000)
 Metaspace       used 29946K, capacity 30526K, committed 30848K, reserved 1075200K
  class space    used 4189K, capacity 4386K, committed 4480K, reserved 1048576K
}
Event: 14.318 GC heap before
{Heap before GC invocations=12 (full 1):
 PSYoungGen      total 96256K, used 33934K [0x00000000e0000000, 0x00000000e6880000, 0x0000000100000000)
  eden space 88064K, 29% used [0x00000000e0000000,0x00000000e19279a8,0x00000000e5600000)
  from space 8192K, 99% used [0x00000000e6080000,0x00000000e687c118,0x00000000e6880000)
  to   space 9216K, 0% used [0x00000000e5680000,0x00000000e5680000,0x00000000e5f80000)
 ParOldGen       total 32768K, used 8891K [0x00000000a0000000, 0x00000000a2000000, 0x00000000e0000000)
  object space 32768K, 27% used [0x00000000a0000000,0x00000000a08aed60,0x00000000a2000000)
 Metaspace       used 34599K, capacity 35261K, committed 35416K, reserved 1079296K
  class space    used 4767K, capacity 4992K, committed 4992K, reserved 1048576K
Event: 14.333 GC heap after
Heap after GC invocations=12 (full 1):
 PSYoungGen      total 97792K, used 3834K [0x00000000e0000000, 0x00000000e8480000, 0x0000000100000000)
  eden space 88576K, 0% used [0x00000000e0000000,0x00000000e0000000,0x00000000e5680000)
  from space 9216K, 41% used [0x00000000e5680000,0x00000000e5a3ebb8,0x00000000e5f80000)
  to   space 9216K, 0% used [0x00000000e7b80000,0x00000000e7b80000,0x00000000e8480000)
 ParOldGen       total 32768K, used 14835K [0x00000000a0000000, 0x00000000a2000000, 0x00000000e0000000)
  object space 32768K, 45% used [0x00000000a0000000,0x00000000a0e7cd60,0x00000000a2000000)
 Metaspace       used 34599K, capacity 35261K, committed 35416K, reserved 1079296K
  class space    used 4767K, capacity 4992K, committed 4992K, reserved 1048576K
}
Event: 14.333 GC heap before
{Heap before GC invocations=13 (full 2):
 PSYoungGen      total 97792K, used 3834K [0x00000000e0000000, 0x00000000e8480000, 0x0000000100000000)
  eden space 88576K, 0% used [0x00000000e0000000,0x00000000e0000000,0x00000000e5680000)
  from space 9216K, 41% used [0x00000000e5680000,0x00000000e5a3ebb8,0x00000000e5f80000)
  to   space 9216K, 0% used [0x00000000e7b80000,0x00000000e7b80000,0x00000000e8480000)
 ParOldGen       total 32768K, used 14835K [0x00000000a0000000, 0x00000000a2000000, 0x00000000e0000000)
  object space 32768K, 45% used [0x00000000a0000000,0x00000000a0e7cd60,0x00000000a2000000)
 Metaspace       used 34599K, capacity 35261K, committed 35416K, reserved 1079296K
  class space    used 4767K, capacity 4992K, committed 4992K, reserved 1048576K
Event: 14.415 GC heap after
Heap after GC invocations=13 (full 2):
 PSYoungGen      total 97792K, used 0K [0x00000000e0000000, 0x00000000e8480000, 0x0000000100000000)
  eden space 88576K, 0% used [0x00000000e0000000,0x00000000e0000000,0x00000000e5680000)
  from space 9216K, 0% used [0x00000000e5680000,0x00000000e5680000,0x00000000e5f80000)
  to   space 9216K, 0% used [0x00000000e7b80000,0x00000000e7b80000,0x00000000e8480000)
 ParOldGen       total 52736K, used 16192K [0x00000000a0000000, 0x00000000a3380000, 0x00000000e0000000)
  object space 52736K, 30% used [0x00000000a0000000,0x00000000a0fd0318,0x00000000a3380000)
 Metaspace       used 34599K, capacity 35261K, committed 35416K, reserved 1079296K
  class space    used 4767K, capacity 4992K, committed 4992K, reserved 1048576K
}

