# JRE version: OpenJDK Runtime Environment (8.0_152-b01) (build 1.8.0_152-release-1248-b01)
# Java VM: OpenJDK 64-Bit Server VM (25.152-b01 mixed mode windows-amd64 compressed oops)
Heap:
 PSYoungGen      total 133120K, used 98881K [0x00000000e0000000, 0x00000000eb480000, 0x0000000100000000)
  eden space 113152K, 69% used [0x00000000e0000000,0x00000000e4d13020,0x00000000e6e80000)
  from space 19968K, 99% used [0x00000000e8c80000,0x00000000e9ffd510,0x00000000ea000000)
  to   space 30720K, 0% used [0x00000000e6e80000,0x00000000e6e80000,0x00000000e8c80000)
 ParOldGen       total 93696K, used 58896K [0x00000000a0000000, 0x00000000a5b80000, 0x00000000e0000000)
  object space 93696K, 62% used [0x00000000a0000000,0x00000000a3984210,0x00000000a5b80000)
 Metaspace       used 75985K, capacity 78558K, committed 78768K, reserved 1118208K
  class space    used 10188K, capacity 10813K, committed 10928K, reserved 1048576K
GC Heap History (10 events):
Event: 29.171 GC heap before
{Heap before GC invocations=21 (full 3):
 PSYoungGen      total 113152K, used 2454K [0x00000000e0000000, 0x00000000e7f00000, 0x0000000100000000)
  eden space 97280K, 0% used [0x00000000e0000000,0x00000000e0000000,0x00000000e5f00000)
  from space 15872K, 15% used [0x00000000e6e80000,0x00000000e70e5b68,0x00000000e7e00000)
  to   space 15872K, 0% used [0x00000000e5f00000,0x00000000e5f00000,0x00000000e6e80000)
 ParOldGen       total 58368K, used 37720K [0x00000000a0000000, 0x00000000a3900000, 0x00000000e0000000)
  object space 58368K, 64% used [0x00000000a0000000,0x00000000a24d6210,0x00000000a3900000)
 Metaspace       used 57529K, capacity 59096K, committed 59160K, reserved 1099776K
  class space    used 7885K, capacity 8363K, committed 8368K, reserved 1048576K
Event: 29.518 GC heap after
Heap after GC invocations=21 (full 3):
 PSYoungGen      total 113152K, used 0K [0x00000000e0000000, 0x00000000e7f00000, 0x0000000100000000)
  eden space 97280K, 0% used [0x00000000e0000000,0x00000000e0000000,0x00000000e5f00000)
  from space 15872K, 0% used [0x00000000e6e80000,0x00000000e6e80000,0x00000000e7e00000)
  to   space 15872K, 0% used [0x00000000e5f00000,0x00000000e5f00000,0x00000000e6e80000)
 ParOldGen       total 93696K, used 33838K [0x00000000a0000000, 0x00000000a5b80000, 0x00000000e0000000)
  object space 93696K, 36% used [0x00000000a0000000,0x00000000a210b8c8,0x00000000a5b80000)
 Metaspace       used 57529K, capacity 59096K, committed 59160K, reserved 1099776K
  class space    used 7885K, capacity 8363K, committed 8368K, reserved 1048576K
}
Event: 36.245 GC heap before
{Heap before GC invocations=22 (full 3):
 PSYoungGen      total 113152K, used 97278K [0x00000000e0000000, 0x00000000e7f00000, 0x0000000100000000)
  eden space 97280K, 99% used [0x00000000e0000000,0x00000000e5effa70,0x00000000e5f00000)
  from space 15872K, 0% used [0x00000000e6e80000,0x00000000e6e80000,0x00000000e7e00000)
  to   space 15872K, 0% used [0x00000000e5f00000,0x00000000e5f00000,0x00000000e6e80000)
 ParOldGen       total 93696K, used 33838K [0x00000000a0000000, 0x00000000a5b80000, 0x00000000e0000000)
  object space 93696K, 36% used [0x00000000a0000000,0x00000000a210b8c8,0x00000000a5b80000)
 Metaspace       used 59651K, capacity 61538K, committed 61744K, reserved 1101824K
  class space    used 8133K, capacity 8657K, committed 8752K, reserved 1048576K
Event: 36.256 GC heap after
Heap after GC invocations=22 (full 3):
 PSYoungGen      total 113152K, used 6367K [0x00000000e0000000, 0x00000000e8a80000, 0x0000000100000000)
  eden space 97280K, 0% used [0x00000000e0000000,0x00000000e0000000,0x00000000e5f00000)
  from space 15872K, 40% used [0x00000000e5f00000,0x00000000e6537cd8,0x00000000e6e80000)
  to   space 14848K, 0% used [0x00000000e7c00000,0x00000000e7c00000,0x00000000e8a80000)
 ParOldGen       total 93696K, used 33846K [0x00000000a0000000, 0x00000000a5b80000, 0x00000000e0000000)
  object space 93696K, 36% used [0x00000000a0000000,0x00000000a210d8c8,0x00000000a5b80000)
 Metaspace       used 59651K, capacity 61538K, committed 61744K, reserved 1101824K
  class space    used 8133K, capacity 8657K, committed 8752K, reserved 1048576K
}
Event: 52.663 GC heap before
{Heap before GC invocations=23 (full 3):
 PSYoungGen      total 113152K, used 103647K [0x00000000e0000000, 0x00000000e8a80000, 0x0000000100000000)
  eden space 97280K, 100% used [0x00000000e0000000,0x00000000e5f00000,0x00000000e5f00000)
  from space 15872K, 40% used [0x00000000e5f00000,0x00000000e6537cd8,0x00000000e6e80000)
  to   space 14848K, 0% used [0x00000000e7c00000,0x00000000e7c00000,0x00000000e8a80000)
 ParOldGen       total 93696K, used 33846K [0x00000000a0000000, 0x00000000a5b80000, 0x00000000e0000000)
  object space 93696K, 36% used [0x00000000a0000000,0x00000000a210d8c8,0x00000000a5b80000)
 Metaspace       used 61698K, capacity 63568K, committed 63792K, reserved 1103872K
  class space    used 8362K, capacity 8902K, committed 9008K, reserved 1048576K
Event: 52.703 GC heap after
Heap after GC invocations=23 (full 3):
 PSYoungGen      total 124928K, used 11047K [0x00000000e0000000, 0x00000000e8a80000, 0x0000000100000000)
  eden space 110080K, 0% used [0x00000000e0000000,0x00000000e0000000,0x00000000e6b80000)
  from space 14848K, 74% used [0x00000000e7c00000,0x00000000e86c9c40,0x00000000e8a80000)
  to   space 15872K, 0% used [0x00000000e6b80000,0x00000000e6b80000,0x00000000e7b00000)
 ParOldGen       total 93696K, used 33854K [0x00000000a0000000, 0x00000000a5b80000, 0x00000000e0000000)
  object space 93696K, 36% used [0x00000000a0000000,0x00000000a210f8c8,0x00000000a5b80000)
 Metaspace       used 61698K, capacity 63568K, committed 63792K, reserved 1103872K
  class space    used 8362K, capacity 8902K, committed 9008K, reserved 1048576K
}
Event: 60.322 GC heap before
{Heap before GC invocations=24 (full 3):
 PSYoungGen      total 124928K, used 121127K [0x00000000e0000000, 0x00000000e8a80000, 0x0000000100000000)
  eden space 110080K, 100% used [0x00000000e0000000,0x00000000e6b80000,0x00000000e6b80000)
  from space 14848K, 74% used [0x00000000e7c00000,0x00000000e86c9c40,0x00000000e8a80000)
  to   space 15872K, 0% used [0x00000000e6b80000,0x00000000e6b80000,0x00000000e7b00000)
 ParOldGen       total 93696K, used 33854K [0x00000000a0000000, 0x00000000a5b80000, 0x00000000e0000000)
  object space 93696K, 36% used [0x00000000a0000000,0x00000000a210f8c8,0x00000000a5b80000)
 Metaspace       used 66722K, capacity 68732K, committed 69040K, reserved 1107968K
  class space    used 8975K, capacity 9554K, committed 9648K, reserved 1048576K
Event: 60.367 GC heap after
Heap after GC invocations=24 (full 3):
 PSYoungGen      total 125952K, used 15871K [0x00000000e0000000, 0x00000000ea000000, 0x0000000100000000)
  eden space 110080K, 0% used [0x00000000e0000000,0x00000000e0000000,0x00000000e6b80000)
  from space 15872K, 99% used [0x00000000e6b80000,0x00000000e7affd60,0x00000000e7b00000)
  to   space 19968K, 0% used [0x00000000e8c80000,0x00000000e8c80000,0x00000000ea000000)
 ParOldGen       total 93696K, used 38964K [0x00000000a0000000, 0x00000000a5b80000, 0x00000000e0000000)
  object space 93696K, 41% used [0x00000000a0000000,0x00000000a260d2b0,0x00000000a5b80000)
 Metaspace       used 66722K, capacity 68732K, committed 69040K, reserved 1107968K
  class space    used 8975K, capacity 9554K, committed 9648K, reserved 1048576K
}
Event: 71.178 GC heap before
{Heap before GC invocations=25 (full 3):
 PSYoungGen      total 125952K, used 125951K [0x00000000e0000000, 0x00000000ea000000, 0x0000000100000000)
  eden space 110080K, 100% used [0x00000000e0000000,0x00000000e6b80000,0x00000000e6b80000)
  from space 15872K, 99% used [0x00000000e6b80000,0x00000000e7affd60,0x00000000e7b00000)
  to   space 19968K, 0% used [0x00000000e8c80000,0x00000000e8c80000,0x00000000ea000000)
 ParOldGen       total 93696K, used 38964K [0x00000000a0000000, 0x00000000a5b80000, 0x00000000e0000000)
  object space 93696K, 41% used [0x00000000a0000000,0x00000000a260d2b0,0x00000000a5b80000)
 Metaspace       used 74934K, capacity 77402K, committed 77488K, reserved 1116160K
  class space    used 10029K, capacity 10621K, committed 10672K, reserved 1048576K
Event: 71.246 GC heap after
Heap after GC invocations=25 (full 3):
 PSYoungGen      total 133120K, used 19957K [0x00000000e0000000, 0x00000000eb480000, 0x0000000100000000)
  eden space 113152K, 0% used [0x00000000e0000000,0x00000000e0000000,0x00000000e6e80000)
  from space 19968K, 99% used [0x00000000e8c80000,0x00000000e9ffd510,0x00000000ea000000)
  to   space 30720K, 0% used [0x00000000e6e80000,0x00000000e6e80000,0x00000000e8c80000)
 ParOldGen       total 93696K, used 58896K [0x00000000a0000000, 0x00000000a5b80000, 0x00000000e0000000)
  object space 93696K, 62% used [0x00000000a0000000,0x00000000a3984210,0x00000000a5b80000)
 Metaspace       used 74934K, capacity 77402K, committed 77488K, reserved 1116160K
  class space    used 10029K, capacity 10621K, committed 10672K, reserved 1048576K
}

