# JRE version: OpenJDK Runtime Environment (8.0_152-b02) (build 1.8.0_152-release-1024-b02)
# Java VM: OpenJDK 64-Bit Server VM (25.152-b02 mixed mode windows-amd64 compressed oops)
Heap:
 PSYoungGen      total 289280K, used 176305K [0x00000000e0000000, 0x00000000f6300000, 0x0000000100000000)
  eden space 253952K, 66% used [0x00000000e0000000,0x00000000ea3ccad0,0x00000000ef800000)
  from space 35328K, 24% used [0x00000000f2180000,0x00000000f29dfad0,0x00000000f4400000)
  to   space 42496K, 0% used [0x00000000ef800000,0x00000000ef800000,0x00000000f2180000)
 ParOldGen       total 112128K, used 70861K [0x00000000a0000000, 0x00000000a6d80000, 0x00000000e0000000)
  object space 112128K, 63% used [0x00000000a0000000,0x00000000a4533710,0x00000000a6d80000)
 Metaspace       used 80175K, capacity 83585K, committed 83840K, reserved 1122304K
  class space    used 10294K, capacity 11004K, committed 11136K, reserved 1048576K
GC Heap History (10 events):
Event: 169.882 GC heap before
{Heap before GC invocations=23 (full 4):
 PSYoungGen      total 239616K, used 26599K [0x00000000e0000000, 0x00000000f4e00000, 0x0000000100000000)
  eden space 212992K, 0% used [0x00000000e0000000,0x00000000e0000000,0x00000000ed000000)
  from space 26624K, 99% used [0x00000000ed000000,0x00000000ee9f9f30,0x00000000eea00000)
  to   space 45568K, 0% used [0x00000000f2180000,0x00000000f2180000,0x00000000f4e00000)
 ParOldGen       total 112128K, used 112027K [0x00000000a0000000, 0x00000000a6d80000, 0x00000000e0000000)
  object space 112128K, 99% used [0x00000000a0000000,0x00000000a6d66dd0,0x00000000a6d80000)
 Metaspace       used 76235K, capacity 79715K, committed 80000K, reserved 1118208K
  class space    used 9888K, capacity 10579K, committed 10624K, reserved 1048576K
Event: 171.052 GC heap after
Heap after GC invocations=23 (full 4):
 PSYoungGen      total 239616K, used 998K [0x00000000e0000000, 0x00000000f4e00000, 0x0000000100000000)
  eden space 212992K, 0% used [0x00000000e0000000,0x00000000e0000000,0x00000000ed000000)
  from space 26624K, 3% used [0x00000000ed000000,0x00000000ed0f9b70,0x00000000eea00000)
  to   space 45568K, 0% used [0x00000000f2180000,0x00000000f2180000,0x00000000f4e00000)
 ParOldGen       total 112128K, used 111825K [0x00000000a0000000, 0x00000000a6d80000, 0x00000000e0000000)
  object space 112128K, 99% used [0x00000000a0000000,0x00000000a6d34460,0x00000000a6d80000)
 Metaspace       used 75853K, capacity 78715K, committed 80000K, reserved 1118208K
  class space    used 9755K, capacity 10347K, committed 10624K, reserved 1048576K
}
Event: 175.675 GC heap before
{Heap before GC invocations=24 (full 5):
 PSYoungGen      total 239616K, used 213919K [0x00000000e0000000, 0x00000000f4e00000, 0x0000000100000000)
  eden space 212992K, 99% used [0x00000000e0000000,0x00000000ecfee2e0,0x00000000ed000000)
  from space 26624K, 3% used [0x00000000ed000000,0x00000000ed0f9b70,0x00000000eea00000)
  to   space 45568K, 0% used [0x00000000f2180000,0x00000000f2180000,0x00000000f4e00000)
 ParOldGen       total 112128K, used 111825K [0x00000000a0000000, 0x00000000a6d80000, 0x00000000e0000000)
  object space 112128K, 99% used [0x00000000a0000000,0x00000000a6d34460,0x00000000a6d80000)
 Metaspace       used 77737K, capacity 80801K, committed 81792K, reserved 1120256K
  class space    used 9991K, capacity 10610K, committed 10880K, reserved 1048576K
Event: 175.891 GC heap after
Heap after GC invocations=24 (full 5):
 PSYoungGen      total 239616K, used 0K [0x00000000e0000000, 0x00000000f4e00000, 0x0000000100000000)
  eden space 212992K, 0% used [0x00000000e0000000,0x00000000e0000000,0x00000000ed000000)
  from space 26624K, 0% used [0x00000000ed000000,0x00000000ed000000,0x00000000eea00000)
  to   space 45568K, 0% used [0x00000000f2180000,0x00000000f2180000,0x00000000f4e00000)
 ParOldGen       total 112128K, used 70853K [0x00000000a0000000, 0x00000000a6d80000, 0x00000000e0000000)
  object space 112128K, 63% used [0x00000000a0000000,0x00000000a4531710,0x00000000a6d80000)
 Metaspace       used 77737K, capacity 80801K, committed 81792K, reserved 1120256K
  class space    used 9991K, capacity 10610K, committed 10880K, reserved 1048576K
}
Event: 175.951 GC heap before
{Heap before GC invocations=25 (full 5):
 PSYoungGen      total 239616K, used 212212K [0x00000000e0000000, 0x00000000f4e00000, 0x0000000100000000)
  eden space 212992K, 99% used [0x00000000e0000000,0x00000000ecf3d370,0x00000000ed000000)
  from space 26624K, 0% used [0x00000000ed000000,0x00000000ed000000,0x00000000eea00000)
  to   space 45568K, 0% used [0x00000000f2180000,0x00000000f2180000,0x00000000f4e00000)
 ParOldGen       total 112128K, used 70853K [0x00000000a0000000, 0x00000000a6d80000, 0x00000000e0000000)
  object space 112128K, 63% used [0x00000000a0000000,0x00000000a4531710,0x00000000a6d80000)
 Metaspace       used 77743K, capacity 80801K, committed 81792K, reserved 1120256K
  class space    used 9991K, capacity 10610K, committed 10880K, reserved 1048576K
Event: 175.955 GC heap after
Heap after GC invocations=25 (full 5):
 PSYoungGen      total 275968K, used 64K [0x00000000e0000000, 0x00000000f4400000, 0x0000000100000000)
  eden space 240640K, 0% used [0x00000000e0000000,0x00000000e0000000,0x00000000eeb00000)
  from space 35328K, 0% used [0x00000000f2180000,0x00000000f2190000,0x00000000f4400000)
  to   space 45568K, 0% used [0x00000000eeb00000,0x00000000eeb00000,0x00000000f1780000)
 ParOldGen       total 112128K, used 70853K [0x00000000a0000000, 0x00000000a6d80000, 0x00000000e0000000)
  object space 112128K, 63% used [0x00000000a0000000,0x00000000a4531710,0x00000000a6d80000)
 Metaspace       used 77743K, capacity 80801K, committed 81792K, reserved 1120256K
  class space    used 9991K, capacity 10610K, committed 10880K, reserved 1048576K
}
Event: 176.030 GC heap before
{Heap before GC invocations=26 (full 5):
 PSYoungGen      total 275968K, used 240303K [0x00000000e0000000, 0x00000000f4400000, 0x0000000100000000)
  eden space 240640K, 99% used [0x00000000e0000000,0x00000000eea9be20,0x00000000eeb00000)
  from space 35328K, 0% used [0x00000000f2180000,0x00000000f2190000,0x00000000f4400000)
  to   space 45568K, 0% used [0x00000000eeb00000,0x00000000eeb00000,0x00000000f1780000)
 ParOldGen       total 112128K, used 70853K [0x00000000a0000000, 0x00000000a6d80000, 0x00000000e0000000)
  object space 112128K, 63% used [0x00000000a0000000,0x00000000a4531710,0x00000000a6d80000)
 Metaspace       used 77749K, capacity 80801K, committed 81792K, reserved 1120256K
  class space    used 9991K, capacity 10610K, committed 10880K, reserved 1048576K
Event: 176.034 GC heap after
Heap after GC invocations=26 (full 5):
 PSYoungGen      total 286208K, used 96K [0x00000000e0000000, 0x00000000f4400000, 0x0000000100000000)
  eden space 240640K, 0% used [0x00000000e0000000,0x00000000e0000000,0x00000000eeb00000)
  from space 45568K, 0% used [0x00000000eeb00000,0x00000000eeb18000,0x00000000f1780000)
  to   space 35328K, 0% used [0x00000000f2180000,0x00000000f2180000,0x00000000f4400000)
 ParOldGen       total 112128K, used 70853K [0x00000000a0000000, 0x00000000a6d80000, 0x00000000e0000000)
  object space 112128K, 63% used [0x00000000a0000000,0x00000000a4531710,0x00000000a6d80000)
 Metaspace       used 77749K, capacity 80801K, committed 81792K, reserved 1120256K
  class space    used 9991K, capacity 10610K, committed 10880K, reserved 1048576K
}
Event: 2197.679 GC heap before
{Heap before GC invocations=27 (full 5):
 PSYoungGen      total 286208K, used 240736K [0x00000000e0000000, 0x00000000f4400000, 0x0000000100000000)
  eden space 240640K, 100% used [0x00000000e0000000,0x00000000eeb00000,0x00000000eeb00000)
  from space 45568K, 0% used [0x00000000eeb00000,0x00000000eeb18000,0x00000000f1780000)
  to   space 35328K, 0% used [0x00000000f2180000,0x00000000f2180000,0x00000000f4400000)
 ParOldGen       total 112128K, used 70853K [0x00000000a0000000, 0x00000000a6d80000, 0x00000000e0000000)
  object space 112128K, 63% used [0x00000000a0000000,0x00000000a4531710,0x00000000a6d80000)
 Metaspace       used 79624K, capacity 82991K, committed 83200K, reserved 1122304K
  class space    used 10208K, capacity 10905K, committed 11008K, reserved 1048576K
Event: 2197.711 GC heap after
Heap after GC invocations=27 (full 5):
 PSYoungGen      total 289280K, used 8574K [0x00000000e0000000, 0x00000000f6300000, 0x0000000100000000)
  eden space 253952K, 0% used [0x00000000e0000000,0x00000000e0000000,0x00000000ef800000)
  from space 35328K, 24% used [0x00000000f2180000,0x00000000f29dfad0,0x00000000f4400000)
  to   space 42496K, 0% used [0x00000000ef800000,0x00000000ef800000,0x00000000f2180000)
 ParOldGen       total 112128K, used 70861K [0x00000000a0000000, 0x00000000a6d80000, 0x00000000e0000000)
  object space 112128K, 63% used [0x00000000a0000000,0x00000000a4533710,0x00000000a6d80000)
 Metaspace       used 79624K, capacity 82991K, committed 83200K, reserved 1122304K
  class space    used 10208K, capacity 10905K, committed 11008K, reserved 1048576K
}

