# JRE version: OpenJDK Runtime Environment (8.0_152-b02) (build 1.8.0_152-release-1024-b02)
# Java VM: OpenJDK 64-Bit Server VM (25.152-b02 mixed mode windows-amd64 compressed oops)
Heap:
 PSYoungGen      total 248832K, used 93418K [0x00000000e0000000, 0x00000000f1780000, 0x0000000100000000)
  eden space 213504K, 35% used [0x00000000e0000000,0x00000000e499cae8,0x00000000ed080000)
  from space 35328K, 51% used [0x00000000ef500000,0x00000000f069ddb0,0x00000000f1780000)
  to   space 36352K, 0% used [0x00000000ed080000,0x00000000ed080000,0x00000000ef400000)
 ParOldGen       total 184832K, used 111964K [0x00000000a0000000, 0x00000000ab480000, 0x00000000e0000000)
  object space 184832K, 60% used [0x00000000a0000000,0x00000000a6d573d8,0x00000000ab480000)
 Metaspace       used 79137K, capacity 82333K, committed 82776K, reserved 1120256K
  class space    used 10259K, capacity 10972K, committed 11136K, reserved 1048576K
GC Heap History (10 events):
Event: 65.672 GC heap before
{Heap before GC invocations=22 (full 3):
 PSYoungGen      total 171008K, used 159590K [0x00000000e0000000, 0x00000000ebe00000, 0x0000000100000000)
  eden space 154624K, 100% used [0x00000000e0000000,0x00000000e9700000,0x00000000e9700000)
  from space 16384K, 30% used [0x00000000eae00000,0x00000000eb2d9820,0x00000000ebe00000)
  to   space 19968K, 0% used [0x00000000e9700000,0x00000000e9700000,0x00000000eaa80000)
 ParOldGen       total 117760K, used 52062K [0x00000000a0000000, 0x00000000a7300000, 0x00000000e0000000)
  object space 117760K, 44% used [0x00000000a0000000,0x00000000a32d7840,0x00000000a7300000)
 Metaspace       used 65943K, capacity 68141K, committed 68312K, reserved 1107968K
  class space    used 8650K, capacity 9200K, committed 9216K, reserved 1048576K
Event: 65.708 GC heap after
Heap after GC invocations=22 (full 3):
 PSYoungGen      total 174592K, used 12898K [0x00000000e0000000, 0x00000000ee300000, 0x0000000100000000)
  eden space 154624K, 0% used [0x00000000e0000000,0x00000000e0000000,0x00000000e9700000)
  from space 19968K, 64% used [0x00000000e9700000,0x00000000ea398ad0,0x00000000eaa80000)
  to   space 20480K, 0% used [0x00000000ecf00000,0x00000000ecf00000,0x00000000ee300000)
 ParOldGen       total 117760K, used 55342K [0x00000000a0000000, 0x00000000a7300000, 0x00000000e0000000)
  object space 117760K, 46% used [0x00000000a0000000,0x00000000a360b8c0,0x00000000a7300000)
 Metaspace       used 65943K, capacity 68141K, committed 68312K, reserved 1107968K
  class space    used 8650K, capacity 9200K, committed 9216K, reserved 1048576K
}
Event: 71.709 GC heap before
{Heap before GC invocations=23 (full 3):
 PSYoungGen      total 174592K, used 167522K [0x00000000e0000000, 0x00000000ee300000, 0x0000000100000000)
  eden space 154624K, 100% used [0x00000000e0000000,0x00000000e9700000,0x00000000e9700000)
  from space 19968K, 64% used [0x00000000e9700000,0x00000000ea398ad0,0x00000000eaa80000)
  to   space 20480K, 0% used [0x00000000ecf00000,0x00000000ecf00000,0x00000000ee300000)
 ParOldGen       total 117760K, used 55342K [0x00000000a0000000, 0x00000000a7300000, 0x00000000e0000000)
  object space 117760K, 46% used [0x00000000a0000000,0x00000000a360b8c0,0x00000000a7300000)
 Metaspace       used 74007K, capacity 77471K, committed 77656K, reserved 1116160K
  class space    used 9817K, capacity 10553K, committed 10624K, reserved 1048576K
Event: 71.971 GC heap after
Heap after GC invocations=23 (full 3):
 PSYoungGen      total 194048K, used 20455K [0x00000000e0000000, 0x00000000f0800000, 0x0000000100000000)
  eden space 173568K, 0% used [0x00000000e0000000,0x00000000e0000000,0x00000000ea980000)
  from space 20480K, 99% used [0x00000000ecf00000,0x00000000ee2f9c70,0x00000000ee300000)
  to   space 38400K, 0% used [0x00000000ea980000,0x00000000ea980000,0x00000000ecf00000)
 ParOldGen       total 117760K, used 94613K [0x00000000a0000000, 0x00000000a7300000, 0x00000000e0000000)
  object space 117760K, 80% used [0x00000000a0000000,0x00000000a5c654f0,0x00000000a7300000)
 Metaspace       used 74007K, capacity 77471K, committed 77656K, reserved 1116160K
  class space    used 9817K, capacity 10553K, committed 10624K, reserved 1048576K
}
Event: 71.971 GC heap before
{Heap before GC invocations=24 (full 4):
 PSYoungGen      total 194048K, used 20455K [0x00000000e0000000, 0x00000000f0800000, 0x0000000100000000)
  eden space 173568K, 0% used [0x00000000e0000000,0x00000000e0000000,0x00000000ea980000)
  from space 20480K, 99% used [0x00000000ecf00000,0x00000000ee2f9c70,0x00000000ee300000)
  to   space 38400K, 0% used [0x00000000ea980000,0x00000000ea980000,0x00000000ecf00000)
 ParOldGen       total 117760K, used 94613K [0x00000000a0000000, 0x00000000a7300000, 0x00000000e0000000)
  object space 117760K, 80% used [0x00000000a0000000,0x00000000a5c654f0,0x00000000a7300000)
 Metaspace       used 74007K, capacity 77471K, committed 77656K, reserved 1116160K
  class space    used 9817K, capacity 10553K, committed 10624K, reserved 1048576K
Event: 72.571 GC heap after
Heap after GC invocations=24 (full 4):
 PSYoungGen      total 194048K, used 0K [0x00000000e0000000, 0x00000000f0800000, 0x0000000100000000)
  eden space 173568K, 0% used [0x00000000e0000000,0x00000000e0000000,0x00000000ea980000)
  from space 20480K, 0% used [0x00000000ecf00000,0x00000000ecf00000,0x00000000ee300000)
  to   space 38400K, 0% used [0x00000000ea980000,0x00000000ea980000,0x00000000ecf00000)
 ParOldGen       total 184832K, used 96445K [0x00000000a0000000, 0x00000000ab480000, 0x00000000e0000000)
  object space 184832K, 52% used [0x00000000a0000000,0x00000000a5e2f7a0,0x00000000ab480000)
 Metaspace       used 73573K, capacity 76321K, committed 77656K, reserved 1116160K
  class space    used 9666K, capacity 10288K, committed 10624K, reserved 1048576K
}
Event: 76.350 GC heap before
{Heap before GC invocations=25 (full 4):
 PSYoungGen      total 194048K, used 173568K [0x00000000e0000000, 0x00000000f0800000, 0x0000000100000000)
  eden space 173568K, 100% used [0x00000000e0000000,0x00000000ea980000,0x00000000ea980000)
  from space 20480K, 0% used [0x00000000ecf00000,0x00000000ecf00000,0x00000000ee300000)
  to   space 38400K, 0% used [0x00000000ea980000,0x00000000ea980000,0x00000000ecf00000)
 ParOldGen       total 184832K, used 96445K [0x00000000a0000000, 0x00000000ab480000, 0x00000000e0000000)
  object space 184832K, 52% used [0x00000000a0000000,0x00000000a5e2f7a0,0x00000000ab480000)
 Metaspace       used 73911K, capacity 76709K, committed 77912K, reserved 1116160K
  class space    used 9671K, capacity 10292K, committed 10624K, reserved 1048576K
Event: 76.390 GC heap after
Heap after GC invocations=25 (full 4):
 PSYoungGen      total 211968K, used 15817K [0x00000000e0000000, 0x00000000f1900000, 0x0000000100000000)
  eden space 173568K, 0% used [0x00000000e0000000,0x00000000e0000000,0x00000000ea980000)
  from space 38400K, 41% used [0x00000000ea980000,0x00000000eb8f27a0,0x00000000ecf00000)
  to   space 36864K, 0% used [0x00000000ef500000,0x00000000ef500000,0x00000000f1900000)
 ParOldGen       total 184832K, used 96453K [0x00000000a0000000, 0x00000000ab480000, 0x00000000e0000000)
  object space 184832K, 52% used [0x00000000a0000000,0x00000000a5e317a0,0x00000000ab480000)
 Metaspace       used 73911K, capacity 76709K, committed 77912K, reserved 1116160K
  class space    used 9671K, capacity 10292K, committed 10624K, reserved 1048576K
}
Event: 78.688 GC heap before
{Heap before GC invocations=26 (full 4):
 PSYoungGen      total 211968K, used 188495K [0x00000000e0000000, 0x00000000f1900000, 0x0000000100000000)
  eden space 173568K, 99% used [0x00000000e0000000,0x00000000ea8a1640,0x00000000ea980000)
  from space 38400K, 41% used [0x00000000ea980000,0x00000000eb8f27a0,0x00000000ecf00000)
  to   space 36864K, 0% used [0x00000000ef500000,0x00000000ef500000,0x00000000f1900000)
 ParOldGen       total 184832K, used 96453K [0x00000000a0000000, 0x00000000ab480000, 0x00000000e0000000)
  object space 184832K, 52% used [0x00000000a0000000,0x00000000a5e317a0,0x00000000ab480000)
 Metaspace       used 75761K, capacity 78651K, committed 79576K, reserved 1118208K
  class space    used 9908K, capacity 10553K, committed 10752K, reserved 1048576K
Event: 78.741 GC heap after
Heap after GC invocations=26 (full 4):
 PSYoungGen      total 248832K, used 18039K [0x00000000e0000000, 0x00000000f1780000, 0x0000000100000000)
  eden space 213504K, 0% used [0x00000000e0000000,0x00000000e0000000,0x00000000ed080000)
  from space 35328K, 51% used [0x00000000ef500000,0x00000000f069ddb0,0x00000000f1780000)
  to   space 36352K, 0% used [0x00000000ed080000,0x00000000ed080000,0x00000000ef400000)
 ParOldGen       total 184832K, used 111964K [0x00000000a0000000, 0x00000000ab480000, 0x00000000e0000000)
  object space 184832K, 60% used [0x00000000a0000000,0x00000000a6d573d8,0x00000000ab480000)
 Metaspace       used 75761K, capacity 78651K, committed 79576K, reserved 1118208K
  class space    used 9908K, capacity 10553K, committed 10752K, reserved 1048576K
}

