# JRE version: OpenJDK Runtime Environment (8.0_152-b01) (build 1.8.0_152-release-1248-b01)
# Java VM: OpenJDK 64-Bit Server VM (25.152-b01 mixed mode windows-amd64 compressed oops)
Heap:
 PSYoungGen      total 92160K, used 80496K [0x00000000e0000000, 0x00000000e6580000, 0x0000000100000000)
  eden space 81408K, 98% used [0x00000000e0000000,0x00000000e4e9c248,0x00000000e4f80000)
  from space 10752K, 0% used [0x00000000e4f80000,0x00000000e4f80000,0x00000000e5a00000)
  to   space 9728K, 0% used [0x00000000e5a00000,0x00000000e5a00000,0x00000000e6380000)
 ParOldGen       total 53248K, used 34175K [0x00000000a0000000, 0x00000000a3400000, 0x00000000e0000000)
  object space 53248K, 64% used [0x00000000a0000000,0x00000000a215ffc0,0x00000000a3400000)
 Metaspace       used 59642K, capacity 61482K, committed 61744K, reserved 1101824K
  class space    used 8134K, capacity 8657K, committed 8752K, reserved 1048576K
GC Heap History (10 events):
Event: 21.450 GC heap before
{Heap before GC invocations=20 (full 2):
 PSYoungGen      total 63488K, used 63473K [0x00000000e0000000, 0x00000000e5380000, 0x0000000100000000)
  eden space 57344K, 100% used [0x00000000e0000000,0x00000000e3800000,0x00000000e3800000)
  from space 6144K, 99% used [0x00000000e3800000,0x00000000e3dfc5b8,0x00000000e3e00000)
  to   space 8192K, 0% used [0x00000000e4b80000,0x00000000e4b80000,0x00000000e5380000)
 ParOldGen       total 53248K, used 17606K [0x00000000a0000000, 0x00000000a3400000, 0x00000000e0000000)
  object space 53248K, 33% used [0x00000000a0000000,0x00000000a1131ae8,0x00000000a3400000)
 Metaspace       used 43406K, capacity 44402K, committed 44720K, reserved 1087488K
  class space    used 5903K, capacity 6236K, committed 6320K, reserved 1048576K
Event: 21.469 GC heap after
Heap after GC invocations=20 (full 2):
 PSYoungGen      total 76288K, used 7906K [0x00000000e0000000, 0x00000000e5600000, 0x0000000100000000)
  eden space 68096K, 0% used [0x00000000e0000000,0x00000000e0000000,0x00000000e4280000)
  from space 8192K, 96% used [0x00000000e4b80000,0x00000000e5338bb8,0x00000000e5380000)
  to   space 9216K, 0% used [0x00000000e4280000,0x00000000e4280000,0x00000000e4b80000)
 ParOldGen       total 53248K, used 21578K [0x00000000a0000000, 0x00000000a3400000, 0x00000000e0000000)
  object space 53248K, 40% used [0x00000000a0000000,0x00000000a1512a00,0x00000000a3400000)
 Metaspace       used 43406K, capacity 44402K, committed 44720K, reserved 1087488K
  class space    used 5903K, capacity 6236K, committed 6320K, reserved 1048576K
}
Event: 24.215 GC heap before
{Heap before GC invocations=21 (full 2):
 PSYoungGen      total 76288K, used 76002K [0x00000000e0000000, 0x00000000e5600000, 0x0000000100000000)
  eden space 68096K, 100% used [0x00000000e0000000,0x00000000e4280000,0x00000000e4280000)
  from space 8192K, 96% used [0x00000000e4b80000,0x00000000e5338bb8,0x00000000e5380000)
  to   space 9216K, 0% used [0x00000000e4280000,0x00000000e4280000,0x00000000e4b80000)
 ParOldGen       total 53248K, used 21578K [0x00000000a0000000, 0x00000000a3400000, 0x00000000e0000000)
  object space 53248K, 40% used [0x00000000a0000000,0x00000000a1512a00,0x00000000a3400000)
 Metaspace       used 51330K, capacity 52558K, committed 52656K, reserved 1095680K
  class space    used 6947K, capacity 7310K, committed 7344K, reserved 1048576K
Event: 24.238 GC heap after
Heap after GC invocations=21 (full 2):
 PSYoungGen      total 77312K, used 7085K [0x00000000e0000000, 0x00000000e6380000, 0x0000000100000000)
  eden space 68096K, 0% used [0x00000000e0000000,0x00000000e0000000,0x00000000e4280000)
  from space 9216K, 76% used [0x00000000e4280000,0x00000000e496b6a8,0x00000000e4b80000)
  to   space 9728K, 0% used [0x00000000e5a00000,0x00000000e5a00000,0x00000000e6380000)
 ParOldGen       total 53248K, used 27571K [0x00000000a0000000, 0x00000000a3400000, 0x00000000e0000000)
  object space 53248K, 51% used [0x00000000a0000000,0x00000000a1aece70,0x00000000a3400000)
 Metaspace       used 51330K, capacity 52558K, committed 52656K, reserved 1095680K
  class space    used 6947K, capacity 7310K, committed 7344K, reserved 1048576K
}
Event: 26.167 GC heap before
{Heap before GC invocations=22 (full 2):
 PSYoungGen      total 77312K, used 75181K [0x00000000e0000000, 0x00000000e6380000, 0x0000000100000000)
  eden space 68096K, 100% used [0x00000000e0000000,0x00000000e4280000,0x00000000e4280000)
  from space 9216K, 76% used [0x00000000e4280000,0x00000000e496b6a8,0x00000000e4b80000)
  to   space 9728K, 0% used [0x00000000e5a00000,0x00000000e5a00000,0x00000000e6380000)
 ParOldGen       total 53248K, used 27571K [0x00000000a0000000, 0x00000000a3400000, 0x00000000e0000000)
  object space 53248K, 51% used [0x00000000a0000000,0x00000000a1aece70,0x00000000a3400000)
 Metaspace       used 55299K, capacity 56728K, committed 56880K, reserved 1097728K
  class space    used 7534K, capacity 7969K, committed 7984K, reserved 1048576K
Event: 26.188 GC heap after
Heap after GC invocations=22 (full 2):
 PSYoungGen      total 91136K, used 8674K [0x00000000e0000000, 0x00000000e6580000, 0x0000000100000000)
  eden space 81408K, 0% used [0x00000000e0000000,0x00000000e0000000,0x00000000e4f80000)
  from space 9728K, 89% used [0x00000000e5a00000,0x00000000e6278b68,0x00000000e6380000)
  to   space 10752K, 0% used [0x00000000e4f80000,0x00000000e4f80000,0x00000000e5a00000)
 ParOldGen       total 53248K, used 29984K [0x00000000a0000000, 0x00000000a3400000, 0x00000000e0000000)
  object space 53248K, 56% used [0x00000000a0000000,0x00000000a1d483e8,0x00000000a3400000)
 Metaspace       used 55299K, capacity 56728K, committed 56880K, reserved 1097728K
  class space    used 7534K, capacity 7969K, committed 7984K, reserved 1048576K
}
Event: 27.388 GC heap before
{Heap before GC invocations=23 (full 2):
 PSYoungGen      total 91136K, used 39792K [0x00000000e0000000, 0x00000000e6580000, 0x0000000100000000)
  eden space 81408K, 38% used [0x00000000e0000000,0x00000000e1e63838,0x00000000e4f80000)
  from space 9728K, 89% used [0x00000000e5a00000,0x00000000e6278b68,0x00000000e6380000)
  to   space 10752K, 0% used [0x00000000e4f80000,0x00000000e4f80000,0x00000000e5a00000)
 ParOldGen       total 53248K, used 29984K [0x00000000a0000000, 0x00000000a3400000, 0x00000000e0000000)
  object space 53248K, 56% used [0x00000000a0000000,0x00000000a1d483e8,0x00000000a3400000)
 Metaspace       used 57469K, capacity 59104K, committed 59160K, reserved 1099776K
  class space    used 7881K, capacity 8363K, committed 8368K, reserved 1048576K
Event: 27.406 GC heap after
Heap after GC invocations=23 (full 2):
 PSYoungGen      total 92160K, used 3158K [0x00000000e0000000, 0x00000000e6580000, 0x0000000100000000)
  eden space 81408K, 0% used [0x00000000e0000000,0x00000000e0000000,0x00000000e4f80000)
  from space 10752K, 29% used [0x00000000e4f80000,0x00000000e5295858,0x00000000e5a00000)
  to   space 9728K, 0% used [0x00000000e5a00000,0x00000000e5a00000,0x00000000e6380000)
 ParOldGen       total 53248K, used 34953K [0x00000000a0000000, 0x00000000a3400000, 0x00000000e0000000)
  object space 53248K, 65% used [0x00000000a0000000,0x00000000a2222448,0x00000000a3400000)
 Metaspace       used 57469K, capacity 59104K, committed 59160K, reserved 1099776K
  class space    used 7881K, capacity 8363K, committed 8368K, reserved 1048576K
}
Event: 27.406 GC heap before
{Heap before GC invocations=24 (full 3):
 PSYoungGen      total 92160K, used 3158K [0x00000000e0000000, 0x00000000e6580000, 0x0000000100000000)
  eden space 81408K, 0% used [0x00000000e0000000,0x00000000e0000000,0x00000000e4f80000)
  from space 10752K, 29% used [0x00000000e4f80000,0x00000000e5295858,0x00000000e5a00000)
  to   space 9728K, 0% used [0x00000000e5a00000,0x00000000e5a00000,0x00000000e6380000)
 ParOldGen       total 53248K, used 34953K [0x00000000a0000000, 0x00000000a3400000, 0x00000000e0000000)
  object space 53248K, 65% used [0x00000000a0000000,0x00000000a2222448,0x00000000a3400000)
 Metaspace       used 57469K, capacity 59104K, committed 59160K, reserved 1099776K
  class space    used 7881K, capacity 8363K, committed 8368K, reserved 1048576K
Event: 27.846 GC heap after
Heap after GC invocations=24 (full 3):
 PSYoungGen      total 92160K, used 0K [0x00000000e0000000, 0x00000000e6580000, 0x0000000100000000)
  eden space 81408K, 0% used [0x00000000e0000000,0x00000000e0000000,0x00000000e4f80000)
  from space 10752K, 0% used [0x00000000e4f80000,0x00000000e4f80000,0x00000000e5a00000)
  to   space 9728K, 0% used [0x00000000e5a00000,0x00000000e5a00000,0x00000000e6380000)
 ParOldGen       total 53248K, used 34175K [0x00000000a0000000, 0x00000000a3400000, 0x00000000e0000000)
  object space 53248K, 64% used [0x00000000a0000000,0x00000000a215ffc0,0x00000000a3400000)
 Metaspace       used 57469K, capacity 59104K, committed 59160K, reserved 1099776K
  class space    used 7881K, capacity 8363K, committed 8368K, reserved 1048576K
}

