# JRE version: OpenJDK Runtime Environment (8.0_152-b02) (build 1.8.0_152-release-1024-b02)
# Java VM: OpenJDK 64-Bit Server VM (25.152-b02 mixed mode windows-amd64 compressed oops)
Heap:
 PSYoungGen      total 151040K, used 31653K [0x00000000e0000000, 0x00000000f0880000, 0x0000000100000000)
  eden space 109056K, 29% used [0x00000000e0000000,0x00000000e1ee97b0,0x00000000e6a80000)
  from space 41984K, 0% used [0x00000000ea700000,0x00000000ea700000,0x00000000ed000000)
  to   space 61952K, 0% used [0x00000000e6a80000,0x00000000e6a80000,0x00000000ea700000)
 ParOldGen       total 194560K, used 95876K [0x00000000a0000000, 0x00000000abe00000, 0x00000000e0000000)
  object space 194560K, 49% used [0x00000000a0000000,0x00000000a5da1130,0x00000000abe00000)
 Metaspace       used 77908K, capacity 80871K, committed 82008K, reserved 1120256K
  class space    used 9946K, capacity 10599K, committed 10880K, reserved 1048576K
GC Heap History (10 events):
Event: 1452.021 GC heap before
{Heap before GC invocations=28 (full 3):
 PSYoungGen      total 150016K, used 143571K [0x00000000e0000000, 0x00000000eaf00000, 0x0000000100000000)
  eden space 123904K, 100% used [0x00000000e0000000,0x00000000e7900000,0x00000000e7900000)
  from space 26112K, 75% used [0x00000000e9480000,0x00000000ea7b4e88,0x00000000eae00000)
  to   space 27648K, 0% used [0x00000000e7900000,0x00000000e7900000,0x00000000e9400000)
 ParOldGen       total 103936K, used 53325K [0x00000000a0000000, 0x00000000a6580000, 0x00000000e0000000)
  object space 103936K, 51% used [0x00000000a0000000,0x00000000a3413510,0x00000000a6580000)
 Metaspace       used 63619K, capacity 65971K, committed 66136K, reserved 1105920K
  class space    used 8213K, capacity 8751K, committed 8832K, reserved 1048576K
Event: 1452.073 GC heap after
Heap after GC invocations=28 (full 3):
 PSYoungGen      total 151552K, used 27642K [0x00000000e0000000, 0x00000000ec780000, 0x0000000100000000)
  eden space 123904K, 0% used [0x00000000e0000000,0x00000000e0000000,0x00000000e7900000)
  from space 27648K, 99% used [0x00000000e7900000,0x00000000e93fea10,0x00000000e9400000)
  to   space 33792K, 0% used [0x00000000ea680000,0x00000000ea680000,0x00000000ec780000)
 ParOldGen       total 103936K, used 57585K [0x00000000a0000000, 0x00000000a6580000, 0x00000000e0000000)
  object space 103936K, 55% used [0x00000000a0000000,0x00000000a383c500,0x00000000a6580000)
 Metaspace       used 63619K, capacity 65971K, committed 66136K, reserved 1105920K
  class space    used 8213K, capacity 8751K, committed 8832K, reserved 1048576K
}
Event: 1466.673 GC heap before
{Heap before GC invocations=29 (full 3):
 PSYoungGen      total 151552K, used 151546K [0x00000000e0000000, 0x00000000ec780000, 0x0000000100000000)
  eden space 123904K, 100% used [0x00000000e0000000,0x00000000e7900000,0x00000000e7900000)
  from space 27648K, 99% used [0x00000000e7900000,0x00000000e93fea10,0x00000000e9400000)
  to   space 33792K, 0% used [0x00000000ea680000,0x00000000ea680000,0x00000000ec780000)
 ParOldGen       total 103936K, used 57585K [0x00000000a0000000, 0x00000000a6580000, 0x00000000e0000000)
  object space 103936K, 55% used [0x00000000a0000000,0x00000000a383c500,0x00000000a6580000)
 Metaspace       used 66070K, capacity 68511K, committed 68824K, reserved 1110016K
  class space    used 8550K, capacity 9133K, committed 9216K, reserved 1048576K
Event: 1466.731 GC heap after
Heap after GC invocations=29 (full 3):
 PSYoungGen      total 166912K, used 28825K [0x00000000e0000000, 0x00000000ecd00000, 0x0000000100000000)
  eden space 133120K, 0% used [0x00000000e0000000,0x00000000e0000000,0x00000000e8200000)
  from space 33792K, 85% used [0x00000000ea680000,0x00000000ec2a64d0,0x00000000ec780000)
  to   space 37376K, 0% used [0x00000000e8200000,0x00000000e8200000,0x00000000ea680000)
 ParOldGen       total 103936K, used 65401K [0x00000000a0000000, 0x00000000a6580000, 0x00000000e0000000)
  object space 103936K, 62% used [0x00000000a0000000,0x00000000a3fde570,0x00000000a6580000)
 Metaspace       used 66070K, capacity 68511K, committed 68824K, reserved 1110016K
  class space    used 8550K, capacity 9133K, committed 9216K, reserved 1048576K
}
Event: 1474.892 GC heap before
{Heap before GC invocations=30 (full 3):
 PSYoungGen      total 166912K, used 161945K [0x00000000e0000000, 0x00000000ecd00000, 0x0000000100000000)
  eden space 133120K, 100% used [0x00000000e0000000,0x00000000e8200000,0x00000000e8200000)
  from space 33792K, 85% used [0x00000000ea680000,0x00000000ec2a64d0,0x00000000ec780000)
  to   space 37376K, 0% used [0x00000000e8200000,0x00000000e8200000,0x00000000ea680000)
 ParOldGen       total 103936K, used 65401K [0x00000000a0000000, 0x00000000a6580000, 0x00000000e0000000)
  object space 103936K, 62% used [0x00000000a0000000,0x00000000a3fde570,0x00000000a6580000)
 Metaspace       used 71171K, capacity 73805K, committed 73944K, reserved 1114112K
  class space    used 9084K, capacity 9696K, committed 9728K, reserved 1048576K
Event: 1474.936 GC heap after
Heap after GC invocations=30 (full 3):
 PSYoungGen      total 166400K, used 34443K [0x00000000e0000000, 0x00000000ed000000, 0x0000000100000000)
  eden space 129024K, 0% used [0x00000000e0000000,0x00000000e0000000,0x00000000e7e00000)
  from space 37376K, 92% used [0x00000000e8200000,0x00000000ea3a2e78,0x00000000ea680000)
  to   space 41984K, 0% used [0x00000000ea700000,0x00000000ea700000,0x00000000ed000000)
 ParOldGen       total 103936K, used 65417K [0x00000000a0000000, 0x00000000a6580000, 0x00000000e0000000)
  object space 103936K, 62% used [0x00000000a0000000,0x00000000a3fe2570,0x00000000a6580000)
 Metaspace       used 71171K, capacity 73805K, committed 73944K, reserved 1114112K
  class space    used 9084K, capacity 9696K, committed 9728K, reserved 1048576K
}
Event: 1478.988 GC heap before
{Heap before GC invocations=31 (full 3):
 PSYoungGen      total 166400K, used 163467K [0x00000000e0000000, 0x00000000ed000000, 0x0000000100000000)
  eden space 129024K, 100% used [0x00000000e0000000,0x00000000e7e00000,0x00000000e7e00000)
  from space 37376K, 92% used [0x00000000e8200000,0x00000000ea3a2e78,0x00000000ea680000)
  to   space 41984K, 0% used [0x00000000ea700000,0x00000000ea700000,0x00000000ed000000)
 ParOldGen       total 103936K, used 65417K [0x00000000a0000000, 0x00000000a6580000, 0x00000000e0000000)
  object space 103936K, 62% used [0x00000000a0000000,0x00000000a3fe2570,0x00000000a6580000)
 Metaspace       used 78226K, capacity 81761K, committed 82008K, reserved 1120256K
  class space    used 10077K, capacity 10826K, committed 10880K, reserved 1048576K
Event: 1479.182 GC heap after
Heap after GC invocations=31 (full 3):
 PSYoungGen      total 151040K, used 41959K [0x00000000e0000000, 0x00000000f0880000, 0x0000000100000000)
  eden space 109056K, 0% used [0x00000000e0000000,0x00000000e0000000,0x00000000e6a80000)
  from space 41984K, 99% used [0x00000000ea700000,0x00000000ecff9fa8,0x00000000ed000000)
  to   space 61952K, 0% used [0x00000000e6a80000,0x00000000e6a80000,0x00000000ea700000)
 ParOldGen       total 103936K, used 101418K [0x00000000a0000000, 0x00000000a6580000, 0x00000000e0000000)
  object space 103936K, 97% used [0x00000000a0000000,0x00000000a630aad0,0x00000000a6580000)
 Metaspace       used 78226K, capacity 81761K, committed 82008K, reserved 1120256K
  class space    used 10077K, capacity 10826K, committed 10880K, reserved 1048576K
}
Event: 1479.182 GC heap before
{Heap before GC invocations=32 (full 4):
 PSYoungGen      total 151040K, used 41959K [0x00000000e0000000, 0x00000000f0880000, 0x0000000100000000)
  eden space 109056K, 0% used [0x00000000e0000000,0x00000000e0000000,0x00000000e6a80000)
  from space 41984K, 99% used [0x00000000ea700000,0x00000000ecff9fa8,0x00000000ed000000)
  to   space 61952K, 0% used [0x00000000e6a80000,0x00000000e6a80000,0x00000000ea700000)
 ParOldGen       total 103936K, used 101418K [0x00000000a0000000, 0x00000000a6580000, 0x00000000e0000000)
  object space 103936K, 97% used [0x00000000a0000000,0x00000000a630aad0,0x00000000a6580000)
 Metaspace       used 78226K, capacity 81761K, committed 82008K, reserved 1120256K
  class space    used 10077K, capacity 10826K, committed 10880K, reserved 1048576K
Event: 1479.801 GC heap after
Heap after GC invocations=32 (full 4):
 PSYoungGen      total 151040K, used 0K [0x00000000e0000000, 0x00000000f0880000, 0x0000000100000000)
  eden space 109056K, 0% used [0x00000000e0000000,0x00000000e0000000,0x00000000e6a80000)
  from space 41984K, 0% used [0x00000000ea700000,0x00000000ea700000,0x00000000ed000000)
  to   space 61952K, 0% used [0x00000000e6a80000,0x00000000e6a80000,0x00000000ea700000)
 ParOldGen       total 194560K, used 95876K [0x00000000a0000000, 0x00000000abe00000, 0x00000000e0000000)
  object space 194560K, 49% used [0x00000000a0000000,0x00000000a5da1130,0x00000000abe00000)
 Metaspace       used 77857K, capacity 80843K, committed 82008K, reserved 1120256K
  class space    used 9946K, capacity 10599K, committed 10880K, reserved 1048576K
}

