# JRE version: OpenJDK Runtime Environment (8.0_152-b02) (build 1.8.0_152-release-1024-b02)
# Java VM: OpenJDK 64-Bit Server VM (25.152-b02 mixed mode windows-amd64 compressed oops)
Heap:
 PSYoungGen      total 205824K, used 49117K [0x00000000e0000000, 0x00000000f0c80000, 0x0000000100000000)
  eden space 183808K, 26% used [0x00000000e0000000,0x00000000e2ff7650,0x00000000eb380000)
  from space 22016K, 0% used [0x00000000eb380000,0x00000000eb380000,0x00000000ec900000)
  to   space 23040K, 0% used [0x00000000ef600000,0x00000000ef600000,0x00000000f0c80000)
 ParOldGen       total 102912K, used 47225K [0x00000000a0000000, 0x00000000a6480000, 0x00000000e0000000)
  object space 102912K, 45% used [0x00000000a0000000,0x00000000a2e1e498,0x00000000a6480000)
 Metaspace       used 56923K, capacity 59054K, committed 59224K, reserved 1099776K
  class space    used 7857K, capacity 8449K, committed 8536K, reserved 1048576K
GC Heap History (10 events):
Event: 39.534 GC heap before
{Heap before GC invocations=12 (full 2):
 PSYoungGen      total 135680K, used 126976K [0x00000000e0000000, 0x00000000ea980000, 0x0000000100000000)
  eden space 126976K, 100% used [0x00000000e0000000,0x00000000e7c00000,0x00000000e7c00000)
  from space 8704K, 0% used [0x00000000e7c00000,0x00000000e7c00000,0x00000000e8480000)
  to   space 12288K, 0% used [0x00000000e9d80000,0x00000000e9d80000,0x00000000ea980000)
 ParOldGen       total 58368K, used 20285K [0x00000000a0000000, 0x00000000a3900000, 0x00000000e0000000)
  object space 58368K, 34% used [0x00000000a0000000,0x00000000a13cf5f8,0x00000000a3900000)
 Metaspace       used 42067K, capacity 43190K, committed 43352K, reserved 1087488K
  class space    used 5778K, capacity 6147K, committed 6232K, reserved 1048576K
Event: 39.560 GC heap after
Heap after GC invocations=12 (full 2):
 PSYoungGen      total 158720K, used 12276K [0x00000000e0000000, 0x00000000eba00000, 0x0000000100000000)
  eden space 146432K, 0% used [0x00000000e0000000,0x00000000e0000000,0x00000000e8f00000)
  from space 12288K, 99% used [0x00000000e9d80000,0x00000000ea97d118,0x00000000ea980000)
  to   space 14848K, 0% used [0x00000000e8f00000,0x00000000e8f00000,0x00000000e9d80000)
 ParOldGen       total 58368K, used 22625K [0x00000000a0000000, 0x00000000a3900000, 0x00000000e0000000)
  object space 58368K, 38% used [0x00000000a0000000,0x00000000a1618420,0x00000000a3900000)
 Metaspace       used 42067K, capacity 43190K, committed 43352K, reserved 1087488K
  class space    used 5778K, capacity 6147K, committed 6232K, reserved 1048576K
}
Event: 48.496 GC heap before
{Heap before GC invocations=13 (full 2):
 PSYoungGen      total 158720K, used 158708K [0x00000000e0000000, 0x00000000eba00000, 0x0000000100000000)
  eden space 146432K, 100% used [0x00000000e0000000,0x00000000e8f00000,0x00000000e8f00000)
  from space 12288K, 99% used [0x00000000e9d80000,0x00000000ea97d118,0x00000000ea980000)
  to   space 14848K, 0% used [0x00000000e8f00000,0x00000000e8f00000,0x00000000e9d80000)
 ParOldGen       total 58368K, used 22625K [0x00000000a0000000, 0x00000000a3900000, 0x00000000e0000000)
  object space 58368K, 38% used [0x00000000a0000000,0x00000000a1618420,0x00000000a3900000)
 Metaspace       used 53803K, capacity 55672K, committed 55896K, reserved 1097728K
  class space    used 7487K, capacity 7976K, committed 8024K, reserved 1048576K
Event: 48.559 GC heap after
Heap after GC invocations=13 (full 2):
 PSYoungGen      total 161280K, used 14845K [0x00000000e0000000, 0x00000000edd00000, 0x0000000100000000)
  eden space 146432K, 0% used [0x00000000e0000000,0x00000000e0000000,0x00000000e8f00000)
  from space 14848K, 99% used [0x00000000e8f00000,0x00000000e9d7f598,0x00000000e9d80000)
  to   space 20480K, 0% used [0x00000000ec900000,0x00000000ec900000,0x00000000edd00000)
 ParOldGen       total 58368K, used 32517K [0x00000000a0000000, 0x00000000a3900000, 0x00000000e0000000)
  object space 58368K, 55% used [0x00000000a0000000,0x00000000a1fc15b8,0x00000000a3900000)
 Metaspace       used 53803K, capacity 55672K, committed 55896K, reserved 1097728K
  class space    used 7487K, capacity 7976K, committed 8024K, reserved 1048576K
}
Event: 56.259 GC heap before
{Heap before GC invocations=14 (full 2):
 PSYoungGen      total 161280K, used 161277K [0x00000000e0000000, 0x00000000edd00000, 0x0000000100000000)
  eden space 146432K, 100% used [0x00000000e0000000,0x00000000e8f00000,0x00000000e8f00000)
  from space 14848K, 99% used [0x00000000e8f00000,0x00000000e9d7f598,0x00000000e9d80000)
  to   space 20480K, 0% used [0x00000000ec900000,0x00000000ec900000,0x00000000edd00000)
 ParOldGen       total 58368K, used 32517K [0x00000000a0000000, 0x00000000a3900000, 0x00000000e0000000)
  object space 58368K, 55% used [0x00000000a0000000,0x00000000a1fc15b8,0x00000000a3900000)
 Metaspace       used 56351K, capacity 58452K, committed 58712K, reserved 1099776K
  class space    used 7831K, capacity 8434K, committed 8536K, reserved 1048576K
Event: 56.307 GC heap after
Heap after GC invocations=14 (full 2):
 PSYoungGen      total 204288K, used 15493K [0x00000000e0000000, 0x00000000edf80000, 0x0000000100000000)
  eden space 183808K, 0% used [0x00000000e0000000,0x00000000e0000000,0x00000000eb380000)
  from space 20480K, 75% used [0x00000000ec900000,0x00000000ed8216d0,0x00000000edd00000)
  to   space 22016K, 0% used [0x00000000eb380000,0x00000000eb380000,0x00000000ec900000)
 ParOldGen       total 58368K, used 41610K [0x00000000a0000000, 0x00000000a3900000, 0x00000000e0000000)
  object space 58368K, 71% used [0x00000000a0000000,0x00000000a28a2818,0x00000000a3900000)
 Metaspace       used 56351K, capacity 58452K, committed 58712K, reserved 1099776K
  class space    used 7831K, capacity 8434K, committed 8536K, reserved 1048576K
}
Event: 63.785 GC heap before
{Heap before GC invocations=15 (full 2):
 PSYoungGen      total 204288K, used 67861K [0x00000000e0000000, 0x00000000edf80000, 0x0000000100000000)
  eden space 183808K, 28% used [0x00000000e0000000,0x00000000e3323f40,0x00000000eb380000)
  from space 20480K, 75% used [0x00000000ec900000,0x00000000ed8216d0,0x00000000edd00000)
  to   space 22016K, 0% used [0x00000000eb380000,0x00000000eb380000,0x00000000ec900000)
 ParOldGen       total 58368K, used 41610K [0x00000000a0000000, 0x00000000a3900000, 0x00000000e0000000)
  object space 58368K, 71% used [0x00000000a0000000,0x00000000a28a2818,0x00000000a3900000)
 Metaspace       used 56763K, capacity 58824K, committed 58968K, reserved 1099776K
  class space    used 7850K, capacity 8442K, committed 8536K, reserved 1048576K
Event: 63.814 GC heap after
Heap after GC invocations=15 (full 2):
 PSYoungGen      total 205824K, used 14528K [0x00000000e0000000, 0x00000000f0c80000, 0x0000000100000000)
  eden space 183808K, 0% used [0x00000000e0000000,0x00000000e0000000,0x00000000eb380000)
  from space 22016K, 65% used [0x00000000eb380000,0x00000000ec1b0010,0x00000000ec900000)
  to   space 23040K, 0% used [0x00000000ef600000,0x00000000ef600000,0x00000000f0c80000)
 ParOldGen       total 58368K, used 41618K [0x00000000a0000000, 0x00000000a3900000, 0x00000000e0000000)
  object space 58368K, 71% used [0x00000000a0000000,0x00000000a28a4818,0x00000000a3900000)
 Metaspace       used 56763K, capacity 58824K, committed 58968K, reserved 1099776K
  class space    used 7850K, capacity 8442K, committed 8536K, reserved 1048576K
}
Event: 63.814 GC heap before
{Heap before GC invocations=16 (full 3):
 PSYoungGen      total 205824K, used 14528K [0x00000000e0000000, 0x00000000f0c80000, 0x0000000100000000)
  eden space 183808K, 0% used [0x00000000e0000000,0x00000000e0000000,0x00000000eb380000)
  from space 22016K, 65% used [0x00000000eb380000,0x00000000ec1b0010,0x00000000ec900000)
  to   space 23040K, 0% used [0x00000000ef600000,0x00000000ef600000,0x00000000f0c80000)
 ParOldGen       total 58368K, used 41618K [0x00000000a0000000, 0x00000000a3900000, 0x00000000e0000000)
  object space 58368K, 71% used [0x00000000a0000000,0x00000000a28a4818,0x00000000a3900000)
 Metaspace       used 56763K, capacity 58824K, committed 58968K, reserved 1099776K
  class space    used 7850K, capacity 8442K, committed 8536K, reserved 1048576K
Event: 64.367 GC heap after
Heap after GC invocations=16 (full 3):
 PSYoungGen      total 205824K, used 0K [0x00000000e0000000, 0x00000000f0c80000, 0x0000000100000000)
  eden space 183808K, 0% used [0x00000000e0000000,0x00000000e0000000,0x00000000eb380000)
  from space 22016K, 0% used [0x00000000eb380000,0x00000000eb380000,0x00000000ec900000)
  to   space 23040K, 0% used [0x00000000ef600000,0x00000000ef600000,0x00000000f0c80000)
 ParOldGen       total 102912K, used 47225K [0x00000000a0000000, 0x00000000a6480000, 0x00000000e0000000)
  object space 102912K, 45% used [0x00000000a0000000,0x00000000a2e1e498,0x00000000a6480000)
 Metaspace       used 56763K, capacity 58824K, committed 58968K, reserved 1099776K
  class space    used 7850K, capacity 8442K, committed 8536K, reserved 1048576K
}

