# JRE version: OpenJDK Runtime Environment (8.0_152-b02) (build 1.8.0_152-release-1024-b02)
# Java VM: OpenJDK 64-Bit Server VM (25.152-b02 mixed mode windows-amd64 compressed oops)
Heap:
 PSYoungGen      total 101888K, used 14393K [0x00000000e0000000, 0x00000000e8280000, 0x0000000100000000)
  eden space 85504K, 2% used [0x00000000e0000000,0x00000000e0229c88,0x00000000e5380000)
  from space 16384K, 74% used [0x00000000e5380000,0x00000000e5f64788,0x00000000e6380000)
  to   space 17408K, 0% used [0x00000000e7180000,0x00000000e7180000,0x00000000e8280000)
 ParOldGen       total 114176K, used 43620K [0x00000000a0000000, 0x00000000a6f80000, 0x00000000e0000000)
  object space 114176K, 38% used [0x00000000a0000000,0x00000000a2a99368,0x00000000a6f80000)
 Metaspace       used 60120K, capacity 62115K, committed 62484K, reserved 1103872K
  class space    used 8185K, capacity 8641K, committed 8764K, reserved 1048576K
GC Heap History (10 events):
Event: 31.403 GC heap before
{Heap before GC invocations=20 (full 2):
 PSYoungGen      total 80384K, used 76075K [0x00000000e0000000, 0x00000000e6500000, 0x0000000100000000)
  eden space 67584K, 100% used [0x00000000e0000000,0x00000000e4200000,0x00000000e4200000)
  from space 12800K, 66% used [0x00000000e4200000,0x00000000e4a4aeb8,0x00000000e4e80000)
  to   space 12800K, 0% used [0x00000000e5880000,0x00000000e5880000,0x00000000e6500000)
 ParOldGen       total 67584K, used 34051K [0x00000000a0000000, 0x00000000a4200000, 0x00000000e0000000)
  object space 67584K, 50% used [0x00000000a0000000,0x00000000a2140c38,0x00000000a4200000)
 Metaspace       used 54087K, capacity 55851K, committed 56024K, reserved 1097728K
  class space    used 7442K, capacity 7933K, committed 7936K, reserved 1048576K
Event: 31.425 GC heap after
Heap after GC invocations=20 (full 2):
 PSYoungGen      total 89088K, used 12147K [0x00000000e0000000, 0x00000000e6700000, 0x0000000100000000)
  eden space 76288K, 0% used [0x00000000e0000000,0x00000000e0000000,0x00000000e4a80000)
  from space 12800K, 94% used [0x00000000e5880000,0x00000000e645cf38,0x00000000e6500000)
  to   space 14336K, 0% used [0x00000000e4a80000,0x00000000e4a80000,0x00000000e5880000)
 ParOldGen       total 67584K, used 34059K [0x00000000a0000000, 0x00000000a4200000, 0x00000000e0000000)
  object space 67584K, 50% used [0x00000000a0000000,0x00000000a2142c38,0x00000000a4200000)
 Metaspace       used 54087K, capacity 55851K, committed 56024K, reserved 1097728K
  class space    used 7442K, capacity 7933K, committed 7936K, reserved 1048576K
}
Event: 37.893 GC heap before
{Heap before GC invocations=21 (full 2):
 PSYoungGen      total 89088K, used 88435K [0x00000000e0000000, 0x00000000e6700000, 0x0000000100000000)
  eden space 76288K, 100% used [0x00000000e0000000,0x00000000e4a80000,0x00000000e4a80000)
  from space 12800K, 94% used [0x00000000e5880000,0x00000000e645cf38,0x00000000e6500000)
  to   space 14336K, 0% used [0x00000000e4a80000,0x00000000e4a80000,0x00000000e5880000)
 ParOldGen       total 67584K, used 34059K [0x00000000a0000000, 0x00000000a4200000, 0x00000000e0000000)
  object space 67584K, 50% used [0x00000000a0000000,0x00000000a2142c38,0x00000000a4200000)
 Metaspace       used 54869K, capacity 56725K, committed 56920K, reserved 1097728K
  class space    used 7547K, capacity 8046K, committed 8064K, reserved 1048576K
Event: 37.917 GC heap after
Heap after GC invocations=21 (full 2):
 PSYoungGen      total 90624K, used 14331K [0x00000000e0000000, 0x00000000e7380000, 0x0000000100000000)
  eden space 76288K, 0% used [0x00000000e0000000,0x00000000e0000000,0x00000000e4a80000)
  from space 14336K, 99% used [0x00000000e4a80000,0x00000000e587ede0,0x00000000e5880000)
  to   space 16384K, 0% used [0x00000000e6380000,0x00000000e6380000,0x00000000e7380000)
 ParOldGen       total 67584K, used 34202K [0x00000000a0000000, 0x00000000a4200000, 0x00000000e0000000)
  object space 67584K, 50% used [0x00000000a0000000,0x00000000a2166bd8,0x00000000a4200000)
 Metaspace       used 54869K, capacity 56725K, committed 56920K, reserved 1097728K
  class space    used 7547K, capacity 8046K, committed 8064K, reserved 1048576K
}
Event: 38.886 GC heap before
{Heap before GC invocations=22 (full 2):
 PSYoungGen      total 90624K, used 35228K [0x00000000e0000000, 0x00000000e7380000, 0x0000000100000000)
  eden space 76288K, 27% used [0x00000000e0000000,0x00000000e14684d8,0x00000000e4a80000)
  from space 14336K, 99% used [0x00000000e4a80000,0x00000000e587ede0,0x00000000e5880000)
  to   space 16384K, 0% used [0x00000000e6380000,0x00000000e6380000,0x00000000e7380000)
 ParOldGen       total 67584K, used 34202K [0x00000000a0000000, 0x00000000a4200000, 0x00000000e0000000)
  object space 67584K, 50% used [0x00000000a0000000,0x00000000a2166bd8,0x00000000a4200000)
 Metaspace       used 57022K, capacity 58953K, committed 59028K, reserved 1099776K
  class space    used 7855K, capacity 8342K, committed 8380K, reserved 1048576K
Event: 38.919 GC heap after
Heap after GC invocations=22 (full 2):
 PSYoungGen      total 101888K, used 9744K [0x00000000e0000000, 0x00000000e7780000, 0x0000000100000000)
  eden space 85504K, 0% used [0x00000000e0000000,0x00000000e0000000,0x00000000e5380000)
  from space 16384K, 59% used [0x00000000e6380000,0x00000000e6d04118,0x00000000e7380000)
  to   space 16384K, 0% used [0x00000000e5380000,0x00000000e5380000,0x00000000e6380000)
 ParOldGen       total 67584K, used 44321K [0x00000000a0000000, 0x00000000a4200000, 0x00000000e0000000)
  object space 67584K, 65% used [0x00000000a0000000,0x00000000a2b48470,0x00000000a4200000)
 Metaspace       used 57022K, capacity 58953K, committed 59028K, reserved 1099776K
  class space    used 7855K, capacity 8342K, committed 8380K, reserved 1048576K
}
Event: 38.919 GC heap before
{Heap before GC invocations=23 (full 3):
 PSYoungGen      total 101888K, used 9744K [0x00000000e0000000, 0x00000000e7780000, 0x0000000100000000)
  eden space 85504K, 0% used [0x00000000e0000000,0x00000000e0000000,0x00000000e5380000)
  from space 16384K, 59% used [0x00000000e6380000,0x00000000e6d04118,0x00000000e7380000)
  to   space 16384K, 0% used [0x00000000e5380000,0x00000000e5380000,0x00000000e6380000)
 ParOldGen       total 67584K, used 44321K [0x00000000a0000000, 0x00000000a4200000, 0x00000000e0000000)
  object space 67584K, 65% used [0x00000000a0000000,0x00000000a2b48470,0x00000000a4200000)
 Metaspace       used 57022K, capacity 58953K, committed 59028K, reserved 1099776K
  class space    used 7855K, capacity 8342K, committed 8380K, reserved 1048576K
Event: 39.298 GC heap after
Heap after GC invocations=23 (full 3):
 PSYoungGen      total 101888K, used 0K [0x00000000e0000000, 0x00000000e7780000, 0x0000000100000000)
  eden space 85504K, 0% used [0x00000000e0000000,0x00000000e0000000,0x00000000e5380000)
  from space 16384K, 0% used [0x00000000e6380000,0x00000000e6380000,0x00000000e7380000)
  to   space 16384K, 0% used [0x00000000e5380000,0x00000000e5380000,0x00000000e6380000)
 ParOldGen       total 114176K, used 43612K [0x00000000a0000000, 0x00000000a6f80000, 0x00000000e0000000)
  object space 114176K, 38% used [0x00000000a0000000,0x00000000a2a97368,0x00000000a6f80000)
 Metaspace       used 57022K, capacity 58953K, committed 59028K, reserved 1099776K
  class space    used 7855K, capacity 8342K, committed 8380K, reserved 1048576K
}
Event: 46.106 GC heap before
{Heap before GC invocations=24 (full 3):
 PSYoungGen      total 101888K, used 85504K [0x00000000e0000000, 0x00000000e7780000, 0x0000000100000000)
  eden space 85504K, 100% used [0x00000000e0000000,0x00000000e5380000,0x00000000e5380000)
  from space 16384K, 0% used [0x00000000e6380000,0x00000000e6380000,0x00000000e7380000)
  to   space 16384K, 0% used [0x00000000e5380000,0x00000000e5380000,0x00000000e6380000)
 ParOldGen       total 114176K, used 43612K [0x00000000a0000000, 0x00000000a6f80000, 0x00000000e0000000)
  object space 114176K, 38% used [0x00000000a0000000,0x00000000a2a97368,0x00000000a6f80000)
 Metaspace       used 60120K, capacity 62115K, committed 62484K, reserved 1103872K
  class space    used 8185K, capacity 8641K, committed 8764K, reserved 1048576K
Event: 46.136 GC heap after
Heap after GC invocations=24 (full 3):
 PSYoungGen      total 101888K, used 12177K [0x00000000e0000000, 0x00000000e8280000, 0x0000000100000000)
  eden space 85504K, 0% used [0x00000000e0000000,0x00000000e0000000,0x00000000e5380000)
  from space 16384K, 74% used [0x00000000e5380000,0x00000000e5f64788,0x00000000e6380000)
  to   space 17408K, 0% used [0x00000000e7180000,0x00000000e7180000,0x00000000e8280000)
 ParOldGen       total 114176K, used 43620K [0x00000000a0000000, 0x00000000a6f80000, 0x00000000e0000000)
  object space 114176K, 38% used [0x00000000a0000000,0x00000000a2a99368,0x00000000a6f80000)
 Metaspace       used 60120K, capacity 62115K, committed 62484K, reserved 1103872K
  class space    used 8185K, capacity 8641K, committed 8764K, reserved 1048576K
}

