# JRE version: OpenJDK Runtime Environment (8.0_152-b02) (build 1.8.0_152-release-1024-b02)
# Java VM: OpenJDK 64-Bit Server VM (25.152-b02 mixed mode windows-amd64 compressed oops)
Heap:
 PSYoungGen      total 181248K, used 99070K [0x00000000e0000000, 0x00000000ecb80000, 0x0000000100000000)
  eden space 166400K, 50% used [0x00000000e0000000,0x00000000e52451f0,0x00000000ea280000)
  from space 14848K, 99% used [0x00000000eb300000,0x00000000ec17a6e8,0x00000000ec180000)
  to   space 10240K, 0% used [0x00000000ec180000,0x00000000ec180000,0x00000000ecb80000)
 ParOldGen       total 100352K, used 54929K [0x00000000a0000000, 0x00000000a6200000, 0x00000000e0000000)
  object space 100352K, 54% used [0x00000000a0000000,0x00000000a35a4440,0x00000000a6200000)
 Metaspace       used 75686K, capacity 79212K, committed 79488K, reserved 1118208K
  class space    used 10222K, capacity 11064K, committed 11136K, reserved 1048576K
GC Heap History (10 events):
Event: 23.098 GC heap before
{Heap before GC invocations=16 (full 2):
 PSYoungGen      total 122368K, used 122346K [0x00000000e0000000, 0x00000000eaa80000, 0x0000000100000000)
  eden space 111616K, 100% used [0x00000000e0000000,0x00000000e6d00000,0x00000000e6d00000)
  from space 10752K, 99% used [0x00000000e6d00000,0x00000000e777a870,0x00000000e7780000)
  to   space 14848K, 0% used [0x00000000e9c00000,0x00000000e9c00000,0x00000000eaa80000)
 ParOldGen       total 55808K, used 24463K [0x00000000a0000000, 0x00000000a3680000, 0x00000000e0000000)
  object space 55808K, 43% used [0x00000000a0000000,0x00000000a17e3f20,0x00000000a3680000)
 Metaspace       used 53660K, capacity 55370K, committed 55552K, reserved 1097728K
  class space    used 7429K, capacity 7861K, committed 7936K, reserved 1048576K
Event: 23.144 GC heap after
Heap after GC invocations=16 (full 2):
 PSYoungGen      total 158208K, used 13094K [0x00000000e0000000, 0x00000000eb180000, 0x0000000100000000)
  eden space 143360K, 0% used [0x00000000e0000000,0x00000000e0000000,0x00000000e8c00000)
  from space 14848K, 88% used [0x00000000e9c00000,0x00000000ea8c9850,0x00000000eaa80000)
  to   space 16384K, 0% used [0x00000000e8c00000,0x00000000e8c00000,0x00000000e9c00000)
 ParOldGen       total 55808K, used 30575K [0x00000000a0000000, 0x00000000a3680000, 0x00000000e0000000)
  object space 55808K, 54% used [0x00000000a0000000,0x00000000a1ddbcc8,0x00000000a3680000)
 Metaspace       used 53660K, capacity 55370K, committed 55552K, reserved 1097728K
  class space    used 7429K, capacity 7861K, committed 7936K, reserved 1048576K
}
Event: 30.481 GC heap before
{Heap before GC invocations=17 (full 2):
 PSYoungGen      total 158208K, used 134063K [0x00000000e0000000, 0x00000000eb180000, 0x0000000100000000)
  eden space 143360K, 84% used [0x00000000e0000000,0x00000000e7622598,0x00000000e8c00000)
  from space 14848K, 88% used [0x00000000e9c00000,0x00000000ea8c9850,0x00000000eaa80000)
  to   space 16384K, 0% used [0x00000000e8c00000,0x00000000e8c00000,0x00000000e9c00000)
 ParOldGen       total 55808K, used 30575K [0x00000000a0000000, 0x00000000a3680000, 0x00000000e0000000)
  object space 55808K, 54% used [0x00000000a0000000,0x00000000a1ddbcc8,0x00000000a3680000)
 Metaspace       used 56873K, capacity 58858K, committed 59028K, reserved 1099776K
  class space    used 7790K, capacity 8332K, committed 8448K, reserved 1048576K
Event: 30.551 GC heap after
Heap after GC invocations=17 (full 2):
 PSYoungGen      total 159744K, used 8319K [0x00000000e0000000, 0x00000000ed880000, 0x0000000100000000)
  eden space 143360K, 0% used [0x00000000e0000000,0x00000000e0000000,0x00000000e8c00000)
  from space 16384K, 50% used [0x00000000e8c00000,0x00000000e941fef0,0x00000000e9c00000)
  to   space 15872K, 0% used [0x00000000ec900000,0x00000000ec900000,0x00000000ed880000)
 ParOldGen       total 55808K, used 42133K [0x00000000a0000000, 0x00000000a3680000, 0x00000000e0000000)
  object space 55808K, 75% used [0x00000000a0000000,0x00000000a2925588,0x00000000a3680000)
 Metaspace       used 56873K, capacity 58858K, committed 59028K, reserved 1099776K
  class space    used 7790K, capacity 8332K, committed 8448K, reserved 1048576K
}
Event: 30.551 GC heap before
{Heap before GC invocations=18 (full 3):
 PSYoungGen      total 159744K, used 8319K [0x00000000e0000000, 0x00000000ed880000, 0x0000000100000000)
  eden space 143360K, 0% used [0x00000000e0000000,0x00000000e0000000,0x00000000e8c00000)
  from space 16384K, 50% used [0x00000000e8c00000,0x00000000e941fef0,0x00000000e9c00000)
  to   space 15872K, 0% used [0x00000000ec900000,0x00000000ec900000,0x00000000ed880000)
 ParOldGen       total 55808K, used 42133K [0x00000000a0000000, 0x00000000a3680000, 0x00000000e0000000)
  object space 55808K, 75% used [0x00000000a0000000,0x00000000a2925588,0x00000000a3680000)
 Metaspace       used 56873K, capacity 58858K, committed 59028K, reserved 1099776K
  class space    used 7790K, capacity 8332K, committed 8448K, reserved 1048576K
Event: 31.090 GC heap after
Heap after GC invocations=18 (full 3):
 PSYoungGen      total 159744K, used 0K [0x00000000e0000000, 0x00000000ed880000, 0x0000000100000000)
  eden space 143360K, 0% used [0x00000000e0000000,0x00000000e0000000,0x00000000e8c00000)
  from space 16384K, 0% used [0x00000000e8c00000,0x00000000e8c00000,0x00000000e9c00000)
  to   space 15872K, 0% used [0x00000000ec900000,0x00000000ec900000,0x00000000ed880000)
 ParOldGen       total 100352K, used 44824K [0x00000000a0000000, 0x00000000a6200000, 0x00000000e0000000)
  object space 100352K, 44% used [0x00000000a0000000,0x00000000a2bc61d8,0x00000000a6200000)
 Metaspace       used 56873K, capacity 58858K, committed 59028K, reserved 1099776K
  class space    used 7790K, capacity 8332K, committed 8448K, reserved 1048576K
}
Event: 725.320 GC heap before
{Heap before GC invocations=19 (full 3):
 PSYoungGen      total 159744K, used 143360K [0x00000000e0000000, 0x00000000ed880000, 0x0000000100000000)
  eden space 143360K, 100% used [0x00000000e0000000,0x00000000e8c00000,0x00000000e8c00000)
  from space 16384K, 0% used [0x00000000e8c00000,0x00000000e8c00000,0x00000000e9c00000)
  to   space 15872K, 0% used [0x00000000ec900000,0x00000000ec900000,0x00000000ed880000)
 ParOldGen       total 100352K, used 44824K [0x00000000a0000000, 0x00000000a6200000, 0x00000000e0000000)
  object space 100352K, 44% used [0x00000000a0000000,0x00000000a2bc61d8,0x00000000a6200000)
 Metaspace       used 62250K, capacity 64478K, committed 64768K, reserved 1105920K
  class space    used 8331K, capacity 8900K, committed 8960K, reserved 1048576K
Event: 725.344 GC heap after
Heap after GC invocations=19 (full 3):
 PSYoungGen      total 180224K, used 7067K [0x00000000e0000000, 0x00000000ed000000, 0x0000000100000000)
  eden space 173056K, 0% used [0x00000000e0000000,0x00000000e0000000,0x00000000ea900000)
  from space 7168K, 98% used [0x00000000ec900000,0x00000000ecfe6ef8,0x00000000ed000000)
  to   space 14848K, 0% used [0x00000000eb300000,0x00000000eb300000,0x00000000ec180000)
 ParOldGen       total 100352K, used 44832K [0x00000000a0000000, 0x00000000a6200000, 0x00000000e0000000)
  object space 100352K, 44% used [0x00000000a0000000,0x00000000a2bc81d8,0x00000000a6200000)
 Metaspace       used 62250K, capacity 64478K, committed 64768K, reserved 1105920K
  class space    used 8331K, capacity 8900K, committed 8960K, reserved 1048576K
}
Event: 848.721 GC heap before
{Heap before GC invocations=20 (full 3):
 PSYoungGen      total 180224K, used 180123K [0x00000000e0000000, 0x00000000ed000000, 0x0000000100000000)
  eden space 173056K, 100% used [0x00000000e0000000,0x00000000ea900000,0x00000000ea900000)
  from space 7168K, 98% used [0x00000000ec900000,0x00000000ecfe6ef8,0x00000000ed000000)
  to   space 14848K, 0% used [0x00000000eb300000,0x00000000eb300000,0x00000000ec180000)
 ParOldGen       total 100352K, used 44832K [0x00000000a0000000, 0x00000000a6200000, 0x00000000e0000000)
  object space 100352K, 44% used [0x00000000a0000000,0x00000000a2bc81d8,0x00000000a6200000)
 Metaspace       used 74393K, capacity 77642K, committed 77952K, reserved 1116160K
  class space    used 10008K, capacity 10772K, committed 10880K, reserved 1048576K
Event: 848.788 GC heap after
Heap after GC invocations=20 (full 3):
 PSYoungGen      total 181248K, used 14825K [0x00000000e0000000, 0x00000000ecb80000, 0x0000000100000000)
  eden space 166400K, 0% used [0x00000000e0000000,0x00000000e0000000,0x00000000ea280000)
  from space 14848K, 99% used [0x00000000eb300000,0x00000000ec17a6e8,0x00000000ec180000)
  to   space 10240K, 0% used [0x00000000ec180000,0x00000000ec180000,0x00000000ecb80000)
 ParOldGen       total 100352K, used 54929K [0x00000000a0000000, 0x00000000a6200000, 0x00000000e0000000)
  object space 100352K, 54% used [0x00000000a0000000,0x00000000a35a4440,0x00000000a6200000)
 Metaspace       used 74393K, capacity 77642K, committed 77952K, reserved 1116160K
  class space    used 10008K, capacity 10772K, committed 10880K, reserved 1048576K
}

