# JRE version: OpenJDK Runtime Environment (8.0_152-b02) (build 1.8.0_152-release-1024-b02)
# Java VM: OpenJDK 64-Bit Server VM (25.152-b02 mixed mode windows-amd64 compressed oops)
Heap:
 PSYoungGen      total 155136K, used 54790K [0x00000000e0000000, 0x00000000eda00000, 0x0000000100000000)
  eden space 138752K, 39% used [0x00000000e0000000,0x00000000e35818f8,0x00000000e8780000)
  from space 16384K, 0% used [0x00000000e8780000,0x00000000e8780000,0x00000000e9780000)
  to   space 16384K, 0% used [0x00000000eca00000,0x00000000eca00000,0x00000000eda00000)
 ParOldGen       total 89088K, used 35764K [0x00000000a0000000, 0x00000000a5700000, 0x00000000e0000000)
  object space 89088K, 40% used [0x00000000a0000000,0x00000000a22ed3b0,0x00000000a5700000)
 Metaspace       used 57873K, capacity 59945K, committed 60248K, reserved 1101824K
  class space    used 7920K, capacity 8450K, committed 8576K, reserved 1048576K
GC Heap History (10 events):
Event: 21.065 GC heap before
{Heap before GC invocations=14 (full 2):
 PSYoungGen      total 95744K, used 86016K [0x00000000e0000000, 0x00000000e8000000, 0x0000000100000000)
  eden space 86016K, 100% used [0x00000000e0000000,0x00000000e5400000,0x00000000e5400000)
  from space 9728K, 0% used [0x00000000e5400000,0x00000000e5400000,0x00000000e5d80000)
  to   space 9216K, 0% used [0x00000000e7700000,0x00000000e7700000,0x00000000e8000000)
 ParOldGen       total 55296K, used 16131K [0x00000000a0000000, 0x00000000a3600000, 0x00000000e0000000)
  object space 55296K, 29% used [0x00000000a0000000,0x00000000a0fc0ff0,0x00000000a3600000)
 Metaspace       used 39878K, capacity 40705K, committed 41048K, reserved 1085440K
  class space    used 5416K, capacity 5689K, committed 5760K, reserved 1048576K
Event: 21.081 GC heap after
Heap after GC invocations=14 (full 2):
 PSYoungGen      total 119296K, used 9201K [0x00000000e0000000, 0x00000000e8000000, 0x0000000100000000)
  eden space 110080K, 0% used [0x00000000e0000000,0x00000000e0000000,0x00000000e6b80000)
  from space 9216K, 99% used [0x00000000e7700000,0x00000000e7ffc638,0x00000000e8000000)
  to   space 10240K, 0% used [0x00000000e6c00000,0x00000000e6c00000,0x00000000e7600000)
 ParOldGen       total 55296K, used 16139K [0x00000000a0000000, 0x00000000a3600000, 0x00000000e0000000)
  object space 55296K, 29% used [0x00000000a0000000,0x00000000a0fc2ff0,0x00000000a3600000)
 Metaspace       used 39878K, capacity 40705K, committed 41048K, reserved 1085440K
  class space    used 5416K, capacity 5689K, committed 5760K, reserved 1048576K
}
Event: 25.264 GC heap before
{Heap before GC invocations=15 (full 2):
 PSYoungGen      total 119296K, used 119281K [0x00000000e0000000, 0x00000000e8000000, 0x0000000100000000)
  eden space 110080K, 100% used [0x00000000e0000000,0x00000000e6b80000,0x00000000e6b80000)
  from space 9216K, 99% used [0x00000000e7700000,0x00000000e7ffc638,0x00000000e8000000)
  to   space 10240K, 0% used [0x00000000e6c00000,0x00000000e6c00000,0x00000000e7600000)
 ParOldGen       total 55296K, used 16139K [0x00000000a0000000, 0x00000000a3600000, 0x00000000e0000000)
  object space 55296K, 29% used [0x00000000a0000000,0x00000000a0fc2ff0,0x00000000a3600000)
 Metaspace       used 49654K, capacity 51175K, committed 51288K, reserved 1093632K
  class space    used 6784K, capacity 7197K, committed 7296K, reserved 1048576K
Event: 25.302 GC heap after
Heap after GC invocations=15 (full 2):
 PSYoungGen      total 120832K, used 10237K [0x00000000e0000000, 0x00000000ea680000, 0x0000000100000000)
  eden space 110592K, 0% used [0x00000000e0000000,0x00000000e0000000,0x00000000e6c00000)
  from space 10240K, 99% used [0x00000000e6c00000,0x00000000e75ff500,0x00000000e7600000)
  to   space 14848K, 0% used [0x00000000e9800000,0x00000000e9800000,0x00000000ea680000)
 ParOldGen       total 55296K, used 23764K [0x00000000a0000000, 0x00000000a3600000, 0x00000000e0000000)
  object space 55296K, 42% used [0x00000000a0000000,0x00000000a1735068,0x00000000a3600000)
 Metaspace       used 49654K, capacity 51175K, committed 51288K, reserved 1093632K
  class space    used 6784K, capacity 7197K, committed 7296K, reserved 1048576K
}
Event: 35.965 GC heap before
{Heap before GC invocations=16 (full 2):
 PSYoungGen      total 120832K, used 120829K [0x00000000e0000000, 0x00000000ea680000, 0x0000000100000000)
  eden space 110592K, 100% used [0x00000000e0000000,0x00000000e6c00000,0x00000000e6c00000)
  from space 10240K, 99% used [0x00000000e6c00000,0x00000000e75ff500,0x00000000e7600000)
  to   space 14848K, 0% used [0x00000000e9800000,0x00000000e9800000,0x00000000ea680000)
 ParOldGen       total 55296K, used 23764K [0x00000000a0000000, 0x00000000a3600000, 0x00000000e0000000)
  object space 55296K, 42% used [0x00000000a0000000,0x00000000a1735068,0x00000000a3600000)
 Metaspace       used 56543K, capacity 58421K, committed 58712K, reserved 1099776K
  class space    used 7780K, capacity 8256K, committed 8320K, reserved 1048576K
Event: 36.004 GC heap after
Heap after GC invocations=16 (full 2):
 PSYoungGen      total 153600K, used 13307K [0x00000000e0000000, 0x00000000ea780000, 0x0000000100000000)
  eden space 138752K, 0% used [0x00000000e0000000,0x00000000e0000000,0x00000000e8780000)
  from space 14848K, 89% used [0x00000000e9800000,0x00000000ea4feff8,0x00000000ea680000)
  to   space 16384K, 0% used [0x00000000e8780000,0x00000000e8780000,0x00000000e9780000)
 ParOldGen       total 55296K, used 33994K [0x00000000a0000000, 0x00000000a3600000, 0x00000000e0000000)
  object space 55296K, 61% used [0x00000000a0000000,0x00000000a2132978,0x00000000a3600000)
 Metaspace       used 56543K, capacity 58421K, committed 58712K, reserved 1099776K
  class space    used 7780K, capacity 8256K, committed 8320K, reserved 1048576K
}
Event: 36.381 GC heap before
{Heap before GC invocations=17 (full 2):
 PSYoungGen      total 153600K, used 22479K [0x00000000e0000000, 0x00000000ea780000, 0x0000000100000000)
  eden space 138752K, 6% used [0x00000000e0000000,0x00000000e08f4eb0,0x00000000e8780000)
  from space 14848K, 89% used [0x00000000e9800000,0x00000000ea4feff8,0x00000000ea680000)
  to   space 16384K, 0% used [0x00000000e8780000,0x00000000e8780000,0x00000000e9780000)
 ParOldGen       total 55296K, used 33994K [0x00000000a0000000, 0x00000000a3600000, 0x00000000e0000000)
  object space 55296K, 61% used [0x00000000a0000000,0x00000000a2132978,0x00000000a3600000)
 Metaspace       used 56999K, capacity 58929K, committed 58968K, reserved 1099776K
  class space    used 7831K, capacity 8310K, committed 8320K, reserved 1048576K
Event: 36.400 GC heap after
Heap after GC invocations=17 (full 2):
 PSYoungGen      total 155136K, used 10130K [0x00000000e0000000, 0x00000000eda00000, 0x0000000100000000)
  eden space 138752K, 0% used [0x00000000e0000000,0x00000000e0000000,0x00000000e8780000)
  from space 16384K, 61% used [0x00000000e8780000,0x00000000e9164aa0,0x00000000e9780000)
  to   space 16384K, 0% used [0x00000000eca00000,0x00000000eca00000,0x00000000eda00000)
 ParOldGen       total 55296K, used 34002K [0x00000000a0000000, 0x00000000a3600000, 0x00000000e0000000)
  object space 55296K, 61% used [0x00000000a0000000,0x00000000a2134978,0x00000000a3600000)
 Metaspace       used 56999K, capacity 58929K, committed 58968K, reserved 1099776K
  class space    used 7831K, capacity 8310K, committed 8320K, reserved 1048576K
}
Event: 36.400 GC heap before
{Heap before GC invocations=18 (full 3):
 PSYoungGen      total 155136K, used 10130K [0x00000000e0000000, 0x00000000eda00000, 0x0000000100000000)
  eden space 138752K, 0% used [0x00000000e0000000,0x00000000e0000000,0x00000000e8780000)
  from space 16384K, 61% used [0x00000000e8780000,0x00000000e9164aa0,0x00000000e9780000)
  to   space 16384K, 0% used [0x00000000eca00000,0x00000000eca00000,0x00000000eda00000)
 ParOldGen       total 55296K, used 34002K [0x00000000a0000000, 0x00000000a3600000, 0x00000000e0000000)
  object space 55296K, 61% used [0x00000000a0000000,0x00000000a2134978,0x00000000a3600000)
 Metaspace       used 56999K, capacity 58929K, committed 58968K, reserved 1099776K
  class space    used 7831K, capacity 8310K, committed 8320K, reserved 1048576K
Event: 36.796 GC heap after
Heap after GC invocations=18 (full 3):
 PSYoungGen      total 155136K, used 0K [0x00000000e0000000, 0x00000000eda00000, 0x0000000100000000)
  eden space 138752K, 0% used [0x00000000e0000000,0x00000000e0000000,0x00000000e8780000)
  from space 16384K, 0% used [0x00000000e8780000,0x00000000e8780000,0x00000000e9780000)
  to   space 16384K, 0% used [0x00000000eca00000,0x00000000eca00000,0x00000000eda00000)
 ParOldGen       total 89088K, used 35764K [0x00000000a0000000, 0x00000000a5700000, 0x00000000e0000000)
  object space 89088K, 40% used [0x00000000a0000000,0x00000000a22ed3b0,0x00000000a5700000)
 Metaspace       used 56999K, capacity 58929K, committed 58968K, reserved 1099776K
  class space    used 7831K, capacity 8310K, committed 8320K, reserved 1048576K
}

