# JRE version: OpenJDK Runtime Environment (8.0_152-b02) (build 1.8.0_152-release-1024-b02)
# Java VM: OpenJDK 64-Bit Server VM (25.152-b02 mixed mode windows-amd64 compressed oops)
Heap:
 PSYoungGen      total 169472K, used 132435K [0x00000000e0000000, 0x00000000ebf80000, 0x0000000100000000)
  eden space 152064K, 75% used [0x00000000e0000000,0x00000000e709c688,0x00000000e9480000)
  from space 17408K, 98% used [0x00000000e9a80000,0x00000000eab386d0,0x00000000eab80000)
  to   space 20480K, 0% used [0x00000000eab80000,0x00000000eab80000,0x00000000ebf80000)
 ParOldGen       total 84480K, used 46981K [0x00000000a0000000, 0x00000000a5280000, 0x00000000e0000000)
  object space 84480K, 55% used [0x00000000a0000000,0x00000000a2de1718,0x00000000a5280000)
 Metaspace       used 70094K, capacity 73887K, committed 74004K, reserved 1114112K
  class space    used 9143K, capacity 9933K, committed 10044K, reserved 1048576K
GC Heap History (10 events):
Event: 814.370 GC heap before
{Heap before GC invocations=22 (full 3):
 PSYoungGen      total 199680K, used 199475K [0x00000000e0000000, 0x00000000ee180000, 0x0000000100000000)
  eden space 186368K, 100% used [0x00000000e0000000,0x00000000eb600000,0x00000000eb600000)
  from space 13312K, 98% used [0x00000000ed480000,0x00000000ee14cc28,0x00000000ee180000)
  to   space 19456K, 0% used [0x00000000ebb80000,0x00000000ebb80000,0x00000000ece80000)
 ParOldGen       total 84480K, used 38857K [0x00000000a0000000, 0x00000000a5280000, 0x00000000e0000000)
  object space 84480K, 45% used [0x00000000a0000000,0x00000000a25f2570,0x00000000a5280000)
 Metaspace       used 68842K, capacity 71859K, committed 71956K, reserved 1112064K
  class space    used 9031K, capacity 9727K, committed 9788K, reserved 1048576K
Event: 814.397 GC heap after
Heap after GC invocations=22 (full 3):
 PSYoungGen      total 193024K, used 14061K [0x00000000e0000000, 0x00000000ed680000, 0x0000000100000000)
  eden space 178688K, 0% used [0x00000000e0000000,0x00000000e0000000,0x00000000eae80000)
  from space 14336K, 98% used [0x00000000ebb80000,0x00000000ec93b648,0x00000000ec980000)
  to   space 13312K, 0% used [0x00000000ec980000,0x00000000ec980000,0x00000000ed680000)
 ParOldGen       total 84480K, used 38865K [0x00000000a0000000, 0x00000000a5280000, 0x00000000e0000000)
  object space 84480K, 46% used [0x00000000a0000000,0x00000000a25f4570,0x00000000a5280000)
 Metaspace       used 68842K, capacity 71859K, committed 71956K, reserved 1112064K
  class space    used 9031K, capacity 9727K, committed 9788K, reserved 1048576K
}
Event: 823.164 GC heap before
{Heap before GC invocations=23 (full 3):
 PSYoungGen      total 193024K, used 192749K [0x00000000e0000000, 0x00000000ed680000, 0x0000000100000000)
  eden space 178688K, 100% used [0x00000000e0000000,0x00000000eae80000,0x00000000eae80000)
  from space 14336K, 98% used [0x00000000ebb80000,0x00000000ec93b648,0x00000000ec980000)
  to   space 13312K, 0% used [0x00000000ec980000,0x00000000ec980000,0x00000000ed680000)
 ParOldGen       total 84480K, used 38865K [0x00000000a0000000, 0x00000000a5280000, 0x00000000e0000000)
  object space 84480K, 46% used [0x00000000a0000000,0x00000000a25f4570,0x00000000a5280000)
 Metaspace       used 68961K, capacity 71951K, committed 72212K, reserved 1112064K
  class space    used 9033K, capacity 9731K, committed 9788K, reserved 1048576K
Event: 823.186 GC heap after
Heap after GC invocations=23 (full 3):
 PSYoungGen      total 184832K, used 13301K [0x00000000e0000000, 0x00000000ed680000, 0x0000000100000000)
  eden space 171520K, 0% used [0x00000000e0000000,0x00000000e0000000,0x00000000ea780000)
  from space 13312K, 99% used [0x00000000ec980000,0x00000000ed67d5f0,0x00000000ed680000)
  to   space 20992K, 0% used [0x00000000ead80000,0x00000000ead80000,0x00000000ec200000)
 ParOldGen       total 84480K, used 40395K [0x00000000a0000000, 0x00000000a5280000, 0x00000000e0000000)
  object space 84480K, 47% used [0x00000000a0000000,0x00000000a2772cd8,0x00000000a5280000)
 Metaspace       used 68961K, capacity 71951K, committed 72212K, reserved 1112064K
  class space    used 9033K, capacity 9731K, committed 9788K, reserved 1048576K
}
Event: 1195.617 GC heap before
{Heap before GC invocations=24 (full 3):
 PSYoungGen      total 184832K, used 184821K [0x00000000e0000000, 0x00000000ed680000, 0x0000000100000000)
  eden space 171520K, 100% used [0x00000000e0000000,0x00000000ea780000,0x00000000ea780000)
  from space 13312K, 99% used [0x00000000ec980000,0x00000000ed67d5f0,0x00000000ed680000)
  to   space 20992K, 0% used [0x00000000ead80000,0x00000000ead80000,0x00000000ec200000)
 ParOldGen       total 84480K, used 40395K [0x00000000a0000000, 0x00000000a5280000, 0x00000000e0000000)
  object space 84480K, 47% used [0x00000000a0000000,0x00000000a2772cd8,0x00000000a5280000)
 Metaspace       used 69454K, capacity 72731K, committed 72852K, reserved 1112064K
  class space    used 9069K, capacity 9795K, committed 9916K, reserved 1048576K
Event: 1195.650 GC heap after
Heap after GC invocations=24 (full 3):
 PSYoungGen      total 172032K, used 6864K [0x00000000e0000000, 0x00000000eca00000, 0x0000000100000000)
  eden space 164864K, 0% used [0x00000000e0000000,0x00000000e0000000,0x00000000ea100000)
  from space 7168K, 95% used [0x00000000ead80000,0x00000000eb434070,0x00000000eb480000)
  to   space 20480K, 0% used [0x00000000eb600000,0x00000000eb600000,0x00000000eca00000)
 ParOldGen       total 84480K, used 46965K [0x00000000a0000000, 0x00000000a5280000, 0x00000000e0000000)
  object space 84480K, 55% used [0x00000000a0000000,0x00000000a2ddd718,0x00000000a5280000)
 Metaspace       used 69454K, capacity 72731K, committed 72852K, reserved 1112064K
  class space    used 9069K, capacity 9795K, committed 9916K, reserved 1048576K
}
Event: 1447.575 GC heap before
{Heap before GC invocations=25 (full 3):
 PSYoungGen      total 172032K, used 171728K [0x00000000e0000000, 0x00000000eca00000, 0x0000000100000000)
  eden space 164864K, 100% used [0x00000000e0000000,0x00000000ea100000,0x00000000ea100000)
  from space 7168K, 95% used [0x00000000ead80000,0x00000000eb434070,0x00000000eb480000)
  to   space 20480K, 0% used [0x00000000eb600000,0x00000000eb600000,0x00000000eca00000)
 ParOldGen       total 84480K, used 46965K [0x00000000a0000000, 0x00000000a5280000, 0x00000000e0000000)
  object space 84480K, 55% used [0x00000000a0000000,0x00000000a2ddd718,0x00000000a5280000)
 Metaspace       used 69633K, capacity 72989K, committed 73108K, reserved 1112064K
  class space    used 9080K, capacity 9816K, committed 9916K, reserved 1048576K
Event: 1447.597 GC heap after
Heap after GC invocations=25 (full 3):
 PSYoungGen      total 171008K, used 6321K [0x00000000e0000000, 0x00000000ec280000, 0x0000000100000000)
  eden space 158208K, 0% used [0x00000000e0000000,0x00000000e0000000,0x00000000e9a80000)
  from space 12800K, 49% used [0x00000000eb600000,0x00000000ebc2c6b8,0x00000000ec280000)
  to   space 20480K, 0% used [0x00000000e9a80000,0x00000000e9a80000,0x00000000eae80000)
 ParOldGen       total 84480K, used 46973K [0x00000000a0000000, 0x00000000a5280000, 0x00000000e0000000)
  object space 84480K, 55% used [0x00000000a0000000,0x00000000a2ddf718,0x00000000a5280000)
 Metaspace       used 69633K, capacity 72989K, committed 73108K, reserved 1112064K
  class space    used 9080K, capacity 9816K, committed 9916K, reserved 1048576K
}
Event: 1458.275 GC heap before
{Heap before GC invocations=26 (full 3):
 PSYoungGen      total 171008K, used 162674K [0x00000000e0000000, 0x00000000ec280000, 0x0000000100000000)
  eden space 158208K, 98% used [0x00000000e0000000,0x00000000e98b0478,0x00000000e9a80000)
  from space 12800K, 49% used [0x00000000eb600000,0x00000000ebc2c6b8,0x00000000ec280000)
  to   space 20480K, 0% used [0x00000000e9a80000,0x00000000e9a80000,0x00000000eae80000)
 ParOldGen       total 84480K, used 46973K [0x00000000a0000000, 0x00000000a5280000, 0x00000000e0000000)
  object space 84480K, 55% used [0x00000000a0000000,0x00000000a2ddf718,0x00000000a5280000)
 Metaspace       used 69705K, capacity 73141K, committed 73364K, reserved 1112064K
  class space    used 9082K, capacity 9820K, committed 9916K, reserved 1048576K
Event: 1458.296 GC heap after
Heap after GC invocations=26 (full 3):
 PSYoungGen      total 169472K, used 17121K [0x00000000e0000000, 0x00000000ebf80000, 0x0000000100000000)
  eden space 152064K, 0% used [0x00000000e0000000,0x00000000e0000000,0x00000000e9480000)
  from space 17408K, 98% used [0x00000000e9a80000,0x00000000eab386d0,0x00000000eab80000)
  to   space 20480K, 0% used [0x00000000eab80000,0x00000000eab80000,0x00000000ebf80000)
 ParOldGen       total 84480K, used 46981K [0x00000000a0000000, 0x00000000a5280000, 0x00000000e0000000)
  object space 84480K, 55% used [0x00000000a0000000,0x00000000a2de1718,0x00000000a5280000)
 Metaspace       used 69705K, capacity 73141K, committed 73364K, reserved 1112064K
  class space    used 9082K, capacity 9820K, committed 9916K, reserved 1048576K
}

