# JRE version: OpenJDK Runtime Environment (8.0_152-b01) (build 1.8.0_152-release-1248-b01)
# Java VM: OpenJDK 64-Bit Server VM (25.152-b01 mixed mode windows-amd64 compressed oops)
Heap:
 PSYoungGen      total 134144K, used 59170K [0x00000000e0000000, 0x00000000edb80000, 0x0000000100000000)
  eden space 90624K, 65% used [0x00000000e0000000,0x00000000e39c8be8,0x00000000e5880000)
  from space 43520K, 0% used [0x00000000e5880000,0x00000000e5880000,0x00000000e8300000)
  to   space 60928K, 0% used [0x00000000ea000000,0x00000000ea000000,0x00000000edb80000)
 ParOldGen       total 145920K, used 71204K [0x00000000a0000000, 0x00000000a8e80000, 0x00000000e0000000)
  object space 145920K, 48% used [0x00000000a0000000,0x00000000a45892f0,0x00000000a8e80000)
 Metaspace       used 83344K, capacity 86244K, committed 86960K, reserved 1124352K
  class space    used 10884K, capacity 11505K, committed 11696K, reserved 1048576K
GC Heap History (10 events):
Event: 5219.706 GC heap before
{Heap before GC invocations=46 (full 4):
 PSYoungGen      total 128000K, used 98256K [0x00000000e0000000, 0x00000000ea700000, 0x0000000100000000)
  eden space 88576K, 99% used [0x00000000e0000000,0x00000000e567a528,0x00000000e5680000)
  from space 39424K, 24% used [0x00000000e5680000,0x00000000e5ff9cf0,0x00000000e7d00000)
  to   space 36864K, 0% used [0x00000000e8300000,0x00000000e8300000,0x00000000ea700000)
 ParOldGen       total 145920K, used 69436K [0x00000000a0000000, 0x00000000a8e80000, 0x00000000e0000000)
  object space 145920K, 47% used [0x00000000a0000000,0x00000000a43cf0e8,0x00000000a8e80000)
 Metaspace       used 83529K, capacity 86762K, committed 86960K, reserved 1124352K
  class space    used 10957K, capacity 11639K, committed 11696K, reserved 1048576K
Event: 5219.755 GC heap after
Heap after GC invocations=46 (full 4):
 PSYoungGen      total 127488K, used 35552K [0x00000000e0000000, 0x00000000eb300000, 0x0000000100000000)
  eden space 90624K, 0% used [0x00000000e0000000,0x00000000e0000000,0x00000000e5880000)
  from space 36864K, 96% used [0x00000000e8300000,0x00000000ea5b8278,0x00000000ea700000)
  to   space 43520K, 0% used [0x00000000e5880000,0x00000000e5880000,0x00000000e8300000)
 ParOldGen       total 145920K, used 69444K [0x00000000a0000000, 0x00000000a8e80000, 0x00000000e0000000)
  object space 145920K, 47% used [0x00000000a0000000,0x00000000a43d10e8,0x00000000a8e80000)
 Metaspace       used 83529K, capacity 86762K, committed 86960K, reserved 1124352K
  class space    used 10957K, capacity 11639K, committed 11696K, reserved 1048576K
}
Event: 5221.668 GC heap before
{Heap before GC invocations=47 (full 4):
 PSYoungGen      total 127488K, used 126176K [0x00000000e0000000, 0x00000000eb300000, 0x0000000100000000)
  eden space 90624K, 100% used [0x00000000e0000000,0x00000000e5880000,0x00000000e5880000)
  from space 36864K, 96% used [0x00000000e8300000,0x00000000ea5b8278,0x00000000ea700000)
  to   space 43520K, 0% used [0x00000000e5880000,0x00000000e5880000,0x00000000e8300000)
 ParOldGen       total 145920K, used 69444K [0x00000000a0000000, 0x00000000a8e80000, 0x00000000e0000000)
  object space 145920K, 47% used [0x00000000a0000000,0x00000000a43d10e8,0x00000000a8e80000)
 Metaspace       used 83550K, capacity 86762K, committed 86960K, reserved 1124352K
  class space    used 10957K, capacity 11639K, committed 11696K, reserved 1048576K
Event: 5221.895 GC heap after
Heap after GC invocations=47 (full 4):
 PSYoungGen      total 134144K, used 43509K [0x00000000e0000000, 0x00000000eb300000, 0x0000000100000000)
  eden space 90624K, 0% used [0x00000000e0000000,0x00000000e0000000,0x00000000e5880000)
  from space 43520K, 99% used [0x00000000e5880000,0x00000000e82fd518,0x00000000e8300000)
  to   space 36864K, 0% used [0x00000000e8300000,0x00000000e8300000,0x00000000ea700000)
 ParOldGen       total 145920K, used 89861K [0x00000000a0000000, 0x00000000a8e80000, 0x00000000e0000000)
  object space 145920K, 61% used [0x00000000a0000000,0x00000000a57c14a8,0x00000000a8e80000)
 Metaspace       used 83550K, capacity 86762K, committed 86960K, reserved 1124352K
  class space    used 10957K, capacity 11639K, committed 11696K, reserved 1048576K
}
Event: 5223.377 GC heap before
{Heap before GC invocations=48 (full 4):
 PSYoungGen      total 134144K, used 134133K [0x00000000e0000000, 0x00000000eb300000, 0x0000000100000000)
  eden space 90624K, 100% used [0x00000000e0000000,0x00000000e5880000,0x00000000e5880000)
  from space 43520K, 99% used [0x00000000e5880000,0x00000000e82fd518,0x00000000e8300000)
  to   space 36864K, 0% used [0x00000000e8300000,0x00000000e8300000,0x00000000ea700000)
 ParOldGen       total 145920K, used 89861K [0x00000000a0000000, 0x00000000a8e80000, 0x00000000e0000000)
  object space 145920K, 61% used [0x00000000a0000000,0x00000000a57c14a8,0x00000000a8e80000)
 Metaspace       used 83568K, capacity 86762K, committed 86960K, reserved 1124352K
  class space    used 10957K, capacity 11639K, committed 11696K, reserved 1048576K
Event: 5223.475 GC heap after
Heap after GC invocations=48 (full 4):
 PSYoungGen      total 127488K, used 36836K [0x00000000e0000000, 0x00000000eb300000, 0x0000000100000000)
  eden space 90624K, 0% used [0x00000000e0000000,0x00000000e0000000,0x00000000e5880000)
  from space 36864K, 99% used [0x00000000e8300000,0x00000000ea6f9350,0x00000000ea700000)
  to   space 43520K, 0% used [0x00000000e5880000,0x00000000e5880000,0x00000000e8300000)
 ParOldGen       total 145920K, used 95917K [0x00000000a0000000, 0x00000000a8e80000, 0x00000000e0000000)
  object space 145920K, 65% used [0x00000000a0000000,0x00000000a5dab720,0x00000000a8e80000)
 Metaspace       used 83568K, capacity 86762K, committed 86960K, reserved 1124352K
  class space    used 10957K, capacity 11639K, committed 11696K, reserved 1048576K
}
Event: 5224.766 GC heap before
{Heap before GC invocations=49 (full 4):
 PSYoungGen      total 127488K, used 126962K [0x00000000e0000000, 0x00000000eb300000, 0x0000000100000000)
  eden space 90624K, 99% used [0x00000000e0000000,0x00000000e58034c8,0x00000000e5880000)
  from space 36864K, 99% used [0x00000000e8300000,0x00000000ea6f9350,0x00000000ea700000)
  to   space 43520K, 0% used [0x00000000e5880000,0x00000000e5880000,0x00000000e8300000)
 ParOldGen       total 145920K, used 95917K [0x00000000a0000000, 0x00000000a8e80000, 0x00000000e0000000)
  object space 145920K, 65% used [0x00000000a0000000,0x00000000a5dab720,0x00000000a8e80000)
 Metaspace       used 83591K, capacity 86762K, committed 86960K, reserved 1124352K
  class space    used 10957K, capacity 11639K, committed 11696K, reserved 1048576K
Event: 5224.849 GC heap after
Heap after GC invocations=49 (full 4):
 PSYoungGen      total 134144K, used 24462K [0x00000000e0000000, 0x00000000edb80000, 0x0000000100000000)
  eden space 90624K, 0% used [0x00000000e0000000,0x00000000e0000000,0x00000000e5880000)
  from space 43520K, 56% used [0x00000000e5880000,0x00000000e7063888,0x00000000e8300000)
  to   space 60928K, 0% used [0x00000000ea000000,0x00000000ea000000,0x00000000edb80000)
 ParOldGen       total 145920K, used 132082K [0x00000000a0000000, 0x00000000a8e80000, 0x00000000e0000000)
  object space 145920K, 90% used [0x00000000a0000000,0x00000000a80fc898,0x00000000a8e80000)
 Metaspace       used 83591K, capacity 86762K, committed 86960K, reserved 1124352K
  class space    used 10957K, capacity 11639K, committed 11696K, reserved 1048576K
}
Event: 5224.849 GC heap before
{Heap before GC invocations=50 (full 5):
 PSYoungGen      total 134144K, used 24462K [0x00000000e0000000, 0x00000000edb80000, 0x0000000100000000)
  eden space 90624K, 0% used [0x00000000e0000000,0x00000000e0000000,0x00000000e5880000)
  from space 43520K, 56% used [0x00000000e5880000,0x00000000e7063888,0x00000000e8300000)
  to   space 60928K, 0% used [0x00000000ea000000,0x00000000ea000000,0x00000000edb80000)
 ParOldGen       total 145920K, used 132082K [0x00000000a0000000, 0x00000000a8e80000, 0x00000000e0000000)
  object space 145920K, 90% used [0x00000000a0000000,0x00000000a80fc898,0x00000000a8e80000)
 Metaspace       used 83591K, capacity 86762K, committed 86960K, reserved 1124352K
  class space    used 10957K, capacity 11639K, committed 11696K, reserved 1048576K
Event: 5225.199 GC heap after
Heap after GC invocations=50 (full 5):
 PSYoungGen      total 134144K, used 0K [0x00000000e0000000, 0x00000000edb80000, 0x0000000100000000)
  eden space 90624K, 0% used [0x00000000e0000000,0x00000000e0000000,0x00000000e5880000)
  from space 43520K, 0% used [0x00000000e5880000,0x00000000e5880000,0x00000000e8300000)
  to   space 60928K, 0% used [0x00000000ea000000,0x00000000ea000000,0x00000000edb80000)
 ParOldGen       total 145920K, used 71204K [0x00000000a0000000, 0x00000000a8e80000, 0x00000000e0000000)
  object space 145920K, 48% used [0x00000000a0000000,0x00000000a45892f0,0x00000000a8e80000)
 Metaspace       used 82565K, capacity 85250K, committed 86960K, reserved 1124352K
  class space    used 10762K, capacity 11347K, committed 11696K, reserved 1048576K
}

