# JRE version: OpenJDK Runtime Environment (8.0_152-b02) (build 1.8.0_152-release-1024-b02)
# Java VM: OpenJDK 64-Bit Server VM (25.152-b02 mixed mode windows-amd64 compressed oops)
Heap:
 PSYoungGen      total 135680K, used 30807K [0x00000000e0000000, 0x00000000ea080000, 0x0000000100000000)
  eden space 118784K, 16% used [0x00000000e0000000,0x00000000e12ef498,0x00000000e7400000)
  from space 16896K, 67% used [0x00000000e7400000,0x00000000e7f26a10,0x00000000e8480000)
  to   space 17408K, 0% used [0x00000000e8f80000,0x00000000e8f80000,0x00000000ea080000)
 ParOldGen       total 56832K, used 41866K [0x00000000a0000000, 0x00000000a3780000, 0x00000000e0000000)
  object space 56832K, 73% used [0x00000000a0000000,0x00000000a28e2a80,0x00000000a3780000)
 Metaspace       used 67072K, capacity 69293K, committed 69336K, reserved 1110016K
  class space    used 8691K, capacity 9206K, committed 9216K, reserved 1048576K
GC Heap History (10 events):
Event: 83.934 GC heap before
{Heap before GC invocations=21 (full 3):
 PSYoungGen      total 119296K, used 5050K [0x00000000e0000000, 0x00000000e8380000, 0x0000000100000000)
  eden space 109056K, 0% used [0x00000000e0000000,0x00000000e0000000,0x00000000e6a80000)
  from space 10240K, 49% used [0x00000000e7980000,0x00000000e7e6eb78,0x00000000e8380000)
  to   space 12800K, 0% used [0x00000000e6a80000,0x00000000e6a80000,0x00000000e7700000)
 ParOldGen       total 56832K, used 44411K [0x00000000a0000000, 0x00000000a3780000, 0x00000000e0000000)
  object space 56832K, 78% used [0x00000000a0000000,0x00000000a2b5ec18,0x00000000a3780000)
 Metaspace       used 56975K, capacity 59007K, committed 59028K, reserved 1099776K
  class space    used 7651K, capacity 8171K, committed 8192K, reserved 1048576K
Event: 84.622 GC heap after
Heap after GC invocations=21 (full 3):
 PSYoungGen      total 119296K, used 0K [0x00000000e0000000, 0x00000000e8380000, 0x0000000100000000)
  eden space 109056K, 0% used [0x00000000e0000000,0x00000000e0000000,0x00000000e6a80000)
  from space 10240K, 0% used [0x00000000e7980000,0x00000000e7980000,0x00000000e8380000)
  to   space 12800K, 0% used [0x00000000e6a80000,0x00000000e6a80000,0x00000000e7700000)
 ParOldGen       total 56832K, used 35706K [0x00000000a0000000, 0x00000000a3780000, 0x00000000e0000000)
  object space 56832K, 62% used [0x00000000a0000000,0x00000000a22de9a0,0x00000000a3780000)
 Metaspace       used 56975K, capacity 59007K, committed 59028K, reserved 1099776K
  class space    used 7651K, capacity 8171K, committed 8192K, reserved 1048576K
}
Event: 109.932 GC heap before
{Heap before GC invocations=22 (full 3):
 PSYoungGen      total 119296K, used 108584K [0x00000000e0000000, 0x00000000e8380000, 0x0000000100000000)
  eden space 109056K, 99% used [0x00000000e0000000,0x00000000e6a0a220,0x00000000e6a80000)
  from space 10240K, 0% used [0x00000000e7980000,0x00000000e7980000,0x00000000e8380000)
  to   space 12800K, 0% used [0x00000000e6a80000,0x00000000e6a80000,0x00000000e7700000)
 ParOldGen       total 56832K, used 35706K [0x00000000a0000000, 0x00000000a3780000, 0x00000000e0000000)
  object space 56832K, 62% used [0x00000000a0000000,0x00000000a22de9a0,0x00000000a3780000)
 Metaspace       used 59245K, capacity 61359K, committed 61656K, reserved 1101824K
  class space    used 7874K, capacity 8395K, committed 8448K, reserved 1048576K
Event: 109.963 GC heap after
Heap after GC invocations=22 (full 3):
 PSYoungGen      total 121856K, used 12778K [0x00000000e0000000, 0x00000000e9880000, 0x0000000100000000)
  eden space 109056K, 0% used [0x00000000e0000000,0x00000000e0000000,0x00000000e6a80000)
  from space 12800K, 99% used [0x00000000e6a80000,0x00000000e76faa20,0x00000000e7700000)
  to   space 17408K, 0% used [0x00000000e8780000,0x00000000e8780000,0x00000000e9880000)
 ParOldGen       total 56832K, used 42892K [0x00000000a0000000, 0x00000000a3780000, 0x00000000e0000000)
  object space 56832K, 75% used [0x00000000a0000000,0x00000000a29e3230,0x00000000a3780000)
 Metaspace       used 59245K, capacity 61359K, committed 61656K, reserved 1101824K
  class space    used 7874K, capacity 8395K, committed 8448K, reserved 1048576K
}
Event: 192.234 GC heap before
{Heap before GC invocations=23 (full 3):
 PSYoungGen      total 121856K, used 121834K [0x00000000e0000000, 0x00000000e9880000, 0x0000000100000000)
  eden space 109056K, 100% used [0x00000000e0000000,0x00000000e6a80000,0x00000000e6a80000)
  from space 12800K, 99% used [0x00000000e6a80000,0x00000000e76faa20,0x00000000e7700000)
  to   space 17408K, 0% used [0x00000000e8780000,0x00000000e8780000,0x00000000e9880000)
 ParOldGen       total 56832K, used 42892K [0x00000000a0000000, 0x00000000a3780000, 0x00000000e0000000)
  object space 56832K, 75% used [0x00000000a0000000,0x00000000a29e3230,0x00000000a3780000)
 Metaspace       used 61229K, capacity 63437K, committed 63704K, reserved 1103872K
  class space    used 8087K, capacity 8620K, committed 8704K, reserved 1048576K
Event: 192.265 GC heap after
Heap after GC invocations=23 (full 3):
 PSYoungGen      total 132608K, used 5196K [0x00000000e0000000, 0x00000000e9500000, 0x0000000100000000)
  eden space 118784K, 0% used [0x00000000e0000000,0x00000000e0000000,0x00000000e7400000)
  from space 13824K, 37% used [0x00000000e8780000,0x00000000e8c93370,0x00000000e9500000)
  to   space 16896K, 0% used [0x00000000e7400000,0x00000000e7400000,0x00000000e8480000)
 ParOldGen       total 56832K, used 54224K [0x00000000a0000000, 0x00000000a3780000, 0x00000000e0000000)
  object space 56832K, 95% used [0x00000000a0000000,0x00000000a34f4050,0x00000000a3780000)
 Metaspace       used 61229K, capacity 63437K, committed 63704K, reserved 1103872K
  class space    used 8087K, capacity 8620K, committed 8704K, reserved 1048576K
}
Event: 192.265 GC heap before
{Heap before GC invocations=24 (full 4):
 PSYoungGen      total 132608K, used 5196K [0x00000000e0000000, 0x00000000e9500000, 0x0000000100000000)
  eden space 118784K, 0% used [0x00000000e0000000,0x00000000e0000000,0x00000000e7400000)
  from space 13824K, 37% used [0x00000000e8780000,0x00000000e8c93370,0x00000000e9500000)
  to   space 16896K, 0% used [0x00000000e7400000,0x00000000e7400000,0x00000000e8480000)
 ParOldGen       total 56832K, used 54224K [0x00000000a0000000, 0x00000000a3780000, 0x00000000e0000000)
  object space 56832K, 95% used [0x00000000a0000000,0x00000000a34f4050,0x00000000a3780000)
 Metaspace       used 61229K, capacity 63437K, committed 63704K, reserved 1103872K
  class space    used 8087K, capacity 8620K, committed 8704K, reserved 1048576K
Event: 192.483 GC heap after
Heap after GC invocations=24 (full 4):
 PSYoungGen      total 132608K, used 0K [0x00000000e0000000, 0x00000000e9500000, 0x0000000100000000)
  eden space 118784K, 0% used [0x00000000e0000000,0x00000000e0000000,0x00000000e7400000)
  from space 13824K, 0% used [0x00000000e8780000,0x00000000e8780000,0x00000000e9500000)
  to   space 16896K, 0% used [0x00000000e7400000,0x00000000e7400000,0x00000000e8480000)
 ParOldGen       total 56832K, used 41850K [0x00000000a0000000, 0x00000000a3780000, 0x00000000e0000000)
  object space 56832K, 73% used [0x00000000a0000000,0x00000000a28dea80,0x00000000a3780000)
 Metaspace       used 61229K, capacity 63437K, committed 63704K, reserved 1103872K
  class space    used 8087K, capacity 8620K, committed 8704K, reserved 1048576K
}
Event: 220.053 GC heap before
{Heap before GC invocations=25 (full 4):
 PSYoungGen      total 132608K, used 118784K [0x00000000e0000000, 0x00000000e9500000, 0x0000000100000000)
  eden space 118784K, 100% used [0x00000000e0000000,0x00000000e7400000,0x00000000e7400000)
  from space 13824K, 0% used [0x00000000e8780000,0x00000000e8780000,0x00000000e9500000)
  to   space 16896K, 0% used [0x00000000e7400000,0x00000000e7400000,0x00000000e8480000)
 ParOldGen       total 56832K, used 41850K [0x00000000a0000000, 0x00000000a3780000, 0x00000000e0000000)
  object space 56832K, 73% used [0x00000000a0000000,0x00000000a28dea80,0x00000000a3780000)
 Metaspace       used 66954K, capacity 69153K, committed 69336K, reserved 1110016K
  class space    used 8686K, capacity 9204K, committed 9216K, reserved 1048576K
Event: 220.076 GC heap after
Heap after GC invocations=25 (full 4):
 PSYoungGen      total 135680K, used 11418K [0x00000000e0000000, 0x00000000ea080000, 0x0000000100000000)
  eden space 118784K, 0% used [0x00000000e0000000,0x00000000e0000000,0x00000000e7400000)
  from space 16896K, 67% used [0x00000000e7400000,0x00000000e7f26a10,0x00000000e8480000)
  to   space 17408K, 0% used [0x00000000e8f80000,0x00000000e8f80000,0x00000000ea080000)
 ParOldGen       total 56832K, used 41866K [0x00000000a0000000, 0x00000000a3780000, 0x00000000e0000000)
  object space 56832K, 73% used [0x00000000a0000000,0x00000000a28e2a80,0x00000000a3780000)
 Metaspace       used 66954K, capacity 69153K, committed 69336K, reserved 1110016K
  class space    used 8686K, capacity 9204K, committed 9216K, reserved 1048576K
}

