# JRE version: OpenJDK Runtime Environment (8.0_152-b02) (build 1.8.0_152-release-1024-b02)
# Java VM: OpenJDK 64-Bit Server VM (25.152-b02 mixed mode windows-amd64 compressed oops)
Heap:
 PSYoungGen      total 205312K, used 104373K [0x00000000e0000000, 0x00000000f0c00000, 0x0000000100000000)
  eden space 182784K, 44% used [0x00000000e0000000,0x00000000e4ff10d8,0x00000000eb280000)
  from space 22528K, 99% used [0x00000000eb280000,0x00000000ec87c380,0x00000000ec880000)
  to   space 33792K, 0% used [0x00000000eeb00000,0x00000000eeb00000,0x00000000f0c00000)
 ParOldGen       total 92672K, used 72518K [0x00000000a0000000, 0x00000000a5a80000, 0x00000000e0000000)
  object space 92672K, 78% used [0x00000000a0000000,0x00000000a46d1ab0,0x00000000a5a80000)
 Metaspace       used 72073K, capacity 75597K, committed 75864K, reserved 1114112K
  class space    used 9629K, capacity 10344K, committed 10368K, reserved 1048576K
GC Heap History (10 events):
Event: 32.715 GC heap before
{Heap before GC invocations=16 (full 2):
 PSYoungGen      total 126464K, used 126443K [0x00000000e0000000, 0x00000000eb280000, 0x0000000100000000)
  eden space 115712K, 100% used [0x00000000e0000000,0x00000000e7100000,0x00000000e7100000)
  from space 10752K, 99% used [0x00000000e7100000,0x00000000e7b7ae88,0x00000000e7b80000)
  to   space 14848K, 0% used [0x00000000ea400000,0x00000000ea400000,0x00000000eb280000)
 ParOldGen       total 52736K, used 24389K [0x00000000a0000000, 0x00000000a3380000, 0x00000000e0000000)
  object space 52736K, 46% used [0x00000000a0000000,0x00000000a17d16d8,0x00000000a3380000)
 Metaspace       used 54286K, capacity 56187K, committed 56280K, reserved 1097728K
  class space    used 7445K, capacity 7935K, committed 7936K, reserved 1048576K
Event: 32.772 GC heap after
Heap after GC invocations=16 (full 2):
 PSYoungGen      total 165888K, used 11345K [0x00000000e0000000, 0x00000000eb280000, 0x0000000100000000)
  eden space 151040K, 0% used [0x00000000e0000000,0x00000000e0000000,0x00000000e9380000)
  from space 14848K, 76% used [0x00000000ea400000,0x00000000eaf14758,0x00000000eb280000)
  to   space 15872K, 0% used [0x00000000e9380000,0x00000000e9380000,0x00000000ea300000)
 ParOldGen       total 52736K, used 31244K [0x00000000a0000000, 0x00000000a3380000, 0x00000000e0000000)
  object space 52736K, 59% used [0x00000000a0000000,0x00000000a1e831c8,0x00000000a3380000)
 Metaspace       used 54286K, capacity 56187K, committed 56280K, reserved 1097728K
  class space    used 7445K, capacity 7935K, committed 7936K, reserved 1048576K
}
Event: 40.376 GC heap before
{Heap before GC invocations=17 (full 2):
 PSYoungGen      total 165888K, used 113309K [0x00000000e0000000, 0x00000000eb280000, 0x0000000100000000)
  eden space 151040K, 67% used [0x00000000e0000000,0x00000000e6392f58,0x00000000e9380000)
  from space 14848K, 76% used [0x00000000ea400000,0x00000000eaf14758,0x00000000eb280000)
  to   space 15872K, 0% used [0x00000000e9380000,0x00000000e9380000,0x00000000ea300000)
 ParOldGen       total 52736K, used 31244K [0x00000000a0000000, 0x00000000a3380000, 0x00000000e0000000)
  object space 52736K, 59% used [0x00000000a0000000,0x00000000a1e831c8,0x00000000a3380000)
 Metaspace       used 56869K, capacity 58773K, committed 58968K, reserved 1099776K
  class space    used 7716K, capacity 8214K, committed 8320K, reserved 1048576K
Event: 40.402 GC heap after
Heap after GC invocations=17 (full 2):
 PSYoungGen      total 166912K, used 4382K [0x00000000e0000000, 0x00000000eda80000, 0x0000000100000000)
  eden space 151040K, 0% used [0x00000000e0000000,0x00000000e0000000,0x00000000e9380000)
  from space 15872K, 27% used [0x00000000e9380000,0x00000000e97c78e0,0x00000000ea300000)
  to   space 15360K, 0% used [0x00000000ecb80000,0x00000000ecb80000,0x00000000eda80000)
 ParOldGen       total 52736K, used 39797K [0x00000000a0000000, 0x00000000a3380000, 0x00000000e0000000)
  object space 52736K, 75% used [0x00000000a0000000,0x00000000a26dd668,0x00000000a3380000)
 Metaspace       used 56869K, capacity 58773K, committed 58968K, reserved 1099776K
  class space    used 7716K, capacity 8214K, committed 8320K, reserved 1048576K
}
Event: 40.402 GC heap before
{Heap before GC invocations=18 (full 3):
 PSYoungGen      total 166912K, used 4382K [0x00000000e0000000, 0x00000000eda80000, 0x0000000100000000)
  eden space 151040K, 0% used [0x00000000e0000000,0x00000000e0000000,0x00000000e9380000)
  from space 15872K, 27% used [0x00000000e9380000,0x00000000e97c78e0,0x00000000ea300000)
  to   space 15360K, 0% used [0x00000000ecb80000,0x00000000ecb80000,0x00000000eda80000)
 ParOldGen       total 52736K, used 39797K [0x00000000a0000000, 0x00000000a3380000, 0x00000000e0000000)
  object space 52736K, 75% used [0x00000000a0000000,0x00000000a26dd668,0x00000000a3380000)
 Metaspace       used 56869K, capacity 58773K, committed 58968K, reserved 1099776K
  class space    used 7716K, capacity 8214K, committed 8320K, reserved 1048576K
Event: 40.863 GC heap after
Heap after GC invocations=18 (full 3):
 PSYoungGen      total 166912K, used 0K [0x00000000e0000000, 0x00000000eda80000, 0x0000000100000000)
  eden space 151040K, 0% used [0x00000000e0000000,0x00000000e0000000,0x00000000e9380000)
  from space 15872K, 0% used [0x00000000e9380000,0x00000000e9380000,0x00000000ea300000)
  to   space 15360K, 0% used [0x00000000ecb80000,0x00000000ecb80000,0x00000000eda80000)
 ParOldGen       total 92672K, used 38654K [0x00000000a0000000, 0x00000000a5a80000, 0x00000000e0000000)
  object space 92672K, 41% used [0x00000000a0000000,0x00000000a25bfbf8,0x00000000a5a80000)
 Metaspace       used 56869K, capacity 58773K, committed 58968K, reserved 1099776K
  class space    used 7716K, capacity 8214K, committed 8320K, reserved 1048576K
}
Event: 56.002 GC heap before
{Heap before GC invocations=19 (full 3):
 PSYoungGen      total 166912K, used 151040K [0x00000000e0000000, 0x00000000eda80000, 0x0000000100000000)
  eden space 151040K, 100% used [0x00000000e0000000,0x00000000e9380000,0x00000000e9380000)
  from space 15872K, 0% used [0x00000000e9380000,0x00000000e9380000,0x00000000ea300000)
  to   space 15360K, 0% used [0x00000000ecb80000,0x00000000ecb80000,0x00000000eda80000)
 ParOldGen       total 92672K, used 38654K [0x00000000a0000000, 0x00000000a5a80000, 0x00000000e0000000)
  object space 92672K, 41% used [0x00000000a0000000,0x00000000a25bfbf8,0x00000000a5a80000)
 Metaspace       used 61816K, capacity 63865K, committed 64088K, reserved 1103872K
  class space    used 8310K, capacity 8824K, committed 8832K, reserved 1048576K
Event: 56.048 GC heap after
Heap after GC invocations=19 (full 3):
 PSYoungGen      total 198144K, used 15336K [0x00000000e0000000, 0x00000000ede80000, 0x0000000100000000)
  eden space 182784K, 0% used [0x00000000e0000000,0x00000000e0000000,0x00000000eb280000)
  from space 15360K, 99% used [0x00000000ecb80000,0x00000000eda7a0b8,0x00000000eda80000)
  to   space 22528K, 0% used [0x00000000eb280000,0x00000000eb280000,0x00000000ec880000)
 ParOldGen       total 92672K, used 51892K [0x00000000a0000000, 0x00000000a5a80000, 0x00000000e0000000)
  object space 92672K, 55% used [0x00000000a0000000,0x00000000a32ad070,0x00000000a5a80000)
 Metaspace       used 61816K, capacity 63865K, committed 64088K, reserved 1103872K
  class space    used 8310K, capacity 8824K, committed 8832K, reserved 1048576K
}
Event: 72.906 GC heap before
{Heap before GC invocations=20 (full 3):
 PSYoungGen      total 198144K, used 198120K [0x00000000e0000000, 0x00000000ede80000, 0x0000000100000000)
  eden space 182784K, 100% used [0x00000000e0000000,0x00000000eb280000,0x00000000eb280000)
  from space 15360K, 99% used [0x00000000ecb80000,0x00000000eda7a0b8,0x00000000eda80000)
  to   space 22528K, 0% used [0x00000000eb280000,0x00000000eb280000,0x00000000ec880000)
 ParOldGen       total 92672K, used 51892K [0x00000000a0000000, 0x00000000a5a80000, 0x00000000e0000000)
  object space 92672K, 55% used [0x00000000a0000000,0x00000000a32ad070,0x00000000a5a80000)
 Metaspace       used 71055K, capacity 74495K, committed 74712K, reserved 1114112K
  class space    used 9490K, capacity 10191K, committed 10240K, reserved 1048576K
Event: 72.979 GC heap after
Heap after GC invocations=20 (full 3):
 PSYoungGen      total 205312K, used 22512K [0x00000000e0000000, 0x00000000f0c00000, 0x0000000100000000)
  eden space 182784K, 0% used [0x00000000e0000000,0x00000000e0000000,0x00000000eb280000)
  from space 22528K, 99% used [0x00000000eb280000,0x00000000ec87c380,0x00000000ec880000)
  to   space 33792K, 0% used [0x00000000eeb00000,0x00000000eeb00000,0x00000000f0c00000)
 ParOldGen       total 92672K, used 72518K [0x00000000a0000000, 0x00000000a5a80000, 0x00000000e0000000)
  object space 92672K, 78% used [0x00000000a0000000,0x00000000a46d1ab0,0x00000000a5a80000)
 Metaspace       used 71055K, capacity 74495K, committed 74712K, reserved 1114112K
  class space    used 9490K, capacity 10191K, committed 10240K, reserved 1048576K
}

