# JRE version: OpenJDK Runtime Environment (8.0_152-b02) (build 1.8.0_152-release-1024-b02)
# Java VM: OpenJDK 64-Bit Server VM (25.152-b02 mixed mode windows-amd64 compressed oops)
Heap:
 PSYoungGen      total 30208K, used 16020K [0x00000000e0000000, 0x00000000e2b00000, 0x0000000100000000)
  eden space 24576K, 44% used [0x00000000e0000000,0x00000000e0abbe98,0x00000000e1800000)
  from space 5632K, 89% used [0x00000000e1800000,0x00000000e1ce9390,0x00000000e1d80000)
  to   space 5632K, 0% used [0x00000000e1d80000,0x00000000e1d80000,0x00000000e2300000)
 ParOldGen       total 44032K, used 5707K [0x00000000a0000000, 0x00000000a2b00000, 0x00000000e0000000)
  object space 44032K, 12% used [0x00000000a0000000,0x00000000a0592ef8,0x00000000a2b00000)
 Metaspace       used 18299K, capacity 18672K, committed 18944K, reserved 1064960K
  class space    used 2613K, capacity 2750K, committed 2816K, reserved 1048576K
GC Heap History (10 events):
Event: 2.166 GC heap before
{Heap before GC invocations=3 (full 0):
 PSYoungGen      total 18944K, used 18793K [0x00000000e0000000, 0x00000000e1500000, 0x0000000100000000)
  eden space 16384K, 100% used [0x00000000e0000000,0x00000000e1000000,0x00000000e1000000)
  from space 2560K, 94% used [0x00000000e1280000,0x00000000e14da650,0x00000000e1500000)
  to   space 2560K, 0% used [0x00000000e1000000,0x00000000e1000000,0x00000000e1280000)
 ParOldGen       total 44032K, used 365K [0x00000000a0000000, 0x00000000a2b00000, 0x00000000e0000000)
  object space 44032K, 0% used [0x00000000a0000000,0x00000000a005b778,0x00000000a2b00000)
 Metaspace       used 6976K, capacity 7112K, committed 7424K, reserved 1056768K
  class space    used 880K, capacity 948K, committed 1024K, reserved 1048576K
Event: 2.172 GC heap after
Heap after GC invocations=3 (full 0):
 PSYoungGen      total 18944K, used 2528K [0x00000000e0000000, 0x00000000e2500000, 0x0000000100000000)
  eden space 16384K, 0% used [0x00000000e0000000,0x00000000e0000000,0x00000000e1000000)
  from space 2560K, 98% used [0x00000000e1000000,0x00000000e1278040,0x00000000e1280000)
  to   space 2560K, 0% used [0x00000000e2280000,0x00000000e2280000,0x00000000e2500000)
 ParOldGen       total 44032K, used 647K [0x00000000a0000000, 0x00000000a2b00000, 0x00000000e0000000)
  object space 44032K, 1% used [0x00000000a0000000,0x00000000a00a1d68,0x00000000a2b00000)
 Metaspace       used 6976K, capacity 7112K, committed 7424K, reserved 1056768K
  class space    used 880K, capacity 948K, committed 1024K, reserved 1048576K
}
Event: 5.324 GC heap before
{Heap before GC invocations=4 (full 0):
 PSYoungGen      total 18944K, used 18912K [0x00000000e0000000, 0x00000000e2500000, 0x0000000100000000)
  eden space 16384K, 100% used [0x00000000e0000000,0x00000000e1000000,0x00000000e1000000)
  from space 2560K, 98% used [0x00000000e1000000,0x00000000e1278040,0x00000000e1280000)
  to   space 2560K, 0% used [0x00000000e2280000,0x00000000e2280000,0x00000000e2500000)
 ParOldGen       total 44032K, used 647K [0x00000000a0000000, 0x00000000a2b00000, 0x00000000e0000000)
  object space 44032K, 1% used [0x00000000a0000000,0x00000000a00a1d68,0x00000000a2b00000)
 Metaspace       used 11374K, capacity 11678K, committed 11904K, reserved 1058816K
  class space    used 1505K, capacity 1593K, committed 1664K, reserved 1048576K
Event: 5.332 GC heap after
Heap after GC invocations=4 (full 0):
 PSYoungGen      total 18944K, used 2528K [0x00000000e0000000, 0x00000000e2500000, 0x0000000100000000)
  eden space 16384K, 0% used [0x00000000e0000000,0x00000000e0000000,0x00000000e1000000)
  from space 2560K, 98% used [0x00000000e2280000,0x00000000e24f8020,0x00000000e2500000)
  to   space 2560K, 0% used [0x00000000e1000000,0x00000000e1000000,0x00000000e1280000)
 ParOldGen       total 44032K, used 2923K [0x00000000a0000000, 0x00000000a2b00000, 0x00000000e0000000)
  object space 44032K, 6% used [0x00000000a0000000,0x00000000a02dafe0,0x00000000a2b00000)
 Metaspace       used 11374K, capacity 11678K, committed 11904K, reserved 1058816K
  class space    used 1505K, capacity 1593K, committed 1664K, reserved 1048576K
}
Event: 6.156 GC heap before
{Heap before GC invocations=5 (full 0):
 PSYoungGen      total 18944K, used 18912K [0x00000000e0000000, 0x00000000e2500000, 0x0000000100000000)
  eden space 16384K, 100% used [0x00000000e0000000,0x00000000e1000000,0x00000000e1000000)
  from space 2560K, 98% used [0x00000000e2280000,0x00000000e24f8020,0x00000000e2500000)
  to   space 2560K, 0% used [0x00000000e1000000,0x00000000e1000000,0x00000000e1280000)
 ParOldGen       total 44032K, used 2923K [0x00000000a0000000, 0x00000000a2b00000, 0x00000000e0000000)
  object space 44032K, 6% used [0x00000000a0000000,0x00000000a02dafe0,0x00000000a2b00000)
 Metaspace       used 13056K, capacity 13426K, committed 13568K, reserved 1060864K
  class space    used 1776K, capacity 1929K, committed 2048K, reserved 1048576K
Event: 6.162 GC heap after
Heap after GC invocations=5 (full 0):
 PSYoungGen      total 18944K, used 2528K [0x00000000e0000000, 0x00000000e2300000, 0x0000000100000000)
  eden space 16384K, 0% used [0x00000000e0000000,0x00000000e0000000,0x00000000e1000000)
  from space 2560K, 98% used [0x00000000e1000000,0x00000000e1278020,0x00000000e1280000)
  to   space 5632K, 0% used [0x00000000e1d80000,0x00000000e1d80000,0x00000000e2300000)
 ParOldGen       total 44032K, used 4746K [0x00000000a0000000, 0x00000000a2b00000, 0x00000000e0000000)
  object space 44032K, 10% used [0x00000000a0000000,0x00000000a04a2910,0x00000000a2b00000)
 Metaspace       used 13056K, capacity 13426K, committed 13568K, reserved 1060864K
  class space    used 1776K, capacity 1929K, committed 2048K, reserved 1048576K
}
Event: 6.678 GC heap before
{Heap before GC invocations=6 (full 0):
 PSYoungGen      total 18944K, used 18912K [0x00000000e0000000, 0x00000000e2300000, 0x0000000100000000)
  eden space 16384K, 100% used [0x00000000e0000000,0x00000000e1000000,0x00000000e1000000)
  from space 2560K, 98% used [0x00000000e1000000,0x00000000e1278020,0x00000000e1280000)
  to   space 5632K, 0% used [0x00000000e1d80000,0x00000000e1d80000,0x00000000e2300000)
 ParOldGen       total 44032K, used 4746K [0x00000000a0000000, 0x00000000a2b00000, 0x00000000e0000000)
  object space 44032K, 10% used [0x00000000a0000000,0x00000000a04a2910,0x00000000a2b00000)
 Metaspace       used 14503K, capacity 14870K, committed 14976K, reserved 1062912K
  class space    used 2025K, capacity 2155K, committed 2176K, reserved 1048576K
Event: 6.688 GC heap after
Heap after GC invocations=6 (full 0):
 PSYoungGen      total 30208K, used 4515K [0x00000000e0000000, 0x00000000e2b00000, 0x0000000100000000)
  eden space 24576K, 0% used [0x00000000e0000000,0x00000000e0000000,0x00000000e1800000)
  from space 5632K, 80% used [0x00000000e1d80000,0x00000000e21e8dd0,0x00000000e2300000)
  to   space 5632K, 0% used [0x00000000e1800000,0x00000000e1800000,0x00000000e1d80000)
 ParOldGen       total 44032K, used 4754K [0x00000000a0000000, 0x00000000a2b00000, 0x00000000e0000000)
  object space 44032K, 10% used [0x00000000a0000000,0x00000000a04a4910,0x00000000a2b00000)
 Metaspace       used 14503K, capacity 14870K, committed 14976K, reserved 1062912K
  class space    used 2025K, capacity 2155K, committed 2176K, reserved 1048576K
}
Event: 7.782 GC heap before
{Heap before GC invocations=7 (full 0):
 PSYoungGen      total 30208K, used 29091K [0x00000000e0000000, 0x00000000e2b00000, 0x0000000100000000)
  eden space 24576K, 100% used [0x00000000e0000000,0x00000000e1800000,0x00000000e1800000)
  from space 5632K, 80% used [0x00000000e1d80000,0x00000000e21e8dd0,0x00000000e2300000)
  to   space 5632K, 0% used [0x00000000e1800000,0x00000000e1800000,0x00000000e1d80000)
 ParOldGen       total 44032K, used 4754K [0x00000000a0000000, 0x00000000a2b00000, 0x00000000e0000000)
  object space 44032K, 10% used [0x00000000a0000000,0x00000000a04a4910,0x00000000a2b00000)
 Metaspace       used 16821K, capacity 17198K, committed 17408K, reserved 1064960K
  class space    used 2413K, capacity 2543K, committed 2560K, reserved 1048576K
Event: 7.797 GC heap after
Heap after GC invocations=7 (full 0):
 PSYoungGen      total 30208K, used 5028K [0x00000000e0000000, 0x00000000e2b00000, 0x0000000100000000)
  eden space 24576K, 0% used [0x00000000e0000000,0x00000000e0000000,0x00000000e1800000)
  from space 5632K, 89% used [0x00000000e1800000,0x00000000e1ce9390,0x00000000e1d80000)
  to   space 5632K, 0% used [0x00000000e1d80000,0x00000000e1d80000,0x00000000e2300000)
 ParOldGen       total 44032K, used 5707K [0x00000000a0000000, 0x00000000a2b00000, 0x00000000e0000000)
  object space 44032K, 12% used [0x00000000a0000000,0x00000000a0592ef8,0x00000000a2b00000)
 Metaspace       used 16821K, capacity 17198K, committed 17408K, reserved 1064960K
  class space    used 2413K, capacity 2543K, committed 2560K, reserved 1048576K
}

