# JRE version: OpenJDK Runtime Environment (8.0_152-b02) (build 1.8.0_152-release-1024-b02)
# Java VM: OpenJDK 64-Bit Server VM (25.152-b02 mixed mode windows-amd64 compressed oops)
Heap:
 PSYoungGen      total 166912K, used 14300K [0x00000000e0000000, 0x00000000ed880000, 0x0000000100000000)
  eden space 151040K, 9% used [0x00000000e0000000,0x00000000e0df72f8,0x00000000e9380000)
  from space 15872K, 0% used [0x00000000e9380000,0x00000000e9380000,0x00000000ea300000)
  to   space 16896K, 0% used [0x00000000ec800000,0x00000000ec800000,0x00000000ed880000)
 ParOldGen       total 91648K, used 38692K [0x00000000a0000000, 0x00000000a5980000, 0x00000000e0000000)
  object space 91648K, 42% used [0x00000000a0000000,0x00000000a25c91f0,0x00000000a5980000)
 Metaspace       used 57266K, capacity 59048K, committed 59224K, reserved 1099776K
  class space    used 7770K, capacity 8257K, committed 8320K, reserved 1048576K
GC Heap History (10 events):
Event: 15.699 GC heap before
{Heap before GC invocations=14 (full 2):
 PSYoungGen      total 98816K, used 89600K [0x00000000e0000000, 0x00000000e8800000, 0x0000000100000000)
  eden space 89600K, 100% used [0x00000000e0000000,0x00000000e5780000,0x00000000e5780000)
  from space 9216K, 0% used [0x00000000e5780000,0x00000000e5780000,0x00000000e6080000)
  to   space 9216K, 0% used [0x00000000e7f00000,0x00000000e7f00000,0x00000000e8800000)
 ParOldGen       total 52736K, used 16507K [0x00000000a0000000, 0x00000000a3380000, 0x00000000e0000000)
  object space 52736K, 31% used [0x00000000a0000000,0x00000000a101efb8,0x00000000a3380000)
 Metaspace       used 39998K, capacity 40730K, committed 41048K, reserved 1085440K
  class space    used 5445K, capacity 5708K, committed 5760K, reserved 1048576K
Event: 15.723 GC heap after
Heap after GC invocations=14 (full 2):
 PSYoungGen      total 126976K, used 9195K [0x00000000e0000000, 0x00000000e8800000, 0x0000000100000000)
  eden space 117760K, 0% used [0x00000000e0000000,0x00000000e0000000,0x00000000e7300000)
  from space 9216K, 99% used [0x00000000e7f00000,0x00000000e87fac98,0x00000000e8800000)
  to   space 10240K, 0% used [0x00000000e7400000,0x00000000e7400000,0x00000000e7e00000)
 ParOldGen       total 52736K, used 16988K [0x00000000a0000000, 0x00000000a3380000, 0x00000000e0000000)
  object space 52736K, 32% used [0x00000000a0000000,0x00000000a1097348,0x00000000a3380000)
 Metaspace       used 39998K, capacity 40730K, committed 41048K, reserved 1085440K
  class space    used 5445K, capacity 5708K, committed 5760K, reserved 1048576K
}
Event: 22.481 GC heap before
{Heap before GC invocations=15 (full 2):
 PSYoungGen      total 126976K, used 126955K [0x00000000e0000000, 0x00000000e8800000, 0x0000000100000000)
  eden space 117760K, 100% used [0x00000000e0000000,0x00000000e7300000,0x00000000e7300000)
  from space 9216K, 99% used [0x00000000e7f00000,0x00000000e87fac98,0x00000000e8800000)
  to   space 10240K, 0% used [0x00000000e7400000,0x00000000e7400000,0x00000000e7e00000)
 ParOldGen       total 52736K, used 16988K [0x00000000a0000000, 0x00000000a3380000, 0x00000000e0000000)
  object space 52736K, 32% used [0x00000000a0000000,0x00000000a1097348,0x00000000a3380000)
 Metaspace       used 50208K, capacity 51632K, committed 51800K, reserved 1093632K
  class space    used 6880K, capacity 7261K, committed 7296K, reserved 1048576K
Event: 22.525 GC heap after
Heap after GC invocations=15 (full 2):
 PSYoungGen      total 129024K, used 10231K [0x00000000e0000000, 0x00000000eb180000, 0x0000000100000000)
  eden space 118784K, 0% used [0x00000000e0000000,0x00000000e0000000,0x00000000e7400000)
  from space 10240K, 99% used [0x00000000e7400000,0x00000000e7dfddb0,0x00000000e7e00000)
  to   space 14848K, 0% used [0x00000000ea300000,0x00000000ea300000,0x00000000eb180000)
 ParOldGen       total 52736K, used 25744K [0x00000000a0000000, 0x00000000a3380000, 0x00000000e0000000)
  object space 52736K, 48% used [0x00000000a0000000,0x00000000a1924360,0x00000000a3380000)
 Metaspace       used 50208K, capacity 51632K, committed 51800K, reserved 1093632K
  class space    used 6880K, capacity 7261K, committed 7296K, reserved 1048576K
}
Event: 31.368 GC heap before
{Heap before GC invocations=16 (full 2):
 PSYoungGen      total 129024K, used 129015K [0x00000000e0000000, 0x00000000eb180000, 0x0000000100000000)
  eden space 118784K, 100% used [0x00000000e0000000,0x00000000e7400000,0x00000000e7400000)
  from space 10240K, 99% used [0x00000000e7400000,0x00000000e7dfddb0,0x00000000e7e00000)
  to   space 14848K, 0% used [0x00000000ea300000,0x00000000ea300000,0x00000000eb180000)
 ParOldGen       total 52736K, used 25744K [0x00000000a0000000, 0x00000000a3380000, 0x00000000e0000000)
  object space 52736K, 48% used [0x00000000a0000000,0x00000000a1924360,0x00000000a3380000)
 Metaspace       used 54306K, capacity 56108K, committed 56280K, reserved 1097728K
  class space    used 7448K, capacity 7919K, committed 7936K, reserved 1048576K
Event: 31.426 GC heap after
Heap after GC invocations=16 (full 2):
 PSYoungGen      total 165888K, used 10893K [0x00000000e0000000, 0x00000000eb300000, 0x0000000100000000)
  eden space 151040K, 0% used [0x00000000e0000000,0x00000000e0000000,0x00000000e9380000)
  from space 14848K, 73% used [0x00000000ea300000,0x00000000eada3780,0x00000000eb180000)
  to   space 15872K, 0% used [0x00000000e9380000,0x00000000e9380000,0x00000000ea300000)
 ParOldGen       total 52736K, used 32656K [0x00000000a0000000, 0x00000000a3380000, 0x00000000e0000000)
  object space 52736K, 61% used [0x00000000a0000000,0x00000000a1fe4198,0x00000000a3380000)
 Metaspace       used 54306K, capacity 56108K, committed 56280K, reserved 1097728K
  class space    used 7448K, capacity 7919K, committed 7936K, reserved 1048576K
}
Event: 39.555 GC heap before
{Heap before GC invocations=17 (full 2):
 PSYoungGen      total 165888K, used 118594K [0x00000000e0000000, 0x00000000eb300000, 0x0000000100000000)
  eden space 151040K, 71% used [0x00000000e0000000,0x00000000e692d3b8,0x00000000e9380000)
  from space 14848K, 73% used [0x00000000ea300000,0x00000000eada3780,0x00000000eb180000)
  to   space 15872K, 0% used [0x00000000e9380000,0x00000000e9380000,0x00000000ea300000)
 ParOldGen       total 52736K, used 32656K [0x00000000a0000000, 0x00000000a3380000, 0x00000000e0000000)
  object space 52736K, 61% used [0x00000000a0000000,0x00000000a1fe4198,0x00000000a3380000)
 Metaspace       used 57046K, capacity 58824K, committed 58968K, reserved 1099776K
  class space    used 7738K, capacity 8225K, committed 8320K, reserved 1048576K
Event: 39.584 GC heap after
Heap after GC invocations=17 (full 2):
 PSYoungGen      total 166912K, used 12646K [0x00000000e0000000, 0x00000000ed880000, 0x0000000100000000)
  eden space 151040K, 0% used [0x00000000e0000000,0x00000000e0000000,0x00000000e9380000)
  from space 15872K, 79% used [0x00000000e9380000,0x00000000e9fd9968,0x00000000ea300000)
  to   space 16896K, 0% used [0x00000000ec800000,0x00000000ec800000,0x00000000ed880000)
 ParOldGen       total 52736K, used 32664K [0x00000000a0000000, 0x00000000a3380000, 0x00000000e0000000)
  object space 52736K, 61% used [0x00000000a0000000,0x00000000a1fe6198,0x00000000a3380000)
 Metaspace       used 57046K, capacity 58824K, committed 58968K, reserved 1099776K
  class space    used 7738K, capacity 8225K, committed 8320K, reserved 1048576K
}
Event: 39.584 GC heap before
{Heap before GC invocations=18 (full 3):
 PSYoungGen      total 166912K, used 12646K [0x00000000e0000000, 0x00000000ed880000, 0x0000000100000000)
  eden space 151040K, 0% used [0x00000000e0000000,0x00000000e0000000,0x00000000e9380000)
  from space 15872K, 79% used [0x00000000e9380000,0x00000000e9fd9968,0x00000000ea300000)
  to   space 16896K, 0% used [0x00000000ec800000,0x00000000ec800000,0x00000000ed880000)
 ParOldGen       total 52736K, used 32664K [0x00000000a0000000, 0x00000000a3380000, 0x00000000e0000000)
  object space 52736K, 61% used [0x00000000a0000000,0x00000000a1fe6198,0x00000000a3380000)
 Metaspace       used 57046K, capacity 58824K, committed 58968K, reserved 1099776K
  class space    used 7738K, capacity 8225K, committed 8320K, reserved 1048576K
Event: 40.174 GC heap after
Heap after GC invocations=18 (full 3):
 PSYoungGen      total 166912K, used 0K [0x00000000e0000000, 0x00000000ed880000, 0x0000000100000000)
  eden space 151040K, 0% used [0x00000000e0000000,0x00000000e0000000,0x00000000e9380000)
  from space 15872K, 0% used [0x00000000e9380000,0x00000000e9380000,0x00000000ea300000)
  to   space 16896K, 0% used [0x00000000ec800000,0x00000000ec800000,0x00000000ed880000)
 ParOldGen       total 91648K, used 38692K [0x00000000a0000000, 0x00000000a5980000, 0x00000000e0000000)
  object space 91648K, 42% used [0x00000000a0000000,0x00000000a25c91f0,0x00000000a5980000)
 Metaspace       used 57046K, capacity 58824K, committed 58968K, reserved 1099776K
  class space    used 7738K, capacity 8225K, committed 8320K, reserved 1048576K
}

