# JRE version: OpenJDK Runtime Environment (8.0_152-b01) (build 1.8.0_152-release-1248-b01)
# Java VM: OpenJDK 64-Bit Server VM (25.152-b01 mixed mode windows-amd64 compressed oops)
Heap:
 PSYoungGen      total 74240K, used 66893K [0x00000000e0000000, 0x00000000e5380000, 0x0000000100000000)
  eden space 66048K, 89% used [0x00000000e0000000,0x00000000e397ff48,0x00000000e4080000)
  from space 8192K, 97% used [0x00000000e4980000,0x00000000e51534d8,0x00000000e5180000)
  to   space 9216K, 0% used [0x00000000e4080000,0x00000000e4080000,0x00000000e4980000)
 ParOldGen       total 56832K, used 16810K [0x00000000a0000000, 0x00000000a3780000, 0x00000000e0000000)
  object space 56832K, 29% used [0x00000000a0000000,0x00000000a106a818,0x00000000a3780000)
 Metaspace       used 42916K, capacity 43802K, committed 44080K, reserved 1087488K
  class space    used 5838K, capacity 6166K, committed 6192K, reserved 1048576K
GC Heap History (10 events):
Event: 10.968 GC heap before
{Heap before GC invocations=12 (full 1):
 PSYoungGen      total 46080K, used 45832K [0x00000000e0000000, 0x00000000e3c80000, 0x0000000100000000)
  eden space 41984K, 100% used [0x00000000e0000000,0x00000000e2900000,0x00000000e2900000)
  from space 4096K, 93% used [0x00000000e3880000,0x00000000e3c42080,0x00000000e3c80000)
  to   space 6144K, 0% used [0x00000000e3080000,0x00000000e3080000,0x00000000e3680000)
 ParOldGen       total 35840K, used 9518K [0x00000000a0000000, 0x00000000a2300000, 0x00000000e0000000)
  object space 35840K, 26% used [0x00000000a0000000,0x00000000a094bbb0,0x00000000a2300000)
 Metaspace       used 27605K, capacity 28074K, committed 28336K, reserved 1073152K
  class space    used 3794K, capacity 3970K, committed 4016K, reserved 1048576K
Event: 10.978 GC heap after
Heap after GC invocations=12 (full 1):
 PSYoungGen      total 55808K, used 5817K [0x00000000e0000000, 0x00000000e4200000, 0x0000000100000000)
  eden space 49664K, 0% used [0x00000000e0000000,0x00000000e0000000,0x00000000e3080000)
  from space 6144K, 94% used [0x00000000e3080000,0x00000000e362e690,0x00000000e3680000)
  to   space 6656K, 0% used [0x00000000e3b80000,0x00000000e3b80000,0x00000000e4200000)
 ParOldGen       total 35840K, used 9526K [0x00000000a0000000, 0x00000000a2300000, 0x00000000e0000000)
  object space 35840K, 26% used [0x00000000a0000000,0x00000000a094dbb0,0x00000000a2300000)
 Metaspace       used 27605K, capacity 28074K, committed 28336K, reserved 1073152K
  class space    used 3794K, capacity 3970K, committed 4016K, reserved 1048576K
}
Event: 12.602 GC heap before
{Heap before GC invocations=13 (full 1):
 PSYoungGen      total 55808K, used 55481K [0x00000000e0000000, 0x00000000e4200000, 0x0000000100000000)
  eden space 49664K, 100% used [0x00000000e0000000,0x00000000e3080000,0x00000000e3080000)
  from space 6144K, 94% used [0x00000000e3080000,0x00000000e362e690,0x00000000e3680000)
  to   space 6656K, 0% used [0x00000000e3b80000,0x00000000e3b80000,0x00000000e4200000)
 ParOldGen       total 35840K, used 9526K [0x00000000a0000000, 0x00000000a2300000, 0x00000000e0000000)
  object space 35840K, 26% used [0x00000000a0000000,0x00000000a094dbb0,0x00000000a2300000)
 Metaspace       used 30341K, capacity 30832K, committed 31152K, reserved 1075200K
  class space    used 4223K, capacity 4419K, committed 4528K, reserved 1048576K
Event: 12.630 GC heap after
Heap after GC invocations=13 (full 1):
 PSYoungGen      total 59904K, used 6651K [0x00000000e0000000, 0x00000000e4e00000, 0x0000000100000000)
  eden space 53248K, 0% used [0x00000000e0000000,0x00000000e0000000,0x00000000e3400000)
  from space 6656K, 99% used [0x00000000e3b80000,0x00000000e41fec48,0x00000000e4200000)
  to   space 7680K, 0% used [0x00000000e3400000,0x00000000e3400000,0x00000000e3b80000)
 ParOldGen       total 35840K, used 10413K [0x00000000a0000000, 0x00000000a2300000, 0x00000000e0000000)
  object space 35840K, 29% used [0x00000000a0000000,0x00000000a0a2b4c8,0x00000000a2300000)
 Metaspace       used 30341K, capacity 30832K, committed 31152K, reserved 1075200K
  class space    used 4223K, capacity 4419K, committed 4528K, reserved 1048576K
}
Event: 19.429 GC heap before
{Heap before GC invocations=14 (full 1):
 PSYoungGen      total 59904K, used 50560K [0x00000000e0000000, 0x00000000e4e00000, 0x0000000100000000)
  eden space 53248K, 82% used [0x00000000e0000000,0x00000000e2ae16d0,0x00000000e3400000)
  from space 6656K, 99% used [0x00000000e3b80000,0x00000000e41fec48,0x00000000e4200000)
  to   space 7680K, 0% used [0x00000000e3400000,0x00000000e3400000,0x00000000e3b80000)
 ParOldGen       total 35840K, used 10413K [0x00000000a0000000, 0x00000000a2300000, 0x00000000e0000000)
  object space 35840K, 29% used [0x00000000a0000000,0x00000000a0a2b4c8,0x00000000a2300000)
 Metaspace       used 34737K, capacity 35346K, committed 35496K, reserved 1079296K
  class space    used 4847K, capacity 5093K, committed 5168K, reserved 1048576K
Event: 19.445 GC heap after
Heap after GC invocations=14 (full 1):
 PSYoungGen      total 60928K, used 6599K [0x00000000e0000000, 0x00000000e5180000, 0x0000000100000000)
  eden space 53248K, 0% used [0x00000000e0000000,0x00000000e0000000,0x00000000e3400000)
  from space 7680K, 85% used [0x00000000e3400000,0x00000000e3a71c50,0x00000000e3b80000)
  to   space 8192K, 0% used [0x00000000e4980000,0x00000000e4980000,0x00000000e5180000)
 ParOldGen       total 35840K, used 13836K [0x00000000a0000000, 0x00000000a2300000, 0x00000000e0000000)
  object space 35840K, 38% used [0x00000000a0000000,0x00000000a0d83388,0x00000000a2300000)
 Metaspace       used 34737K, capacity 35346K, committed 35496K, reserved 1079296K
  class space    used 4847K, capacity 5093K, committed 5168K, reserved 1048576K
}
Event: 19.445 GC heap before
{Heap before GC invocations=15 (full 2):
 PSYoungGen      total 60928K, used 6599K [0x00000000e0000000, 0x00000000e5180000, 0x0000000100000000)
  eden space 53248K, 0% used [0x00000000e0000000,0x00000000e0000000,0x00000000e3400000)
  from space 7680K, 85% used [0x00000000e3400000,0x00000000e3a71c50,0x00000000e3b80000)
  to   space 8192K, 0% used [0x00000000e4980000,0x00000000e4980000,0x00000000e5180000)
 ParOldGen       total 35840K, used 13836K [0x00000000a0000000, 0x00000000a2300000, 0x00000000e0000000)
  object space 35840K, 38% used [0x00000000a0000000,0x00000000a0d83388,0x00000000a2300000)
 Metaspace       used 34737K, capacity 35346K, committed 35496K, reserved 1079296K
  class space    used 4847K, capacity 5093K, committed 5168K, reserved 1048576K
Event: 19.545 GC heap after
Heap after GC invocations=15 (full 2):
 PSYoungGen      total 60928K, used 0K [0x00000000e0000000, 0x00000000e5180000, 0x0000000100000000)
  eden space 53248K, 0% used [0x00000000e0000000,0x00000000e0000000,0x00000000e3400000)
  from space 7680K, 0% used [0x00000000e3400000,0x00000000e3400000,0x00000000e3b80000)
  to   space 8192K, 0% used [0x00000000e4980000,0x00000000e4980000,0x00000000e5180000)
 ParOldGen       total 56832K, used 16802K [0x00000000a0000000, 0x00000000a3780000, 0x00000000e0000000)
  object space 56832K, 29% used [0x00000000a0000000,0x00000000a1068818,0x00000000a3780000)
 Metaspace       used 34737K, capacity 35346K, committed 35496K, reserved 1079296K
  class space    used 4847K, capacity 5093K, committed 5168K, reserved 1048576K
}
Event: 25.936 GC heap before
{Heap before GC invocations=16 (full 2):
 PSYoungGen      total 60928K, used 53248K [0x00000000e0000000, 0x00000000e5180000, 0x0000000100000000)
  eden space 53248K, 100% used [0x00000000e0000000,0x00000000e3400000,0x00000000e3400000)
  from space 7680K, 0% used [0x00000000e3400000,0x00000000e3400000,0x00000000e3b80000)
  to   space 8192K, 0% used [0x00000000e4980000,0x00000000e4980000,0x00000000e5180000)
 ParOldGen       total 56832K, used 16802K [0x00000000a0000000, 0x00000000a3780000, 0x00000000e0000000)
  object space 56832K, 29% used [0x00000000a0000000,0x00000000a1068818,0x00000000a3780000)
 Metaspace       used 40272K, capacity 41018K, committed 41392K, reserved 1085440K
  class space    used 5489K, capacity 5759K, committed 5808K, reserved 1048576K
Event: 25.949 GC heap after
Heap after GC invocations=16 (full 2):
 PSYoungGen      total 74240K, used 8013K [0x00000000e0000000, 0x00000000e5380000, 0x0000000100000000)
  eden space 66048K, 0% used [0x00000000e0000000,0x00000000e0000000,0x00000000e4080000)
  from space 8192K, 97% used [0x00000000e4980000,0x00000000e51534d8,0x00000000e5180000)
  to   space 9216K, 0% used [0x00000000e4080000,0x00000000e4080000,0x00000000e4980000)
 ParOldGen       total 56832K, used 16810K [0x00000000a0000000, 0x00000000a3780000, 0x00000000e0000000)
  object space 56832K, 29% used [0x00000000a0000000,0x00000000a106a818,0x00000000a3780000)
 Metaspace       used 40272K, capacity 41018K, committed 41392K, reserved 1085440K
  class space    used 5489K, capacity 5759K, committed 5808K, reserved 1048576K
}

