# JRE version: OpenJDK Runtime Environment (8.0_152-b01) (build 1.8.0_152-release-1248-b01)
# Java VM: OpenJDK 64-Bit Server VM (25.152-b01 mixed mode windows-amd64 compressed oops)
Heap:
 PSYoungGen      total 232960K, used 97910K [0x00000000e0000000, 0x00000000f0680000, 0x0000000100000000)
  eden space 197120K, 49% used [0x00000000e0000000,0x00000000e5f07440,0x00000000ec080000)
  from space 35840K, 1% used [0x00000000ec080000,0x00000000ec1166e0,0x00000000ee380000)
  to   space 34304K, 0% used [0x00000000ee500000,0x00000000ee500000,0x00000000f0680000)
 ParOldGen       total 183296K, used 120061K [0x00000000a0000000, 0x00000000ab300000, 0x00000000e0000000)
  object space 183296K, 65% used [0x00000000a0000000,0x00000000a753f760,0x00000000ab300000)
 Metaspace       used 72503K, capacity 74994K, committed 75264K, reserved 1114112K
  class space    used 9525K, capacity 10121K, committed 10240K, reserved 1048576K
GC Heap History (10 events):
Event: 54.893 GC heap before
{Heap before GC invocations=29 (full 4):
 PSYoungGen      total 169472K, used 157618K [0x00000000e0000000, 0x00000000ecf00000, 0x0000000100000000)
  eden space 134144K, 99% used [0x00000000e0000000,0x00000000e828d648,0x00000000e8300000)
  from space 35328K, 67% used [0x00000000ea780000,0x00000000ebedf440,0x00000000eca00000)
  to   space 37376K, 0% used [0x00000000e8300000,0x00000000e8300000,0x00000000ea780000)
 ParOldGen       total 183296K, used 102857K [0x00000000a0000000, 0x00000000ab300000, 0x00000000e0000000)
  object space 183296K, 56% used [0x00000000a0000000,0x00000000a6472538,0x00000000ab300000)
 Metaspace       used 69059K, capacity 71354K, committed 71552K, reserved 1112064K
  class space    used 9275K, capacity 9833K, committed 9856K, reserved 1048576K
Event: 54.908 GC heap after
Heap after GC invocations=29 (full 4):
 PSYoungGen      total 171520K, used 17389K [0x00000000e0000000, 0x00000000ee400000, 0x0000000100000000)
  eden space 134144K, 0% used [0x00000000e0000000,0x00000000e0000000,0x00000000e8300000)
  from space 37376K, 46% used [0x00000000e8300000,0x00000000e93fb7c0,0x00000000ea780000)
  to   space 36352K, 0% used [0x00000000ec080000,0x00000000ec080000,0x00000000ee400000)
 ParOldGen       total 183296K, used 102865K [0x00000000a0000000, 0x00000000ab300000, 0x00000000e0000000)
  object space 183296K, 56% used [0x00000000a0000000,0x00000000a6474538,0x00000000ab300000)
 Metaspace       used 69059K, capacity 71354K, committed 71552K, reserved 1112064K
  class space    used 9275K, capacity 9833K, committed 9856K, reserved 1048576K
}
Event: 54.934 GC heap before
{Heap before GC invocations=30 (full 4):
 PSYoungGen      total 171520K, used 151110K [0x00000000e0000000, 0x00000000ee400000, 0x0000000100000000)
  eden space 134144K, 99% used [0x00000000e0000000,0x00000000e82963e0,0x00000000e8300000)
  from space 37376K, 46% used [0x00000000e8300000,0x00000000e93fb7c0,0x00000000ea780000)
  to   space 36352K, 0% used [0x00000000ec080000,0x00000000ec080000,0x00000000ee400000)
 ParOldGen       total 183296K, used 102865K [0x00000000a0000000, 0x00000000ab300000, 0x00000000e0000000)
  object space 183296K, 56% used [0x00000000a0000000,0x00000000a6474538,0x00000000ab300000)
 Metaspace       used 69062K, capacity 71354K, committed 71552K, reserved 1112064K
  class space    used 9275K, capacity 9833K, committed 9856K, reserved 1048576K
Event: 54.948 GC heap after
Heap after GC invocations=30 (full 4):
 PSYoungGen      total 197120K, used 96K [0x00000000e0000000, 0x00000000ee900000, 0x0000000100000000)
  eden space 160768K, 0% used [0x00000000e0000000,0x00000000e0000000,0x00000000e9d00000)
  from space 36352K, 0% used [0x00000000ec080000,0x00000000ec098000,0x00000000ee400000)
  to   space 36352K, 0% used [0x00000000e9d00000,0x00000000e9d00000,0x00000000ec080000)
 ParOldGen       total 183296K, used 119981K [0x00000000a0000000, 0x00000000ab300000, 0x00000000e0000000)
  object space 183296K, 65% used [0x00000000a0000000,0x00000000a752b760,0x00000000ab300000)
 Metaspace       used 69062K, capacity 71354K, committed 71552K, reserved 1112064K
  class space    used 9275K, capacity 9833K, committed 9856K, reserved 1048576K
}
Event: 54.999 GC heap before
{Heap before GC invocations=31 (full 4):
 PSYoungGen      total 197120K, used 160184K [0x00000000e0000000, 0x00000000ee900000, 0x0000000100000000)
  eden space 160768K, 99% used [0x00000000e0000000,0x00000000e9c56050,0x00000000e9d00000)
  from space 36352K, 0% used [0x00000000ec080000,0x00000000ec098000,0x00000000ee400000)
  to   space 36352K, 0% used [0x00000000e9d00000,0x00000000e9d00000,0x00000000ec080000)
 ParOldGen       total 183296K, used 119981K [0x00000000a0000000, 0x00000000ab300000, 0x00000000e0000000)
  object space 183296K, 65% used [0x00000000a0000000,0x00000000a752b760,0x00000000ab300000)
 Metaspace       used 69067K, capacity 71354K, committed 71552K, reserved 1112064K
  class space    used 9275K, capacity 9833K, committed 9856K, reserved 1048576K
Event: 55.005 GC heap after
Heap after GC invocations=31 (full 4):
 PSYoungGen      total 197120K, used 64K [0x00000000e0000000, 0x00000000f0880000, 0x0000000100000000)
  eden space 160768K, 0% used [0x00000000e0000000,0x00000000e0000000,0x00000000e9d00000)
  from space 36352K, 0% used [0x00000000e9d00000,0x00000000e9d10000,0x00000000ec080000)
  to   space 36352K, 0% used [0x00000000ee500000,0x00000000ee500000,0x00000000f0880000)
 ParOldGen       total 183296K, used 120005K [0x00000000a0000000, 0x00000000ab300000, 0x00000000e0000000)
  object space 183296K, 65% used [0x00000000a0000000,0x00000000a7531760,0x00000000ab300000)
 Metaspace       used 69067K, capacity 71354K, committed 71552K, reserved 1112064K
  class space    used 9275K, capacity 9833K, committed 9856K, reserved 1048576K
}
Event: 55.070 GC heap before
{Heap before GC invocations=32 (full 4):
 PSYoungGen      total 197120K, used 160432K [0x00000000e0000000, 0x00000000f0880000, 0x0000000100000000)
  eden space 160768K, 99% used [0x00000000e0000000,0x00000000e9c9c290,0x00000000e9d00000)
  from space 36352K, 0% used [0x00000000e9d00000,0x00000000e9d10000,0x00000000ec080000)
  to   space 36352K, 0% used [0x00000000ee500000,0x00000000ee500000,0x00000000f0880000)
 ParOldGen       total 183296K, used 120005K [0x00000000a0000000, 0x00000000ab300000, 0x00000000e0000000)
  object space 183296K, 65% used [0x00000000a0000000,0x00000000a7531760,0x00000000ab300000)
 Metaspace       used 69068K, capacity 71354K, committed 71552K, reserved 1112064K
  class space    used 9275K, capacity 9833K, committed 9856K, reserved 1048576K
Event: 55.074 GC heap after
Heap after GC invocations=32 (full 4):
 PSYoungGen      total 231424K, used 96K [0x00000000e0000000, 0x00000000f0680000, 0x0000000100000000)
  eden space 197120K, 0% used [0x00000000e0000000,0x00000000e0000000,0x00000000ec080000)
  from space 34304K, 0% used [0x00000000ee500000,0x00000000ee518000,0x00000000f0680000)
  to   space 35840K, 0% used [0x00000000ec080000,0x00000000ec080000,0x00000000ee380000)
 ParOldGen       total 183296K, used 120029K [0x00000000a0000000, 0x00000000ab300000, 0x00000000e0000000)
  object space 183296K, 65% used [0x00000000a0000000,0x00000000a7537760,0x00000000ab300000)
 Metaspace       used 69068K, capacity 71354K, committed 71552K, reserved 1112064K
  class space    used 9275K, capacity 9833K, committed 9856K, reserved 1048576K
}
Event: 55.557 GC heap before
{Heap before GC invocations=33 (full 4):
 PSYoungGen      total 231424K, used 197216K [0x00000000e0000000, 0x00000000f0680000, 0x0000000100000000)
  eden space 197120K, 100% used [0x00000000e0000000,0x00000000ec080000,0x00000000ec080000)
  from space 34304K, 0% used [0x00000000ee500000,0x00000000ee518000,0x00000000f0680000)
  to   space 35840K, 0% used [0x00000000ec080000,0x00000000ec080000,0x00000000ee380000)
 ParOldGen       total 183296K, used 120029K [0x00000000a0000000, 0x00000000ab300000, 0x00000000e0000000)
  object space 183296K, 65% used [0x00000000a0000000,0x00000000a7537760,0x00000000ab300000)
 Metaspace       used 69394K, capacity 71776K, committed 71936K, reserved 1112064K
  class space    used 9322K, capacity 9880K, committed 9984K, reserved 1048576K
Event: 55.561 GC heap after
Heap after GC invocations=33 (full 4):
 PSYoungGen      total 232960K, used 601K [0x00000000e0000000, 0x00000000f0680000, 0x0000000100000000)
  eden space 197120K, 0% used [0x00000000e0000000,0x00000000e0000000,0x00000000ec080000)
  from space 35840K, 1% used [0x00000000ec080000,0x00000000ec1166e0,0x00000000ee380000)
  to   space 34304K, 0% used [0x00000000ee500000,0x00000000ee500000,0x00000000f0680000)
 ParOldGen       total 183296K, used 120061K [0x00000000a0000000, 0x00000000ab300000, 0x00000000e0000000)
  object space 183296K, 65% used [0x00000000a0000000,0x00000000a753f760,0x00000000ab300000)
 Metaspace       used 69394K, capacity 71776K, committed 71936K, reserved 1112064K
  class space    used 9322K, capacity 9880K, committed 9984K, reserved 1048576K
}

