# JRE version: OpenJDK Runtime Environment (8.0_152-b01) (build 1.8.0_152-release-1248-b01)
# Java VM: OpenJDK 64-Bit Server VM (25.152-b01 mixed mode windows-amd64 compressed oops)
Heap:
 PSYoungGen      total 232448K, used 67225K [0x00000000e0000000, 0x00000000f1b00000, 0x0000000100000000)
  eden space 178176K, 33% used [0x00000000e0000000,0x00000000e3982588,0x00000000eae00000)
  from space 54272K, 15% used [0x00000000ee600000,0x00000000eee24070,0x00000000f1b00000)
  to   space 55808K, 0% used [0x00000000eae00000,0x00000000eae00000,0x00000000ee480000)
 ParOldGen       total 163840K, used 115338K [0x00000000a0000000, 0x00000000aa000000, 0x00000000e0000000)
  object space 163840K, 70% used [0x00000000a0000000,0x00000000a70a2b98,0x00000000aa000000)
 Metaspace       used 82304K, capacity 85260K, committed 85424K, reserved 1124352K
  class space    used 10731K, capacity 11400K, committed 11440K, reserved 1048576K
GC Heap History (10 events):
Event: 990.349 GC heap before
{Heap before GC invocations=29 (full 4):
 PSYoungGen      total 177152K, used 163835K [0x00000000e0000000, 0x00000000ed180000, 0x0000000100000000)
  eden space 141824K, 100% used [0x00000000e0000000,0x00000000e8a80000,0x00000000e8a80000)
  from space 35328K, 62% used [0x00000000eaf00000,0x00000000ec47ec58,0x00000000ed180000)
  to   space 36352K, 0% used [0x00000000e8a80000,0x00000000e8a80000,0x00000000eae00000)
 ParOldGen       total 163840K, used 100791K [0x00000000a0000000, 0x00000000aa000000, 0x00000000e0000000)
  object space 163840K, 61% used [0x00000000a0000000,0x00000000a626ded0,0x00000000aa000000)
 Metaspace       used 81468K, capacity 84462K, committed 84656K, reserved 1122304K
  class space    used 10722K, capacity 11387K, committed 11440K, reserved 1048576K
Event: 990.373 GC heap after
Heap after GC invocations=29 (full 4):
 PSYoungGen      total 178176K, used 9363K [0x00000000e0000000, 0x00000000edf00000, 0x0000000100000000)
  eden space 141824K, 0% used [0x00000000e0000000,0x00000000e0000000,0x00000000e8a80000)
  from space 36352K, 25% used [0x00000000e8a80000,0x00000000e93a4f70,0x00000000eae00000)
  to   space 34816K, 0% used [0x00000000ebd00000,0x00000000ebd00000,0x00000000edf00000)
 ParOldGen       total 163840K, used 100799K [0x00000000a0000000, 0x00000000aa000000, 0x00000000e0000000)
  object space 163840K, 61% used [0x00000000a0000000,0x00000000a626fed0,0x00000000aa000000)
 Metaspace       used 81468K, capacity 84462K, committed 84656K, reserved 1122304K
  class space    used 10722K, capacity 11387K, committed 11440K, reserved 1048576K
}
Event: 995.584 GC heap before
{Heap before GC invocations=30 (full 4):
 PSYoungGen      total 178176K, used 151187K [0x00000000e0000000, 0x00000000edf00000, 0x0000000100000000)
  eden space 141824K, 100% used [0x00000000e0000000,0x00000000e8a80000,0x00000000e8a80000)
  from space 36352K, 25% used [0x00000000e8a80000,0x00000000e93a4f70,0x00000000eae00000)
  to   space 34816K, 0% used [0x00000000ebd00000,0x00000000ebd00000,0x00000000edf00000)
 ParOldGen       total 163840K, used 100799K [0x00000000a0000000, 0x00000000aa000000, 0x00000000e0000000)
  object space 163840K, 61% used [0x00000000a0000000,0x00000000a626fed0,0x00000000aa000000)
 Metaspace       used 81841K, capacity 84800K, committed 84912K, reserved 1122304K
  class space    used 10723K, capacity 11388K, committed 11440K, reserved 1048576K
Event: 995.666 GC heap after
Heap after GC invocations=30 (full 4):
 PSYoungGen      total 189952K, used 28275K [0x00000000e0000000, 0x00000000ee580000, 0x0000000100000000)
  eden space 155136K, 0% used [0x00000000e0000000,0x00000000e0000000,0x00000000e9780000)
  from space 34816K, 81% used [0x00000000ebd00000,0x00000000ed89cdb8,0x00000000edf00000)
  to   space 38400K, 0% used [0x00000000e9780000,0x00000000e9780000,0x00000000ebd00000)
 ParOldGen       total 163840K, used 100799K [0x00000000a0000000, 0x00000000aa000000, 0x00000000e0000000)
  object space 163840K, 61% used [0x00000000a0000000,0x00000000a626fed0,0x00000000aa000000)
 Metaspace       used 81841K, capacity 84800K, committed 84912K, reserved 1122304K
  class space    used 10723K, capacity 11388K, committed 11440K, reserved 1048576K
}
Event: 1000.122 GC heap before
{Heap before GC invocations=31 (full 4):
 PSYoungGen      total 189952K, used 183411K [0x00000000e0000000, 0x00000000ee580000, 0x0000000100000000)
  eden space 155136K, 100% used [0x00000000e0000000,0x00000000e9780000,0x00000000e9780000)
  from space 34816K, 81% used [0x00000000ebd00000,0x00000000ed89cdb8,0x00000000edf00000)
  to   space 38400K, 0% used [0x00000000e9780000,0x00000000e9780000,0x00000000ebd00000)
 ParOldGen       total 163840K, used 100799K [0x00000000a0000000, 0x00000000aa000000, 0x00000000e0000000)
  object space 163840K, 61% used [0x00000000a0000000,0x00000000a626fed0,0x00000000aa000000)
 Metaspace       used 81869K, capacity 84800K, committed 84912K, reserved 1122304K
  class space    used 10724K, capacity 11388K, committed 11440K, reserved 1048576K
Event: 1000.381 GC heap after
Heap after GC invocations=31 (full 4):
 PSYoungGen      total 193536K, used 38368K [0x00000000e0000000, 0x00000000f1e80000, 0x0000000100000000)
  eden space 155136K, 0% used [0x00000000e0000000,0x00000000e0000000,0x00000000e9780000)
  from space 38400K, 99% used [0x00000000e9780000,0x00000000ebcf81b8,0x00000000ebd00000)
  to   space 57856K, 0% used [0x00000000ee600000,0x00000000ee600000,0x00000000f1e80000)
 ParOldGen       total 163840K, used 135236K [0x00000000a0000000, 0x00000000aa000000, 0x00000000e0000000)
  object space 163840K, 82% used [0x00000000a0000000,0x00000000a84113a0,0x00000000aa000000)
 Metaspace       used 81869K, capacity 84800K, committed 84912K, reserved 1122304K
  class space    used 10724K, capacity 11388K, committed 11440K, reserved 1048576K
}
Event: 1000.381 GC heap before
{Heap before GC invocations=32 (full 5):
 PSYoungGen      total 193536K, used 38368K [0x00000000e0000000, 0x00000000f1e80000, 0x0000000100000000)
  eden space 155136K, 0% used [0x00000000e0000000,0x00000000e0000000,0x00000000e9780000)
  from space 38400K, 99% used [0x00000000e9780000,0x00000000ebcf81b8,0x00000000ebd00000)
  to   space 57856K, 0% used [0x00000000ee600000,0x00000000ee600000,0x00000000f1e80000)
 ParOldGen       total 163840K, used 135236K [0x00000000a0000000, 0x00000000aa000000, 0x00000000e0000000)
  object space 163840K, 82% used [0x00000000a0000000,0x00000000a84113a0,0x00000000aa000000)
 Metaspace       used 81869K, capacity 84800K, committed 84912K, reserved 1122304K
  class space    used 10724K, capacity 11388K, committed 11440K, reserved 1048576K
Event: 1001.465 GC heap after
Heap after GC invocations=32 (full 5):
 PSYoungGen      total 193536K, used 0K [0x00000000e0000000, 0x00000000f1e80000, 0x0000000100000000)
  eden space 155136K, 0% used [0x00000000e0000000,0x00000000e0000000,0x00000000e9780000)
  from space 38400K, 0% used [0x00000000e9780000,0x00000000e9780000,0x00000000ebd00000)
  to   space 57856K, 0% used [0x00000000ee600000,0x00000000ee600000,0x00000000f1e80000)
 ParOldGen       total 163840K, used 115330K [0x00000000a0000000, 0x00000000aa000000, 0x00000000e0000000)
  object space 163840K, 70% used [0x00000000a0000000,0x00000000a70a0b98,0x00000000aa000000)
 Metaspace       used 81869K, capacity 84800K, committed 84912K, reserved 1122304K
  class space    used 10724K, capacity 11388K, committed 11440K, reserved 1048576K
}
Event: 1004.738 GC heap before
{Heap before GC invocations=33 (full 5):
 PSYoungGen      total 193536K, used 155136K [0x00000000e0000000, 0x00000000f1e80000, 0x0000000100000000)
  eden space 155136K, 100% used [0x00000000e0000000,0x00000000e9780000,0x00000000e9780000)
  from space 38400K, 0% used [0x00000000e9780000,0x00000000e9780000,0x00000000ebd00000)
  to   space 57856K, 0% used [0x00000000ee600000,0x00000000ee600000,0x00000000f1e80000)
 ParOldGen       total 163840K, used 115330K [0x00000000a0000000, 0x00000000aa000000, 0x00000000e0000000)
  object space 163840K, 70% used [0x00000000a0000000,0x00000000a70a0b98,0x00000000aa000000)
 Metaspace       used 81940K, capacity 84938K, committed 85168K, reserved 1122304K
  class space    used 10725K, capacity 11389K, committed 11440K, reserved 1048576K
Event: 1004.759 GC heap after
Heap after GC invocations=33 (full 5):
 PSYoungGen      total 232448K, used 8336K [0x00000000e0000000, 0x00000000f1b00000, 0x0000000100000000)
  eden space 178176K, 0% used [0x00000000e0000000,0x00000000e0000000,0x00000000eae00000)
  from space 54272K, 15% used [0x00000000ee600000,0x00000000eee24070,0x00000000f1b00000)
  to   space 55808K, 0% used [0x00000000eae00000,0x00000000eae00000,0x00000000ee480000)
 ParOldGen       total 163840K, used 115338K [0x00000000a0000000, 0x00000000aa000000, 0x00000000e0000000)
  object space 163840K, 70% used [0x00000000a0000000,0x00000000a70a2b98,0x00000000aa000000)
 Metaspace       used 81940K, capacity 84938K, committed 85168K, reserved 1122304K
  class space    used 10725K, capacity 11389K, committed 11440K, reserved 1048576K
}

