# JRE version: OpenJDK Runtime Environment (8.0_152-b01) (build 1.8.0_152-release-1248-b01)
# Java VM: OpenJDK 64-Bit Server VM (25.152-b01 mixed mode windows-amd64 compressed oops)
Heap:
 PSYoungGen      total 186880K, used 82718K [0x00000000e0000000, 0x00000000ec680000, 0x0000000100000000)
  eden space 174592K, 42% used [0x00000000e0000000,0x00000000e47ff4a0,0x00000000eaa80000)
  from space 12288K, 73% used [0x00000000eb700000,0x00000000ebfc83f0,0x00000000ec300000)
  to   space 12800K, 0% used [0x00000000eaa80000,0x00000000eaa80000,0x00000000eb700000)
 ParOldGen       total 91136K, used 49183K [0x00000000a0000000, 0x00000000a5900000, 0x00000000e0000000)
  object space 91136K, 53% used [0x00000000a0000000,0x00000000a3007cd0,0x00000000a5900000)
 Metaspace       used 69694K, capacity 72022K, committed 72112K, reserved 1112064K
  class space    used 9260K, capacity 9854K, committed 9904K, reserved 1048576K
GC Heap History (10 events):
Event: 38.225 GC heap before
{Heap before GC invocations=25 (full 3):
 PSYoungGen      total 133632K, used 121617K [0x00000000e0000000, 0x00000000e9e80000, 0x0000000100000000)
  eden space 118784K, 100% used [0x00000000e0000000,0x00000000e7400000,0x00000000e7400000)
  from space 14848K, 19% used [0x00000000e7400000,0x00000000e76c4558,0x00000000e8280000)
  to   space 14336K, 0% used [0x00000000e9080000,0x00000000e9080000,0x00000000e9e80000)
 ParOldGen       total 91136K, used 49167K [0x00000000a0000000, 0x00000000a5900000, 0x00000000e0000000)
  object space 91136K, 53% used [0x00000000a0000000,0x00000000a3003cd0,0x00000000a5900000)
 Metaspace       used 69252K, capacity 71556K, committed 71856K, reserved 1112064K
  class space    used 9225K, capacity 9777K, committed 9904K, reserved 1048576K
Event: 38.251 GC heap after
Heap after GC invocations=25 (full 3):
 PSYoungGen      total 148480K, used 5350K [0x00000000e0000000, 0x00000000e9e80000, 0x0000000100000000)
  eden space 134144K, 0% used [0x00000000e0000000,0x00000000e0000000,0x00000000e8300000)
  from space 14336K, 37% used [0x00000000e9080000,0x00000000e95b9bd8,0x00000000e9e80000)
  to   space 13824K, 0% used [0x00000000e8300000,0x00000000e8300000,0x00000000e9080000)
 ParOldGen       total 91136K, used 49175K [0x00000000a0000000, 0x00000000a5900000, 0x00000000e0000000)
  object space 91136K, 53% used [0x00000000a0000000,0x00000000a3005cd0,0x00000000a5900000)
 Metaspace       used 69252K, capacity 71556K, committed 71856K, reserved 1112064K
  class space    used 9225K, capacity 9777K, committed 9904K, reserved 1048576K
}
Event: 39.619 GC heap before
{Heap before GC invocations=26 (full 3):
 PSYoungGen      total 148480K, used 139494K [0x00000000e0000000, 0x00000000e9e80000, 0x0000000100000000)
  eden space 134144K, 100% used [0x00000000e0000000,0x00000000e8300000,0x00000000e8300000)
  from space 14336K, 37% used [0x00000000e9080000,0x00000000e95b9bd8,0x00000000e9e80000)
  to   space 13824K, 0% used [0x00000000e8300000,0x00000000e8300000,0x00000000e9080000)
 ParOldGen       total 91136K, used 49175K [0x00000000a0000000, 0x00000000a5900000, 0x00000000e0000000)
  object space 91136K, 53% used [0x00000000a0000000,0x00000000a3005cd0,0x00000000a5900000)
 Metaspace       used 69526K, capacity 71896K, committed 72112K, reserved 1112064K
  class space    used 9253K, capacity 9817K, committed 9904K, reserved 1048576K
Event: 39.651 GC heap after
Heap after GC invocations=26 (full 3):
 PSYoungGen      total 147968K, used 5985K [0x00000000e0000000, 0x00000000eb080000, 0x0000000100000000)
  eden space 134144K, 0% used [0x00000000e0000000,0x00000000e0000000,0x00000000e8300000)
  from space 13824K, 43% used [0x00000000e8300000,0x00000000e88d8680,0x00000000e9080000)
  to   space 12800K, 0% used [0x00000000ea400000,0x00000000ea400000,0x00000000eb080000)
 ParOldGen       total 91136K, used 49175K [0x00000000a0000000, 0x00000000a5900000, 0x00000000e0000000)
  object space 91136K, 53% used [0x00000000a0000000,0x00000000a3005cd0,0x00000000a5900000)
 Metaspace       used 69526K, capacity 71896K, committed 72112K, reserved 1112064K
  class space    used 9253K, capacity 9817K, committed 9904K, reserved 1048576K
}
Event: 40.491 GC heap before
{Heap before GC invocations=27 (full 3):
 PSYoungGen      total 147968K, used 140129K [0x00000000e0000000, 0x00000000eb080000, 0x0000000100000000)
  eden space 134144K, 100% used [0x00000000e0000000,0x00000000e8300000,0x00000000e8300000)
  from space 13824K, 43% used [0x00000000e8300000,0x00000000e88d8680,0x00000000e9080000)
  to   space 12800K, 0% used [0x00000000ea400000,0x00000000ea400000,0x00000000eb080000)
 ParOldGen       total 91136K, used 49175K [0x00000000a0000000, 0x00000000a5900000, 0x00000000e0000000)
  object space 91136K, 53% used [0x00000000a0000000,0x00000000a3005cd0,0x00000000a5900000)
 Metaspace       used 69579K, capacity 71908K, committed 72112K, reserved 1112064K
  class space    used 9254K, capacity 9819K, committed 9904K, reserved 1048576K
Event: 40.512 GC heap after
Heap after GC invocations=27 (full 3):
 PSYoungGen      total 168448K, used 6087K [0x00000000e0000000, 0x00000000eb180000, 0x0000000100000000)
  eden space 155648K, 0% used [0x00000000e0000000,0x00000000e0000000,0x00000000e9800000)
  from space 12800K, 47% used [0x00000000ea400000,0x00000000ea9f1c78,0x00000000eb080000)
  to   space 12288K, 0% used [0x00000000e9800000,0x00000000e9800000,0x00000000ea400000)
 ParOldGen       total 91136K, used 49175K [0x00000000a0000000, 0x00000000a5900000, 0x00000000e0000000)
  object space 91136K, 53% used [0x00000000a0000000,0x00000000a3005cd0,0x00000000a5900000)
 Metaspace       used 69579K, capacity 71908K, committed 72112K, reserved 1112064K
  class space    used 9254K, capacity 9819K, committed 9904K, reserved 1048576K
}
Event: 41.847 GC heap before
{Heap before GC invocations=28 (full 3):
 PSYoungGen      total 168448K, used 161735K [0x00000000e0000000, 0x00000000eb180000, 0x0000000100000000)
  eden space 155648K, 100% used [0x00000000e0000000,0x00000000e9800000,0x00000000e9800000)
  from space 12800K, 47% used [0x00000000ea400000,0x00000000ea9f1c78,0x00000000eb080000)
  to   space 12288K, 0% used [0x00000000e9800000,0x00000000e9800000,0x00000000ea400000)
 ParOldGen       total 91136K, used 49175K [0x00000000a0000000, 0x00000000a5900000, 0x00000000e0000000)
  object space 91136K, 53% used [0x00000000a0000000,0x00000000a3005cd0,0x00000000a5900000)
 Metaspace       used 69646K, capacity 72004K, committed 72112K, reserved 1112064K
  class space    used 9257K, capacity 9851K, committed 9904K, reserved 1048576K
Event: 41.864 GC heap after
Heap after GC invocations=28 (full 3):
 PSYoungGen      total 167936K, used 3569K [0x00000000e0000000, 0x00000000ec300000, 0x0000000100000000)
  eden space 155648K, 0% used [0x00000000e0000000,0x00000000e0000000,0x00000000e9800000)
  from space 12288K, 29% used [0x00000000e9800000,0x00000000e9b7c5c0,0x00000000ea400000)
  to   space 12288K, 0% used [0x00000000eb700000,0x00000000eb700000,0x00000000ec300000)
 ParOldGen       total 91136K, used 49183K [0x00000000a0000000, 0x00000000a5900000, 0x00000000e0000000)
  object space 91136K, 53% used [0x00000000a0000000,0x00000000a3007cd0,0x00000000a5900000)
 Metaspace       used 69646K, capacity 72004K, committed 72112K, reserved 1112064K
  class space    used 9257K, capacity 9851K, committed 9904K, reserved 1048576K
}
Event: 42.867 GC heap before
{Heap before GC invocations=29 (full 3):
 PSYoungGen      total 167936K, used 159217K [0x00000000e0000000, 0x00000000ec300000, 0x0000000100000000)
  eden space 155648K, 100% used [0x00000000e0000000,0x00000000e9800000,0x00000000e9800000)
  from space 12288K, 29% used [0x00000000e9800000,0x00000000e9b7c5c0,0x00000000ea400000)
  to   space 12288K, 0% used [0x00000000eb700000,0x00000000eb700000,0x00000000ec300000)
 ParOldGen       total 91136K, used 49183K [0x00000000a0000000, 0x00000000a5900000, 0x00000000e0000000)
  object space 91136K, 53% used [0x00000000a0000000,0x00000000a3007cd0,0x00000000a5900000)
 Metaspace       used 69685K, capacity 72012K, committed 72112K, reserved 1112064K
  class space    used 9259K, capacity 9853K, committed 9904K, reserved 1048576K
Event: 42.896 GC heap after
Heap after GC invocations=29 (full 3):
 PSYoungGen      total 186880K, used 8992K [0x00000000e0000000, 0x00000000ec680000, 0x0000000100000000)
  eden space 174592K, 0% used [0x00000000e0000000,0x00000000e0000000,0x00000000eaa80000)
  from space 12288K, 73% used [0x00000000eb700000,0x00000000ebfc83f0,0x00000000ec300000)
  to   space 12800K, 0% used [0x00000000eaa80000,0x00000000eaa80000,0x00000000eb700000)
 ParOldGen       total 91136K, used 49183K [0x00000000a0000000, 0x00000000a5900000, 0x00000000e0000000)
  object space 91136K, 53% used [0x00000000a0000000,0x00000000a3007cd0,0x00000000a5900000)
 Metaspace       used 69685K, capacity 72012K, committed 72112K, reserved 1112064K
  class space    used 9259K, capacity 9853K, committed 9904K, reserved 1048576K
}

