# JRE version: OpenJDK Runtime Environment (8.0_152-b02) (build 1.8.0_152-release-1024-b02)
# Java VM: OpenJDK 64-Bit Server VM (25.152-b02 mixed mode windows-amd64 compressed oops)
Heap:
 PSYoungGen      total 207872K, used 145455K [0x00000000e0000000, 0x00000000f3400000, 0x0000000100000000)
  eden space 174080K, 83% used [0x00000000e0000000,0x00000000e8e0bf98,0x00000000eaa00000)
  from space 33792K, 0% used [0x00000000ede00000,0x00000000ede00000,0x00000000eff00000)
  to   space 53248K, 0% used [0x00000000eaa00000,0x00000000eaa00000,0x00000000ede00000)
 ParOldGen       total 105984K, used 70179K [0x00000000a0000000, 0x00000000a6780000, 0x00000000e0000000)
  object space 105984K, 66% used [0x00000000a0000000,0x00000000a4488e40,0x00000000a6780000)
 Metaspace       used 75020K, capacity 77850K, committed 78080K, reserved 1116160K
  class space    used 9831K, capacity 10444K, committed 10496K, reserved 1048576K
GC Heap History (10 events):
Event: 35.340 GC heap before
{Heap before GC invocations=19 (full 3):
 PSYoungGen      total 159744K, used 143872K [0x00000000e0000000, 0x00000000ed000000, 0x0000000100000000)
  eden space 143872K, 100% used [0x00000000e0000000,0x00000000e8c80000,0x00000000e8c80000)
  from space 15872K, 0% used [0x00000000e8c80000,0x00000000e8c80000,0x00000000e9c00000)
  to   space 16896K, 0% used [0x00000000ebf80000,0x00000000ebf80000,0x00000000ed000000)
 ParOldGen       total 93696K, used 38661K [0x00000000a0000000, 0x00000000a5b80000, 0x00000000e0000000)
  object space 93696K, 41% used [0x00000000a0000000,0x00000000a25c1720,0x00000000a5b80000)
 Metaspace       used 60850K, capacity 62768K, committed 62976K, reserved 1103872K
  class space    used 8148K, capacity 8629K, committed 8704K, reserved 1048576K
Event: 35.378 GC heap after
Heap after GC invocations=19 (full 3):
 PSYoungGen      total 188928K, used 16870K [0x00000000e0000000, 0x00000000ed000000, 0x0000000100000000)
  eden space 172032K, 0% used [0x00000000e0000000,0x00000000e0000000,0x00000000ea800000)
  from space 16896K, 99% used [0x00000000ebf80000,0x00000000ecff9a00,0x00000000ed000000)
  to   space 20480K, 0% used [0x00000000ea800000,0x00000000ea800000,0x00000000ebc00000)
 ParOldGen       total 93696K, used 40998K [0x00000000a0000000, 0x00000000a5b80000, 0x00000000e0000000)
  object space 93696K, 43% used [0x00000000a0000000,0x00000000a2809ad0,0x00000000a5b80000)
 Metaspace       used 60850K, capacity 62768K, committed 62976K, reserved 1103872K
  class space    used 8148K, capacity 8629K, committed 8704K, reserved 1048576K
}
Event: 48.243 GC heap before
{Heap before GC invocations=20 (full 3):
 PSYoungGen      total 188928K, used 188902K [0x00000000e0000000, 0x00000000ed000000, 0x0000000100000000)
  eden space 172032K, 100% used [0x00000000e0000000,0x00000000ea800000,0x00000000ea800000)
  from space 16896K, 99% used [0x00000000ebf80000,0x00000000ecff9a00,0x00000000ed000000)
  to   space 20480K, 0% used [0x00000000ea800000,0x00000000ea800000,0x00000000ebc00000)
 ParOldGen       total 93696K, used 40998K [0x00000000a0000000, 0x00000000a5b80000, 0x00000000e0000000)
  object space 93696K, 43% used [0x00000000a0000000,0x00000000a2809ad0,0x00000000a5b80000)
 Metaspace       used 69039K, capacity 72066K, committed 72192K, reserved 1112064K
  class space    used 9233K, capacity 9860K, committed 9984K, reserved 1048576K
Event: 48.332 GC heap after
Heap after GC invocations=20 (full 3):
 PSYoungGen      total 192512K, used 20454K [0x00000000e0000000, 0x00000000eff00000, 0x0000000100000000)
  eden space 172032K, 0% used [0x00000000e0000000,0x00000000e0000000,0x00000000ea800000)
  from space 20480K, 99% used [0x00000000ea800000,0x00000000ebbf9bc8,0x00000000ebc00000)
  to   space 33792K, 0% used [0x00000000ede00000,0x00000000ede00000,0x00000000eff00000)
 ParOldGen       total 93696K, used 68678K [0x00000000a0000000, 0x00000000a5b80000, 0x00000000e0000000)
  object space 93696K, 73% used [0x00000000a0000000,0x00000000a4311930,0x00000000a5b80000)
 Metaspace       used 69039K, capacity 72066K, committed 72192K, reserved 1112064K
  class space    used 9233K, capacity 9860K, committed 9984K, reserved 1048576K
}
Event: 52.119 GC heap before
{Heap before GC invocations=21 (full 3):
 PSYoungGen      total 192512K, used 189188K [0x00000000e0000000, 0x00000000eff00000, 0x0000000100000000)
  eden space 172032K, 98% used [0x00000000e0000000,0x00000000ea4c77b0,0x00000000ea800000)
  from space 20480K, 99% used [0x00000000ea800000,0x00000000ebbf9bc8,0x00000000ebc00000)
  to   space 33792K, 0% used [0x00000000ede00000,0x00000000ede00000,0x00000000eff00000)
 ParOldGen       total 93696K, used 68678K [0x00000000a0000000, 0x00000000a5b80000, 0x00000000e0000000)
  object space 93696K, 73% used [0x00000000a0000000,0x00000000a4311930,0x00000000a5b80000)
 Metaspace       used 70011K, capacity 73070K, committed 73216K, reserved 1112064K
  class space    used 9350K, capacity 9978K, committed 9984K, reserved 1048576K
Event: 52.359 GC heap after
Heap after GC invocations=21 (full 3):
 PSYoungGen      total 207872K, used 33789K [0x00000000e0000000, 0x00000000f3400000, 0x0000000100000000)
  eden space 174080K, 0% used [0x00000000e0000000,0x00000000e0000000,0x00000000eaa00000)
  from space 33792K, 99% used [0x00000000ede00000,0x00000000efeff6c8,0x00000000eff00000)
  to   space 53248K, 0% used [0x00000000eaa00000,0x00000000eaa00000,0x00000000ede00000)
 ParOldGen       total 105984K, used 105630K [0x00000000a0000000, 0x00000000a6780000, 0x00000000e0000000)
  object space 105984K, 99% used [0x00000000a0000000,0x00000000a6727bf8,0x00000000a6780000)
 Metaspace       used 70011K, capacity 73070K, committed 73216K, reserved 1112064K
  class space    used 9350K, capacity 9978K, committed 9984K, reserved 1048576K
}
Event: 52.359 GC heap before
{Heap before GC invocations=22 (full 4):
 PSYoungGen      total 207872K, used 33789K [0x00000000e0000000, 0x00000000f3400000, 0x0000000100000000)
  eden space 174080K, 0% used [0x00000000e0000000,0x00000000e0000000,0x00000000eaa00000)
  from space 33792K, 99% used [0x00000000ede00000,0x00000000efeff6c8,0x00000000eff00000)
  to   space 53248K, 0% used [0x00000000eaa00000,0x00000000eaa00000,0x00000000ede00000)
 ParOldGen       total 105984K, used 105630K [0x00000000a0000000, 0x00000000a6780000, 0x00000000e0000000)
  object space 105984K, 99% used [0x00000000a0000000,0x00000000a6727bf8,0x00000000a6780000)
 Metaspace       used 70011K, capacity 73070K, committed 73216K, reserved 1112064K
  class space    used 9350K, capacity 9978K, committed 9984K, reserved 1048576K
Event: 54.095 GC heap after
Heap after GC invocations=22 (full 4):
 PSYoungGen      total 207872K, used 8657K [0x00000000e0000000, 0x00000000f3400000, 0x0000000100000000)
  eden space 174080K, 0% used [0x00000000e0000000,0x00000000e0000000,0x00000000eaa00000)
  from space 33792K, 25% used [0x00000000ede00000,0x00000000ee674538,0x00000000eff00000)
  to   space 53248K, 0% used [0x00000000eaa00000,0x00000000eaa00000,0x00000000ede00000)
 ParOldGen       total 105984K, used 105722K [0x00000000a0000000, 0x00000000a6780000, 0x00000000e0000000)
  object space 105984K, 99% used [0x00000000a0000000,0x00000000a673e8a8,0x00000000a6780000)
 Metaspace       used 69709K, capacity 72250K, committed 73216K, reserved 1112064K
  class space    used 9245K, capacity 9794K, committed 9984K, reserved 1048576K
}
Event: 59.166 GC heap before
{Heap before GC invocations=23 (full 5):
 PSYoungGen      total 207872K, used 181907K [0x00000000e0000000, 0x00000000f3400000, 0x0000000100000000)
  eden space 174080K, 99% used [0x00000000e0000000,0x00000000ea9308d0,0x00000000eaa00000)
  from space 33792K, 25% used [0x00000000ede00000,0x00000000ee674538,0x00000000eff00000)
  to   space 53248K, 0% used [0x00000000eaa00000,0x00000000eaa00000,0x00000000ede00000)
 ParOldGen       total 105984K, used 105722K [0x00000000a0000000, 0x00000000a6780000, 0x00000000e0000000)
  object space 105984K, 99% used [0x00000000a0000000,0x00000000a673e8a8,0x00000000a6780000)
 Metaspace       used 71966K, capacity 74714K, committed 75264K, reserved 1114112K
  class space    used 9505K, capacity 10120K, committed 10240K, reserved 1048576K
Event: 59.394 GC heap after
Heap after GC invocations=23 (full 5):
 PSYoungGen      total 207872K, used 0K [0x00000000e0000000, 0x00000000f3400000, 0x0000000100000000)
  eden space 174080K, 0% used [0x00000000e0000000,0x00000000e0000000,0x00000000eaa00000)
  from space 33792K, 0% used [0x00000000ede00000,0x00000000ede00000,0x00000000eff00000)
  to   space 53248K, 0% used [0x00000000eaa00000,0x00000000eaa00000,0x00000000ede00000)
 ParOldGen       total 105984K, used 70179K [0x00000000a0000000, 0x00000000a6780000, 0x00000000e0000000)
  object space 105984K, 66% used [0x00000000a0000000,0x00000000a4488e40,0x00000000a6780000)
 Metaspace       used 71966K, capacity 74714K, committed 75264K, reserved 1114112K
  class space    used 9505K, capacity 10120K, committed 10240K, reserved 1048576K
}

