# JRE version: Java(TM) SE Runtime Environment (8.0_201-b09) (build 1.8.0_201-b09)
# Java VM: Java HotSpot(TM) 64-Bit Server VM (25.201-b09 mixed mode windows-amd64 compressed oops)
Heap:
 PSYoungGen      total 59904K, used 53682K [0x00000000eab00000, 0x00000000efe80000, 0x0000000100000000)
  eden space 46080K, 93% used [0x00000000eab00000,0x00000000ed4f73e0,0x00000000ed800000)
  from space 13824K, 77% used [0x00000000ed800000,0x00000000ee275810,0x00000000ee580000)
  to   space 14336K, 0% used [0x00000000ef080000,0x00000000ef080000,0x00000000efe80000)
 ParOldGen       total 57856K, used 24263K [0x00000000c0000000, 0x00000000c3880000, 0x00000000eab00000)
  object space 57856K, 41% used [0x00000000c0000000,0x00000000c17b1e68,0x00000000c3880000)
 Metaspace       used 54435K, capacity 55628K, committed 55808K, reserved 1097728K
  class space    used 7555K, capacity 7932K, committed 7936K, reserved 1048576K
GC Heap History (10 events):
Event: 24.739 GC heap before
{Heap before GC invocations=21 (full 2):
 PSYoungGen      total 40448K, used 32568K [0x00000000eab00000, 0x00000000edf00000, 0x0000000100000000)
  eden space 32768K, 99% used [0x00000000eab00000,0x00000000ecace3a8,0x00000000ecb00000)
  from space 7680K, 0% used [0x00000000ed400000,0x00000000ed400000,0x00000000edb80000)
  to   space 9216K, 0% used [0x00000000ecb00000,0x00000000ecb00000,0x00000000ed400000)
 ParOldGen       total 57856K, used 16342K [0x00000000c0000000, 0x00000000c3880000, 0x00000000eab00000)
  object space 57856K, 28% used [0x00000000c0000000,0x00000000c0ff59e0,0x00000000c3880000)
 Metaspace       used 38625K, capacity 39166K, committed 39552K, reserved 1083392K
  class space    used 5404K, capacity 5633K, committed 5760K, reserved 1048576K
Event: 24.749 GC heap after
Heap after GC invocations=21 (full 2):
 PSYoungGen      total 41984K, used 6076K [0x00000000eab00000, 0x00000000ee380000, 0x0000000100000000)
  eden space 32768K, 0% used [0x00000000eab00000,0x00000000eab00000,0x00000000ecb00000)
  from space 9216K, 65% used [0x00000000ecb00000,0x00000000ed0ef1e0,0x00000000ed400000)
  to   space 9216K, 0% used [0x00000000eda80000,0x00000000eda80000,0x00000000ee380000)
 ParOldGen       total 57856K, used 16350K [0x00000000c0000000, 0x00000000c3880000, 0x00000000eab00000)
  object space 57856K, 28% used [0x00000000c0000000,0x00000000c0ff79e0,0x00000000c3880000)
 Metaspace       used 38625K, capacity 39166K, committed 39552K, reserved 1083392K
  class space    used 5404K, capacity 5633K, committed 5760K, reserved 1048576K
}
Event: 25.836 GC heap before
{Heap before GC invocations=22 (full 2):
 PSYoungGen      total 41984K, used 38844K [0x00000000eab00000, 0x00000000ee380000, 0x0000000100000000)
  eden space 32768K, 100% used [0x00000000eab00000,0x00000000ecb00000,0x00000000ecb00000)
  from space 9216K, 65% used [0x00000000ecb00000,0x00000000ed0ef1e0,0x00000000ed400000)
  to   space 9216K, 0% used [0x00000000eda80000,0x00000000eda80000,0x00000000ee380000)
 ParOldGen       total 57856K, used 16350K [0x00000000c0000000, 0x00000000c3880000, 0x00000000eab00000)
  object space 57856K, 28% used [0x00000000c0000000,0x00000000c0ff79e0,0x00000000c3880000)
 Metaspace       used 41216K, capacity 41838K, committed 42112K, reserved 1085440K
  class space    used 5683K, capacity 5897K, committed 6016K, reserved 1048576K
Event: 25.847 GC heap after
Heap after GC invocations=22 (full 2):
 PSYoungGen      total 48128K, used 7539K [0x00000000eab00000, 0x00000000ee480000, 0x0000000100000000)
  eden space 38912K, 0% used [0x00000000eab00000,0x00000000eab00000,0x00000000ed100000)
  from space 9216K, 81% used [0x00000000eda80000,0x00000000ee1dcdb0,0x00000000ee380000)
  to   space 9728K, 0% used [0x00000000ed100000,0x00000000ed100000,0x00000000eda80000)
 ParOldGen       total 57856K, used 16358K [0x00000000c0000000, 0x00000000c3880000, 0x00000000eab00000)
  object space 57856K, 28% used [0x00000000c0000000,0x00000000c0ff99e0,0x00000000c3880000)
 Metaspace       used 41216K, capacity 41838K, committed 42112K, reserved 1085440K
  class space    used 5683K, capacity 5897K, committed 6016K, reserved 1048576K
}
Event: 26.633 GC heap before
{Heap before GC invocations=23 (full 2):
 PSYoungGen      total 48128K, used 46451K [0x00000000eab00000, 0x00000000ee480000, 0x0000000100000000)
  eden space 38912K, 100% used [0x00000000eab00000,0x00000000ed100000,0x00000000ed100000)
  from space 9216K, 81% used [0x00000000eda80000,0x00000000ee1dcdb0,0x00000000ee380000)
  to   space 9728K, 0% used [0x00000000ed100000,0x00000000ed100000,0x00000000eda80000)
 ParOldGen       total 57856K, used 16358K [0x00000000c0000000, 0x00000000c3880000, 0x00000000eab00000)
  object space 57856K, 28% used [0x00000000c0000000,0x00000000c0ff99e0,0x00000000c3880000)
 Metaspace       used 42223K, capacity 42984K, committed 43264K, reserved 1087488K
  class space    used 5842K, capacity 6103K, committed 6144K, reserved 1048576K
Event: 26.657 GC heap after
Heap after GC invocations=23 (full 2):
 PSYoungGen      total 48640K, used 9712K [0x00000000eab00000, 0x00000000ef080000, 0x0000000100000000)
  eden space 38912K, 0% used [0x00000000eab00000,0x00000000eab00000,0x00000000ed100000)
  from space 9728K, 99% used [0x00000000ed100000,0x00000000eda7c1b8,0x00000000eda80000)
  to   space 11264K, 0% used [0x00000000ee580000,0x00000000ee580000,0x00000000ef080000)
 ParOldGen       total 57856K, used 16905K [0x00000000c0000000, 0x00000000c3880000, 0x00000000eab00000)
  object space 57856K, 29% used [0x00000000c0000000,0x00000000c10824a0,0x00000000c3880000)
 Metaspace       used 42223K, capacity 42984K, committed 43264K, reserved 1087488K
  class space    used 5842K, capacity 6103K, committed 6144K, reserved 1048576K
}
Event: 29.074 GC heap before
{Heap before GC invocations=24 (full 2):
 PSYoungGen      total 48640K, used 48624K [0x00000000eab00000, 0x00000000ef080000, 0x0000000100000000)
  eden space 38912K, 100% used [0x00000000eab00000,0x00000000ed100000,0x00000000ed100000)
  from space 9728K, 99% used [0x00000000ed100000,0x00000000eda7c1b8,0x00000000eda80000)
  to   space 11264K, 0% used [0x00000000ee580000,0x00000000ee580000,0x00000000ef080000)
 ParOldGen       total 57856K, used 16905K [0x00000000c0000000, 0x00000000c3880000, 0x00000000eab00000)
  object space 57856K, 29% used [0x00000000c0000000,0x00000000c10824a0,0x00000000c3880000)
 Metaspace       used 47956K, capacity 48868K, committed 49280K, reserved 1091584K
  class space    used 6643K, capacity 6935K, committed 7040K, reserved 1048576K
Event: 29.096 GC heap after
Heap after GC invocations=24 (full 2):
 PSYoungGen      total 57344K, used 11260K [0x00000000eab00000, 0x00000000ef580000, 0x0000000100000000)
  eden space 46080K, 0% used [0x00000000eab00000,0x00000000eab00000,0x00000000ed800000)
  from space 11264K, 99% used [0x00000000ee580000,0x00000000ef07f338,0x00000000ef080000)
  to   space 13824K, 0% used [0x00000000ed800000,0x00000000ed800000,0x00000000ee580000)
 ParOldGen       total 57856K, used 19251K [0x00000000c0000000, 0x00000000c3880000, 0x00000000eab00000)
  object space 57856K, 33% used [0x00000000c0000000,0x00000000c12cccf0,0x00000000c3880000)
 Metaspace       used 47956K, capacity 48868K, committed 49280K, reserved 1091584K
  class space    used 6643K, capacity 6935K, committed 7040K, reserved 1048576K
}
Event: 31.164 GC heap before
{Heap before GC invocations=25 (full 2):
 PSYoungGen      total 57344K, used 57340K [0x00000000eab00000, 0x00000000ef580000, 0x0000000100000000)
  eden space 46080K, 100% used [0x00000000eab00000,0x00000000ed800000,0x00000000ed800000)
  from space 11264K, 99% used [0x00000000ee580000,0x00000000ef07f338,0x00000000ef080000)
  to   space 13824K, 0% used [0x00000000ed800000,0x00000000ed800000,0x00000000ee580000)
 ParOldGen       total 57856K, used 19251K [0x00000000c0000000, 0x00000000c3880000, 0x00000000eab00000)
  object space 57856K, 33% used [0x00000000c0000000,0x00000000c12cccf0,0x00000000c3880000)
 Metaspace       used 51737K, capacity 52894K, committed 53120K, reserved 1095680K
  class space    used 7156K, capacity 7506K, committed 7552K, reserved 1048576K
Event: 31.190 GC heap after
Heap after GC invocations=25 (full 2):
 PSYoungGen      total 59904K, used 10710K [0x00000000eab00000, 0x00000000efe80000, 0x0000000100000000)
  eden space 46080K, 0% used [0x00000000eab00000,0x00000000eab00000,0x00000000ed800000)
  from space 13824K, 77% used [0x00000000ed800000,0x00000000ee275810,0x00000000ee580000)
  to   space 14336K, 0% used [0x00000000ef080000,0x00000000ef080000,0x00000000efe80000)
 ParOldGen       total 57856K, used 24263K [0x00000000c0000000, 0x00000000c3880000, 0x00000000eab00000)
  object space 57856K, 41% used [0x00000000c0000000,0x00000000c17b1e68,0x00000000c3880000)
 Metaspace       used 51737K, capacity 52894K, committed 53120K, reserved 1095680K
  class space    used 7156K, capacity 7506K, committed 7552K, reserved 1048576K
}

