# JRE version: OpenJDK Runtime Environment (8.0_152-b02) (build 1.8.0_152-release-1024-b02)
# Java VM: OpenJDK 64-Bit Server VM (25.152-b02 mixed mode windows-amd64 compressed oops)
Heap:
 PSYoungGen      total 254464K, used 112043K [0x00000000e0000000, 0x00000000f6500000, 0x0000000100000000)
  eden space 214016K, 52% used [0x00000000e0000000,0x00000000e6d4acf0,0x00000000ed100000)
  from space 40448K, 0% used [0x00000000ed100000,0x00000000ed120000,0x00000000ef880000)
  to   space 40448K, 0% used [0x00000000f3d80000,0x00000000f3d80000,0x00000000f6500000)
 ParOldGen       total 196096K, used 121259K [0x00000000a0000000, 0x00000000abf80000, 0x00000000e0000000)
  object space 196096K, 61% used [0x00000000a0000000,0x00000000a766af50,0x00000000abf80000)
 Metaspace       used 74096K, capacity 76988K, committed 77272K, reserved 1116160K
  class space    used 9703K, capacity 10347K, committed 10496K, reserved 1048576K
GC Heap History (10 events):
Event: 57.411 GC heap before
{Heap before GC invocations=21 (full 4):
 PSYoungGen      total 189952K, used 20981K [0x00000000e0000000, 0x00000000f1600000, 0x0000000100000000)
  eden space 168960K, 0% used [0x00000000e0000000,0x00000000e0000000,0x00000000ea500000)
  from space 20992K, 99% used [0x00000000ea500000,0x00000000eb97d670,0x00000000eb980000)
  to   space 42496K, 0% used [0x00000000eec80000,0x00000000eec80000,0x00000000f1600000)
 ParOldGen       total 101888K, used 93194K [0x00000000a0000000, 0x00000000a6380000, 0x00000000e0000000)
  object space 101888K, 91% used [0x00000000a0000000,0x00000000a5b02b18,0x00000000a6380000)
 Metaspace       used 69841K, capacity 72696K, committed 72920K, reserved 1112064K
  class space    used 9362K, capacity 9969K, committed 9984K, reserved 1048576K
Event: 58.947 GC heap after
Heap after GC invocations=21 (full 4):
 PSYoungGen      total 189952K, used 960K [0x00000000e0000000, 0x00000000f1600000, 0x0000000100000000)
  eden space 168960K, 0% used [0x00000000e0000000,0x00000000e0000000,0x00000000ea500000)
  from space 20992K, 4% used [0x00000000ea500000,0x00000000ea5f02f8,0x00000000eb980000)
  to   space 42496K, 0% used [0x00000000eec80000,0x00000000eec80000,0x00000000f1600000)
 ParOldGen       total 196096K, used 101547K [0x00000000a0000000, 0x00000000abf80000, 0x00000000e0000000)
  object space 196096K, 51% used [0x00000000a0000000,0x00000000a632ad90,0x00000000abf80000)
 Metaspace       used 69545K, capacity 71984K, committed 72920K, reserved 1112064K
  class space    used 9256K, capacity 9785K, committed 9984K, reserved 1048576K
}
Event: 64.122 GC heap before
{Heap before GC invocations=22 (full 4):
 PSYoungGen      total 189952K, used 169873K [0x00000000e0000000, 0x00000000f1600000, 0x0000000100000000)
  eden space 168960K, 99% used [0x00000000e0000000,0x00000000ea4f41e8,0x00000000ea500000)
  from space 20992K, 4% used [0x00000000ea500000,0x00000000ea5f02f8,0x00000000eb980000)
  to   space 42496K, 0% used [0x00000000eec80000,0x00000000eec80000,0x00000000f1600000)
 ParOldGen       total 196096K, used 101547K [0x00000000a0000000, 0x00000000abf80000, 0x00000000e0000000)
  object space 196096K, 51% used [0x00000000a0000000,0x00000000a632ad90,0x00000000abf80000)
 Metaspace       used 71181K, capacity 73782K, committed 74456K, reserved 1114112K
  class space    used 9433K, capacity 9978K, committed 10240K, reserved 1048576K
Event: 64.169 GC heap after
Heap after GC invocations=22 (full 4):
 PSYoungGen      total 214528K, used 10486K [0x00000000e0000000, 0x00000000f0680000, 0x0000000100000000)
  eden space 187904K, 0% used [0x00000000e0000000,0x00000000e0000000,0x00000000eb780000)
  from space 26624K, 39% used [0x00000000eec80000,0x00000000ef6bdb60,0x00000000f0680000)
  to   space 40448K, 0% used [0x00000000eb780000,0x00000000eb780000,0x00000000edf00000)
 ParOldGen       total 196096K, used 102473K [0x00000000a0000000, 0x00000000abf80000, 0x00000000e0000000)
  object space 196096K, 52% used [0x00000000a0000000,0x00000000a6412440,0x00000000abf80000)
 Metaspace       used 71181K, capacity 73782K, committed 74456K, reserved 1114112K
  class space    used 9433K, capacity 9978K, committed 10240K, reserved 1048576K
}
Event: 65.007 GC heap before
{Heap before GC invocations=23 (full 4):
 PSYoungGen      total 214528K, used 198092K [0x00000000e0000000, 0x00000000f0680000, 0x0000000100000000)
  eden space 187904K, 99% used [0x00000000e0000000,0x00000000eb7355a0,0x00000000eb780000)
  from space 26624K, 39% used [0x00000000eec80000,0x00000000ef6bdb60,0x00000000f0680000)
  to   space 40448K, 0% used [0x00000000eb780000,0x00000000eb780000,0x00000000edf00000)
 ParOldGen       total 196096K, used 102473K [0x00000000a0000000, 0x00000000abf80000, 0x00000000e0000000)
  object space 196096K, 52% used [0x00000000a0000000,0x00000000a6412440,0x00000000abf80000)
 Metaspace       used 71632K, capacity 74334K, committed 74968K, reserved 1114112K
  class space    used 9495K, capacity 10046K, committed 10240K, reserved 1048576K
Event: 65.030 GC heap after
Heap after GC invocations=23 (full 4):
 PSYoungGen      total 228352K, used 25366K [0x00000000e0000000, 0x00000000f2180000, 0x0000000100000000)
  eden space 187904K, 0% used [0x00000000e0000000,0x00000000e0000000,0x00000000eb780000)
  from space 40448K, 62% used [0x00000000eb780000,0x00000000ed0459d8,0x00000000edf00000)
  to   space 41984K, 0% used [0x00000000ef880000,0x00000000ef880000,0x00000000f2180000)
 ParOldGen       total 196096K, used 102481K [0x00000000a0000000, 0x00000000abf80000, 0x00000000e0000000)
  object space 196096K, 52% used [0x00000000a0000000,0x00000000a6414440,0x00000000abf80000)
 Metaspace       used 71632K, capacity 74334K, committed 74968K, reserved 1114112K
  class space    used 9495K, capacity 10046K, committed 10240K, reserved 1048576K
}
Event: 65.062 GC heap before
{Heap before GC invocations=24 (full 4):
 PSYoungGen      total 228352K, used 212578K [0x00000000e0000000, 0x00000000f2180000, 0x0000000100000000)
  eden space 187904K, 99% used [0x00000000e0000000,0x00000000eb6d31c8,0x00000000eb780000)
  from space 40448K, 62% used [0x00000000eb780000,0x00000000ed0459d8,0x00000000edf00000)
  to   space 41984K, 0% used [0x00000000ef880000,0x00000000ef880000,0x00000000f2180000)
 ParOldGen       total 196096K, used 102481K [0x00000000a0000000, 0x00000000abf80000, 0x00000000e0000000)
  object space 196096K, 52% used [0x00000000a0000000,0x00000000a6414440,0x00000000abf80000)
 Metaspace       used 71640K, capacity 74334K, committed 74968K, reserved 1114112K
  class space    used 9495K, capacity 10046K, committed 10240K, reserved 1048576K
Event: 65.084 GC heap after
Heap after GC invocations=24 (full 4):
 PSYoungGen      total 256000K, used 18894K [0x00000000e0000000, 0x00000000f3e80000, 0x0000000100000000)
  eden space 214016K, 0% used [0x00000000e0000000,0x00000000e0000000,0x00000000ed100000)
  from space 41984K, 45% used [0x00000000ef880000,0x00000000f0af3a90,0x00000000f2180000)
  to   space 40448K, 0% used [0x00000000ed100000,0x00000000ed100000,0x00000000ef880000)
 ParOldGen       total 196096K, used 102489K [0x00000000a0000000, 0x00000000abf80000, 0x00000000e0000000)
  object space 196096K, 52% used [0x00000000a0000000,0x00000000a6416440,0x00000000abf80000)
 Metaspace       used 71640K, capacity 74334K, committed 74968K, reserved 1114112K
  class space    used 9495K, capacity 10046K, committed 10240K, reserved 1048576K
}
Event: 65.139 GC heap before
{Heap before GC invocations=25 (full 4):
 PSYoungGen      total 256000K, used 232554K [0x00000000e0000000, 0x00000000f3e80000, 0x0000000100000000)
  eden space 214016K, 99% used [0x00000000e0000000,0x00000000ed0a6dd0,0x00000000ed100000)
  from space 41984K, 45% used [0x00000000ef880000,0x00000000f0af3a90,0x00000000f2180000)
  to   space 40448K, 0% used [0x00000000ed100000,0x00000000ed100000,0x00000000ef880000)
 ParOldGen       total 196096K, used 102489K [0x00000000a0000000, 0x00000000abf80000, 0x00000000e0000000)
  object space 196096K, 52% used [0x00000000a0000000,0x00000000a6416440,0x00000000abf80000)
 Metaspace       used 71642K, capacity 74334K, committed 74968K, reserved 1114112K
  class space    used 9495K, capacity 10046K, committed 10240K, reserved 1048576K
Event: 65.163 GC heap after
Heap after GC invocations=25 (full 4):
 PSYoungGen      total 254464K, used 128K [0x00000000e0000000, 0x00000000f6500000, 0x0000000100000000)
  eden space 214016K, 0% used [0x00000000e0000000,0x00000000e0000000,0x00000000ed100000)
  from space 40448K, 0% used [0x00000000ed100000,0x00000000ed120000,0x00000000ef880000)
  to   space 40448K, 0% used [0x00000000f3d80000,0x00000000f3d80000,0x00000000f6500000)
 ParOldGen       total 196096K, used 121259K [0x00000000a0000000, 0x00000000abf80000, 0x00000000e0000000)
  object space 196096K, 61% used [0x00000000a0000000,0x00000000a766af50,0x00000000abf80000)
 Metaspace       used 71642K, capacity 74334K, committed 74968K, reserved 1114112K
  class space    used 9495K, capacity 10046K, committed 10240K, reserved 1048576K
}

