# JRE version: OpenJDK Runtime Environment (8.0_152-b02) (build 1.8.0_152-release-1024-b02)
# Java VM: OpenJDK 64-Bit Server VM (25.152-b02 mixed mode windows-amd64 compressed oops)
Heap:
 PSYoungGen      total 150016K, used 8478K [0x00000000e0000000, 0x00000000ea600000, 0x0000000100000000)
  eden space 133120K, 6% used [0x00000000e0000000,0x00000000e0847858,0x00000000e8200000)
  from space 16896K, 0% used [0x00000000e9580000,0x00000000e9580000,0x00000000ea600000)
  to   space 18432K, 0% used [0x00000000e8200000,0x00000000e8200000,0x00000000e9400000)
 ParOldGen       total 57344K, used 37716K [0x00000000a0000000, 0x00000000a3800000, 0x00000000e0000000)
  object space 57344K, 65% used [0x00000000a0000000,0x00000000a24d5068,0x00000000a3800000)
 Metaspace       used 56912K, capacity 58867K, committed 59224K, reserved 1099776K
  class space    used 7734K, capacity 8219K, committed 8320K, reserved 1048576K
GC Heap History (10 events):
Event: 27.838 GC heap before
{Heap before GC invocations=15 (full 2):
 PSYoungGen      total 116736K, used 116472K [0x00000000e0000000, 0x00000000e7e80000, 0x0000000100000000)
  eden space 107520K, 100% used [0x00000000e0000000,0x00000000e6900000,0x00000000e6900000)
  from space 9216K, 97% used [0x00000000e7300000,0x00000000e7bbe220,0x00000000e7c00000)
  to   space 10240K, 0% used [0x00000000e6900000,0x00000000e6900000,0x00000000e7300000)
 ParOldGen       total 57344K, used 16205K [0x00000000a0000000, 0x00000000a3800000, 0x00000000e0000000)
  object space 57344K, 28% used [0x00000000a0000000,0x00000000a0fd35f0,0x00000000a3800000)
 Metaspace       used 49261K, capacity 50751K, committed 50904K, reserved 1093632K
  class space    used 6715K, capacity 7111K, committed 7168K, reserved 1048576K
Event: 27.900 GC heap after
Heap after GC invocations=15 (full 2):
 PSYoungGen      total 117760K, used 10221K [0x00000000e0000000, 0x00000000e7e80000, 0x0000000100000000)
  eden space 107520K, 0% used [0x00000000e0000000,0x00000000e0000000,0x00000000e6900000)
  from space 10240K, 99% used [0x00000000e6900000,0x00000000e72fb4f0,0x00000000e7300000)
  to   space 9216K, 0% used [0x00000000e7300000,0x00000000e7300000,0x00000000e7c00000)
 ParOldGen       total 57344K, used 23352K [0x00000000a0000000, 0x00000000a3800000, 0x00000000e0000000)
  object space 57344K, 40% used [0x00000000a0000000,0x00000000a16ce0a8,0x00000000a3800000)
 Metaspace       used 49261K, capacity 50751K, committed 50904K, reserved 1093632K
  class space    used 6715K, capacity 7111K, committed 7168K, reserved 1048576K
}
Event: 35.442 GC heap before
{Heap before GC invocations=16 (full 2):
 PSYoungGen      total 117760K, used 117741K [0x00000000e0000000, 0x00000000e7e80000, 0x0000000100000000)
  eden space 107520K, 100% used [0x00000000e0000000,0x00000000e6900000,0x00000000e6900000)
  from space 10240K, 99% used [0x00000000e6900000,0x00000000e72fb4f0,0x00000000e7300000)
  to   space 9216K, 0% used [0x00000000e7300000,0x00000000e7300000,0x00000000e7c00000)
 ParOldGen       total 57344K, used 23352K [0x00000000a0000000, 0x00000000a3800000, 0x00000000e0000000)
  object space 57344K, 40% used [0x00000000a0000000,0x00000000a16ce0a8,0x00000000a3800000)
 Metaspace       used 54120K, capacity 55919K, committed 56024K, reserved 1097728K
  class space    used 7443K, capacity 7933K, committed 7936K, reserved 1048576K
Event: 35.478 GC heap after
Heap after GC invocations=16 (full 2):
 PSYoungGen      total 116736K, used 9194K [0x00000000e0000000, 0x00000000e7e80000, 0x0000000100000000)
  eden space 107520K, 0% used [0x00000000e0000000,0x00000000e0000000,0x00000000e6900000)
  from space 9216K, 99% used [0x00000000e7300000,0x00000000e7bfa918,0x00000000e7c00000)
  to   space 10240K, 0% used [0x00000000e6900000,0x00000000e6900000,0x00000000e7300000)
 ParOldGen       total 57344K, used 36219K [0x00000000a0000000, 0x00000000a3800000, 0x00000000e0000000)
  object space 57344K, 63% used [0x00000000a0000000,0x00000000a235ee40,0x00000000a3800000)
 Metaspace       used 54120K, capacity 55919K, committed 56024K, reserved 1097728K
  class space    used 7443K, capacity 7933K, committed 7936K, reserved 1048576K
}
Event: 42.038 GC heap before
{Heap before GC invocations=17 (full 2):
 PSYoungGen      total 116736K, used 116490K [0x00000000e0000000, 0x00000000e7e80000, 0x0000000100000000)
  eden space 107520K, 99% used [0x00000000e0000000,0x00000000e68c7f80,0x00000000e6900000)
  from space 9216K, 99% used [0x00000000e7300000,0x00000000e7bfa918,0x00000000e7c00000)
  to   space 10240K, 0% used [0x00000000e6900000,0x00000000e6900000,0x00000000e7300000)
 ParOldGen       total 57344K, used 36219K [0x00000000a0000000, 0x00000000a3800000, 0x00000000e0000000)
  object space 57344K, 63% used [0x00000000a0000000,0x00000000a235ee40,0x00000000a3800000)
 Metaspace       used 56436K, capacity 58377K, committed 58712K, reserved 1099776K
  class space    used 7696K, capacity 8210K, committed 8320K, reserved 1048576K
Event: 42.064 GC heap after
Heap after GC invocations=17 (full 2):
 PSYoungGen      total 117760K, used 4671K [0x00000000e0000000, 0x00000000ea800000, 0x0000000100000000)
  eden space 107520K, 0% used [0x00000000e0000000,0x00000000e0000000,0x00000000e6900000)
  from space 10240K, 45% used [0x00000000e6900000,0x00000000e6d8fde0,0x00000000e7300000)
  to   space 18944K, 0% used [0x00000000e9580000,0x00000000e9580000,0x00000000ea800000)
 ParOldGen       total 57344K, used 44916K [0x00000000a0000000, 0x00000000a3800000, 0x00000000e0000000)
  object space 57344K, 78% used [0x00000000a0000000,0x00000000a2bdd320,0x00000000a3800000)
 Metaspace       used 56436K, capacity 58377K, committed 58712K, reserved 1099776K
  class space    used 7696K, capacity 8210K, committed 8320K, reserved 1048576K
}
Event: 43.534 GC heap before
{Heap before GC invocations=18 (full 2):
 PSYoungGen      total 117760K, used 22588K [0x00000000e0000000, 0x00000000ea800000, 0x0000000100000000)
  eden space 107520K, 16% used [0x00000000e0000000,0x00000000e117f4a0,0x00000000e6900000)
  from space 10240K, 45% used [0x00000000e6900000,0x00000000e6d8fde0,0x00000000e7300000)
  to   space 18944K, 0% used [0x00000000e9580000,0x00000000e9580000,0x00000000ea800000)
 ParOldGen       total 57344K, used 44916K [0x00000000a0000000, 0x00000000a3800000, 0x00000000e0000000)
  object space 57344K, 78% used [0x00000000a0000000,0x00000000a2bdd320,0x00000000a3800000)
 Metaspace       used 56856K, capacity 58773K, committed 58968K, reserved 1099776K
  class space    used 7723K, capacity 8214K, committed 8320K, reserved 1048576K
Event: 43.544 GC heap after
Heap after GC invocations=18 (full 2):
 PSYoungGen      total 150016K, used 3885K [0x00000000e0000000, 0x00000000ea600000, 0x0000000100000000)
  eden space 133120K, 0% used [0x00000000e0000000,0x00000000e0000000,0x00000000e8200000)
  from space 16896K, 22% used [0x00000000e9580000,0x00000000e994b698,0x00000000ea600000)
  to   space 18432K, 0% used [0x00000000e8200000,0x00000000e8200000,0x00000000e9400000)
 ParOldGen       total 57344K, used 44924K [0x00000000a0000000, 0x00000000a3800000, 0x00000000e0000000)
  object space 57344K, 78% used [0x00000000a0000000,0x00000000a2bdf320,0x00000000a3800000)
 Metaspace       used 56856K, capacity 58773K, committed 58968K, reserved 1099776K
  class space    used 7723K, capacity 8214K, committed 8320K, reserved 1048576K
}
Event: 43.544 GC heap before
{Heap before GC invocations=19 (full 3):
 PSYoungGen      total 150016K, used 3885K [0x00000000e0000000, 0x00000000ea600000, 0x0000000100000000)
  eden space 133120K, 0% used [0x00000000e0000000,0x00000000e0000000,0x00000000e8200000)
  from space 16896K, 22% used [0x00000000e9580000,0x00000000e994b698,0x00000000ea600000)
  to   space 18432K, 0% used [0x00000000e8200000,0x00000000e8200000,0x00000000e9400000)
 ParOldGen       total 57344K, used 44924K [0x00000000a0000000, 0x00000000a3800000, 0x00000000e0000000)
  object space 57344K, 78% used [0x00000000a0000000,0x00000000a2bdf320,0x00000000a3800000)
 Metaspace       used 56856K, capacity 58773K, committed 58968K, reserved 1099776K
  class space    used 7723K, capacity 8214K, committed 8320K, reserved 1048576K
Event: 44.036 GC heap after
Heap after GC invocations=19 (full 3):
 PSYoungGen      total 150016K, used 0K [0x00000000e0000000, 0x00000000ea600000, 0x0000000100000000)
  eden space 133120K, 0% used [0x00000000e0000000,0x00000000e0000000,0x00000000e8200000)
  from space 16896K, 0% used [0x00000000e9580000,0x00000000e9580000,0x00000000ea600000)
  to   space 18432K, 0% used [0x00000000e8200000,0x00000000e8200000,0x00000000e9400000)
 ParOldGen       total 57344K, used 37716K [0x00000000a0000000, 0x00000000a3800000, 0x00000000e0000000)
  object space 57344K, 65% used [0x00000000a0000000,0x00000000a24d5068,0x00000000a3800000)
 Metaspace       used 56856K, capacity 58773K, committed 58968K, reserved 1099776K
  class space    used 7723K, capacity 8214K, committed 8320K, reserved 1048576K
}

