# JRE version: OpenJDK Runtime Environment (8.0_152-b02) (build 1.8.0_152-release-1024-b02)
# Java VM: OpenJDK 64-Bit Server VM (25.152-b02 mixed mode windows-amd64 compressed oops)
Heap:
 PSYoungGen      total 141312K, used 39806K [0x00000000e0000000, 0x00000000eba80000, 0x0000000100000000)
  eden space 98816K, 20% used [0x00000000e0000000,0x00000000e13ce6c8,0x00000000e6080000)
  from space 42496K, 45% used [0x00000000e6080000,0x00000000e7391460,0x00000000e8a00000)
  to   space 41472K, 0% used [0x00000000e9200000,0x00000000e9200000,0x00000000eba80000)
 ParOldGen       total 197632K, used 105962K [0x00000000a0000000, 0x00000000ac100000, 0x00000000e0000000)
  object space 197632K, 53% used [0x00000000a0000000,0x00000000a677ab90,0x00000000ac100000)
 Metaspace       used 77265K, capacity 80231K, committed 80728K, reserved 1120256K
  class space    used 10103K, capacity 10735K, committed 10880K, reserved 1048576K
GC Heap History (10 events):
Event: 71.920 GC heap before
{Heap before GC invocations=33 (full 3):
 PSYoungGen      total 112640K, used 112459K [0x00000000e0000000, 0x00000000e9b80000, 0x0000000100000000)
  eden space 94208K, 99% used [0x00000000e0000000,0x00000000e5bd7228,0x00000000e5c00000)
  from space 18432K, 99% used [0x00000000e5c00000,0x00000000e6dfbbe0,0x00000000e6e00000)
  to   space 27648K, 0% used [0x00000000e8080000,0x00000000e8080000,0x00000000e9b80000)
 ParOldGen       total 97792K, used 74153K [0x00000000a0000000, 0x00000000a5f80000, 0x00000000e0000000)
  object space 97792K, 75% used [0x00000000a0000000,0x00000000a486a4f0,0x00000000a5f80000)
 Metaspace       used 72451K, capacity 75685K, committed 75864K, reserved 1114112K
  class space    used 9657K, capacity 10334K, committed 10368K, reserved 1048576K
Event: 72.032 GC heap after
Heap after GC invocations=33 (full 3):
 PSYoungGen      total 116224K, used 27616K [0x00000000e0000000, 0x00000000ebc00000, 0x0000000100000000)
  eden space 88576K, 0% used [0x00000000e0000000,0x00000000e0000000,0x00000000e5680000)
  from space 27648K, 99% used [0x00000000e8080000,0x00000000e9b780f0,0x00000000e9b80000)
  to   space 43008K, 0% used [0x00000000e5680000,0x00000000e5680000,0x00000000e8080000)
 ParOldGen       total 102912K, used 102909K [0x00000000a0000000, 0x00000000a6480000, 0x00000000e0000000)
  object space 102912K, 99% used [0x00000000a0000000,0x00000000a647f7c0,0x00000000a6480000)
 Metaspace       used 72451K, capacity 75685K, committed 75864K, reserved 1114112K
  class space    used 9657K, capacity 10334K, committed 10368K, reserved 1048576K
}
Event: 72.032 GC heap before
{Heap before GC invocations=34 (full 4):
 PSYoungGen      total 116224K, used 27616K [0x00000000e0000000, 0x00000000ebc00000, 0x0000000100000000)
  eden space 88576K, 0% used [0x00000000e0000000,0x00000000e0000000,0x00000000e5680000)
  from space 27648K, 99% used [0x00000000e8080000,0x00000000e9b780f0,0x00000000e9b80000)
  to   space 43008K, 0% used [0x00000000e5680000,0x00000000e5680000,0x00000000e8080000)
 ParOldGen       total 102912K, used 102909K [0x00000000a0000000, 0x00000000a6480000, 0x00000000e0000000)
  object space 102912K, 99% used [0x00000000a0000000,0x00000000a647f7c0,0x00000000a6480000)
 Metaspace       used 72451K, capacity 75685K, committed 75864K, reserved 1114112K
  class space    used 9657K, capacity 10334K, committed 10368K, reserved 1048576K
Event: 73.314 GC heap after
Heap after GC invocations=34 (full 4):
 PSYoungGen      total 116224K, used 3020K [0x00000000e0000000, 0x00000000ebc00000, 0x0000000100000000)
  eden space 88576K, 0% used [0x00000000e0000000,0x00000000e0000000,0x00000000e5680000)
  from space 27648K, 10% used [0x00000000e8080000,0x00000000e8373278,0x00000000e9b80000)
  to   space 43008K, 0% used [0x00000000e5680000,0x00000000e5680000,0x00000000e8080000)
 ParOldGen       total 197632K, used 102807K [0x00000000a0000000, 0x00000000ac100000, 0x00000000e0000000)
  object space 197632K, 52% used [0x00000000a0000000,0x00000000a6465cb0,0x00000000ac100000)
 Metaspace       used 72073K, capacity 74669K, committed 75864K, reserved 1114112K
  class space    used 9526K, capacity 10104K, committed 10368K, reserved 1048576K
}
Event: 74.314 GC heap before
{Heap before GC invocations=35 (full 4):
 PSYoungGen      total 116224K, used 91596K [0x00000000e0000000, 0x00000000ebc00000, 0x0000000100000000)
  eden space 88576K, 100% used [0x00000000e0000000,0x00000000e5680000,0x00000000e5680000)
  from space 27648K, 10% used [0x00000000e8080000,0x00000000e8373278,0x00000000e9b80000)
  to   space 43008K, 0% used [0x00000000e5680000,0x00000000e5680000,0x00000000e8080000)
 ParOldGen       total 197632K, used 102807K [0x00000000a0000000, 0x00000000ac100000, 0x00000000e0000000)
  object space 197632K, 52% used [0x00000000a0000000,0x00000000a6465cb0,0x00000000ac100000)
 Metaspace       used 72162K, capacity 74801K, committed 75864K, reserved 1114112K
  class space    used 9526K, capacity 10104K, committed 10368K, reserved 1048576K
Event: 74.375 GC heap after
Heap after GC invocations=35 (full 4):
 PSYoungGen      total 131584K, used 9420K [0x00000000e0000000, 0x00000000eb280000, 0x0000000100000000)
  eden space 88576K, 0% used [0x00000000e0000000,0x00000000e0000000,0x00000000e5680000)
  from space 43008K, 21% used [0x00000000e5680000,0x00000000e5fb32b0,0x00000000e8080000)
  to   space 41472K, 0% used [0x00000000e8a00000,0x00000000e8a00000,0x00000000eb280000)
 ParOldGen       total 197632K, used 105869K [0x00000000a0000000, 0x00000000ac100000, 0x00000000e0000000)
  object space 197632K, 53% used [0x00000000a0000000,0x00000000a6763778,0x00000000ac100000)
 Metaspace       used 72162K, capacity 74801K, committed 75864K, reserved 1114112K
  class space    used 9526K, capacity 10104K, committed 10368K, reserved 1048576K
}
Event: 77.400 GC heap before
{Heap before GC invocations=36 (full 4):
 PSYoungGen      total 131584K, used 97996K [0x00000000e0000000, 0x00000000eb280000, 0x0000000100000000)
  eden space 88576K, 100% used [0x00000000e0000000,0x00000000e5680000,0x00000000e5680000)
  from space 43008K, 21% used [0x00000000e5680000,0x00000000e5fb32b0,0x00000000e8080000)
  to   space 41472K, 0% used [0x00000000e8a00000,0x00000000e8a00000,0x00000000eb280000)
 ParOldGen       total 197632K, used 105922K [0x00000000a0000000, 0x00000000ac100000, 0x00000000e0000000)
  object space 197632K, 53% used [0x00000000a0000000,0x00000000a6770810,0x00000000ac100000)
 Metaspace       used 73826K, capacity 76623K, committed 77656K, reserved 1116160K
  class space    used 9732K, capacity 10351K, committed 10624K, reserved 1048576K
Event: 77.430 GC heap after
Heap after GC invocations=36 (full 4):
 PSYoungGen      total 140288K, used 24647K [0x00000000e0000000, 0x00000000eb400000, 0x0000000100000000)
  eden space 98816K, 0% used [0x00000000e0000000,0x00000000e0000000,0x00000000e6080000)
  from space 41472K, 59% used [0x00000000e8a00000,0x00000000ea211f40,0x00000000eb280000)
  to   space 42496K, 0% used [0x00000000e6080000,0x00000000e6080000,0x00000000e8a00000)
 ParOldGen       total 197632K, used 105930K [0x00000000a0000000, 0x00000000ac100000, 0x00000000e0000000)
  object space 197632K, 53% used [0x00000000a0000000,0x00000000a6772810,0x00000000ac100000)
 Metaspace       used 73826K, capacity 76623K, committed 77656K, reserved 1116160K
  class space    used 9732K, capacity 10351K, committed 10624K, reserved 1048576K
}
Event: 79.140 GC heap before
{Heap before GC invocations=37 (full 4):
 PSYoungGen      total 140288K, used 123463K [0x00000000e0000000, 0x00000000eb400000, 0x0000000100000000)
  eden space 98816K, 100% used [0x00000000e0000000,0x00000000e6080000,0x00000000e6080000)
  from space 41472K, 59% used [0x00000000e8a00000,0x00000000ea211f40,0x00000000eb280000)
  to   space 42496K, 0% used [0x00000000e6080000,0x00000000e6080000,0x00000000e8a00000)
 ParOldGen       total 197632K, used 105954K [0x00000000a0000000, 0x00000000ac100000, 0x00000000e0000000)
  object space 197632K, 53% used [0x00000000a0000000,0x00000000a6778b90,0x00000000ac100000)
 Metaspace       used 75809K, capacity 78655K, committed 79320K, reserved 1118208K
  class space    used 9992K, capacity 10575K, committed 10752K, reserved 1048576K
Event: 79.153 GC heap after
Heap after GC invocations=37 (full 4):
 PSYoungGen      total 141312K, used 19525K [0x00000000e0000000, 0x00000000eba80000, 0x0000000100000000)
  eden space 98816K, 0% used [0x00000000e0000000,0x00000000e0000000,0x00000000e6080000)
  from space 42496K, 45% used [0x00000000e6080000,0x00000000e7391460,0x00000000e8a00000)
  to   space 41472K, 0% used [0x00000000e9200000,0x00000000e9200000,0x00000000eba80000)
 ParOldGen       total 197632K, used 105962K [0x00000000a0000000, 0x00000000ac100000, 0x00000000e0000000)
  object space 197632K, 53% used [0x00000000a0000000,0x00000000a677ab90,0x00000000ac100000)
 Metaspace       used 75809K, capacity 78655K, committed 79320K, reserved 1118208K
  class space    used 9992K, capacity 10575K, committed 10752K, reserved 1048576K
}

