# JRE version: OpenJDK Runtime Environment (8.0_152-b01) (build 1.8.0_152-release-1248-b01)
# Java VM: OpenJDK 64-Bit Server VM (25.152-b01 mixed mode windows-amd64 compressed oops)
Heap:
 PSYoungGen      total 229376K, used 142946K [0x00000000e0000000, 0x00000000f1c80000, 0x0000000100000000)
  eden space 183296K, 69% used [0x00000000e0000000,0x00000000e7c82308,0x00000000eb300000)
  from space 46080K, 33% used [0x00000000eb300000,0x00000000ec2168b0,0x00000000ee000000)
  to   space 43008K, 0% used [0x00000000ef280000,0x00000000ef280000,0x00000000f1c80000)
 ParOldGen       total 119808K, used 51455K [0x00000000a0000000, 0x00000000a7500000, 0x00000000e0000000)
  object space 119808K, 42% used [0x00000000a0000000,0x00000000a323ff68,0x00000000a7500000)
 Metaspace       used 89287K, capacity 92754K, committed 93488K, reserved 1130496K
  class space    used 11415K, capacity 12187K, committed 12336K, reserved 1048576K
GC Heap History (10 events):
Event: 2867.643 GC heap before
{Heap before GC invocations=50 (full 3):
 PSYoungGen      total 180736K, used 180715K [0x00000000e0000000, 0x00000000edc00000, 0x0000000100000000)
  eden space 160768K, 100% used [0x00000000e0000000,0x00000000e9d00000,0x00000000e9d00000)
  from space 19968K, 99% used [0x00000000eb900000,0x00000000ecc7ad50,0x00000000ecc80000)
  to   space 28672K, 0% used [0x00000000e9d00000,0x00000000e9d00000,0x00000000eb900000)
 ParOldGen       total 94720K, used 81944K [0x00000000a0000000, 0x00000000a5c80000, 0x00000000e0000000)
  object space 94720K, 86% used [0x00000000a0000000,0x00000000a5006118,0x00000000a5c80000)
 Metaspace       used 87925K, capacity 91662K, committed 91824K, reserved 1128448K
  class space    used 11387K, capacity 12155K, committed 12208K, reserved 1048576K
Event: 2867.773 GC heap after
Heap after GC invocations=50 (full 3):
 PSYoungGen      total 189440K, used 28658K [0x00000000e0000000, 0x00000000f1300000, 0x0000000100000000)
  eden space 160768K, 0% used [0x00000000e0000000,0x00000000e0000000,0x00000000e9d00000)
  from space 28672K, 99% used [0x00000000e9d00000,0x00000000eb8fcb88,0x00000000eb900000)
  to   space 47104K, 0% used [0x00000000ee500000,0x00000000ee500000,0x00000000f1300000)
 ParOldGen       total 119808K, used 119615K [0x00000000a0000000, 0x00000000a7500000, 0x00000000e0000000)
  object space 119808K, 99% used [0x00000000a0000000,0x00000000a74cfda0,0x00000000a7500000)
 Metaspace       used 87925K, capacity 91662K, committed 91824K, reserved 1128448K
  class space    used 11387K, capacity 12155K, committed 12208K, reserved 1048576K
}
Event: 2867.790 GC heap before
{Heap before GC invocations=51 (full 4):
 PSYoungGen      total 189440K, used 28658K [0x00000000e0000000, 0x00000000f1300000, 0x0000000100000000)
  eden space 160768K, 0% used [0x00000000e0000000,0x00000000e0000000,0x00000000e9d00000)
  from space 28672K, 99% used [0x00000000e9d00000,0x00000000eb8fcb88,0x00000000eb900000)
  to   space 47104K, 0% used [0x00000000ee500000,0x00000000ee500000,0x00000000f1300000)
 ParOldGen       total 119808K, used 119615K [0x00000000a0000000, 0x00000000a7500000, 0x00000000e0000000)
  object space 119808K, 99% used [0x00000000a0000000,0x00000000a74cfda0,0x00000000a7500000)
 Metaspace       used 87925K, capacity 91662K, committed 91824K, reserved 1128448K
  class space    used 11387K, capacity 12155K, committed 12208K, reserved 1048576K
Event: 2868.919 GC heap after
Heap after GC invocations=51 (full 4):
 PSYoungGen      total 189440K, used 0K [0x00000000e0000000, 0x00000000f1300000, 0x0000000100000000)
  eden space 160768K, 0% used [0x00000000e0000000,0x00000000e0000000,0x00000000e9d00000)
  from space 28672K, 0% used [0x00000000e9d00000,0x00000000e9d00000,0x00000000eb900000)
  to   space 47104K, 0% used [0x00000000ee500000,0x00000000ee500000,0x00000000f1300000)
 ParOldGen       total 119808K, used 110538K [0x00000000a0000000, 0x00000000a7500000, 0x00000000e0000000)
  object space 119808K, 92% used [0x00000000a0000000,0x00000000a6bf2bc8,0x00000000a7500000)
 Metaspace       used 86930K, capacity 90044K, committed 91824K, reserved 1128448K
  class space    used 11176K, capacity 11836K, committed 12208K, reserved 1048576K
}
Event: 2871.453 GC heap before
{Heap before GC invocations=52 (full 5):
 PSYoungGen      total 189440K, used 159777K [0x00000000e0000000, 0x00000000f1300000, 0x0000000100000000)
  eden space 160768K, 99% used [0x00000000e0000000,0x00000000e9c08538,0x00000000e9d00000)
  from space 28672K, 0% used [0x00000000e9d00000,0x00000000e9d00000,0x00000000eb900000)
  to   space 47104K, 0% used [0x00000000ee500000,0x00000000ee500000,0x00000000f1300000)
 ParOldGen       total 119808K, used 110538K [0x00000000a0000000, 0x00000000a7500000, 0x00000000e0000000)
  object space 119808K, 92% used [0x00000000a0000000,0x00000000a6bf2bc8,0x00000000a7500000)
 Metaspace       used 87011K, capacity 90108K, committed 91824K, reserved 1128448K
  class space    used 11176K, capacity 11836K, committed 12208K, reserved 1048576K
Event: 2871.640 GC heap after
Heap after GC invocations=52 (full 5):
 PSYoungGen      total 189440K, used 0K [0x00000000e0000000, 0x00000000f1300000, 0x0000000100000000)
  eden space 160768K, 0% used [0x00000000e0000000,0x00000000e0000000,0x00000000e9d00000)
  from space 28672K, 0% used [0x00000000e9d00000,0x00000000e9d00000,0x00000000eb900000)
  to   space 47104K, 0% used [0x00000000ee500000,0x00000000ee500000,0x00000000f1300000)
 ParOldGen       total 119808K, used 50504K [0x00000000a0000000, 0x00000000a7500000, 0x00000000e0000000)
  object space 119808K, 42% used [0x00000000a0000000,0x00000000a31521b8,0x00000000a7500000)
 Metaspace       used 87011K, capacity 90108K, committed 91824K, reserved 1128448K
  class space    used 11176K, capacity 11836K, committed 12208K, reserved 1048576K
}
Event: 6116.701 GC heap before
{Heap before GC invocations=53 (full 5):
 PSYoungGen      total 189440K, used 160768K [0x00000000e0000000, 0x00000000f1300000, 0x0000000100000000)
  eden space 160768K, 100% used [0x00000000e0000000,0x00000000e9d00000,0x00000000e9d00000)
  from space 28672K, 0% used [0x00000000e9d00000,0x00000000e9d00000,0x00000000eb900000)
  to   space 47104K, 0% used [0x00000000ee500000,0x00000000ee500000,0x00000000f1300000)
 ParOldGen       total 119808K, used 50504K [0x00000000a0000000, 0x00000000a7500000, 0x00000000e0000000)
  object space 119808K, 42% used [0x00000000a0000000,0x00000000a31521b8,0x00000000a7500000)
 Metaspace       used 88460K, capacity 91750K, committed 92720K, reserved 1130496K
  class space    used 11359K, capacity 12071K, committed 12336K, reserved 1048576K
Event: 6116.724 GC heap after
Heap after GC invocations=53 (full 5):
 PSYoungGen      total 224256K, used 6700K [0x00000000e0000000, 0x00000000f0d00000, 0x0000000100000000)
  eden space 183296K, 0% used [0x00000000e0000000,0x00000000e0000000,0x00000000eb300000)
  from space 40960K, 16% used [0x00000000ee500000,0x00000000eeb8b1a0,0x00000000f0d00000)
  to   space 46080K, 0% used [0x00000000eb300000,0x00000000eb300000,0x00000000ee000000)
 ParOldGen       total 119808K, used 50512K [0x00000000a0000000, 0x00000000a7500000, 0x00000000e0000000)
  object space 119808K, 42% used [0x00000000a0000000,0x00000000a31541b8,0x00000000a7500000)
 Metaspace       used 88460K, capacity 91750K, committed 92720K, reserved 1130496K
  class space    used 11359K, capacity 12071K, committed 12336K, reserved 1048576K
}
Event: 6342.823 GC heap before
{Heap before GC invocations=54 (full 5):
 PSYoungGen      total 224256K, used 189996K [0x00000000e0000000, 0x00000000f0d00000, 0x0000000100000000)
  eden space 183296K, 100% used [0x00000000e0000000,0x00000000eb300000,0x00000000eb300000)
  from space 40960K, 16% used [0x00000000ee500000,0x00000000eeb8b1a0,0x00000000f0d00000)
  to   space 46080K, 0% used [0x00000000eb300000,0x00000000eb300000,0x00000000ee000000)
 ParOldGen       total 119808K, used 50512K [0x00000000a0000000, 0x00000000a7500000, 0x00000000e0000000)
  object space 119808K, 42% used [0x00000000a0000000,0x00000000a31541b8,0x00000000a7500000)
 Metaspace       used 89145K, capacity 92626K, committed 93232K, reserved 1130496K
  class space    used 11414K, capacity 12187K, committed 12336K, reserved 1048576K
Event: 6342.855 GC heap after
Heap after GC invocations=54 (full 5):
 PSYoungGen      total 229376K, used 15450K [0x00000000e0000000, 0x00000000f1c80000, 0x0000000100000000)
  eden space 183296K, 0% used [0x00000000e0000000,0x00000000e0000000,0x00000000eb300000)
  from space 46080K, 33% used [0x00000000eb300000,0x00000000ec2168b0,0x00000000ee000000)
  to   space 43008K, 0% used [0x00000000ef280000,0x00000000ef280000,0x00000000f1c80000)
 ParOldGen       total 119808K, used 51455K [0x00000000a0000000, 0x00000000a7500000, 0x00000000e0000000)
  object space 119808K, 42% used [0x00000000a0000000,0x00000000a323ff68,0x00000000a7500000)
 Metaspace       used 89145K, capacity 92626K, committed 93232K, reserved 1130496K
  class space    used 11414K, capacity 12187K, committed 12336K, reserved 1048576K
}

