# JRE version: OpenJDK Runtime Environment (8.0_152-b02) (build 1.8.0_152-release-1024-b02)
# Java VM: OpenJDK 64-Bit Server VM (25.152-b02 mixed mode windows-amd64 compressed oops)
Heap:
 PSYoungGen      total 128000K, used 51737K [0x00000000e0000000, 0x00000000e8a00000, 0x0000000100000000)
  eden space 117248K, 34% used [0x00000000e0000000,0x00000000e2808640,0x00000000e7280000)
  from space 10752K, 99% used [0x00000000e7280000,0x00000000e7cfe0c8,0x00000000e7d00000)
  to   space 9216K, 0% used [0x00000000e7d00000,0x00000000e7d00000,0x00000000e8600000)
 ParOldGen       total 51200K, used 24789K [0x00000000a0000000, 0x00000000a3200000, 0x00000000e0000000)
  object space 51200K, 48% used [0x00000000a0000000,0x00000000a18357c0,0x00000000a3200000)
 Metaspace       used 51931K, capacity 53707K, committed 53976K, reserved 1095680K
  class space    used 7169K, capacity 7636K, committed 7680K, reserved 1048576K
GC Heap History (10 events):
Event: 15.417 GC heap before
{Heap before GC invocations=11 (full 1):
 PSYoungGen      total 72704K, used 72672K [0x00000000e0000000, 0x00000000e6900000, 0x0000000100000000)
  eden space 65536K, 100% used [0x00000000e0000000,0x00000000e4000000,0x00000000e4000000)
  from space 7168K, 99% used [0x00000000e4000000,0x00000000e46f8268,0x00000000e4700000)
  to   space 8192K, 0% used [0x00000000e6100000,0x00000000e6100000,0x00000000e6900000)
 ParOldGen       total 33280K, used 9095K [0x00000000a0000000, 0x00000000a2080000, 0x00000000e0000000)
  object space 33280K, 27% used [0x00000000a0000000,0x00000000a08e1de0,0x00000000a2080000)
 Metaspace       used 29975K, capacity 30558K, committed 30848K, reserved 1075200K
  class space    used 4199K, capacity 4418K, committed 4480K, reserved 1048576K
Event: 15.433 GC heap after
Heap after GC invocations=11 (full 1):
 PSYoungGen      total 96768K, used 8181K [0x00000000e0000000, 0x00000000e6900000, 0x0000000100000000)
  eden space 88576K, 0% used [0x00000000e0000000,0x00000000e0000000,0x00000000e5680000)
  from space 8192K, 99% used [0x00000000e6100000,0x00000000e68fd610,0x00000000e6900000)
  to   space 9216K, 0% used [0x00000000e5700000,0x00000000e5700000,0x00000000e6000000)
 ParOldGen       total 33280K, used 9925K [0x00000000a0000000, 0x00000000a2080000, 0x00000000e0000000)
  object space 33280K, 29% used [0x00000000a0000000,0x00000000a09b14f0,0x00000000a2080000)
 Metaspace       used 29975K, capacity 30558K, committed 30848K, reserved 1075200K
  class space    used 4199K, capacity 4418K, committed 4480K, reserved 1048576K
}
Event: 17.021 GC heap before
{Heap before GC invocations=12 (full 1):
 PSYoungGen      total 96768K, used 33576K [0x00000000e0000000, 0x00000000e6900000, 0x0000000100000000)
  eden space 88576K, 28% used [0x00000000e0000000,0x00000000e18cccc0,0x00000000e5680000)
  from space 8192K, 99% used [0x00000000e6100000,0x00000000e68fd610,0x00000000e6900000)
  to   space 9216K, 0% used [0x00000000e5700000,0x00000000e5700000,0x00000000e6000000)
 ParOldGen       total 33280K, used 9925K [0x00000000a0000000, 0x00000000a2080000, 0x00000000e0000000)
  object space 33280K, 29% used [0x00000000a0000000,0x00000000a09b14f0,0x00000000a2080000)
 Metaspace       used 34569K, capacity 35197K, committed 35416K, reserved 1079296K
  class space    used 4768K, capacity 4992K, committed 4992K, reserved 1048576K
Event: 17.040 GC heap after
Heap after GC invocations=12 (full 1):
 PSYoungGen      total 98304K, used 3744K [0x00000000e0000000, 0x00000000e8600000, 0x0000000100000000)
  eden space 89088K, 0% used [0x00000000e0000000,0x00000000e0000000,0x00000000e5700000)
  from space 9216K, 40% used [0x00000000e5700000,0x00000000e5aa8198,0x00000000e6000000)
  to   space 9216K, 0% used [0x00000000e7d00000,0x00000000e7d00000,0x00000000e8600000)
 ParOldGen       total 33280K, used 15702K [0x00000000a0000000, 0x00000000a2080000, 0x00000000e0000000)
  object space 33280K, 47% used [0x00000000a0000000,0x00000000a0f55bb0,0x00000000a2080000)
 Metaspace       used 34569K, capacity 35197K, committed 35416K, reserved 1079296K
  class space    used 4768K, capacity 4992K, committed 4992K, reserved 1048576K
}
Event: 17.040 GC heap before
{Heap before GC invocations=13 (full 2):
 PSYoungGen      total 98304K, used 3744K [0x00000000e0000000, 0x00000000e8600000, 0x0000000100000000)
  eden space 89088K, 0% used [0x00000000e0000000,0x00000000e0000000,0x00000000e5700000)
  from space 9216K, 40% used [0x00000000e5700000,0x00000000e5aa8198,0x00000000e6000000)
  to   space 9216K, 0% used [0x00000000e7d00000,0x00000000e7d00000,0x00000000e8600000)
 ParOldGen       total 33280K, used 15702K [0x00000000a0000000, 0x00000000a2080000, 0x00000000e0000000)
  object space 33280K, 47% used [0x00000000a0000000,0x00000000a0f55bb0,0x00000000a2080000)
 Metaspace       used 34569K, capacity 35197K, committed 35416K, reserved 1079296K
  class space    used 4768K, capacity 4992K, committed 4992K, reserved 1048576K
Event: 17.157 GC heap after
Heap after GC invocations=13 (full 2):
 PSYoungGen      total 98304K, used 0K [0x00000000e0000000, 0x00000000e8600000, 0x0000000100000000)
  eden space 89088K, 0% used [0x00000000e0000000,0x00000000e0000000,0x00000000e5700000)
  from space 9216K, 0% used [0x00000000e5700000,0x00000000e5700000,0x00000000e6000000)
  to   space 9216K, 0% used [0x00000000e7d00000,0x00000000e7d00000,0x00000000e8600000)
 ParOldGen       total 51200K, used 16147K [0x00000000a0000000, 0x00000000a3200000, 0x00000000e0000000)
  object space 51200K, 31% used [0x00000000a0000000,0x00000000a0fc4c48,0x00000000a3200000)
 Metaspace       used 34569K, capacity 35197K, committed 35416K, reserved 1079296K
  class space    used 4768K, capacity 4992K, committed 4992K, reserved 1048576K
}
Event: 20.192 GC heap before
{Heap before GC invocations=14 (full 2):
 PSYoungGen      total 98304K, used 89088K [0x00000000e0000000, 0x00000000e8600000, 0x0000000100000000)
  eden space 89088K, 100% used [0x00000000e0000000,0x00000000e5700000,0x00000000e5700000)
  from space 9216K, 0% used [0x00000000e5700000,0x00000000e5700000,0x00000000e6000000)
  to   space 9216K, 0% used [0x00000000e7d00000,0x00000000e7d00000,0x00000000e8600000)
 ParOldGen       total 51200K, used 16147K [0x00000000a0000000, 0x00000000a3200000, 0x00000000e0000000)
  object space 51200K, 31% used [0x00000000a0000000,0x00000000a0fc4c48,0x00000000a3200000)
 Metaspace       used 40067K, capacity 40883K, committed 41048K, reserved 1085440K
  class space    used 5454K, capacity 5726K, committed 5760K, reserved 1048576K
Event: 20.226 GC heap after
Heap after GC invocations=14 (full 2):
 PSYoungGen      total 126464K, used 9187K [0x00000000e0000000, 0x00000000e8a00000, 0x0000000100000000)
  eden space 117248K, 0% used [0x00000000e0000000,0x00000000e0000000,0x00000000e7280000)
  from space 9216K, 99% used [0x00000000e7d00000,0x00000000e85f8ce0,0x00000000e8600000)
  to   space 10752K, 0% used [0x00000000e7280000,0x00000000e7280000,0x00000000e7d00000)
 ParOldGen       total 51200K, used 16674K [0x00000000a0000000, 0x00000000a3200000, 0x00000000e0000000)
  object space 51200K, 32% used [0x00000000a0000000,0x00000000a10488f8,0x00000000a3200000)
 Metaspace       used 40067K, capacity 40883K, committed 41048K, reserved 1085440K
  class space    used 5454K, capacity 5726K, committed 5760K, reserved 1048576K
}
Event: 26.044 GC heap before
{Heap before GC invocations=15 (full 2):
 PSYoungGen      total 126464K, used 126435K [0x00000000e0000000, 0x00000000e8a00000, 0x0000000100000000)
  eden space 117248K, 100% used [0x00000000e0000000,0x00000000e7280000,0x00000000e7280000)
  from space 9216K, 99% used [0x00000000e7d00000,0x00000000e85f8ce0,0x00000000e8600000)
  to   space 10752K, 0% used [0x00000000e7280000,0x00000000e7280000,0x00000000e7d00000)
 ParOldGen       total 51200K, used 16674K [0x00000000a0000000, 0x00000000a3200000, 0x00000000e0000000)
  object space 51200K, 32% used [0x00000000a0000000,0x00000000a10488f8,0x00000000a3200000)
 Metaspace       used 50259K, capacity 51839K, committed 52184K, reserved 1093632K
  class space    used 6890K, capacity 7307K, committed 7424K, reserved 1048576K
Event: 26.081 GC heap after
Heap after GC invocations=15 (full 2):
 PSYoungGen      total 128000K, used 10744K [0x00000000e0000000, 0x00000000e8a00000, 0x0000000100000000)
  eden space 117248K, 0% used [0x00000000e0000000,0x00000000e0000000,0x00000000e7280000)
  from space 10752K, 99% used [0x00000000e7280000,0x00000000e7cfe0c8,0x00000000e7d00000)
  to   space 9216K, 0% used [0x00000000e7d00000,0x00000000e7d00000,0x00000000e8600000)
 ParOldGen       total 51200K, used 24789K [0x00000000a0000000, 0x00000000a3200000, 0x00000000e0000000)
  object space 51200K, 48% used [0x00000000a0000000,0x00000000a18357c0,0x00000000a3200000)
 Metaspace       used 50259K, capacity 51839K, committed 52184K, reserved 1093632K
  class space    used 6890K, capacity 7307K, committed 7424K, reserved 1048576K
}

