# JRE version: OpenJDK Runtime Environment (8.0_152-b02) (build 1.8.0_152-release-1024-b02)
# Java VM: OpenJDK 64-Bit Server VM (25.152-b02 mixed mode windows-amd64 compressed oops)
Heap:
 PSYoungGen      total 262144K, used 213305K [0x00000000e0000000, 0x00000000f5880000, 0x0000000100000000)
  eden space 212480K, 95% used [0x00000000e0000000,0x00000000ec552b40,0x00000000ecf80000)
  from space 49664K, 22% used [0x00000000ecf80000,0x00000000eda7bc30,0x00000000f0000000)
  to   space 47616K, 0% used [0x00000000f2a00000,0x00000000f2a00000,0x00000000f5880000)
 ParOldGen       total 221184K, used 133354K [0x00000000a0000000, 0x00000000ad800000, 0x00000000e0000000)
  object space 221184K, 60% used [0x00000000a0000000,0x00000000a823a928,0x00000000ad800000)
 Metaspace       used 90838K, capacity 95308K, committed 95360K, reserved 1132544K
  class space    used 12128K, capacity 13166K, committed 13184K, reserved 1048576K
GC Heap History (10 events):
Event: 173.558 GC heap before
{Heap before GC invocations=21 (full 3):
 PSYoungGen      total 195072K, used 195053K [0x00000000e0000000, 0x00000000ee480000, 0x0000000100000000)
  eden space 178176K, 100% used [0x00000000e0000000,0x00000000eae00000,0x00000000eae00000)
  from space 16896K, 99% used [0x00000000eae00000,0x00000000ebe7b4e0,0x00000000ebe80000)
  to   space 22528K, 0% used [0x00000000ece80000,0x00000000ece80000,0x00000000ee480000)
 ParOldGen       total 104960K, used 53035K [0x00000000a0000000, 0x00000000a6680000, 0x00000000e0000000)
  object space 104960K, 50% used [0x00000000a0000000,0x00000000a33cae48,0x00000000a6680000)
 Metaspace       used 78507K, capacity 82126K, committed 82176K, reserved 1120256K
  class space    used 10624K, capacity 11509K, committed 11520K, reserved 1048576K
Event: 173.624 GC heap after
Heap after GC invocations=21 (full 3):
 PSYoungGen      total 210432K, used 15954K [0x00000000e0000000, 0x00000000ef280000, 0x0000000100000000)
  eden space 187904K, 0% used [0x00000000e0000000,0x00000000e0000000,0x00000000eb780000)
  from space 22528K, 70% used [0x00000000ece80000,0x00000000ede14b20,0x00000000ee480000)
  to   space 23552K, 0% used [0x00000000eb780000,0x00000000eb780000,0x00000000ece80000)
 ParOldGen       total 104960K, used 69654K [0x00000000a0000000, 0x00000000a6680000, 0x00000000e0000000)
  object space 104960K, 66% used [0x00000000a0000000,0x00000000a4405850,0x00000000a6680000)
 Metaspace       used 78507K, capacity 82126K, committed 82176K, reserved 1120256K
  class space    used 10624K, capacity 11509K, committed 11520K, reserved 1048576K
}
Event: 180.765 GC heap before
{Heap before GC invocations=22 (full 3):
 PSYoungGen      total 210432K, used 203858K [0x00000000e0000000, 0x00000000ef280000, 0x0000000100000000)
  eden space 187904K, 100% used [0x00000000e0000000,0x00000000eb780000,0x00000000eb780000)
  from space 22528K, 70% used [0x00000000ece80000,0x00000000ede14b20,0x00000000ee480000)
  to   space 23552K, 0% used [0x00000000eb780000,0x00000000eb780000,0x00000000ece80000)
 ParOldGen       total 104960K, used 69654K [0x00000000a0000000, 0x00000000a6680000, 0x00000000e0000000)
  object space 104960K, 66% used [0x00000000a0000000,0x00000000a4405850,0x00000000a6680000)
 Metaspace       used 85829K, capacity 89970K, committed 90240K, reserved 1126400K
  class space    used 11626K, capacity 12573K, committed 12672K, reserved 1048576K
Event: 180.899 GC heap after
Heap after GC invocations=22 (full 3):
 PSYoungGen      total 211456K, used 23548K [0x00000000e0000000, 0x00000000f2e00000, 0x0000000100000000)
  eden space 187904K, 0% used [0x00000000e0000000,0x00000000e0000000,0x00000000eb780000)
  from space 23552K, 99% used [0x00000000eb780000,0x00000000ece7f060,0x00000000ece80000)
  to   space 47104K, 0% used [0x00000000f0000000,0x00000000f0000000,0x00000000f2e00000)
 ParOldGen       total 123904K, used 123160K [0x00000000a0000000, 0x00000000a7900000, 0x00000000e0000000)
  object space 123904K, 99% used [0x00000000a0000000,0x00000000a78460e0,0x00000000a7900000)
 Metaspace       used 85829K, capacity 89970K, committed 90240K, reserved 1126400K
  class space    used 11626K, capacity 12573K, committed 12672K, reserved 1048576K
}
Event: 180.899 GC heap before
{Heap before GC invocations=23 (full 4):
 PSYoungGen      total 211456K, used 23548K [0x00000000e0000000, 0x00000000f2e00000, 0x0000000100000000)
  eden space 187904K, 0% used [0x00000000e0000000,0x00000000e0000000,0x00000000eb780000)
  from space 23552K, 99% used [0x00000000eb780000,0x00000000ece7f060,0x00000000ece80000)
  to   space 47104K, 0% used [0x00000000f0000000,0x00000000f0000000,0x00000000f2e00000)
 ParOldGen       total 123904K, used 123160K [0x00000000a0000000, 0x00000000a7900000, 0x00000000e0000000)
  object space 123904K, 99% used [0x00000000a0000000,0x00000000a78460e0,0x00000000a7900000)
 Metaspace       used 85829K, capacity 89970K, committed 90240K, reserved 1126400K
  class space    used 11626K, capacity 12573K, committed 12672K, reserved 1048576K
Event: 182.052 GC heap after
Heap after GC invocations=23 (full 4):
 PSYoungGen      total 211456K, used 12750K [0x00000000e0000000, 0x00000000f2e00000, 0x0000000100000000)
  eden space 187904K, 0% used [0x00000000e0000000,0x00000000e0000000,0x00000000eb780000)
  from space 23552K, 54% used [0x00000000eb780000,0x00000000ec3f3880,0x00000000ece80000)
  to   space 47104K, 0% used [0x00000000f0000000,0x00000000f0000000,0x00000000f2e00000)
 ParOldGen       total 221184K, used 120483K [0x00000000a0000000, 0x00000000ad800000, 0x00000000e0000000)
  object space 221184K, 54% used [0x00000000a0000000,0x00000000a75a8f38,0x00000000ad800000)
 Metaspace       used 85788K, capacity 89858K, committed 90240K, reserved 1126400K
  class space    used 11611K, capacity 12547K, committed 12672K, reserved 1048576K
}
Event: 185.816 GC heap before
{Heap before GC invocations=24 (full 4):
 PSYoungGen      total 211456K, used 199173K [0x00000000e0000000, 0x00000000f2e00000, 0x0000000100000000)
  eden space 187904K, 99% used [0x00000000e0000000,0x00000000eb60dc40,0x00000000eb780000)
  from space 23552K, 54% used [0x00000000eb780000,0x00000000ec3f3880,0x00000000ece80000)
  to   space 47104K, 0% used [0x00000000f0000000,0x00000000f0000000,0x00000000f2e00000)
 ParOldGen       total 221184K, used 120483K [0x00000000a0000000, 0x00000000ad800000, 0x00000000e0000000)
  object space 221184K, 54% used [0x00000000a0000000,0x00000000a75a8f38,0x00000000ad800000)
 Metaspace       used 87872K, capacity 92150K, committed 92288K, reserved 1128448K
  class space    used 11848K, capacity 12835K, committed 12928K, reserved 1048576K
Event: 185.891 GC heap after
Heap after GC invocations=24 (full 4):
 PSYoungGen      total 259584K, used 31851K [0x00000000e0000000, 0x00000000f3700000, 0x0000000100000000)
  eden space 212480K, 0% used [0x00000000e0000000,0x00000000e0000000,0x00000000ecf80000)
  from space 47104K, 67% used [0x00000000f0000000,0x00000000f1f1ad60,0x00000000f2e00000)
  to   space 49664K, 0% used [0x00000000ecf80000,0x00000000ecf80000,0x00000000f0000000)
 ParOldGen       total 221184K, used 133346K [0x00000000a0000000, 0x00000000ad800000, 0x00000000e0000000)
  object space 221184K, 60% used [0x00000000a0000000,0x00000000a8238928,0x00000000ad800000)
 Metaspace       used 87872K, capacity 92150K, committed 92288K, reserved 1128448K
  class space    used 11848K, capacity 12835K, committed 12928K, reserved 1048576K
}
Event: 186.150 GC heap before
{Heap before GC invocations=25 (full 4):
 PSYoungGen      total 259584K, used 243566K [0x00000000e0000000, 0x00000000f3700000, 0x0000000100000000)
  eden space 212480K, 99% used [0x00000000e0000000,0x00000000ecec0d98,0x00000000ecf80000)
  from space 47104K, 67% used [0x00000000f0000000,0x00000000f1f1ad60,0x00000000f2e00000)
  to   space 49664K, 0% used [0x00000000ecf80000,0x00000000ecf80000,0x00000000f0000000)
 ParOldGen       total 221184K, used 133346K [0x00000000a0000000, 0x00000000ad800000, 0x00000000e0000000)
  object space 221184K, 60% used [0x00000000a0000000,0x00000000a8238928,0x00000000ad800000)
 Metaspace       used 88031K, capacity 92346K, committed 92544K, reserved 1128448K
  class space    used 11868K, capacity 12877K, committed 12928K, reserved 1048576K
Event: 186.162 GC heap after
Heap after GC invocations=25 (full 4):
 PSYoungGen      total 262144K, used 11247K [0x00000000e0000000, 0x00000000f5880000, 0x0000000100000000)
  eden space 212480K, 0% used [0x00000000e0000000,0x00000000e0000000,0x00000000ecf80000)
  from space 49664K, 22% used [0x00000000ecf80000,0x00000000eda7bc30,0x00000000f0000000)
  to   space 47616K, 0% used [0x00000000f2a00000,0x00000000f2a00000,0x00000000f5880000)
 ParOldGen       total 221184K, used 133354K [0x00000000a0000000, 0x00000000ad800000, 0x00000000e0000000)
  object space 221184K, 60% used [0x00000000a0000000,0x00000000a823a928,0x00000000ad800000)
 Metaspace       used 88031K, capacity 92346K, committed 92544K, reserved 1128448K
  class space    used 11868K, capacity 12877K, committed 12928K, reserved 1048576K
}

