# JRE version: OpenJDK Runtime Environment (8.0_152-b02) (build 1.8.0_152-release-1024-b02)
# Java VM: OpenJDK 64-Bit Server VM (25.152-b02 mixed mode windows-amd64 compressed oops)
Heap:
 PSYoungGen      total 159744K, used 92388K [0x00000000e0000000, 0x00000000eb600000, 0x0000000100000000)
  eden space 145920K, 53% used [0x00000000e0000000,0x00000000e4cc00c0,0x00000000e8e80000)
  from space 13824K, 99% used [0x00000000ea080000,0x00000000eadf9158,0x00000000eae00000)
  to   space 18432K, 0% used [0x00000000e8e80000,0x00000000e8e80000,0x00000000ea080000)
 ParOldGen       total 106496K, used 54697K [0x00000000a0000000, 0x00000000a6800000, 0x00000000e0000000)
  object space 106496K, 51% used [0x00000000a0000000,0x00000000a356a708,0x00000000a6800000)
 Metaspace       used 71416K, capacity 74204K, committed 74328K, reserved 1114112K
  class space    used 9345K, capacity 10028K, committed 10072K, reserved 1048576K
GC Heap History (10 events):
Event: 48.449 GC heap before
{Heap before GC invocations=21 (full 2):
 PSYoungGen      total 130048K, used 74553K [0x00000000e0000000, 0x00000000e9000000, 0x0000000100000000)
  eden space 117248K, 54% used [0x00000000e0000000,0x00000000e3ef8fd0,0x00000000e7280000)
  from space 12800K, 78% used [0x00000000e8000000,0x00000000e89d55d0,0x00000000e8c80000)
  to   space 13824K, 0% used [0x00000000e7280000,0x00000000e7280000,0x00000000e8000000)
 ParOldGen       total 57344K, used 41476K [0x00000000a0000000, 0x00000000a3800000, 0x00000000e0000000)
  object space 57344K, 72% used [0x00000000a0000000,0x00000000a2881258,0x00000000a3800000)
 Metaspace       used 56866K, capacity 58960K, committed 59028K, reserved 1099776K
  class space    used 7834K, capacity 8397K, committed 8408K, reserved 1048576K
Event: 48.472 GC heap after
Heap after GC invocations=21 (full 2):
 PSYoungGen      total 131072K, used 1820K [0x00000000e0000000, 0x00000000ea380000, 0x0000000100000000)
  eden space 117248K, 0% used [0x00000000e0000000,0x00000000e0000000,0x00000000e7280000)
  from space 13824K, 13% used [0x00000000e7280000,0x00000000e7447350,0x00000000e8000000)
  to   space 13824K, 0% used [0x00000000e9600000,0x00000000e9600000,0x00000000ea380000)
 ParOldGen       total 57344K, used 50844K [0x00000000a0000000, 0x00000000a3800000, 0x00000000e0000000)
  object space 57344K, 88% used [0x00000000a0000000,0x00000000a31a7318,0x00000000a3800000)
 Metaspace       used 56866K, capacity 58960K, committed 59028K, reserved 1099776K
  class space    used 7834K, capacity 8397K, committed 8408K, reserved 1048576K
}
Event: 48.472 GC heap before
{Heap before GC invocations=22 (full 3):
 PSYoungGen      total 131072K, used 1820K [0x00000000e0000000, 0x00000000ea380000, 0x0000000100000000)
  eden space 117248K, 0% used [0x00000000e0000000,0x00000000e0000000,0x00000000e7280000)
  from space 13824K, 13% used [0x00000000e7280000,0x00000000e7447350,0x00000000e8000000)
  to   space 13824K, 0% used [0x00000000e9600000,0x00000000e9600000,0x00000000ea380000)
 ParOldGen       total 57344K, used 50844K [0x00000000a0000000, 0x00000000a3800000, 0x00000000e0000000)
  object space 57344K, 88% used [0x00000000a0000000,0x00000000a31a7318,0x00000000a3800000)
 Metaspace       used 56866K, capacity 58960K, committed 59028K, reserved 1099776K
  class space    used 7834K, capacity 8397K, committed 8408K, reserved 1048576K
Event: 48.959 GC heap after
Heap after GC invocations=22 (full 3):
 PSYoungGen      total 131072K, used 0K [0x00000000e0000000, 0x00000000ea380000, 0x0000000100000000)
  eden space 117248K, 0% used [0x00000000e0000000,0x00000000e0000000,0x00000000e7280000)
  from space 13824K, 0% used [0x00000000e7280000,0x00000000e7280000,0x00000000e8000000)
  to   space 13824K, 0% used [0x00000000e9600000,0x00000000e9600000,0x00000000ea380000)
 ParOldGen       total 106496K, used 46683K [0x00000000a0000000, 0x00000000a6800000, 0x00000000e0000000)
  object space 106496K, 43% used [0x00000000a0000000,0x00000000a2d96c78,0x00000000a6800000)
 Metaspace       used 56866K, capacity 58960K, committed 59028K, reserved 1099776K
  class space    used 7834K, capacity 8397K, committed 8408K, reserved 1048576K
}
Event: 168.050 GC heap before
{Heap before GC invocations=23 (full 3):
 PSYoungGen      total 131072K, used 117248K [0x00000000e0000000, 0x00000000ea380000, 0x0000000100000000)
  eden space 117248K, 100% used [0x00000000e0000000,0x00000000e7280000,0x00000000e7280000)
  from space 13824K, 0% used [0x00000000e7280000,0x00000000e7280000,0x00000000e8000000)
  to   space 13824K, 0% used [0x00000000e9600000,0x00000000e9600000,0x00000000ea380000)
 ParOldGen       total 106496K, used 46683K [0x00000000a0000000, 0x00000000a6800000, 0x00000000e0000000)
  object space 106496K, 43% used [0x00000000a0000000,0x00000000a2d96c78,0x00000000a6800000)
 Metaspace       used 63060K, capacity 65570K, committed 65752K, reserved 1105920K
  class space    used 8462K, capacity 9113K, committed 9176K, reserved 1048576K
Event: 168.067 GC heap after
Heap after GC invocations=23 (full 3):
 PSYoungGen      total 142336K, used 8666K [0x00000000e0000000, 0x00000000e9e80000, 0x0000000100000000)
  eden space 133632K, 0% used [0x00000000e0000000,0x00000000e0000000,0x00000000e8280000)
  from space 8704K, 99% used [0x00000000e9600000,0x00000000e9e76b48,0x00000000e9e80000)
  to   space 13824K, 0% used [0x00000000e8380000,0x00000000e8380000,0x00000000e9100000)
 ParOldGen       total 106496K, used 46691K [0x00000000a0000000, 0x00000000a6800000, 0x00000000e0000000)
  object space 106496K, 43% used [0x00000000a0000000,0x00000000a2d98c78,0x00000000a6800000)
 Metaspace       used 63060K, capacity 65570K, committed 65752K, reserved 1105920K
  class space    used 8462K, capacity 9113K, committed 9176K, reserved 1048576K
}
Event: 188.894 GC heap before
{Heap before GC invocations=24 (full 3):
 PSYoungGen      total 142336K, used 142298K [0x00000000e0000000, 0x00000000e9e80000, 0x0000000100000000)
  eden space 133632K, 100% used [0x00000000e0000000,0x00000000e8280000,0x00000000e8280000)
  from space 8704K, 99% used [0x00000000e9600000,0x00000000e9e76b48,0x00000000e9e80000)
  to   space 13824K, 0% used [0x00000000e8380000,0x00000000e8380000,0x00000000e9100000)
 ParOldGen       total 106496K, used 46691K [0x00000000a0000000, 0x00000000a6800000, 0x00000000e0000000)
  object space 106496K, 43% used [0x00000000a0000000,0x00000000a2d98c78,0x00000000a6800000)
 Metaspace       used 67222K, capacity 69864K, committed 70104K, reserved 1110016K
  class space    used 8947K, capacity 9624K, committed 9688K, reserved 1048576K
Event: 188.963 GC heap after
Heap after GC invocations=24 (full 3):
 PSYoungGen      total 148480K, used 7421K [0x00000000e0000000, 0x00000000eae00000, 0x0000000100000000)
  eden space 134656K, 0% used [0x00000000e0000000,0x00000000e0000000,0x00000000e8380000)
  from space 13824K, 53% used [0x00000000e8380000,0x00000000e8abf630,0x00000000e9100000)
  to   space 13824K, 0% used [0x00000000ea080000,0x00000000ea080000,0x00000000eae00000)
 ParOldGen       total 106496K, used 46699K [0x00000000a0000000, 0x00000000a6800000, 0x00000000e0000000)
  object space 106496K, 43% used [0x00000000a0000000,0x00000000a2d9ac78,0x00000000a6800000)
 Metaspace       used 67222K, capacity 69864K, committed 70104K, reserved 1110016K
  class space    used 8947K, capacity 9624K, committed 9688K, reserved 1048576K
}
Event: 204.491 GC heap before
{Heap before GC invocations=25 (full 3):
 PSYoungGen      total 148480K, used 142077K [0x00000000e0000000, 0x00000000eae00000, 0x0000000100000000)
  eden space 134656K, 100% used [0x00000000e0000000,0x00000000e8380000,0x00000000e8380000)
  from space 13824K, 53% used [0x00000000e8380000,0x00000000e8abf630,0x00000000e9100000)
  to   space 13824K, 0% used [0x00000000ea080000,0x00000000ea080000,0x00000000eae00000)
 ParOldGen       total 106496K, used 46699K [0x00000000a0000000, 0x00000000a6800000, 0x00000000e0000000)
  object space 106496K, 43% used [0x00000000a0000000,0x00000000a2d9ac78,0x00000000a6800000)
 Metaspace       used 68784K, capacity 71564K, committed 71768K, reserved 1112064K
  class space    used 9083K, capacity 9782K, committed 9816K, reserved 1048576K
Event: 204.533 GC heap after
Heap after GC invocations=25 (full 3):
 PSYoungGen      total 159744K, used 13796K [0x00000000e0000000, 0x00000000eb600000, 0x0000000100000000)
  eden space 145920K, 0% used [0x00000000e0000000,0x00000000e0000000,0x00000000e8e80000)
  from space 13824K, 99% used [0x00000000ea080000,0x00000000eadf9158,0x00000000eae00000)
  to   space 18432K, 0% used [0x00000000e8e80000,0x00000000e8e80000,0x00000000ea080000)
 ParOldGen       total 106496K, used 54697K [0x00000000a0000000, 0x00000000a6800000, 0x00000000e0000000)
  object space 106496K, 51% used [0x00000000a0000000,0x00000000a356a708,0x00000000a6800000)
 Metaspace       used 68784K, capacity 71564K, committed 71768K, reserved 1112064K
  class space    used 9083K, capacity 9782K, committed 9816K, reserved 1048576K
}

