# JRE version: OpenJDK Runtime Environment (8.0_152-b02) (build 1.8.0_152-release-1024-b02)
# Java VM: OpenJDK 64-Bit Server VM (25.152-b02 mixed mode windows-amd64 compressed oops)
Heap:
 PSYoungGen      total 172032K, used 89522K [0x00000000e0000000, 0x00000000ec900000, 0x0000000100000000)
  eden space 156160K, 47% used [0x00000000e0000000,0x00000000e4877cb0,0x00000000e9880000)
  from space 15872K, 96% used [0x00000000e9880000,0x00000000ea774de0,0x00000000ea800000)
  to   space 17920K, 0% used [0x00000000eb780000,0x00000000eb780000,0x00000000ec900000)
 ParOldGen       total 176640K, used 116752K [0x00000000a0000000, 0x00000000aac80000, 0x00000000e0000000)
  object space 176640K, 66% used [0x00000000a0000000,0x00000000a7204090,0x00000000aac80000)
 Metaspace       used 65450K, capacity 68079K, committed 68312K, reserved 1107968K
  class space    used 8795K, capacity 9377K, committed 9472K, reserved 1048576K
GC Heap History (10 events):
Event: 37.938 GC heap before
{Heap before GC invocations=16 (full 2):
 PSYoungGen      total 130048K, used 130037K [0x00000000e0000000, 0x00000000eb900000, 0x0000000100000000)
  eden space 119296K, 100% used [0x00000000e0000000,0x00000000e7480000,0x00000000e7480000)
  from space 10752K, 99% used [0x00000000e7480000,0x00000000e7efd658,0x00000000e7f00000)
  to   space 15360K, 0% used [0x00000000eaa00000,0x00000000eaa00000,0x00000000eb900000)
 ParOldGen       total 51712K, used 24874K [0x00000000a0000000, 0x00000000a3280000, 0x00000000e0000000)
  object space 51712K, 48% used [0x00000000a0000000,0x00000000a184ab40,0x00000000a3280000)
 Metaspace       used 54523K, capacity 56451K, committed 56664K, reserved 1097728K
  class space    used 7493K, capacity 7975K, committed 8064K, reserved 1048576K
Event: 37.988 GC heap after
Heap after GC invocations=16 (full 2):
 PSYoungGen      total 169984K, used 11200K [0x00000000e0000000, 0x00000000eb780000, 0x0000000100000000)
  eden space 156160K, 0% used [0x00000000e0000000,0x00000000e0000000,0x00000000e9880000)
  from space 13824K, 81% used [0x00000000eaa00000,0x00000000eb4f03b0,0x00000000eb780000)
  to   space 15872K, 0% used [0x00000000e9880000,0x00000000e9880000,0x00000000ea800000)
 ParOldGen       total 51712K, used 31962K [0x00000000a0000000, 0x00000000a3280000, 0x00000000e0000000)
  object space 51712K, 61% used [0x00000000a0000000,0x00000000a1f36998,0x00000000a3280000)
 Metaspace       used 54523K, capacity 56451K, committed 56664K, reserved 1097728K
  class space    used 7493K, capacity 7975K, committed 8064K, reserved 1048576K
}
Event: 56.866 GC heap before
{Heap before GC invocations=17 (full 2):
 PSYoungGen      total 169984K, used 153881K [0x00000000e0000000, 0x00000000eb780000, 0x0000000100000000)
  eden space 156160K, 91% used [0x00000000e0000000,0x00000000e8b56158,0x00000000e9880000)
  from space 13824K, 81% used [0x00000000eaa00000,0x00000000eb4f03b0,0x00000000eb780000)
  to   space 15872K, 0% used [0x00000000e9880000,0x00000000e9880000,0x00000000ea800000)
 ParOldGen       total 51712K, used 31962K [0x00000000a0000000, 0x00000000a3280000, 0x00000000e0000000)
  object space 51712K, 61% used [0x00000000a0000000,0x00000000a1f36998,0x00000000a3280000)
 Metaspace       used 56922K, capacity 58913K, committed 58968K, reserved 1099776K
  class space    used 7793K, capacity 8310K, committed 8320K, reserved 1048576K
Event: 57.000 GC heap after
Heap after GC invocations=17 (full 2):
 PSYoungGen      total 169984K, used 153881K [0x00000000e0000000, 0x00000000eb780000, 0x0000000100000000)
  eden space 156160K, 91% used [0x00000000e0000000,0x00000000e8b56158,0x00000000e9880000)
  from space 13824K, 81% used [0x00000000eaa00000,0x00000000eb4f03b0,0x00000000eb780000)
  to   space 15872K, 99% used [0x00000000e9880000,0x00000000ea7fd800,0x00000000ea800000)
 ParOldGen       total 57856K, used 57827K [0x00000000a0000000, 0x00000000a3880000, 0x00000000e0000000)
  object space 57856K, 99% used [0x00000000a0000000,0x00000000a3878e48,0x00000000a3880000)
 Metaspace       used 56922K, capacity 58913K, committed 58968K, reserved 1099776K
  class space    used 7793K, capacity 8310K, committed 8320K, reserved 1048576K
}
Event: 57.000 GC heap before
{Heap before GC invocations=18 (full 3):
 PSYoungGen      total 169984K, used 153881K [0x00000000e0000000, 0x00000000eb780000, 0x0000000100000000)
  eden space 156160K, 91% used [0x00000000e0000000,0x00000000e8b56158,0x00000000e9880000)
  from space 13824K, 81% used [0x00000000eaa00000,0x00000000eb4f03b0,0x00000000eb780000)
  to   space 15872K, 99% used [0x00000000e9880000,0x00000000ea7fd800,0x00000000ea800000)
 ParOldGen       total 57856K, used 57827K [0x00000000a0000000, 0x00000000a3880000, 0x00000000e0000000)
  object space 57856K, 99% used [0x00000000a0000000,0x00000000a3878e48,0x00000000a3880000)
 Metaspace       used 56922K, capacity 58913K, committed 58968K, reserved 1099776K
  class space    used 7793K, capacity 8310K, committed 8320K, reserved 1048576K
Event: 57.564 GC heap after
Heap after GC invocations=18 (full 3):
 PSYoungGen      total 169984K, used 0K [0x00000000e0000000, 0x00000000eb780000, 0x0000000100000000)
  eden space 156160K, 0% used [0x00000000e0000000,0x00000000e0000000,0x00000000e9880000)
  from space 13824K, 0% used [0x00000000eaa00000,0x00000000eaa00000,0x00000000eb780000)
  to   space 15872K, 70% used [0x00000000e9880000,0x00000000ea363320,0x00000000ea800000)
 ParOldGen       total 106496K, used 56477K [0x00000000a0000000, 0x00000000a6800000, 0x00000000e0000000)
  object space 106496K, 53% used [0x00000000a0000000,0x00000000a3727468,0x00000000a6800000)
 Metaspace       used 56920K, capacity 58907K, committed 58968K, reserved 1099776K
  class space    used 7793K, capacity 8309K, committed 8320K, reserved 1048576K
}
Event: 61.518 GC heap before
{Heap before GC invocations=19 (full 4):
 PSYoungGen      total 169984K, used 156160K [0x00000000e0000000, 0x00000000eb780000, 0x0000000100000000)
  eden space 156160K, 100% used [0x00000000e0000000,0x00000000e9880000,0x00000000e9880000)
  from space 13824K, 0% used [0x00000000eaa00000,0x00000000eaa00000,0x00000000eb780000)
  to   space 15872K, 70% used [0x00000000e9880000,0x00000000ea363320,0x00000000ea800000)
 ParOldGen       total 106496K, used 56477K [0x00000000a0000000, 0x00000000a6800000, 0x00000000e0000000)
  object space 106496K, 53% used [0x00000000a0000000,0x00000000a3727468,0x00000000a6800000)
 Metaspace       used 59719K, capacity 62015K, committed 62296K, reserved 1103872K
  class space    used 8174K, capacity 8731K, committed 8832K, reserved 1048576K
Event: 62.153 GC heap after
Heap after GC invocations=19 (full 4):
 PSYoungGen      total 169984K, used 0K [0x00000000e0000000, 0x00000000eb780000, 0x0000000100000000)
  eden space 156160K, 0% used [0x00000000e0000000,0x00000000e0000000,0x00000000e9880000)
  from space 13824K, 0% used [0x00000000eaa00000,0x00000000eaa00000,0x00000000eb780000)
  to   space 15872K, 0% used [0x00000000e9880000,0x00000000e9880000,0x00000000ea800000)
 ParOldGen       total 176640K, used 105133K [0x00000000a0000000, 0x00000000aac80000, 0x00000000e0000000)
  object space 176640K, 59% used [0x00000000a0000000,0x00000000a66ab710,0x00000000aac80000)
 Metaspace       used 59704K, capacity 61975K, committed 62296K, reserved 1103872K
  class space    used 8168K, capacity 8721K, committed 8832K, reserved 1048576K
}
Event: 66.499 GC heap before
{Heap before GC invocations=20 (full 4):
 PSYoungGen      total 169984K, used 156160K [0x00000000e0000000, 0x00000000eb780000, 0x0000000100000000)
  eden space 156160K, 100% used [0x00000000e0000000,0x00000000e9880000,0x00000000e9880000)
  from space 13824K, 0% used [0x00000000eaa00000,0x00000000eaa00000,0x00000000eb780000)
  to   space 15872K, 0% used [0x00000000e9880000,0x00000000e9880000,0x00000000ea800000)
 ParOldGen       total 176640K, used 105133K [0x00000000a0000000, 0x00000000aac80000, 0x00000000e0000000)
  object space 176640K, 59% used [0x00000000a0000000,0x00000000a66ab710,0x00000000aac80000)
 Metaspace       used 62120K, capacity 64611K, committed 64856K, reserved 1105920K
  class space    used 8450K, capacity 9009K, committed 9088K, reserved 1048576K
Event: 66.523 GC heap after
Heap after GC invocations=20 (full 4):
 PSYoungGen      total 172032K, used 15315K [0x00000000e0000000, 0x00000000ec900000, 0x0000000100000000)
  eden space 156160K, 0% used [0x00000000e0000000,0x00000000e0000000,0x00000000e9880000)
  from space 15872K, 96% used [0x00000000e9880000,0x00000000ea774de0,0x00000000ea800000)
  to   space 17920K, 0% used [0x00000000eb780000,0x00000000eb780000,0x00000000ec900000)
 ParOldGen       total 176640K, used 116752K [0x00000000a0000000, 0x00000000aac80000, 0x00000000e0000000)
  object space 176640K, 66% used [0x00000000a0000000,0x00000000a7204090,0x00000000aac80000)
 Metaspace       used 62120K, capacity 64611K, committed 64856K, reserved 1105920K
  class space    used 8450K, capacity 9009K, committed 9088K, reserved 1048576K
}

