# JRE version: OpenJDK Runtime Environment (8.0_152-b02) (build 1.8.0_152-release-1024-b02)
# Java VM: OpenJDK 64-Bit Server VM (25.152-b02 mixed mode windows-amd64 compressed oops)
Heap:
 PSYoungGen      total 197120K, used 56385K [0x00000000e0000000, 0x00000000ed800000, 0x0000000100000000)
  eden space 180224K, 21% used [0x00000000e0000000,0x00000000e2692c40,0x00000000eb000000)
  from space 16896K, 99% used [0x00000000ec700000,0x00000000ed77d9c0,0x00000000ed780000)
  to   space 20480K, 0% used [0x00000000eb000000,0x00000000eb000000,0x00000000ec400000)
 ParOldGen       total 101376K, used 49196K [0x00000000a0000000, 0x00000000a6300000, 0x00000000e0000000)
  object space 101376K, 48% used [0x00000000a0000000,0x00000000a300b110,0x00000000a6300000)
 Metaspace       used 64399K, capacity 66607K, committed 66944K, reserved 1107968K
  class space    used 8450K, capacity 8965K, committed 9088K, reserved 1048576K
GC Heap History (10 events):
Event: 15.809 GC heap before
{Heap before GC invocations=15 (full 2):
 PSYoungGen      total 122880K, used 122874K [0x00000000e0000000, 0x00000000e8500000, 0x0000000100000000)
  eden space 113664K, 100% used [0x00000000e0000000,0x00000000e6f00000,0x00000000e6f00000)
  from space 9216K, 99% used [0x00000000e7c00000,0x00000000e84fe998,0x00000000e8500000)
  to   space 10752K, 0% used [0x00000000e7000000,0x00000000e7000000,0x00000000e7a80000)
 ParOldGen       total 54272K, used 16634K [0x00000000a0000000, 0x00000000a3500000, 0x00000000e0000000)
  object space 54272K, 30% used [0x00000000a0000000,0x00000000a103e890,0x00000000a3500000)
 Metaspace       used 49925K, capacity 51405K, committed 51584K, reserved 1093632K
  class space    used 6836K, capacity 7230K, committed 7296K, reserved 1048576K
Event: 15.915 GC heap after
Heap after GC invocations=15 (full 2):
 PSYoungGen      total 125440K, used 10724K [0x00000000e0000000, 0x00000000eaf00000, 0x0000000100000000)
  eden space 114688K, 0% used [0x00000000e0000000,0x00000000e0000000,0x00000000e7000000)
  from space 10752K, 99% used [0x00000000e7000000,0x00000000e7a79388,0x00000000e7a80000)
  to   space 14848K, 0% used [0x00000000ea080000,0x00000000ea080000,0x00000000eaf00000)
 ParOldGen       total 54272K, used 24361K [0x00000000a0000000, 0x00000000a3500000, 0x00000000e0000000)
  object space 54272K, 44% used [0x00000000a0000000,0x00000000a17ca750,0x00000000a3500000)
 Metaspace       used 49925K, capacity 51405K, committed 51584K, reserved 1093632K
  class space    used 6836K, capacity 7230K, committed 7296K, reserved 1048576K
}
Event: 19.733 GC heap before
{Heap before GC invocations=16 (full 2):
 PSYoungGen      total 125440K, used 125412K [0x00000000e0000000, 0x00000000eaf00000, 0x0000000100000000)
  eden space 114688K, 100% used [0x00000000e0000000,0x00000000e7000000,0x00000000e7000000)
  from space 10752K, 99% used [0x00000000e7000000,0x00000000e7a79388,0x00000000e7a80000)
  to   space 14848K, 0% used [0x00000000ea080000,0x00000000ea080000,0x00000000eaf00000)
 ParOldGen       total 54272K, used 24361K [0x00000000a0000000, 0x00000000a3500000, 0x00000000e0000000)
  object space 54272K, 44% used [0x00000000a0000000,0x00000000a17ca750,0x00000000a3500000)
 Metaspace       used 54196K, capacity 56119K, committed 56320K, reserved 1097728K
  class space    used 7444K, capacity 7935K, committed 7936K, reserved 1048576K
Event: 19.766 GC heap after
Heap after GC invocations=16 (full 2):
 PSYoungGen      total 163328K, used 11502K [0x00000000e0000000, 0x00000000eb000000, 0x0000000100000000)
  eden space 148480K, 0% used [0x00000000e0000000,0x00000000e0000000,0x00000000e9100000)
  from space 14848K, 77% used [0x00000000ea080000,0x00000000eabbb970,0x00000000eaf00000)
  to   space 15872K, 0% used [0x00000000e9100000,0x00000000e9100000,0x00000000ea080000)
 ParOldGen       total 54272K, used 31245K [0x00000000a0000000, 0x00000000a3500000, 0x00000000e0000000)
  object space 54272K, 57% used [0x00000000a0000000,0x00000000a1e834f8,0x00000000a3500000)
 Metaspace       used 54196K, capacity 56119K, committed 56320K, reserved 1097728K
  class space    used 7444K, capacity 7935K, committed 7936K, reserved 1048576K
}
Event: 34.017 GC heap before
{Heap before GC invocations=17 (full 2):
 PSYoungGen      total 163328K, used 142636K [0x00000000e0000000, 0x00000000eb000000, 0x0000000100000000)
  eden space 148480K, 88% used [0x00000000e0000000,0x00000000e800f848,0x00000000e9100000)
  from space 14848K, 77% used [0x00000000ea080000,0x00000000eabbb970,0x00000000eaf00000)
  to   space 15872K, 0% used [0x00000000e9100000,0x00000000e9100000,0x00000000ea080000)
 ParOldGen       total 54272K, used 31245K [0x00000000a0000000, 0x00000000a3500000, 0x00000000e0000000)
  object space 54272K, 57% used [0x00000000a0000000,0x00000000a1e834f8,0x00000000a3500000)
 Metaspace       used 56935K, capacity 58963K, committed 59008K, reserved 1099776K
  class space    used 7795K, capacity 8305K, committed 8320K, reserved 1048576K
Event: 34.051 GC heap after
Heap after GC invocations=17 (full 2):
 PSYoungGen      total 164352K, used 11442K [0x00000000e0000000, 0x00000000ed780000, 0x0000000100000000)
  eden space 148480K, 0% used [0x00000000e0000000,0x00000000e0000000,0x00000000e9100000)
  from space 15872K, 72% used [0x00000000e9100000,0x00000000e9c2c9c8,0x00000000ea080000)
  to   space 16896K, 0% used [0x00000000ec700000,0x00000000ec700000,0x00000000ed780000)
 ParOldGen       total 54272K, used 39890K [0x00000000a0000000, 0x00000000a3500000, 0x00000000e0000000)
  object space 54272K, 73% used [0x00000000a0000000,0x00000000a26f49a8,0x00000000a3500000)
 Metaspace       used 56935K, capacity 58963K, committed 59008K, reserved 1099776K
  class space    used 7795K, capacity 8305K, committed 8320K, reserved 1048576K
}
Event: 34.051 GC heap before
{Heap before GC invocations=18 (full 3):
 PSYoungGen      total 164352K, used 11442K [0x00000000e0000000, 0x00000000ed780000, 0x0000000100000000)
  eden space 148480K, 0% used [0x00000000e0000000,0x00000000e0000000,0x00000000e9100000)
  from space 15872K, 72% used [0x00000000e9100000,0x00000000e9c2c9c8,0x00000000ea080000)
  to   space 16896K, 0% used [0x00000000ec700000,0x00000000ec700000,0x00000000ed780000)
 ParOldGen       total 54272K, used 39890K [0x00000000a0000000, 0x00000000a3500000, 0x00000000e0000000)
  object space 54272K, 73% used [0x00000000a0000000,0x00000000a26f49a8,0x00000000a3500000)
 Metaspace       used 56935K, capacity 58963K, committed 59008K, reserved 1099776K
  class space    used 7795K, capacity 8305K, committed 8320K, reserved 1048576K
Event: 34.488 GC heap after
Heap after GC invocations=18 (full 3):
 PSYoungGen      total 164352K, used 0K [0x00000000e0000000, 0x00000000ed780000, 0x0000000100000000)
  eden space 148480K, 0% used [0x00000000e0000000,0x00000000e0000000,0x00000000e9100000)
  from space 15872K, 0% used [0x00000000e9100000,0x00000000e9100000,0x00000000ea080000)
  to   space 16896K, 0% used [0x00000000ec700000,0x00000000ec700000,0x00000000ed780000)
 ParOldGen       total 101376K, used 45684K [0x00000000a0000000, 0x00000000a6300000, 0x00000000e0000000)
  object space 101376K, 45% used [0x00000000a0000000,0x00000000a2c9d0b0,0x00000000a6300000)
 Metaspace       used 56935K, capacity 58963K, committed 59008K, reserved 1099776K
  class space    used 7795K, capacity 8305K, committed 8320K, reserved 1048576K
}
Event: 103.893 GC heap before
{Heap before GC invocations=19 (full 3):
 PSYoungGen      total 164352K, used 148480K [0x00000000e0000000, 0x00000000ed780000, 0x0000000100000000)
  eden space 148480K, 100% used [0x00000000e0000000,0x00000000e9100000,0x00000000e9100000)
  from space 15872K, 0% used [0x00000000e9100000,0x00000000e9100000,0x00000000ea080000)
  to   space 16896K, 0% used [0x00000000ec700000,0x00000000ec700000,0x00000000ed780000)
 ParOldGen       total 101376K, used 45684K [0x00000000a0000000, 0x00000000a6300000, 0x00000000e0000000)
  object space 101376K, 45% used [0x00000000a0000000,0x00000000a2c9d0b0,0x00000000a6300000)
 Metaspace       used 63990K, capacity 66107K, committed 66304K, reserved 1105920K
  class space    used 8439K, capacity 8947K, committed 8960K, reserved 1048576K
Event: 103.936 GC heap after
Heap after GC invocations=19 (full 3):
 PSYoungGen      total 197120K, used 16886K [0x00000000e0000000, 0x00000000ed800000, 0x0000000100000000)
  eden space 180224K, 0% used [0x00000000e0000000,0x00000000e0000000,0x00000000eb000000)
  from space 16896K, 99% used [0x00000000ec700000,0x00000000ed77d9c0,0x00000000ed780000)
  to   space 20480K, 0% used [0x00000000eb000000,0x00000000eb000000,0x00000000ec400000)
 ParOldGen       total 101376K, used 49196K [0x00000000a0000000, 0x00000000a6300000, 0x00000000e0000000)
  object space 101376K, 48% used [0x00000000a0000000,0x00000000a300b110,0x00000000a6300000)
 Metaspace       used 63990K, capacity 66107K, committed 66304K, reserved 1105920K
  class space    used 8439K, capacity 8947K, committed 8960K, reserved 1048576K
}

