# JRE version: OpenJDK Runtime Environment (8.0_152-b01) (build 1.8.0_152-release-1248-b01)
# Java VM: OpenJDK 64-Bit Server VM (25.152-b01 mixed mode windows-amd64 compressed oops)
Heap:
 PSYoungGen      total 183808K, used 77222K [0x00000000e0000000, 0x00000000edf00000, 0x0000000100000000)
  eden space 146432K, 40% used [0x00000000e0000000,0x00000000e3a7dfb8,0x00000000e8f00000)
  from space 37376K, 46% used [0x00000000eba80000,0x00000000ecb6b878,0x00000000edf00000)
  to   space 40960K, 0% used [0x00000000e8f00000,0x00000000e8f00000,0x00000000eb700000)
 ParOldGen       total 189440K, used 108170K [0x00000000a0000000, 0x00000000ab900000, 0x00000000e0000000)
  object space 189440K, 57% used [0x00000000a0000000,0x00000000a69a2910,0x00000000ab900000)
 Metaspace       used 81070K, capacity 84042K, committed 84144K, reserved 1122304K
  class space    used 10755K, capacity 11419K, committed 11440K, reserved 1048576K
GC Heap History (10 events):
Event: 56.314 GC heap before
{Heap before GC invocations=24 (full 3):
 PSYoungGen      total 134656K, used 134653K [0x00000000e0000000, 0x00000000e9900000, 0x0000000100000000)
  eden space 122880K, 100% used [0x00000000e0000000,0x00000000e7800000,0x00000000e7800000)
  from space 11776K, 99% used [0x00000000e8780000,0x00000000e92ff6b0,0x00000000e9300000)
  to   space 15872K, 0% used [0x00000000e7800000,0x00000000e7800000,0x00000000e8780000)
 ParOldGen       total 85504K, used 41028K [0x00000000a0000000, 0x00000000a5380000, 0x00000000e0000000)
  object space 85504K, 47% used [0x00000000a0000000,0x00000000a2811018,0x00000000a5380000)
 Metaspace       used 73005K, capacity 75518K, committed 75824K, reserved 1114112K
  class space    used 9829K, capacity 10431K, committed 10544K, reserved 1048576K
Event: 56.373 GC heap after
Heap after GC invocations=24 (full 3):
 PSYoungGen      total 138752K, used 15856K [0x00000000e0000000, 0x00000000ec180000, 0x0000000100000000)
  eden space 122880K, 0% used [0x00000000e0000000,0x00000000e0000000,0x00000000e7800000)
  from space 15872K, 99% used [0x00000000e7800000,0x00000000e877c0a8,0x00000000e8780000)
  to   space 27136K, 0% used [0x00000000ea700000,0x00000000ea700000,0x00000000ec180000)
 ParOldGen       total 85504K, used 64465K [0x00000000a0000000, 0x00000000a5380000, 0x00000000e0000000)
  object space 85504K, 75% used [0x00000000a0000000,0x00000000a3ef4710,0x00000000a5380000)
 Metaspace       used 73005K, capacity 75518K, committed 75824K, reserved 1114112K
  class space    used 9829K, capacity 10431K, committed 10544K, reserved 1048576K
}
Event: 59.781 GC heap before
{Heap before GC invocations=25 (full 3):
 PSYoungGen      total 138752K, used 138736K [0x00000000e0000000, 0x00000000ec180000, 0x0000000100000000)
  eden space 122880K, 100% used [0x00000000e0000000,0x00000000e7800000,0x00000000e7800000)
  from space 15872K, 99% used [0x00000000e7800000,0x00000000e877c0a8,0x00000000e8780000)
  to   space 27136K, 0% used [0x00000000ea700000,0x00000000ea700000,0x00000000ec180000)
 ParOldGen       total 85504K, used 64465K [0x00000000a0000000, 0x00000000a5380000, 0x00000000e0000000)
  object space 85504K, 75% used [0x00000000a0000000,0x00000000a3ef4710,0x00000000a5380000)
 Metaspace       used 74336K, capacity 76976K, committed 77232K, reserved 1116160K
  class space    used 10002K, capacity 10628K, committed 10672K, reserved 1048576K
Event: 59.975 GC heap after
Heap after GC invocations=25 (full 3):
 PSYoungGen      total 153088K, used 27122K [0x00000000e0000000, 0x00000000ee980000, 0x0000000100000000)
  eden space 125952K, 0% used [0x00000000e0000000,0x00000000e0000000,0x00000000e7b00000)
  from space 27136K, 99% used [0x00000000ea700000,0x00000000ec17cbc8,0x00000000ec180000)
  to   space 45056K, 0% used [0x00000000e7b00000,0x00000000e7b00000,0x00000000ea700000)
 ParOldGen       total 101888K, used 101660K [0x00000000a0000000, 0x00000000a6380000, 0x00000000e0000000)
  object space 101888K, 99% used [0x00000000a0000000,0x00000000a6347090,0x00000000a6380000)
 Metaspace       used 74336K, capacity 76976K, committed 77232K, reserved 1116160K
  class space    used 10002K, capacity 10628K, committed 10672K, reserved 1048576K
}
Event: 59.975 GC heap before
{Heap before GC invocations=26 (full 4):
 PSYoungGen      total 153088K, used 27122K [0x00000000e0000000, 0x00000000ee980000, 0x0000000100000000)
  eden space 125952K, 0% used [0x00000000e0000000,0x00000000e0000000,0x00000000e7b00000)
  from space 27136K, 99% used [0x00000000ea700000,0x00000000ec17cbc8,0x00000000ec180000)
  to   space 45056K, 0% used [0x00000000e7b00000,0x00000000e7b00000,0x00000000ea700000)
 ParOldGen       total 101888K, used 101660K [0x00000000a0000000, 0x00000000a6380000, 0x00000000e0000000)
  object space 101888K, 99% used [0x00000000a0000000,0x00000000a6347090,0x00000000a6380000)
 Metaspace       used 74336K, capacity 76976K, committed 77232K, reserved 1116160K
  class space    used 10002K, capacity 10628K, committed 10672K, reserved 1048576K
Event: 61.714 GC heap after
Heap after GC invocations=26 (full 4):
 PSYoungGen      total 153088K, used 6633K [0x00000000e0000000, 0x00000000ee980000, 0x0000000100000000)
  eden space 125952K, 0% used [0x00000000e0000000,0x00000000e0000000,0x00000000e7b00000)
  from space 27136K, 24% used [0x00000000ea700000,0x00000000ead7a610,0x00000000ec180000)
  to   space 45056K, 0% used [0x00000000e7b00000,0x00000000e7b00000,0x00000000ea700000)
 ParOldGen       total 189440K, used 101474K [0x00000000a0000000, 0x00000000ab900000, 0x00000000e0000000)
  object space 189440K, 53% used [0x00000000a0000000,0x00000000a6318b28,0x00000000ab900000)
 Metaspace       used 74289K, capacity 76848K, committed 77232K, reserved 1116160K
  class space    used 9985K, capacity 10598K, committed 10672K, reserved 1048576K
}
Event: 65.985 GC heap before
{Heap before GC invocations=27 (full 4):
 PSYoungGen      total 153088K, used 132524K [0x00000000e0000000, 0x00000000ee980000, 0x0000000100000000)
  eden space 125952K, 99% used [0x00000000e0000000,0x00000000e7af0da0,0x00000000e7b00000)
  from space 27136K, 24% used [0x00000000ea700000,0x00000000ead7a610,0x00000000ec180000)
  to   space 45056K, 0% used [0x00000000e7b00000,0x00000000e7b00000,0x00000000ea700000)
 ParOldGen       total 189440K, used 101474K [0x00000000a0000000, 0x00000000ab900000, 0x00000000e0000000)
  object space 189440K, 53% used [0x00000000a0000000,0x00000000a6318b28,0x00000000ab900000)
 Metaspace       used 75975K, capacity 78582K, committed 78896K, reserved 1118208K
  class space    used 10182K, capacity 10793K, committed 10800K, reserved 1048576K
Event: 66.053 GC heap after
Heap after GC invocations=27 (full 4):
 PSYoungGen      total 171008K, used 11924K [0x00000000e0000000, 0x00000000ee480000, 0x0000000100000000)
  eden space 125952K, 0% used [0x00000000e0000000,0x00000000e0000000,0x00000000e7b00000)
  from space 45056K, 26% used [0x00000000e7b00000,0x00000000e86a53e0,0x00000000ea700000)
  to   space 43008K, 0% used [0x00000000eba80000,0x00000000eba80000,0x00000000ee480000)
 ParOldGen       total 189440K, used 108162K [0x00000000a0000000, 0x00000000ab900000, 0x00000000e0000000)
  object space 189440K, 57% used [0x00000000a0000000,0x00000000a69a0910,0x00000000ab900000)
 Metaspace       used 75975K, capacity 78582K, committed 78896K, reserved 1118208K
  class space    used 10182K, capacity 10793K, committed 10800K, reserved 1048576K
}
Event: 67.903 GC heap before
{Heap before GC invocations=28 (full 4):
 PSYoungGen      total 171008K, used 137876K [0x00000000e0000000, 0x00000000ee480000, 0x0000000100000000)
  eden space 125952K, 100% used [0x00000000e0000000,0x00000000e7b00000,0x00000000e7b00000)
  from space 45056K, 26% used [0x00000000e7b00000,0x00000000e86a53e0,0x00000000ea700000)
  to   space 43008K, 0% used [0x00000000eba80000,0x00000000eba80000,0x00000000ee480000)
 ParOldGen       total 189440K, used 108162K [0x00000000a0000000, 0x00000000ab900000, 0x00000000e0000000)
  object space 189440K, 57% used [0x00000000a0000000,0x00000000a69a0910,0x00000000ab900000)
 Metaspace       used 77445K, capacity 80108K, committed 80304K, reserved 1118208K
  class space    used 10438K, capacity 11082K, committed 11184K, reserved 1048576K
Event: 67.925 GC heap after
Heap after GC invocations=28 (full 4):
 PSYoungGen      total 183808K, used 17326K [0x00000000e0000000, 0x00000000edf00000, 0x0000000100000000)
  eden space 146432K, 0% used [0x00000000e0000000,0x00000000e0000000,0x00000000e8f00000)
  from space 37376K, 46% used [0x00000000eba80000,0x00000000ecb6b878,0x00000000edf00000)
  to   space 40960K, 0% used [0x00000000e8f00000,0x00000000e8f00000,0x00000000eb700000)
 ParOldGen       total 189440K, used 108170K [0x00000000a0000000, 0x00000000ab900000, 0x00000000e0000000)
  object space 189440K, 57% used [0x00000000a0000000,0x00000000a69a2910,0x00000000ab900000)
 Metaspace       used 77445K, capacity 80108K, committed 80304K, reserved 1118208K
  class space    used 10438K, capacity 11082K, committed 11184K, reserved 1048576K
}

