# JRE version: OpenJDK Runtime Environment (8.0_152-b02) (build 1.8.0_152-release-1024-b02)
# Java VM: OpenJDK 64-Bit Server VM (25.152-b02 mixed mode windows-amd64 compressed oops)
Heap:
 PSYoungGen      total 220160K, used 76673K [0x00000000e0000000, 0x00000000f2480000, 0x0000000100000000)
  eden space 196096K, 39% used [0x00000000e0000000,0x00000000e4ae0610,0x00000000ebf80000)
  from space 24064K, 0% used [0x00000000ebf80000,0x00000000ebf80000,0x00000000ed700000)
  to   space 36352K, 0% used [0x00000000f0100000,0x00000000f0100000,0x00000000f2480000)
 ParOldGen       total 158720K, used 79489K [0x00000000a0000000, 0x00000000a9b00000, 0x00000000e0000000)
  object space 158720K, 50% used [0x00000000a0000000,0x00000000a4da04c8,0x00000000a9b00000)
 Metaspace       used 72504K, capacity 75221K, committed 76248K, reserved 1116160K
  class space    used 9598K, capacity 10196K, committed 10496K, reserved 1048576K
GC Heap History (10 events):
Event: 45.135 GC heap before
{Heap before GC invocations=17 (full 2):
 PSYoungGen      total 174080K, used 96929K [0x00000000e0000000, 0x00000000ebb00000, 0x0000000100000000)
  eden space 158720K, 53% used [0x00000000e0000000,0x00000000e532f1a0,0x00000000e9b00000)
  from space 15360K, 76% used [0x00000000eac00000,0x00000000eb7795f8,0x00000000ebb00000)
  to   space 16384K, 0% used [0x00000000e9b00000,0x00000000e9b00000,0x00000000eab00000)
 ParOldGen       total 51712K, used 32280K [0x00000000a0000000, 0x00000000a3280000, 0x00000000e0000000)
  object space 51712K, 62% used [0x00000000a0000000,0x00000000a1f86320,0x00000000a3280000)
 Metaspace       used 56903K, capacity 58861K, committed 58968K, reserved 1099776K
  class space    used 7743K, capacity 8258K, committed 8320K, reserved 1048576K
Event: 45.158 GC heap after
Heap after GC invocations=17 (full 2):
 PSYoungGen      total 175104K, used 4800K [0x00000000e0000000, 0x00000000ee680000, 0x0000000100000000)
  eden space 158720K, 0% used [0x00000000e0000000,0x00000000e0000000,0x00000000e9b00000)
  from space 16384K, 29% used [0x00000000e9b00000,0x00000000e9fb0278,0x00000000eab00000)
  to   space 15872K, 0% used [0x00000000ed700000,0x00000000ed700000,0x00000000ee680000)
 ParOldGen       total 51712K, used 40958K [0x00000000a0000000, 0x00000000a3280000, 0x00000000e0000000)
  object space 51712K, 79% used [0x00000000a0000000,0x00000000a27ff860,0x00000000a3280000)
 Metaspace       used 56903K, capacity 58861K, committed 58968K, reserved 1099776K
  class space    used 7743K, capacity 8258K, committed 8320K, reserved 1048576K
}
Event: 45.158 GC heap before
{Heap before GC invocations=18 (full 3):
 PSYoungGen      total 175104K, used 4800K [0x00000000e0000000, 0x00000000ee680000, 0x0000000100000000)
  eden space 158720K, 0% used [0x00000000e0000000,0x00000000e0000000,0x00000000e9b00000)
  from space 16384K, 29% used [0x00000000e9b00000,0x00000000e9fb0278,0x00000000eab00000)
  to   space 15872K, 0% used [0x00000000ed700000,0x00000000ed700000,0x00000000ee680000)
 ParOldGen       total 51712K, used 40958K [0x00000000a0000000, 0x00000000a3280000, 0x00000000e0000000)
  object space 51712K, 79% used [0x00000000a0000000,0x00000000a27ff860,0x00000000a3280000)
 Metaspace       used 56903K, capacity 58861K, committed 58968K, reserved 1099776K
  class space    used 7743K, capacity 8258K, committed 8320K, reserved 1048576K
Event: 45.759 GC heap after
Heap after GC invocations=18 (full 3):
 PSYoungGen      total 175104K, used 0K [0x00000000e0000000, 0x00000000ee680000, 0x0000000100000000)
  eden space 158720K, 0% used [0x00000000e0000000,0x00000000e0000000,0x00000000e9b00000)
  from space 16384K, 0% used [0x00000000e9b00000,0x00000000e9b00000,0x00000000eab00000)
  to   space 15872K, 0% used [0x00000000ed700000,0x00000000ed700000,0x00000000ee680000)
 ParOldGen       total 92160K, used 39497K [0x00000000a0000000, 0x00000000a5a00000, 0x00000000e0000000)
  object space 92160K, 42% used [0x00000000a0000000,0x00000000a2692538,0x00000000a5a00000)
 Metaspace       used 56903K, capacity 58861K, committed 58968K, reserved 1099776K
  class space    used 7743K, capacity 8258K, committed 8320K, reserved 1048576K
}
Event: 54.304 GC heap before
{Heap before GC invocations=19 (full 3):
 PSYoungGen      total 175104K, used 158720K [0x00000000e0000000, 0x00000000ee680000, 0x0000000100000000)
  eden space 158720K, 100% used [0x00000000e0000000,0x00000000e9b00000,0x00000000e9b00000)
  from space 16384K, 0% used [0x00000000e9b00000,0x00000000e9b00000,0x00000000eab00000)
  to   space 15872K, 0% used [0x00000000ed700000,0x00000000ed700000,0x00000000ee680000)
 ParOldGen       total 92160K, used 39497K [0x00000000a0000000, 0x00000000a5a00000, 0x00000000e0000000)
  object space 92160K, 42% used [0x00000000a0000000,0x00000000a2692538,0x00000000a5a00000)
 Metaspace       used 62978K, capacity 65073K, committed 65240K, reserved 1105920K
  class space    used 8456K, capacity 8952K, committed 8960K, reserved 1048576K
Event: 54.368 GC heap after
Heap after GC invocations=19 (full 3):
 PSYoungGen      total 211968K, used 15847K [0x00000000e0000000, 0x00000000eee80000, 0x0000000100000000)
  eden space 196096K, 0% used [0x00000000e0000000,0x00000000e0000000,0x00000000ebf80000)
  from space 15872K, 99% used [0x00000000ed700000,0x00000000ee679f30,0x00000000ee680000)
  to   space 24064K, 0% used [0x00000000ebf80000,0x00000000ebf80000,0x00000000ed700000)
 ParOldGen       total 92160K, used 55840K [0x00000000a0000000, 0x00000000a5a00000, 0x00000000e0000000)
  object space 92160K, 60% used [0x00000000a0000000,0x00000000a36881c0,0x00000000a5a00000)
 Metaspace       used 62978K, capacity 65073K, committed 65240K, reserved 1105920K
  class space    used 8456K, capacity 8952K, committed 8960K, reserved 1048576K
}
Event: 65.786 GC heap before
{Heap before GC invocations=20 (full 3):
 PSYoungGen      total 211968K, used 211943K [0x00000000e0000000, 0x00000000eee80000, 0x0000000100000000)
  eden space 196096K, 100% used [0x00000000e0000000,0x00000000ebf80000,0x00000000ebf80000)
  from space 15872K, 99% used [0x00000000ed700000,0x00000000ee679f30,0x00000000ee680000)
  to   space 24064K, 0% used [0x00000000ebf80000,0x00000000ebf80000,0x00000000ed700000)
 ParOldGen       total 92160K, used 55840K [0x00000000a0000000, 0x00000000a5a00000, 0x00000000e0000000)
  object space 92160K, 60% used [0x00000000a0000000,0x00000000a36881c0,0x00000000a5a00000)
 Metaspace       used 72118K, capacity 75269K, committed 75608K, reserved 1114112K
  class space    used 9613K, capacity 10282K, committed 10368K, reserved 1048576K
Event: 65.874 GC heap after
Heap after GC invocations=20 (full 3):
 PSYoungGen      total 220160K, used 24054K [0x00000000e0000000, 0x00000000f2480000, 0x0000000100000000)
  eden space 196096K, 0% used [0x00000000e0000000,0x00000000e0000000,0x00000000ebf80000)
  from space 24064K, 99% used [0x00000000ebf80000,0x00000000ed6fd988,0x00000000ed700000)
  to   space 36352K, 0% used [0x00000000f0100000,0x00000000f0100000,0x00000000f2480000)
 ParOldGen       total 92160K, used 77301K [0x00000000a0000000, 0x00000000a5a00000, 0x00000000e0000000)
  object space 92160K, 83% used [0x00000000a0000000,0x00000000a4b7d5d0,0x00000000a5a00000)
 Metaspace       used 72118K, capacity 75269K, committed 75608K, reserved 1114112K
  class space    used 9613K, capacity 10282K, committed 10368K, reserved 1048576K
}
Event: 65.874 GC heap before
{Heap before GC invocations=21 (full 4):
 PSYoungGen      total 220160K, used 24054K [0x00000000e0000000, 0x00000000f2480000, 0x0000000100000000)
  eden space 196096K, 0% used [0x00000000e0000000,0x00000000e0000000,0x00000000ebf80000)
  from space 24064K, 99% used [0x00000000ebf80000,0x00000000ed6fd988,0x00000000ed700000)
  to   space 36352K, 0% used [0x00000000f0100000,0x00000000f0100000,0x00000000f2480000)
 ParOldGen       total 92160K, used 77301K [0x00000000a0000000, 0x00000000a5a00000, 0x00000000e0000000)
  object space 92160K, 83% used [0x00000000a0000000,0x00000000a4b7d5d0,0x00000000a5a00000)
 Metaspace       used 72118K, capacity 75269K, committed 75608K, reserved 1114112K
  class space    used 9613K, capacity 10282K, committed 10368K, reserved 1048576K
Event: 66.281 GC heap after
Heap after GC invocations=21 (full 4):
 PSYoungGen      total 220160K, used 0K [0x00000000e0000000, 0x00000000f2480000, 0x0000000100000000)
  eden space 196096K, 0% used [0x00000000e0000000,0x00000000e0000000,0x00000000ebf80000)
  from space 24064K, 0% used [0x00000000ebf80000,0x00000000ebf80000,0x00000000ed700000)
  to   space 36352K, 0% used [0x00000000f0100000,0x00000000f0100000,0x00000000f2480000)
 ParOldGen       total 158720K, used 79489K [0x00000000a0000000, 0x00000000a9b00000, 0x00000000e0000000)
  object space 158720K, 50% used [0x00000000a0000000,0x00000000a4da04c8,0x00000000a9b00000)
 Metaspace       used 71802K, capacity 74461K, committed 75608K, reserved 1114112K
  class space    used 9502K, capacity 10086K, committed 10368K, reserved 1048576K
}

