# JRE version: OpenJDK Runtime Environment (8.0_152-b02) (build 1.8.0_152-release-1024-b02)
# Java VM: OpenJDK 64-Bit Server VM (25.152-b02 mixed mode windows-amd64 compressed oops)
Heap:
 PSYoungGen      total 183296K, used 66224K [0x00000000e0000000, 0x00000000ec800000, 0x0000000100000000)
  eden space 167936K, 39% used [0x00000000e0000000,0x00000000e40ac250,0x00000000ea400000)
  from space 15360K, 0% used [0x00000000eb900000,0x00000000eb900000,0x00000000ec800000)
  to   space 18432K, 0% used [0x00000000ea400000,0x00000000ea400000,0x00000000eb600000)
 ParOldGen       total 98816K, used 37633K [0x00000000a0000000, 0x00000000a6080000, 0x00000000e0000000)
  object space 98816K, 38% used [0x00000000a0000000,0x00000000a24c04b0,0x00000000a6080000)
 Metaspace       used 59812K, capacity 61847K, committed 62040K, reserved 1103872K
  class space    used 7939K, capacity 8461K, committed 8576K, reserved 1048576K
GC Heap History (10 events):
Event: 20.094 GC heap before
{Heap before GC invocations=15 (full 2):
 PSYoungGen      total 116736K, used 116586K [0x00000000e0000000, 0x00000000e7d80000, 0x0000000100000000)
  eden space 107520K, 100% used [0x00000000e0000000,0x00000000e6900000,0x00000000e6900000)
  from space 9216K, 98% used [0x00000000e7300000,0x00000000e7bda9e0,0x00000000e7c00000)
  to   space 10240K, 0% used [0x00000000e6900000,0x00000000e6900000,0x00000000e7300000)
 ParOldGen       total 56832K, used 16228K [0x00000000a0000000, 0x00000000a3780000, 0x00000000e0000000)
  object space 56832K, 28% used [0x00000000a0000000,0x00000000a0fd9390,0x00000000a3780000)
 Metaspace       used 49284K, capacity 50691K, committed 50904K, reserved 1093632K
  class space    used 6719K, capacity 7111K, committed 7168K, reserved 1048576K
Event: 20.136 GC heap after
Heap after GC invocations=15 (full 2):
 PSYoungGen      total 117760K, used 10237K [0x00000000e0000000, 0x00000000ea380000, 0x0000000100000000)
  eden space 107520K, 0% used [0x00000000e0000000,0x00000000e0000000,0x00000000e6900000)
  from space 10240K, 99% used [0x00000000e6900000,0x00000000e72ff500,0x00000000e7300000)
  to   space 14336K, 0% used [0x00000000e9580000,0x00000000e9580000,0x00000000ea380000)
 ParOldGen       total 56832K, used 23482K [0x00000000a0000000, 0x00000000a3780000, 0x00000000e0000000)
  object space 56832K, 41% used [0x00000000a0000000,0x00000000a16eeb48,0x00000000a3780000)
 Metaspace       used 49284K, capacity 50691K, committed 50904K, reserved 1093632K
  class space    used 6719K, capacity 7111K, committed 7168K, reserved 1048576K
}
Event: 25.259 GC heap before
{Heap before GC invocations=16 (full 2):
 PSYoungGen      total 117760K, used 117757K [0x00000000e0000000, 0x00000000ea380000, 0x0000000100000000)
  eden space 107520K, 100% used [0x00000000e0000000,0x00000000e6900000,0x00000000e6900000)
  from space 10240K, 99% used [0x00000000e6900000,0x00000000e72ff500,0x00000000e7300000)
  to   space 14336K, 0% used [0x00000000e9580000,0x00000000e9580000,0x00000000ea380000)
 ParOldGen       total 56832K, used 23482K [0x00000000a0000000, 0x00000000a3780000, 0x00000000e0000000)
  object space 56832K, 41% used [0x00000000a0000000,0x00000000a16eeb48,0x00000000a3780000)
 Metaspace       used 54098K, capacity 55855K, committed 56024K, reserved 1097728K
  class space    used 7441K, capacity 7933K, committed 7936K, reserved 1048576K
Event: 25.297 GC heap after
Heap after GC invocations=16 (full 2):
 PSYoungGen      total 147968K, used 14331K [0x00000000e0000000, 0x00000000eac00000, 0x0000000100000000)
  eden space 133632K, 0% used [0x00000000e0000000,0x00000000e0000000,0x00000000e8280000)
  from space 14336K, 99% used [0x00000000e9580000,0x00000000ea37ecf8,0x00000000ea380000)
  to   space 19456K, 0% used [0x00000000e8280000,0x00000000e8280000,0x00000000e9580000)
 ParOldGen       total 56832K, used 30817K [0x00000000a0000000, 0x00000000a3780000, 0x00000000e0000000)
  object space 56832K, 54% used [0x00000000a0000000,0x00000000a1e18768,0x00000000a3780000)
 Metaspace       used 54098K, capacity 55855K, committed 56024K, reserved 1097728K
  class space    used 7441K, capacity 7933K, committed 7936K, reserved 1048576K
}
Event: 31.635 GC heap before
{Heap before GC invocations=17 (full 2):
 PSYoungGen      total 147968K, used 147963K [0x00000000e0000000, 0x00000000eac00000, 0x0000000100000000)
  eden space 133632K, 100% used [0x00000000e0000000,0x00000000e8280000,0x00000000e8280000)
  from space 14336K, 99% used [0x00000000e9580000,0x00000000ea37ecf8,0x00000000ea380000)
  to   space 19456K, 0% used [0x00000000e8280000,0x00000000e8280000,0x00000000e9580000)
 ParOldGen       total 56832K, used 30817K [0x00000000a0000000, 0x00000000a3780000, 0x00000000e0000000)
  object space 56832K, 54% used [0x00000000a0000000,0x00000000a1e18768,0x00000000a3780000)
 Metaspace       used 56696K, capacity 58653K, committed 58968K, reserved 1099776K
  class space    used 7711K, capacity 8212K, committed 8320K, reserved 1048576K
Event: 31.696 GC heap after
Heap after GC invocations=17 (full 2):
 PSYoungGen      total 153088K, used 4713K [0x00000000e0000000, 0x00000000ecb80000, 0x0000000100000000)
  eden space 133632K, 0% used [0x00000000e0000000,0x00000000e0000000,0x00000000e8280000)
  from space 19456K, 24% used [0x00000000e8280000,0x00000000e871a5c0,0x00000000e9580000)
  to   space 18944K, 0% used [0x00000000eb900000,0x00000000eb900000,0x00000000ecb80000)
 ParOldGen       total 56832K, used 44178K [0x00000000a0000000, 0x00000000a3780000, 0x00000000e0000000)
  object space 56832K, 77% used [0x00000000a0000000,0x00000000a2b249d0,0x00000000a3780000)
 Metaspace       used 56696K, capacity 58653K, committed 58968K, reserved 1099776K
  class space    used 7711K, capacity 8212K, committed 8320K, reserved 1048576K
}
Event: 33.287 GC heap before
{Heap before GC invocations=18 (full 2):
 PSYoungGen      total 153088K, used 22508K [0x00000000e0000000, 0x00000000ecb80000, 0x0000000100000000)
  eden space 133632K, 13% used [0x00000000e0000000,0x00000000e1160af8,0x00000000e8280000)
  from space 19456K, 24% used [0x00000000e8280000,0x00000000e871a5c0,0x00000000e9580000)
  to   space 18944K, 0% used [0x00000000eb900000,0x00000000eb900000,0x00000000ecb80000)
 ParOldGen       total 56832K, used 44178K [0x00000000a0000000, 0x00000000a3780000, 0x00000000e0000000)
  object space 56832K, 77% used [0x00000000a0000000,0x00000000a2b249d0,0x00000000a3780000)
 Metaspace       used 56898K, capacity 58793K, committed 58968K, reserved 1099776K
  class space    used 7724K, capacity 8216K, committed 8320K, reserved 1048576K
Event: 33.295 GC heap after
Heap after GC invocations=18 (full 2):
 PSYoungGen      total 183296K, used 3809K [0x00000000e0000000, 0x00000000ec800000, 0x0000000100000000)
  eden space 167936K, 0% used [0x00000000e0000000,0x00000000e0000000,0x00000000ea400000)
  from space 15360K, 24% used [0x00000000eb900000,0x00000000ebcb8548,0x00000000ec800000)
  to   space 18432K, 0% used [0x00000000ea400000,0x00000000ea400000,0x00000000eb600000)
 ParOldGen       total 56832K, used 44186K [0x00000000a0000000, 0x00000000a3780000, 0x00000000e0000000)
  object space 56832K, 77% used [0x00000000a0000000,0x00000000a2b269d0,0x00000000a3780000)
 Metaspace       used 56898K, capacity 58793K, committed 58968K, reserved 1099776K
  class space    used 7724K, capacity 8216K, committed 8320K, reserved 1048576K
}
Event: 33.295 GC heap before
{Heap before GC invocations=19 (full 3):
 PSYoungGen      total 183296K, used 3809K [0x00000000e0000000, 0x00000000ec800000, 0x0000000100000000)
  eden space 167936K, 0% used [0x00000000e0000000,0x00000000e0000000,0x00000000ea400000)
  from space 15360K, 24% used [0x00000000eb900000,0x00000000ebcb8548,0x00000000ec800000)
  to   space 18432K, 0% used [0x00000000ea400000,0x00000000ea400000,0x00000000eb600000)
 ParOldGen       total 56832K, used 44186K [0x00000000a0000000, 0x00000000a3780000, 0x00000000e0000000)
  object space 56832K, 77% used [0x00000000a0000000,0x00000000a2b269d0,0x00000000a3780000)
 Metaspace       used 56898K, capacity 58793K, committed 58968K, reserved 1099776K
  class space    used 7724K, capacity 8216K, committed 8320K, reserved 1048576K
Event: 33.666 GC heap after
Heap after GC invocations=19 (full 3):
 PSYoungGen      total 183296K, used 0K [0x00000000e0000000, 0x00000000ec800000, 0x0000000100000000)
  eden space 167936K, 0% used [0x00000000e0000000,0x00000000e0000000,0x00000000ea400000)
  from space 15360K, 0% used [0x00000000eb900000,0x00000000eb900000,0x00000000ec800000)
  to   space 18432K, 0% used [0x00000000ea400000,0x00000000ea400000,0x00000000eb600000)
 ParOldGen       total 98816K, used 37633K [0x00000000a0000000, 0x00000000a6080000, 0x00000000e0000000)
  object space 98816K, 38% used [0x00000000a0000000,0x00000000a24c04b0,0x00000000a6080000)
 Metaspace       used 56898K, capacity 58793K, committed 58968K, reserved 1099776K
  class space    used 7724K, capacity 8216K, committed 8320K, reserved 1048576K
}

