# JRE version: OpenJDK Runtime Environment (8.0_152-b01) (build 1.8.0_152-release-1248-b01)
# Java VM: OpenJDK 64-Bit Server VM (25.152-b01 mixed mode windows-amd64 compressed oops)
Heap:
 PSYoungGen      total 281088K, used 60272K [0x00000000e0000000, 0x00000000f4680000, 0x0000000100000000)
  eden space 256000K, 22% used [0x00000000e0000000,0x00000000e38398d0,0x00000000efa00000)
  from space 25088K, 10% used [0x00000000f1080000,0x00000000f1322918,0x00000000f2900000)
  to   space 23040K, 0% used [0x00000000efa00000,0x00000000efa00000,0x00000000f1080000)
 ParOldGen       total 79360K, used 65680K [0x00000000a0000000, 0x00000000a4d80000, 0x00000000e0000000)
  object space 79360K, 82% used [0x00000000a0000000,0x00000000a4024148,0x00000000a4d80000)
 Metaspace       used 76463K, capacity 79448K, committed 80000K, reserved 1118208K
  class space    used 9973K, capacity 10683K, committed 10880K, reserved 1048576K
GC Heap History (10 events):
Event: 102.115 GC heap before
{Heap before GC invocations=28 (full 4):
 PSYoungGen      total 229888K, used 203776K [0x00000000e0000000, 0x00000000f2900000, 0x0000000100000000)
  eden space 203776K, 100% used [0x00000000e0000000,0x00000000ec700000,0x00000000ec700000)
  from space 26112K, 0% used [0x00000000ec700000,0x00000000ec700000,0x00000000ee080000)
  to   space 25088K, 0% used [0x00000000f1080000,0x00000000f1080000,0x00000000f2900000)
 ParOldGen       total 79360K, used 55714K [0x00000000a0000000, 0x00000000a4d80000, 0x00000000e0000000)
  object space 79360K, 70% used [0x00000000a0000000,0x00000000a3668948,0x00000000a4d80000)
 Metaspace       used 76315K, capacity 79286K, committed 79744K, reserved 1118208K
  class space    used 9969K, capacity 10678K, committed 10880K, reserved 1048576K
Event: 102.154 GC heap after
Heap after GC invocations=28 (full 4):
 PSYoungGen      total 279552K, used 5566K [0x00000000e0000000, 0x00000000f2900000, 0x0000000100000000)
  eden space 254464K, 0% used [0x00000000e0000000,0x00000000e0000000,0x00000000ef880000)
  from space 25088K, 22% used [0x00000000f1080000,0x00000000f15ef898,0x00000000f2900000)
  to   space 24576K, 0% used [0x00000000ef880000,0x00000000ef880000,0x00000000f1080000)
 ParOldGen       total 79360K, used 55714K [0x00000000a0000000, 0x00000000a4d80000, 0x00000000e0000000)
  object space 79360K, 70% used [0x00000000a0000000,0x00000000a3668948,0x00000000a4d80000)
 Metaspace       used 76315K, capacity 79286K, committed 79744K, reserved 1118208K
  class space    used 9969K, capacity 10678K, committed 10880K, reserved 1048576K
}
Event: 104.266 GC heap before
{Heap before GC invocations=29 (full 4):
 PSYoungGen      total 279552K, used 260030K [0x00000000e0000000, 0x00000000f2900000, 0x0000000100000000)
  eden space 254464K, 100% used [0x00000000e0000000,0x00000000ef880000,0x00000000ef880000)
  from space 25088K, 22% used [0x00000000f1080000,0x00000000f15ef898,0x00000000f2900000)
  to   space 24576K, 0% used [0x00000000ef880000,0x00000000ef880000,0x00000000f1080000)
 ParOldGen       total 79360K, used 55714K [0x00000000a0000000, 0x00000000a4d80000, 0x00000000e0000000)
  object space 79360K, 70% used [0x00000000a0000000,0x00000000a3668948,0x00000000a4d80000)
 Metaspace       used 76363K, capacity 79362K, committed 80000K, reserved 1118208K
  class space    used 9969K, capacity 10678K, committed 10880K, reserved 1048576K
Event: 104.297 GC heap after
Heap after GC invocations=29 (full 4):
 PSYoungGen      total 279040K, used 5800K [0x00000000e0000000, 0x00000000f2900000, 0x0000000100000000)
  eden space 254464K, 0% used [0x00000000e0000000,0x00000000e0000000,0x00000000ef880000)
  from space 24576K, 23% used [0x00000000ef880000,0x00000000efe2a1a0,0x00000000f1080000)
  to   space 25088K, 0% used [0x00000000f1080000,0x00000000f1080000,0x00000000f2900000)
 ParOldGen       total 79360K, used 59761K [0x00000000a0000000, 0x00000000a4d80000, 0x00000000e0000000)
  object space 79360K, 75% used [0x00000000a0000000,0x00000000a3a5c688,0x00000000a4d80000)
 Metaspace       used 76363K, capacity 79362K, committed 80000K, reserved 1118208K
  class space    used 9969K, capacity 10678K, committed 10880K, reserved 1048576K
}
Event: 105.072 GC heap before
{Heap before GC invocations=30 (full 4):
 PSYoungGen      total 279040K, used 260264K [0x00000000e0000000, 0x00000000f2900000, 0x0000000100000000)
  eden space 254464K, 100% used [0x00000000e0000000,0x00000000ef880000,0x00000000ef880000)
  from space 24576K, 23% used [0x00000000ef880000,0x00000000efe2a1a0,0x00000000f1080000)
  to   space 25088K, 0% used [0x00000000f1080000,0x00000000f1080000,0x00000000f2900000)
 ParOldGen       total 79360K, used 59761K [0x00000000a0000000, 0x00000000a4d80000, 0x00000000e0000000)
  object space 79360K, 75% used [0x00000000a0000000,0x00000000a3a5c688,0x00000000a4d80000)
 Metaspace       used 76371K, capacity 79364K, committed 80000K, reserved 1118208K
  class space    used 9970K, capacity 10679K, committed 10880K, reserved 1048576K
Event: 105.086 GC heap after
Heap after GC invocations=30 (full 4):
 PSYoungGen      total 279552K, used 1904K [0x00000000e0000000, 0x00000000f2900000, 0x0000000100000000)
  eden space 254464K, 0% used [0x00000000e0000000,0x00000000e0000000,0x00000000ef880000)
  from space 25088K, 7% used [0x00000000f1080000,0x00000000f125c010,0x00000000f2900000)
  to   space 24576K, 0% used [0x00000000ef880000,0x00000000ef880000,0x00000000f1080000)
 ParOldGen       total 79360K, used 64190K [0x00000000a0000000, 0x00000000a4d80000, 0x00000000e0000000)
  object space 79360K, 80% used [0x00000000a0000000,0x00000000a3eaf8a0,0x00000000a4d80000)
 Metaspace       used 76371K, capacity 79364K, committed 80000K, reserved 1118208K
  class space    used 9970K, capacity 10679K, committed 10880K, reserved 1048576K
}
Event: 110.056 GC heap before
{Heap before GC invocations=31 (full 4):
 PSYoungGen      total 279552K, used 256368K [0x00000000e0000000, 0x00000000f2900000, 0x0000000100000000)
  eden space 254464K, 100% used [0x00000000e0000000,0x00000000ef880000,0x00000000ef880000)
  from space 25088K, 7% used [0x00000000f1080000,0x00000000f125c010,0x00000000f2900000)
  to   space 24576K, 0% used [0x00000000ef880000,0x00000000ef880000,0x00000000f1080000)
 ParOldGen       total 79360K, used 64190K [0x00000000a0000000, 0x00000000a4d80000, 0x00000000e0000000)
  object space 79360K, 80% used [0x00000000a0000000,0x00000000a3eaf8a0,0x00000000a4d80000)
 Metaspace       used 76431K, capacity 79374K, committed 80000K, reserved 1118208K
  class space    used 9972K, capacity 10682K, committed 10880K, reserved 1048576K
Event: 110.076 GC heap after
Heap after GC invocations=31 (full 4):
 PSYoungGen      total 279040K, used 5513K [0x00000000e0000000, 0x00000000f2900000, 0x0000000100000000)
  eden space 254464K, 0% used [0x00000000e0000000,0x00000000e0000000,0x00000000ef880000)
  from space 24576K, 22% used [0x00000000ef880000,0x00000000efde24d8,0x00000000f1080000)
  to   space 25088K, 0% used [0x00000000f1080000,0x00000000f1080000,0x00000000f2900000)
 ParOldGen       total 79360K, used 64494K [0x00000000a0000000, 0x00000000a4d80000, 0x00000000e0000000)
  object space 79360K, 81% used [0x00000000a0000000,0x00000000a3efb8b0,0x00000000a4d80000)
 Metaspace       used 76431K, capacity 79374K, committed 80000K, reserved 1118208K
  class space    used 9972K, capacity 10682K, committed 10880K, reserved 1048576K
}
Event: 114.211 GC heap before
{Heap before GC invocations=32 (full 4):
 PSYoungGen      total 279040K, used 259977K [0x00000000e0000000, 0x00000000f2900000, 0x0000000100000000)
  eden space 254464K, 100% used [0x00000000e0000000,0x00000000ef880000,0x00000000ef880000)
  from space 24576K, 22% used [0x00000000ef880000,0x00000000efde24d8,0x00000000f1080000)
  to   space 25088K, 0% used [0x00000000f1080000,0x00000000f1080000,0x00000000f2900000)
 ParOldGen       total 79360K, used 64494K [0x00000000a0000000, 0x00000000a4d80000, 0x00000000e0000000)
  object space 79360K, 81% used [0x00000000a0000000,0x00000000a3efb8b0,0x00000000a4d80000)
 Metaspace       used 76459K, capacity 79448K, committed 80000K, reserved 1118208K
  class space    used 9973K, capacity 10683K, committed 10880K, reserved 1048576K
Event: 114.227 GC heap after
Heap after GC invocations=32 (full 4):
 PSYoungGen      total 281088K, used 2698K [0x00000000e0000000, 0x00000000f4680000, 0x0000000100000000)
  eden space 256000K, 0% used [0x00000000e0000000,0x00000000e0000000,0x00000000efa00000)
  from space 25088K, 10% used [0x00000000f1080000,0x00000000f1322918,0x00000000f2900000)
  to   space 23040K, 0% used [0x00000000efa00000,0x00000000efa00000,0x00000000f1080000)
 ParOldGen       total 79360K, used 65680K [0x00000000a0000000, 0x00000000a4d80000, 0x00000000e0000000)
  object space 79360K, 82% used [0x00000000a0000000,0x00000000a4024148,0x00000000a4d80000)
 Metaspace       used 76459K, capacity 79448K, committed 80000K, reserved 1118208K
  class space    used 9973K, capacity 10683K, committed 10880K, reserved 1048576K
}

