# JRE version: OpenJDK Runtime Environment (8.0_152-b02) (build 1.8.0_152-release-1024-b02)
# Java VM: OpenJDK 64-Bit Server VM (25.152-b02 mixed mode windows-amd64 compressed oops)
Heap:
 PSYoungGen      total 206848K, used 185966K [0x00000000e0000000, 0x00000000ef480000, 0x0000000100000000)
  eden space 186880K, 93% used [0x00000000e0000000,0x00000000eaa0fa40,0x00000000eb680000)
  from space 19968K, 59% used [0x00000000eb680000,0x00000000ec20bdc8,0x00000000eca00000)
  to   space 19968K, 0% used [0x00000000ee100000,0x00000000ee100000,0x00000000ef480000)
 ParOldGen       total 100352K, used 48702K [0x00000000a0000000, 0x00000000a6200000, 0x00000000e0000000)
  object space 100352K, 48% used [0x00000000a0000000,0x00000000a2f8fbb8,0x00000000a6200000)
 Metaspace       used 70480K, capacity 72747K, committed 73088K, reserved 1112064K
  class space    used 9192K, capacity 9738K, committed 9856K, reserved 1048576K
GC Heap History (10 events):
Event: 28.271 GC heap before
{Heap before GC invocations=16 (full 2):
 PSYoungGen      total 127488K, used 127485K [0x00000000e0000000, 0x00000000eb600000, 0x0000000100000000)
  eden space 117248K, 100% used [0x00000000e0000000,0x00000000e7280000,0x00000000e7280000)
  from space 10240K, 99% used [0x00000000e7280000,0x00000000e7c7f620,0x00000000e7c80000)
  to   space 14848K, 0% used [0x00000000ea780000,0x00000000ea780000,0x00000000eb600000)
 ParOldGen       total 51712K, used 24760K [0x00000000a0000000, 0x00000000a3280000, 0x00000000e0000000)
  object space 51712K, 47% used [0x00000000a0000000,0x00000000a182e3d8,0x00000000a3280000)
 Metaspace       used 54894K, capacity 56631K, committed 56832K, reserved 1097728K
  class space    used 7492K, capacity 7928K, committed 7936K, reserved 1048576K
Event: 28.302 GC heap after
Heap after GC invocations=16 (full 2):
 PSYoungGen      total 165376K, used 10722K [0x00000000e0000000, 0x00000000eb380000, 0x0000000100000000)
  eden space 153088K, 0% used [0x00000000e0000000,0x00000000e0000000,0x00000000e9580000)
  from space 12288K, 87% used [0x00000000ea780000,0x00000000eb1f8ba0,0x00000000eb380000)
  to   space 15360K, 0% used [0x00000000e9580000,0x00000000e9580000,0x00000000ea480000)
 ParOldGen       total 51712K, used 31263K [0x00000000a0000000, 0x00000000a3280000, 0x00000000e0000000)
  object space 51712K, 60% used [0x00000000a0000000,0x00000000a1e87ee8,0x00000000a3280000)
 Metaspace       used 54894K, capacity 56631K, committed 56832K, reserved 1097728K
  class space    used 7492K, capacity 7928K, committed 7936K, reserved 1048576K
}
Event: 32.454 GC heap before
{Heap before GC invocations=17 (full 2):
 PSYoungGen      total 165376K, used 121101K [0x00000000e0000000, 0x00000000eb380000, 0x0000000100000000)
  eden space 153088K, 72% used [0x00000000e0000000,0x00000000e6bca948,0x00000000e9580000)
  from space 12288K, 87% used [0x00000000ea780000,0x00000000eb1f8ba0,0x00000000eb380000)
  to   space 15360K, 0% used [0x00000000e9580000,0x00000000e9580000,0x00000000ea480000)
 ParOldGen       total 51712K, used 31263K [0x00000000a0000000, 0x00000000a3280000, 0x00000000e0000000)
  object space 51712K, 60% used [0x00000000a0000000,0x00000000a1e87ee8,0x00000000a3280000)
 Metaspace       used 57218K, capacity 58935K, committed 59028K, reserved 1099776K
  class space    used 7701K, capacity 8144K, committed 8192K, reserved 1048576K
Event: 32.500 GC heap after
Heap after GC invocations=17 (full 2):
 PSYoungGen      total 168448K, used 15356K [0x00000000e0000000, 0x00000000eec00000, 0x0000000100000000)
  eden space 153088K, 0% used [0x00000000e0000000,0x00000000e0000000,0x00000000e9580000)
  from space 15360K, 99% used [0x00000000e9580000,0x00000000ea47f3f0,0x00000000ea480000)
  to   space 20992K, 0% used [0x00000000ed780000,0x00000000ed780000,0x00000000eec00000)
 ParOldGen       total 51712K, used 39253K [0x00000000a0000000, 0x00000000a3280000, 0x00000000e0000000)
  object space 51712K, 75% used [0x00000000a0000000,0x00000000a2655658,0x00000000a3280000)
 Metaspace       used 57218K, capacity 58935K, committed 59028K, reserved 1099776K
  class space    used 7701K, capacity 8144K, committed 8192K, reserved 1048576K
}
Event: 32.500 GC heap before
{Heap before GC invocations=18 (full 3):
 PSYoungGen      total 168448K, used 15356K [0x00000000e0000000, 0x00000000eec00000, 0x0000000100000000)
  eden space 153088K, 0% used [0x00000000e0000000,0x00000000e0000000,0x00000000e9580000)
  from space 15360K, 99% used [0x00000000e9580000,0x00000000ea47f3f0,0x00000000ea480000)
  to   space 20992K, 0% used [0x00000000ed780000,0x00000000ed780000,0x00000000eec00000)
 ParOldGen       total 51712K, used 39253K [0x00000000a0000000, 0x00000000a3280000, 0x00000000e0000000)
  object space 51712K, 75% used [0x00000000a0000000,0x00000000a2655658,0x00000000a3280000)
 Metaspace       used 57218K, capacity 58935K, committed 59028K, reserved 1099776K
  class space    used 7701K, capacity 8144K, committed 8192K, reserved 1048576K
Event: 32.943 GC heap after
Heap after GC invocations=18 (full 3):
 PSYoungGen      total 168448K, used 0K [0x00000000e0000000, 0x00000000eec00000, 0x0000000100000000)
  eden space 153088K, 0% used [0x00000000e0000000,0x00000000e0000000,0x00000000e9580000)
  from space 15360K, 0% used [0x00000000e9580000,0x00000000e9580000,0x00000000ea480000)
  to   space 20992K, 0% used [0x00000000ed780000,0x00000000ed780000,0x00000000eec00000)
 ParOldGen       total 100352K, used 48678K [0x00000000a0000000, 0x00000000a6200000, 0x00000000e0000000)
  object space 100352K, 48% used [0x00000000a0000000,0x00000000a2f89bb8,0x00000000a6200000)
 Metaspace       used 57218K, capacity 58935K, committed 59028K, reserved 1099776K
  class space    used 7701K, capacity 8144K, committed 8192K, reserved 1048576K
}
Event: 49.531 GC heap before
{Heap before GC invocations=19 (full 3):
 PSYoungGen      total 168448K, used 153088K [0x00000000e0000000, 0x00000000eec00000, 0x0000000100000000)
  eden space 153088K, 100% used [0x00000000e0000000,0x00000000e9580000,0x00000000e9580000)
  from space 15360K, 0% used [0x00000000e9580000,0x00000000e9580000,0x00000000ea480000)
  to   space 20992K, 0% used [0x00000000ed780000,0x00000000ed780000,0x00000000eec00000)
 ParOldGen       total 100352K, used 48678K [0x00000000a0000000, 0x00000000a6200000, 0x00000000e0000000)
  object space 100352K, 48% used [0x00000000a0000000,0x00000000a2f89bb8,0x00000000a6200000)
 Metaspace       used 59887K, capacity 61675K, committed 61952K, reserved 1103872K
  class space    used 7967K, capacity 8372K, committed 8448K, reserved 1048576K
Event: 49.553 GC heap after
Heap after GC invocations=19 (full 3):
 PSYoungGen      total 192512K, used 5649K [0x00000000e0000000, 0x00000000edd80000, 0x0000000100000000)
  eden space 186368K, 0% used [0x00000000e0000000,0x00000000e0000000,0x00000000eb600000)
  from space 6144K, 91% used [0x00000000ed780000,0x00000000edd04760,0x00000000edd80000)
  to   space 19968K, 0% used [0x00000000eb680000,0x00000000eb680000,0x00000000eca00000)
 ParOldGen       total 100352K, used 48686K [0x00000000a0000000, 0x00000000a6200000, 0x00000000e0000000)
  object space 100352K, 48% used [0x00000000a0000000,0x00000000a2f8bbb8,0x00000000a6200000)
 Metaspace       used 59887K, capacity 61675K, committed 61952K, reserved 1103872K
  class space    used 7967K, capacity 8372K, committed 8448K, reserved 1048576K
}
Event: 60.248 GC heap before
{Heap before GC invocations=20 (full 3):
 PSYoungGen      total 192512K, used 192017K [0x00000000e0000000, 0x00000000edd80000, 0x0000000100000000)
  eden space 186368K, 100% used [0x00000000e0000000,0x00000000eb600000,0x00000000eb600000)
  from space 6144K, 91% used [0x00000000ed780000,0x00000000edd04760,0x00000000edd80000)
  to   space 19968K, 0% used [0x00000000eb680000,0x00000000eb680000,0x00000000eca00000)
 ParOldGen       total 100352K, used 48686K [0x00000000a0000000, 0x00000000a6200000, 0x00000000e0000000)
  object space 100352K, 48% used [0x00000000a0000000,0x00000000a2f8bbb8,0x00000000a6200000)
 Metaspace       used 65955K, capacity 67859K, committed 67968K, reserved 1107968K
  class space    used 8621K, capacity 9088K, committed 9088K, reserved 1048576K
Event: 60.277 GC heap after
Heap after GC invocations=20 (full 3):
 PSYoungGen      total 206848K, used 11823K [0x00000000e0000000, 0x00000000ef480000, 0x0000000100000000)
  eden space 186880K, 0% used [0x00000000e0000000,0x00000000e0000000,0x00000000eb680000)
  from space 19968K, 59% used [0x00000000eb680000,0x00000000ec20bdc8,0x00000000eca00000)
  to   space 19968K, 0% used [0x00000000ee100000,0x00000000ee100000,0x00000000ef480000)
 ParOldGen       total 100352K, used 48702K [0x00000000a0000000, 0x00000000a6200000, 0x00000000e0000000)
  object space 100352K, 48% used [0x00000000a0000000,0x00000000a2f8fbb8,0x00000000a6200000)
 Metaspace       used 65955K, capacity 67859K, committed 67968K, reserved 1107968K
  class space    used 8621K, capacity 9088K, committed 9088K, reserved 1048576K
}

