# JRE version: OpenJDK Runtime Environment (8.0_152-b02) (build 1.8.0_152-release-1024-b02)
# Java VM: OpenJDK 64-Bit Server VM (25.152-b02 mixed mode windows-amd64 compressed oops)
Heap:
 PSYoungGen      total 233984K, used 177812K [0x00000000e0000000, 0x00000000f4580000, 0x0000000100000000)
  eden space 184832K, 69% used [0x00000000e0000000,0x00000000e7da6488,0x00000000eb480000)
  from space 49152K, 99% used [0x00000000eb480000,0x00000000ee47ec30,0x00000000ee480000)
  to   space 62464K, 0% used [0x00000000f0880000,0x00000000f0880000,0x00000000f4580000)
 ParOldGen       total 175104K, used 81701K [0x00000000a0000000, 0x00000000aab00000, 0x00000000e0000000)
  object space 175104K, 46% used [0x00000000a0000000,0x00000000a4fc9628,0x00000000aab00000)
 Metaspace       used 78405K, capacity 81693K, committed 81752K, reserved 1120256K
  class space    used 10165K, capacity 10876K, committed 10880K, reserved 1048576K
GC Heap History (10 events):
Event: 78.731 GC heap before
{Heap before GC invocations=22 (full 4):
 PSYoungGen      total 198144K, used 32243K [0x00000000e0000000, 0x00000000ef300000, 0x0000000100000000)
  eden space 165888K, 0% used [0x00000000e0000000,0x00000000e0000000,0x00000000ea200000)
  from space 32256K, 99% used [0x00000000ed380000,0x00000000ef2fcc50,0x00000000ef300000)
  to   space 22016K, 0% used [0x00000000ea200000,0x00000000ea200000,0x00000000eb780000)
 ParOldGen       total 107008K, used 106688K [0x00000000a0000000, 0x00000000a6880000, 0x00000000e0000000)
  object space 107008K, 99% used [0x00000000a0000000,0x00000000a68301f8,0x00000000a6880000)
 Metaspace       used 72053K, capacity 75265K, committed 75608K, reserved 1114112K
  class space    used 9582K, capacity 10264K, committed 10368K, reserved 1048576K
Event: 79.870 GC heap after
Heap after GC invocations=22 (full 4):
 PSYoungGen      total 198144K, used 4589K [0x00000000e0000000, 0x00000000ef300000, 0x0000000100000000)
  eden space 165888K, 0% used [0x00000000e0000000,0x00000000e0000000,0x00000000ea200000)
  from space 32256K, 14% used [0x00000000ed380000,0x00000000ed7fb468,0x00000000ef300000)
  to   space 22016K, 0% used [0x00000000ea200000,0x00000000ea200000,0x00000000eb780000)
 ParOldGen       total 107008K, used 106839K [0x00000000a0000000, 0x00000000a6880000, 0x00000000e0000000)
  object space 107008K, 99% used [0x00000000a0000000,0x00000000a6855d38,0x00000000a6880000)
 Metaspace       used 71696K, capacity 74309K, committed 75608K, reserved 1114112K
  class space    used 9457K, capacity 10046K, committed 10368K, reserved 1048576K
}
Event: 83.262 GC heap before
{Heap before GC invocations=23 (full 5):
 PSYoungGen      total 198144K, used 166323K [0x00000000e0000000, 0x00000000ef300000, 0x0000000100000000)
  eden space 165888K, 97% used [0x00000000e0000000,0x00000000e9df1aa8,0x00000000ea200000)
  from space 32256K, 14% used [0x00000000ed380000,0x00000000ed7fb468,0x00000000ef300000)
  to   space 22016K, 0% used [0x00000000ea200000,0x00000000ea200000,0x00000000eb780000)
 ParOldGen       total 107008K, used 106839K [0x00000000a0000000, 0x00000000a6880000, 0x00000000e0000000)
  object space 107008K, 99% used [0x00000000a0000000,0x00000000a6855d38,0x00000000a6880000)
 Metaspace       used 73478K, capacity 76283K, committed 77272K, reserved 1116160K
  class space    used 9673K, capacity 10297K, committed 10496K, reserved 1048576K
Event: 83.459 GC heap after
Heap after GC invocations=23 (full 5):
 PSYoungGen      total 198144K, used 0K [0x00000000e0000000, 0x00000000ef300000, 0x0000000100000000)
  eden space 165888K, 0% used [0x00000000e0000000,0x00000000e0000000,0x00000000ea200000)
  from space 32256K, 0% used [0x00000000ed380000,0x00000000ed380000,0x00000000ef300000)
  to   space 22016K, 0% used [0x00000000ea200000,0x00000000ea200000,0x00000000eb780000)
 ParOldGen       total 175104K, used 68303K [0x00000000a0000000, 0x00000000aab00000, 0x00000000e0000000)
  object space 175104K, 39% used [0x00000000a0000000,0x00000000a42b3c48,0x00000000aab00000)
 Metaspace       used 73478K, capacity 76283K, committed 77272K, reserved 1116160K
  class space    used 9673K, capacity 10297K, committed 10496K, reserved 1048576K
}
Event: 371.857 GC heap before
{Heap before GC invocations=24 (full 5):
 PSYoungGen      total 198144K, used 165888K [0x00000000e0000000, 0x00000000ef300000, 0x0000000100000000)
  eden space 165888K, 100% used [0x00000000e0000000,0x00000000ea200000,0x00000000ea200000)
  from space 32256K, 0% used [0x00000000ed380000,0x00000000ed380000,0x00000000ef300000)
  to   space 22016K, 0% used [0x00000000ea200000,0x00000000ea200000,0x00000000eb780000)
 ParOldGen       total 175104K, used 68303K [0x00000000a0000000, 0x00000000aab00000, 0x00000000e0000000)
  object space 175104K, 39% used [0x00000000a0000000,0x00000000a42b3c48,0x00000000aab00000)
 Metaspace       used 77001K, capacity 80021K, committed 80344K, reserved 1118208K
  class space    used 10046K, capacity 10692K, committed 10752K, reserved 1048576K
Event: 371.880 GC heap after
Heap after GC invocations=24 (full 5):
 PSYoungGen      total 187904K, used 12316K [0x00000000e0000000, 0x00000000f1c80000, 0x0000000100000000)
  eden space 165888K, 0% used [0x00000000e0000000,0x00000000e0000000,0x00000000ea200000)
  from space 22016K, 55% used [0x00000000ea200000,0x00000000eae07380,0x00000000eb780000)
  to   space 51200K, 0% used [0x00000000eea80000,0x00000000eea80000,0x00000000f1c80000)
 ParOldGen       total 175104K, used 68311K [0x00000000a0000000, 0x00000000aab00000, 0x00000000e0000000)
  object space 175104K, 39% used [0x00000000a0000000,0x00000000a42b5c48,0x00000000aab00000)
 Metaspace       used 77001K, capacity 80021K, committed 80344K, reserved 1118208K
  class space    used 10046K, capacity 10692K, committed 10752K, reserved 1048576K
}
Event: 624.464 GC heap before
{Heap before GC invocations=25 (full 5):
 PSYoungGen      total 187904K, used 178204K [0x00000000e0000000, 0x00000000f1c80000, 0x0000000100000000)
  eden space 165888K, 100% used [0x00000000e0000000,0x00000000ea200000,0x00000000ea200000)
  from space 22016K, 55% used [0x00000000ea200000,0x00000000eae07380,0x00000000eb780000)
  to   space 51200K, 0% used [0x00000000eea80000,0x00000000eea80000,0x00000000f1c80000)
 ParOldGen       total 175104K, used 68311K [0x00000000a0000000, 0x00000000aab00000, 0x00000000e0000000)
  object space 175104K, 39% used [0x00000000a0000000,0x00000000a42b5c48,0x00000000aab00000)
 Metaspace       used 78193K, capacity 81537K, committed 81752K, reserved 1120256K
  class space    used 10156K, capacity 10862K, committed 10880K, reserved 1048576K
Event: 624.507 GC heap after
Heap after GC invocations=25 (full 5):
 PSYoungGen      total 227840K, used 13258K [0x00000000e0000000, 0x00000000f1480000, 0x0000000100000000)
  eden space 184832K, 0% used [0x00000000e0000000,0x00000000e0000000,0x00000000eb480000)
  from space 43008K, 30% used [0x00000000eea80000,0x00000000ef772b78,0x00000000f1480000)
  to   space 49152K, 0% used [0x00000000eb480000,0x00000000eb480000,0x00000000ee480000)
 ParOldGen       total 175104K, used 68319K [0x00000000a0000000, 0x00000000aab00000, 0x00000000e0000000)
  object space 175104K, 39% used [0x00000000a0000000,0x00000000a42b7c48,0x00000000aab00000)
 Metaspace       used 78193K, capacity 81537K, committed 81752K, reserved 1120256K
  class space    used 10156K, capacity 10862K, committed 10880K, reserved 1048576K
}
Event: 634.397 GC heap before
{Heap before GC invocations=26 (full 5):
 PSYoungGen      total 227840K, used 198090K [0x00000000e0000000, 0x00000000f1480000, 0x0000000100000000)
  eden space 184832K, 100% used [0x00000000e0000000,0x00000000eb480000,0x00000000eb480000)
  from space 43008K, 30% used [0x00000000eea80000,0x00000000ef772b78,0x00000000f1480000)
  to   space 49152K, 0% used [0x00000000eb480000,0x00000000eb480000,0x00000000ee480000)
 ParOldGen       total 175104K, used 68319K [0x00000000a0000000, 0x00000000aab00000, 0x00000000e0000000)
  object space 175104K, 39% used [0x00000000a0000000,0x00000000a42b7c48,0x00000000aab00000)
 Metaspace       used 78382K, capacity 81693K, committed 81752K, reserved 1120256K
  class space    used 10164K, capacity 10876K, committed 10880K, reserved 1048576K
Event: 634.577 GC heap after
Heap after GC invocations=26 (full 5):
 PSYoungGen      total 233984K, used 49147K [0x00000000e0000000, 0x00000000f4580000, 0x0000000100000000)
  eden space 184832K, 0% used [0x00000000e0000000,0x00000000e0000000,0x00000000eb480000)
  from space 49152K, 99% used [0x00000000eb480000,0x00000000ee47ec30,0x00000000ee480000)
  to   space 62464K, 0% used [0x00000000f0880000,0x00000000f0880000,0x00000000f4580000)
 ParOldGen       total 175104K, used 81701K [0x00000000a0000000, 0x00000000aab00000, 0x00000000e0000000)
  object space 175104K, 46% used [0x00000000a0000000,0x00000000a4fc9628,0x00000000aab00000)
 Metaspace       used 78382K, capacity 81693K, committed 81752K, reserved 1120256K
  class space    used 10164K, capacity 10876K, committed 10880K, reserved 1048576K
}

