# JRE version: OpenJDK Runtime Environment (8.0_152-b01) (build 1.8.0_152-release-1248-b01)
# Java VM: OpenJDK 64-Bit Server VM (25.152-b01 mixed mode windows-amd64 compressed oops)
Heap:
 PSYoungGen      total 151552K, used 66509K [0x00000000e0000000, 0x00000000eca00000, 0x0000000100000000)
  eden space 121856K, 30% used [0x00000000e0000000,0x00000000e23faf18,0x00000000e7700000)
  from space 29696K, 99% used [0x00000000e9e00000,0x00000000ebaf8518,0x00000000ebb00000)
  to   space 39936K, 0% used [0x00000000e7700000,0x00000000e7700000,0x00000000e9e00000)
 ParOldGen       total 167936K, used 98142K [0x00000000a0000000, 0x00000000aa400000, 0x00000000e0000000)
  object space 167936K, 58% used [0x00000000a0000000,0x00000000a5fd7a78,0x00000000aa400000)
 Metaspace       used 74302K, capacity 76712K, committed 77360K, reserved 1116160K
  class space    used 9962K, capacity 10570K, committed 10800K, reserved 1048576K
GC Heap History (10 events):
Event: 30.934 GC heap before
{Heap before GC invocations=26 (full 3):
 PSYoungGen      total 102912K, used 102815K [0x00000000e0000000, 0x00000000e7700000, 0x0000000100000000)
  eden space 97280K, 100% used [0x00000000e0000000,0x00000000e5f00000,0x00000000e5f00000)
  from space 5632K, 98% used [0x00000000e7180000,0x00000000e76e7cd8,0x00000000e7700000)
  to   space 11776K, 0% used [0x00000000e6000000,0x00000000e6000000,0x00000000e6b80000)
 ParOldGen       total 86016K, used 33875K [0x00000000a0000000, 0x00000000a5400000, 0x00000000e0000000)
  object space 86016K, 39% used [0x00000000a0000000,0x00000000a2114c90,0x00000000a5400000)
 Metaspace       used 64239K, capacity 66114K, committed 66352K, reserved 1105920K
  class space    used 8718K, capacity 9245K, committed 9264K, reserved 1048576K
Event: 30.969 GC heap after
Heap after GC invocations=26 (full 3):
 PSYoungGen      total 110080K, used 11772K [0x00000000e0000000, 0x00000000e8a80000, 0x0000000100000000)
  eden space 98304K, 0% used [0x00000000e0000000,0x00000000e0000000,0x00000000e6000000)
  from space 11776K, 99% used [0x00000000e6000000,0x00000000e6b7f070,0x00000000e6b80000)
  to   space 14848K, 0% used [0x00000000e7c00000,0x00000000e7c00000,0x00000000e8a80000)
 ParOldGen       total 86016K, used 38031K [0x00000000a0000000, 0x00000000a5400000, 0x00000000e0000000)
  object space 86016K, 44% used [0x00000000a0000000,0x00000000a2523d28,0x00000000a5400000)
 Metaspace       used 64239K, capacity 66114K, committed 66352K, reserved 1105920K
  class space    used 8718K, capacity 9245K, committed 9264K, reserved 1048576K
}
Event: 34.756 GC heap before
{Heap before GC invocations=27 (full 3):
 PSYoungGen      total 110080K, used 110076K [0x00000000e0000000, 0x00000000e8a80000, 0x0000000100000000)
  eden space 98304K, 100% used [0x00000000e0000000,0x00000000e6000000,0x00000000e6000000)
  from space 11776K, 99% used [0x00000000e6000000,0x00000000e6b7f070,0x00000000e6b80000)
  to   space 14848K, 0% used [0x00000000e7c00000,0x00000000e7c00000,0x00000000e8a80000)
 ParOldGen       total 86016K, used 38031K [0x00000000a0000000, 0x00000000a5400000, 0x00000000e0000000)
  object space 86016K, 44% used [0x00000000a0000000,0x00000000a2523d28,0x00000000a5400000)
 Metaspace       used 69821K, capacity 71828K, committed 71984K, reserved 1112064K
  class space    used 9380K, capacity 9938K, committed 10032K, reserved 1048576K
Event: 34.791 GC heap after
Heap after GC invocations=27 (full 3):
 PSYoungGen      total 125952K, used 6362K [0x00000000e0000000, 0x00000000e8980000, 0x0000000100000000)
  eden space 112128K, 0% used [0x00000000e0000000,0x00000000e0000000,0x00000000e6d80000)
  from space 13824K, 46% used [0x00000000e7c00000,0x00000000e8236b98,0x00000000e8980000)
  to   space 14336K, 0% used [0x00000000e6d80000,0x00000000e6d80000,0x00000000e7b80000)
 ParOldGen       total 86016K, used 48744K [0x00000000a0000000, 0x00000000a5400000, 0x00000000e0000000)
  object space 86016K, 56% used [0x00000000a0000000,0x00000000a2f9a228,0x00000000a5400000)
 Metaspace       used 69821K, capacity 71828K, committed 71984K, reserved 1112064K
  class space    used 9380K, capacity 9938K, committed 10032K, reserved 1048576K
}
Event: 37.133 GC heap before
{Heap before GC invocations=28 (full 3):
 PSYoungGen      total 125952K, used 118490K [0x00000000e0000000, 0x00000000e8980000, 0x0000000100000000)
  eden space 112128K, 100% used [0x00000000e0000000,0x00000000e6d80000,0x00000000e6d80000)
  from space 13824K, 46% used [0x00000000e7c00000,0x00000000e8236b98,0x00000000e8980000)
  to   space 14336K, 0% used [0x00000000e6d80000,0x00000000e6d80000,0x00000000e7b80000)
 ParOldGen       total 86016K, used 48744K [0x00000000a0000000, 0x00000000a5400000, 0x00000000e0000000)
  object space 86016K, 56% used [0x00000000a0000000,0x00000000a2f9a228,0x00000000a5400000)
 Metaspace       used 74120K, capacity 76922K, committed 77104K, reserved 1116160K
  class space    used 10027K, capacity 10691K, committed 10800K, reserved 1048576K
Event: 37.343 GC heap after
Heap after GC invocations=28 (full 3):
 PSYoungGen      total 126464K, used 14322K [0x00000000e0000000, 0x00000000ebb00000, 0x0000000100000000)
  eden space 112128K, 0% used [0x00000000e0000000,0x00000000e0000000,0x00000000e6d80000)
  from space 14336K, 99% used [0x00000000e6d80000,0x00000000e7b7ca98,0x00000000e7b80000)
  to   space 29696K, 0% used [0x00000000e9e00000,0x00000000e9e00000,0x00000000ebb00000)
 ParOldGen       total 86016K, used 85153K [0x00000000a0000000, 0x00000000a5400000, 0x00000000e0000000)
  object space 86016K, 98% used [0x00000000a0000000,0x00000000a53287e8,0x00000000a5400000)
 Metaspace       used 74120K, capacity 76922K, committed 77104K, reserved 1116160K
  class space    used 10027K, capacity 10691K, committed 10800K, reserved 1048576K
}
Event: 37.343 GC heap before
{Heap before GC invocations=29 (full 4):
 PSYoungGen      total 126464K, used 14322K [0x00000000e0000000, 0x00000000ebb00000, 0x0000000100000000)
  eden space 112128K, 0% used [0x00000000e0000000,0x00000000e0000000,0x00000000e6d80000)
  from space 14336K, 99% used [0x00000000e6d80000,0x00000000e7b7ca98,0x00000000e7b80000)
  to   space 29696K, 0% used [0x00000000e9e00000,0x00000000e9e00000,0x00000000ebb00000)
 ParOldGen       total 86016K, used 85153K [0x00000000a0000000, 0x00000000a5400000, 0x00000000e0000000)
  object space 86016K, 98% used [0x00000000a0000000,0x00000000a53287e8,0x00000000a5400000)
 Metaspace       used 74120K, capacity 76922K, committed 77104K, reserved 1116160K
  class space    used 10027K, capacity 10691K, committed 10800K, reserved 1048576K
Event: 38.770 GC heap after
Heap after GC invocations=29 (full 4):
 PSYoungGen      total 126464K, used 11722K [0x00000000e0000000, 0x00000000ebb00000, 0x0000000100000000)
  eden space 112128K, 0% used [0x00000000e0000000,0x00000000e0000000,0x00000000e6d80000)
  from space 14336K, 81% used [0x00000000e6d80000,0x00000000e78f2960,0x00000000e7b80000)
  to   space 29696K, 0% used [0x00000000e9e00000,0x00000000e9e00000,0x00000000ebb00000)
 ParOldGen       total 167936K, used 84593K [0x00000000a0000000, 0x00000000aa400000, 0x00000000e0000000)
  object space 167936K, 50% used [0x00000000a0000000,0x00000000a529c6b0,0x00000000aa400000)
 Metaspace       used 73916K, capacity 76342K, committed 77104K, reserved 1116160K
  class space    used 9957K, capacity 10569K, committed 10800K, reserved 1048576K
}
Event: 41.569 GC heap before
{Heap before GC invocations=30 (full 4):
 PSYoungGen      total 126464K, used 123850K [0x00000000e0000000, 0x00000000ebb00000, 0x0000000100000000)
  eden space 112128K, 100% used [0x00000000e0000000,0x00000000e6d80000,0x00000000e6d80000)
  from space 14336K, 81% used [0x00000000e6d80000,0x00000000e78f2960,0x00000000e7b80000)
  to   space 29696K, 0% used [0x00000000e9e00000,0x00000000e9e00000,0x00000000ebb00000)
 ParOldGen       total 167936K, used 84593K [0x00000000a0000000, 0x00000000aa400000, 0x00000000e0000000)
  object space 167936K, 50% used [0x00000000a0000000,0x00000000a529c6b0,0x00000000aa400000)
 Metaspace       used 74175K, capacity 76648K, committed 77360K, reserved 1116160K
  class space    used 9962K, capacity 10570K, committed 10800K, reserved 1048576K
Event: 41.717 GC heap after
Heap after GC invocations=30 (full 4):
 PSYoungGen      total 151552K, used 29665K [0x00000000e0000000, 0x00000000eca00000, 0x0000000100000000)
  eden space 121856K, 0% used [0x00000000e0000000,0x00000000e0000000,0x00000000e7700000)
  from space 29696K, 99% used [0x00000000e9e00000,0x00000000ebaf8518,0x00000000ebb00000)
  to   space 39936K, 0% used [0x00000000e7700000,0x00000000e7700000,0x00000000e9e00000)
 ParOldGen       total 167936K, used 98142K [0x00000000a0000000, 0x00000000aa400000, 0x00000000e0000000)
  object space 167936K, 58% used [0x00000000a0000000,0x00000000a5fd7a78,0x00000000aa400000)
 Metaspace       used 74175K, capacity 76648K, committed 77360K, reserved 1116160K
  class space    used 9962K, capacity 10570K, committed 10800K, reserved 1048576K
}

