# JRE version: OpenJDK Runtime Environment (8.0_152-b01) (build 1.8.0_152-release-1248-b01)
# Java VM: OpenJDK 64-Bit Server VM (25.152-b01 mixed mode windows-amd64 compressed oops)
Heap:
 PSYoungGen      total 179712K, used 93691K [0x00000000e0000000, 0x00000000eea00000, 0x0000000100000000)
  eden space 133632K, 61% used [0x00000000e0000000,0x00000000e50e83b8,0x00000000e8280000)
  from space 46080K, 23% used [0x00000000e8280000,0x00000000e8d16a70,0x00000000eaf80000)
  to   space 44032K, 0% used [0x00000000ebf00000,0x00000000ebf00000,0x00000000eea00000)
 ParOldGen       total 194048K, used 106335K [0x00000000a0000000, 0x00000000abd80000, 0x00000000e0000000)
  object space 194048K, 54% used [0x00000000a0000000,0x00000000a67d7f28,0x00000000abd80000)
 Metaspace       used 81283K, capacity 84254K, committed 84400K, reserved 1122304K
  class space    used 10715K, capacity 11385K, committed 11440K, reserved 1048576K
GC Heap History (10 events):
Event: 39.198 GC heap before
{Heap before GC invocations=23 (full 3):
 PSYoungGen      total 129536K, used 129425K [0x00000000e0000000, 0x00000000e9e00000, 0x0000000100000000)
  eden space 116736K, 99% used [0x00000000e0000000,0x00000000e71e5558,0x00000000e7200000)
  from space 12800K, 99% used [0x00000000e7200000,0x00000000e7e7f070,0x00000000e7e80000)
  to   space 17408K, 0% used [0x00000000e8d00000,0x00000000e8d00000,0x00000000e9e00000)
 ParOldGen       total 87552K, used 43102K [0x00000000a0000000, 0x00000000a5580000, 0x00000000e0000000)
  object space 87552K, 49% used [0x00000000a0000000,0x00000000a2a17b58,0x00000000a5580000)
 Metaspace       used 73059K, capacity 75882K, committed 76080K, reserved 1114112K
  class space    used 9829K, capacity 10495K, committed 10544K, reserved 1048576K
Event: 39.253 GC heap after
Heap after GC invocations=23 (full 3):
 PSYoungGen      total 134144K, used 17394K [0x00000000e0000000, 0x00000000eb580000, 0x0000000100000000)
  eden space 116736K, 0% used [0x00000000e0000000,0x00000000e0000000,0x00000000e7200000)
  from space 17408K, 99% used [0x00000000e8d00000,0x00000000e9dfcb10,0x00000000e9e00000)
  to   space 27648K, 0% used [0x00000000e7200000,0x00000000e7200000,0x00000000e8d00000)
 ParOldGen       total 87552K, used 63531K [0x00000000a0000000, 0x00000000a5580000, 0x00000000e0000000)
  object space 87552K, 72% used [0x00000000a0000000,0x00000000a3e0ae00,0x00000000a5580000)
 Metaspace       used 73059K, capacity 75882K, committed 76080K, reserved 1114112K
  class space    used 9829K, capacity 10495K, committed 10544K, reserved 1048576K
}
Event: 41.673 GC heap before
{Heap before GC invocations=24 (full 3):
 PSYoungGen      total 134144K, used 134130K [0x00000000e0000000, 0x00000000eb580000, 0x0000000100000000)
  eden space 116736K, 100% used [0x00000000e0000000,0x00000000e7200000,0x00000000e7200000)
  from space 17408K, 99% used [0x00000000e8d00000,0x00000000e9dfcb10,0x00000000e9e00000)
  to   space 27648K, 0% used [0x00000000e7200000,0x00000000e7200000,0x00000000e8d00000)
 ParOldGen       total 87552K, used 63531K [0x00000000a0000000, 0x00000000a5580000, 0x00000000e0000000)
  object space 87552K, 72% used [0x00000000a0000000,0x00000000a3e0ae00,0x00000000a5580000)
 Metaspace       used 74443K, capacity 77404K, committed 77616K, reserved 1116160K
  class space    used 10023K, capacity 10690K, committed 10800K, reserved 1048576K
Event: 41.788 GC heap after
Heap after GC invocations=24 (full 3):
 PSYoungGen      total 144384K, used 27640K [0x00000000e0000000, 0x00000000ee300000, 0x0000000100000000)
  eden space 116736K, 0% used [0x00000000e0000000,0x00000000e0000000,0x00000000e7200000)
  from space 27648K, 99% used [0x00000000e7200000,0x00000000e8cfe2a0,0x00000000e8d00000)
  to   space 47104K, 0% used [0x00000000eb500000,0x00000000eb500000,0x00000000ee300000)
 ParOldGen       total 103936K, used 103853K [0x00000000a0000000, 0x00000000a6580000, 0x00000000e0000000)
  object space 103936K, 99% used [0x00000000a0000000,0x00000000a656b518,0x00000000a6580000)
 Metaspace       used 74443K, capacity 77404K, committed 77616K, reserved 1116160K
  class space    used 10023K, capacity 10690K, committed 10800K, reserved 1048576K
}
Event: 41.789 GC heap before
{Heap before GC invocations=25 (full 4):
 PSYoungGen      total 144384K, used 27640K [0x00000000e0000000, 0x00000000ee300000, 0x0000000100000000)
  eden space 116736K, 0% used [0x00000000e0000000,0x00000000e0000000,0x00000000e7200000)
  from space 27648K, 99% used [0x00000000e7200000,0x00000000e8cfe2a0,0x00000000e8d00000)
  to   space 47104K, 0% used [0x00000000eb500000,0x00000000eb500000,0x00000000ee300000)
 ParOldGen       total 103936K, used 103853K [0x00000000a0000000, 0x00000000a6580000, 0x00000000e0000000)
  object space 103936K, 99% used [0x00000000a0000000,0x00000000a656b518,0x00000000a6580000)
 Metaspace       used 74443K, capacity 77404K, committed 77616K, reserved 1116160K
  class space    used 10023K, capacity 10690K, committed 10800K, reserved 1048576K
Event: 42.814 GC heap after
Heap after GC invocations=25 (full 4):
 PSYoungGen      total 144384K, used 2546K [0x00000000e0000000, 0x00000000ee300000, 0x0000000100000000)
  eden space 116736K, 0% used [0x00000000e0000000,0x00000000e0000000,0x00000000e7200000)
  from space 27648K, 9% used [0x00000000e7200000,0x00000000e747cba0,0x00000000e8d00000)
  to   space 47104K, 0% used [0x00000000eb500000,0x00000000eb500000,0x00000000ee300000)
 ParOldGen       total 194048K, used 103747K [0x00000000a0000000, 0x00000000abd80000, 0x00000000e0000000)
  object space 194048K, 53% used [0x00000000a0000000,0x00000000a6550d40,0x00000000abd80000)
 Metaspace       used 74238K, capacity 76828K, committed 77616K, reserved 1116160K
  class space    used 9952K, capacity 10566K, committed 10800K, reserved 1048576K
}
Event: 45.211 GC heap before
{Heap before GC invocations=26 (full 4):
 PSYoungGen      total 144384K, used 119282K [0x00000000e0000000, 0x00000000ee300000, 0x0000000100000000)
  eden space 116736K, 100% used [0x00000000e0000000,0x00000000e7200000,0x00000000e7200000)
  from space 27648K, 9% used [0x00000000e7200000,0x00000000e747cba0,0x00000000e8d00000)
  to   space 47104K, 0% used [0x00000000eb500000,0x00000000eb500000,0x00000000ee300000)
 ParOldGen       total 194048K, used 103747K [0x00000000a0000000, 0x00000000abd80000, 0x00000000e0000000)
  object space 194048K, 53% used [0x00000000a0000000,0x00000000a6550d40,0x00000000abd80000)
 Metaspace       used 75710K, capacity 78282K, committed 79024K, reserved 1118208K
  class space    used 10119K, capacity 10719K, committed 10928K, reserved 1048576K
Event: 45.249 GC heap after
Heap after GC invocations=26 (full 4):
 PSYoungGen      total 174080K, used 4301K [0x00000000e0000000, 0x00000000edc80000, 0x0000000100000000)
  eden space 133632K, 0% used [0x00000000e0000000,0x00000000e0000000,0x00000000e8280000)
  from space 40448K, 10% used [0x00000000eb500000,0x00000000eb933478,0x00000000edc80000)
  to   space 46080K, 0% used [0x00000000e8280000,0x00000000e8280000,0x00000000eaf80000)
 ParOldGen       total 194048K, used 106327K [0x00000000a0000000, 0x00000000abd80000, 0x00000000e0000000)
  object space 194048K, 54% used [0x00000000a0000000,0x00000000a67d5f28,0x00000000abd80000)
 Metaspace       used 75710K, capacity 78282K, committed 79024K, reserved 1118208K
  class space    used 10119K, capacity 10719K, committed 10928K, reserved 1048576K
}
Event: 46.795 GC heap before
{Heap before GC invocations=27 (full 4):
 PSYoungGen      total 174080K, used 137933K [0x00000000e0000000, 0x00000000edc80000, 0x0000000100000000)
  eden space 133632K, 100% used [0x00000000e0000000,0x00000000e8280000,0x00000000e8280000)
  from space 40448K, 10% used [0x00000000eb500000,0x00000000eb933478,0x00000000edc80000)
  to   space 46080K, 0% used [0x00000000e8280000,0x00000000e8280000,0x00000000eaf80000)
 ParOldGen       total 194048K, used 106327K [0x00000000a0000000, 0x00000000abd80000, 0x00000000e0000000)
  object space 194048K, 54% used [0x00000000a0000000,0x00000000a67d5f28,0x00000000abd80000)
 Metaspace       used 77600K, capacity 80382K, committed 80816K, reserved 1118208K
  class space    used 10437K, capacity 11085K, committed 11184K, reserved 1048576K
Event: 46.809 GC heap after
Heap after GC invocations=27 (full 4):
 PSYoungGen      total 179712K, used 10842K [0x00000000e0000000, 0x00000000eea00000, 0x0000000100000000)
  eden space 133632K, 0% used [0x00000000e0000000,0x00000000e0000000,0x00000000e8280000)
  from space 46080K, 23% used [0x00000000e8280000,0x00000000e8d16a70,0x00000000eaf80000)
  to   space 44032K, 0% used [0x00000000ebf00000,0x00000000ebf00000,0x00000000eea00000)
 ParOldGen       total 194048K, used 106335K [0x00000000a0000000, 0x00000000abd80000, 0x00000000e0000000)
  object space 194048K, 54% used [0x00000000a0000000,0x00000000a67d7f28,0x00000000abd80000)
 Metaspace       used 77600K, capacity 80382K, committed 80816K, reserved 1118208K
  class space    used 10437K, capacity 11085K, committed 11184K, reserved 1048576K
}

