# JRE version: OpenJDK Runtime Environment (8.0_152-b01) (build 1.8.0_152-release-1248-b01)
# Java VM: OpenJDK 64-Bit Server VM (25.152-b01 mixed mode windows-amd64 compressed oops)
Heap:
 PSYoungGen      total 187392K, used 151658K [0x00000000e0000000, 0x00000000edf80000, 0x0000000100000000)
  eden space 145920K, 86% used [0x00000000e0000000,0x00000000e7aeb4d8,0x00000000e8e80000)
  from space 41472K, 62% used [0x00000000e8e80000,0x00000000ea7af410,0x00000000eb700000)
  to   space 35328K, 0% used [0x00000000ebd00000,0x00000000ebd00000,0x00000000edf80000)
 ParOldGen       total 186368K, used 100369K [0x00000000a0000000, 0x00000000ab600000, 0x00000000e0000000)
  object space 186368K, 53% used [0x00000000a0000000,0x00000000a6204428,0x00000000ab600000)
 Metaspace       used 83124K, capacity 86058K, committed 86320K, reserved 1124352K
  class space    used 10887K, capacity 11531K, committed 11568K, reserved 1048576K
GC Heap History (10 events):
Event: 45.924 GC heap before
{Heap before GC invocations=25 (full 4):
 PSYoungGen      total 134144K, used 25568K [0x00000000e0000000, 0x00000000ece00000, 0x0000000100000000)
  eden space 108544K, 0% used [0x00000000e0000000,0x00000000e0000000,0x00000000e6a00000)
  from space 25600K, 99% used [0x00000000e6a00000,0x00000000e82f80d0,0x00000000e8300000)
  to   space 41472K, 0% used [0x00000000ea580000,0x00000000ea580000,0x00000000ece00000)
 ParOldGen       total 95744K, used 95331K [0x00000000a0000000, 0x00000000a5d80000, 0x00000000e0000000)
  object space 95744K, 99% used [0x00000000a0000000,0x00000000a5d18c80,0x00000000a5d80000)
 Metaspace       used 74076K, capacity 76644K, committed 76976K, reserved 1116160K
  class space    used 9969K, capacity 10590K, committed 10672K, reserved 1048576K
Event: 46.832 GC heap after
Heap after GC invocations=25 (full 4):
 PSYoungGen      total 134144K, used 4570K [0x00000000e0000000, 0x00000000ece00000, 0x0000000100000000)
  eden space 108544K, 0% used [0x00000000e0000000,0x00000000e0000000,0x00000000e6a00000)
  from space 25600K, 17% used [0x00000000e6a00000,0x00000000e6e76b60,0x00000000e8300000)
  to   space 41472K, 0% used [0x00000000ea580000,0x00000000ea580000,0x00000000ece00000)
 ParOldGen       total 186368K, used 95740K [0x00000000a0000000, 0x00000000ab600000, 0x00000000e0000000)
  object space 186368K, 51% used [0x00000000a0000000,0x00000000a5d7f1e8,0x00000000ab600000)
 Metaspace       used 74032K, capacity 76528K, committed 76976K, reserved 1116160K
  class space    used 9954K, capacity 10562K, committed 10672K, reserved 1048576K
}
Event: 48.261 GC heap before
{Heap before GC invocations=26 (full 4):
 PSYoungGen      total 134144K, used 113114K [0x00000000e0000000, 0x00000000ece00000, 0x0000000100000000)
  eden space 108544K, 100% used [0x00000000e0000000,0x00000000e6a00000,0x00000000e6a00000)
  from space 25600K, 17% used [0x00000000e6a00000,0x00000000e6e76b60,0x00000000e8300000)
  to   space 41472K, 0% used [0x00000000ea580000,0x00000000ea580000,0x00000000ece00000)
 ParOldGen       total 186368K, used 95740K [0x00000000a0000000, 0x00000000ab600000, 0x00000000e0000000)
  object space 186368K, 51% used [0x00000000a0000000,0x00000000a5d7f1e8,0x00000000ab600000)
 Metaspace       used 74094K, capacity 76548K, committed 76976K, reserved 1116160K
  class space    used 9954K, capacity 10562K, committed 10672K, reserved 1048576K
Event: 48.344 GC heap after
Heap after GC invocations=26 (full 4):
 PSYoungGen      total 169472K, used 22054K [0x00000000e0000000, 0x00000000ece80000, 0x0000000100000000)
  eden space 128000K, 0% used [0x00000000e0000000,0x00000000e0000000,0x00000000e7d00000)
  from space 41472K, 53% used [0x00000000ea580000,0x00000000ebb09818,0x00000000ece00000)
  to   space 41472K, 0% used [0x00000000e7d00000,0x00000000e7d00000,0x00000000ea580000)
 ParOldGen       total 186368K, used 100345K [0x00000000a0000000, 0x00000000ab600000, 0x00000000e0000000)
  object space 186368K, 53% used [0x00000000a0000000,0x00000000a61fe428,0x00000000ab600000)
 Metaspace       used 74094K, capacity 76548K, committed 76976K, reserved 1116160K
  class space    used 9954K, capacity 10562K, committed 10672K, reserved 1048576K
}
Event: 51.203 GC heap before
{Heap before GC invocations=27 (full 4):
 PSYoungGen      total 169472K, used 150054K [0x00000000e0000000, 0x00000000ece80000, 0x0000000100000000)
  eden space 128000K, 100% used [0x00000000e0000000,0x00000000e7d00000,0x00000000e7d00000)
  from space 41472K, 53% used [0x00000000ea580000,0x00000000ebb09818,0x00000000ece00000)
  to   space 41472K, 0% used [0x00000000e7d00000,0x00000000e7d00000,0x00000000ea580000)
 ParOldGen       total 186368K, used 100345K [0x00000000a0000000, 0x00000000ab600000, 0x00000000e0000000)
  object space 186368K, 53% used [0x00000000a0000000,0x00000000a61fe428,0x00000000ab600000)
 Metaspace       used 76074K, capacity 78742K, committed 79024K, reserved 1118208K
  class space    used 10192K, capacity 10845K, committed 10928K, reserved 1048576K
Event: 51.233 GC heap after
Heap after GC invocations=27 (full 4):
 PSYoungGen      total 169472K, used 29057K [0x00000000e0000000, 0x00000000ee800000, 0x0000000100000000)
  eden space 128000K, 0% used [0x00000000e0000000,0x00000000e0000000,0x00000000e7d00000)
  from space 41472K, 70% used [0x00000000e7d00000,0x00000000e9960490,0x00000000ea580000)
  to   space 44032K, 0% used [0x00000000ebd00000,0x00000000ebd00000,0x00000000ee800000)
 ParOldGen       total 186368K, used 100353K [0x00000000a0000000, 0x00000000ab600000, 0x00000000e0000000)
  object space 186368K, 53% used [0x00000000a0000000,0x00000000a6200428,0x00000000ab600000)
 Metaspace       used 76074K, capacity 78742K, committed 79024K, reserved 1118208K
  class space    used 10192K, capacity 10845K, committed 10928K, reserved 1048576K
}
Event: 433.639 GC heap before
{Heap before GC invocations=28 (full 4):
 PSYoungGen      total 169472K, used 157057K [0x00000000e0000000, 0x00000000ee800000, 0x0000000100000000)
  eden space 128000K, 100% used [0x00000000e0000000,0x00000000e7d00000,0x00000000e7d00000)
  from space 41472K, 70% used [0x00000000e7d00000,0x00000000e9960490,0x00000000ea580000)
  to   space 44032K, 0% used [0x00000000ebd00000,0x00000000ebd00000,0x00000000ee800000)
 ParOldGen       total 186368K, used 100353K [0x00000000a0000000, 0x00000000ab600000, 0x00000000e0000000)
  object space 186368K, 53% used [0x00000000a0000000,0x00000000a6200428,0x00000000ab600000)
 Metaspace       used 81121K, capacity 84060K, committed 84144K, reserved 1122304K
  class space    used 10723K, capacity 11384K, committed 11440K, reserved 1048576K
Event: 433.695 GC heap after
Heap after GC invocations=28 (full 4):
 PSYoungGen      total 181248K, used 16250K [0x00000000e0000000, 0x00000000edf80000, 0x0000000100000000)
  eden space 145920K, 0% used [0x00000000e0000000,0x00000000e0000000,0x00000000e8e80000)
  from space 35328K, 45% used [0x00000000ebd00000,0x00000000eccdeb00,0x00000000edf80000)
  to   space 41472K, 0% used [0x00000000e8e80000,0x00000000e8e80000,0x00000000eb700000)
 ParOldGen       total 186368K, used 100361K [0x00000000a0000000, 0x00000000ab600000, 0x00000000e0000000)
  object space 186368K, 53% used [0x00000000a0000000,0x00000000a6202428,0x00000000ab600000)
 Metaspace       used 81121K, capacity 84060K, committed 84144K, reserved 1122304K
  class space    used 10723K, capacity 11384K, committed 11440K, reserved 1048576K
}
Event: 452.859 GC heap before
{Heap before GC invocations=29 (full 4):
 PSYoungGen      total 181248K, used 162170K [0x00000000e0000000, 0x00000000edf80000, 0x0000000100000000)
  eden space 145920K, 100% used [0x00000000e0000000,0x00000000e8e80000,0x00000000e8e80000)
  from space 35328K, 45% used [0x00000000ebd00000,0x00000000eccdeb00,0x00000000edf80000)
  to   space 41472K, 0% used [0x00000000e8e80000,0x00000000e8e80000,0x00000000eb700000)
 ParOldGen       total 186368K, used 100361K [0x00000000a0000000, 0x00000000ab600000, 0x00000000e0000000)
  object space 186368K, 53% used [0x00000000a0000000,0x00000000a6202428,0x00000000ab600000)
 Metaspace       used 83017K, capacity 85992K, committed 86064K, reserved 1124352K
  class space    used 10885K, capacity 11530K, committed 11568K, reserved 1048576K
Event: 452.908 GC heap after
Heap after GC invocations=29 (full 4):
 PSYoungGen      total 187392K, used 25789K [0x00000000e0000000, 0x00000000edf80000, 0x0000000100000000)
  eden space 145920K, 0% used [0x00000000e0000000,0x00000000e0000000,0x00000000e8e80000)
  from space 41472K, 62% used [0x00000000e8e80000,0x00000000ea7af410,0x00000000eb700000)
  to   space 35328K, 0% used [0x00000000ebd00000,0x00000000ebd00000,0x00000000edf80000)
 ParOldGen       total 186368K, used 100369K [0x00000000a0000000, 0x00000000ab600000, 0x00000000e0000000)
  object space 186368K, 53% used [0x00000000a0000000,0x00000000a6204428,0x00000000ab600000)
 Metaspace       used 83017K, capacity 85992K, committed 86064K, reserved 1124352K
  class space    used 10885K, capacity 11530K, committed 11568K, reserved 1048576K
}

