# JRE version: OpenJDK Runtime Environment (8.0_152-b02) (build 1.8.0_152-release-1024-b02)
# Java VM: OpenJDK 64-Bit Server VM (25.152-b02 mixed mode windows-amd64 compressed oops)
Heap:
 PSYoungGen      total 106496K, used 32085K [0x00000000e0000000, 0x00000000e7e80000, 0x0000000100000000)
  eden space 89600K, 31% used [0x00000000e0000000,0x00000000e1bdb490,0x00000000e5780000)
  from space 16896K, 21% used [0x00000000e6e00000,0x00000000e717a330,0x00000000e7e80000)
  to   space 19968K, 0% used [0x00000000e5780000,0x00000000e5780000,0x00000000e6b00000)
 ParOldGen       total 108544K, used 46639K [0x00000000a0000000, 0x00000000a6a00000, 0x00000000e0000000)
  object space 108544K, 42% used [0x00000000a0000000,0x00000000a2d8bfc8,0x00000000a6a00000)
 Metaspace       used 60672K, capacity 63040K, committed 63192K, reserved 1103872K
  class space    used 8180K, capacity 8796K, committed 8920K, reserved 1048576K
GC Heap History (10 events):
Event: 36.622 GC heap before
{Heap before GC invocations=25 (full 2):
 PSYoungGen      total 78336K, used 76341K [0x00000000e0000000, 0x00000000e6580000, 0x0000000100000000)
  eden space 61952K, 100% used [0x00000000e0000000,0x00000000e3c80000,0x00000000e3c80000)
  from space 16384K, 87% used [0x00000000e4e80000,0x00000000e5c8d500,0x00000000e5e80000)
  to   space 18432K, 0% used [0x00000000e3c80000,0x00000000e3c80000,0x00000000e4e80000)
 ParOldGen       total 58880K, used 29428K [0x00000000a0000000, 0x00000000a3980000, 0x00000000e0000000)
  object space 58880K, 49% used [0x00000000a0000000,0x00000000a1cbd290,0x00000000a3980000)
 Metaspace       used 54087K, capacity 55878K, committed 56152K, reserved 1097728K
  class space    used 7504K, capacity 7996K, committed 8024K, reserved 1048576K
Event: 36.682 GC heap after
Heap after GC invocations=25 (full 2):
 PSYoungGen      total 80384K, used 15270K [0x00000000e0000000, 0x00000000e7480000, 0x0000000100000000)
  eden space 61952K, 0% used [0x00000000e0000000,0x00000000e0000000,0x00000000e3c80000)
  from space 18432K, 82% used [0x00000000e3c80000,0x00000000e4b69950,0x00000000e4e80000)
  to   space 19968K, 0% used [0x00000000e6100000,0x00000000e6100000,0x00000000e7480000)
 ParOldGen       total 58880K, used 34907K [0x00000000a0000000, 0x00000000a3980000, 0x00000000e0000000)
  object space 58880K, 59% used [0x00000000a0000000,0x00000000a2216d30,0x00000000a3980000)
 Metaspace       used 54087K, capacity 55878K, committed 56152K, reserved 1097728K
  class space    used 7504K, capacity 7996K, committed 8024K, reserved 1048576K
}
Event: 43.748 GC heap before
{Heap before GC invocations=26 (full 2):
 PSYoungGen      total 80384K, used 77219K [0x00000000e0000000, 0x00000000e7480000, 0x0000000100000000)
  eden space 61952K, 99% used [0x00000000e0000000,0x00000000e3c7f370,0x00000000e3c80000)
  from space 18432K, 82% used [0x00000000e3c80000,0x00000000e4b69950,0x00000000e4e80000)
  to   space 19968K, 0% used [0x00000000e6100000,0x00000000e6100000,0x00000000e7480000)
 ParOldGen       total 58880K, used 34907K [0x00000000a0000000, 0x00000000a3980000, 0x00000000e0000000)
  object space 58880K, 59% used [0x00000000a0000000,0x00000000a2216d30,0x00000000a3980000)
 Metaspace       used 55616K, capacity 57518K, committed 57688K, reserved 1099776K
  class space    used 7700K, capacity 8233K, committed 8280K, reserved 1048576K
Event: 43.783 GC heap after
Heap after GC invocations=26 (full 2):
 PSYoungGen      total 98304K, used 12665K [0x00000000e0000000, 0x00000000e7480000, 0x0000000100000000)
  eden space 78336K, 0% used [0x00000000e0000000,0x00000000e0000000,0x00000000e4c80000)
  from space 19968K, 63% used [0x00000000e6100000,0x00000000e6d5e460,0x00000000e7480000)
  to   space 20480K, 0% used [0x00000000e4c80000,0x00000000e4c80000,0x00000000e6080000)
 ParOldGen       total 58880K, used 42590K [0x00000000a0000000, 0x00000000a3980000, 0x00000000e0000000)
  object space 58880K, 72% used [0x00000000a0000000,0x00000000a29978b8,0x00000000a3980000)
 Metaspace       used 55616K, capacity 57518K, committed 57688K, reserved 1099776K
  class space    used 7700K, capacity 8233K, committed 8280K, reserved 1048576K
}
Event: 50.560 GC heap before
{Heap before GC invocations=27 (full 2):
 PSYoungGen      total 98304K, used 82240K [0x00000000e0000000, 0x00000000e7480000, 0x0000000100000000)
  eden space 78336K, 88% used [0x00000000e0000000,0x00000000e43f1de0,0x00000000e4c80000)
  from space 19968K, 63% used [0x00000000e6100000,0x00000000e6d5e460,0x00000000e7480000)
  to   space 20480K, 0% used [0x00000000e4c80000,0x00000000e4c80000,0x00000000e6080000)
 ParOldGen       total 58880K, used 42590K [0x00000000a0000000, 0x00000000a3980000, 0x00000000e0000000)
  object space 58880K, 72% used [0x00000000a0000000,0x00000000a29978b8,0x00000000a3980000)
 Metaspace       used 56864K, capacity 58962K, committed 59028K, reserved 1099776K
  class space    used 7826K, capacity 8395K, committed 8408K, reserved 1048576K
Event: 50.606 GC heap after
Heap after GC invocations=27 (full 2):
 PSYoungGen      total 98816K, used 2012K [0x00000000e0000000, 0x00000000e8200000, 0x0000000100000000)
  eden space 78336K, 0% used [0x00000000e0000000,0x00000000e0000000,0x00000000e4c80000)
  from space 20480K, 9% used [0x00000000e4c80000,0x00000000e4e77350,0x00000000e6080000)
  to   space 20480K, 0% used [0x00000000e6e00000,0x00000000e6e00000,0x00000000e8200000)
 ParOldGen       total 58880K, used 54402K [0x00000000a0000000, 0x00000000a3980000, 0x00000000e0000000)
  object space 58880K, 92% used [0x00000000a0000000,0x00000000a35209c8,0x00000000a3980000)
 Metaspace       used 56864K, capacity 58962K, committed 59028K, reserved 1099776K
  class space    used 7826K, capacity 8395K, committed 8408K, reserved 1048576K
}
Event: 50.606 GC heap before
{Heap before GC invocations=28 (full 3):
 PSYoungGen      total 98816K, used 2012K [0x00000000e0000000, 0x00000000e8200000, 0x0000000100000000)
  eden space 78336K, 0% used [0x00000000e0000000,0x00000000e0000000,0x00000000e4c80000)
  from space 20480K, 9% used [0x00000000e4c80000,0x00000000e4e77350,0x00000000e6080000)
  to   space 20480K, 0% used [0x00000000e6e00000,0x00000000e6e00000,0x00000000e8200000)
 ParOldGen       total 58880K, used 54402K [0x00000000a0000000, 0x00000000a3980000, 0x00000000e0000000)
  object space 58880K, 92% used [0x00000000a0000000,0x00000000a35209c8,0x00000000a3980000)
 Metaspace       used 56864K, capacity 58962K, committed 59028K, reserved 1099776K
  class space    used 7826K, capacity 8395K, committed 8408K, reserved 1048576K
Event: 51.338 GC heap after
Heap after GC invocations=28 (full 3):
 PSYoungGen      total 98816K, used 0K [0x00000000e0000000, 0x00000000e8200000, 0x0000000100000000)
  eden space 78336K, 0% used [0x00000000e0000000,0x00000000e0000000,0x00000000e4c80000)
  from space 20480K, 0% used [0x00000000e4c80000,0x00000000e4c80000,0x00000000e6080000)
  to   space 20480K, 0% used [0x00000000e6e00000,0x00000000e6e00000,0x00000000e8200000)
 ParOldGen       total 108544K, used 46631K [0x00000000a0000000, 0x00000000a6a00000, 0x00000000e0000000)
  object space 108544K, 42% used [0x00000000a0000000,0x00000000a2d89fc8,0x00000000a6a00000)
 Metaspace       used 56864K, capacity 58962K, committed 59028K, reserved 1099776K
  class space    used 7826K, capacity 8395K, committed 8408K, reserved 1048576K
}
Event: 110.452 GC heap before
{Heap before GC invocations=29 (full 3):
 PSYoungGen      total 98816K, used 78336K [0x00000000e0000000, 0x00000000e8200000, 0x0000000100000000)
  eden space 78336K, 100% used [0x00000000e0000000,0x00000000e4c80000,0x00000000e4c80000)
  from space 20480K, 0% used [0x00000000e4c80000,0x00000000e4c80000,0x00000000e6080000)
  to   space 20480K, 0% used [0x00000000e6e00000,0x00000000e6e00000,0x00000000e8200000)
 ParOldGen       total 108544K, used 46631K [0x00000000a0000000, 0x00000000a6a00000, 0x00000000e0000000)
  object space 108544K, 42% used [0x00000000a0000000,0x00000000a2d89fc8,0x00000000a6a00000)
 Metaspace       used 60429K, capacity 62736K, committed 62808K, reserved 1103872K
  class space    used 8173K, capacity 8790K, committed 8792K, reserved 1048576K
Event: 110.467 GC heap after
Heap after GC invocations=29 (full 3):
 PSYoungGen      total 106496K, used 3560K [0x00000000e0000000, 0x00000000e7e80000, 0x0000000100000000)
  eden space 89600K, 0% used [0x00000000e0000000,0x00000000e0000000,0x00000000e5780000)
  from space 16896K, 21% used [0x00000000e6e00000,0x00000000e717a330,0x00000000e7e80000)
  to   space 19968K, 0% used [0x00000000e5780000,0x00000000e5780000,0x00000000e6b00000)
 ParOldGen       total 108544K, used 46639K [0x00000000a0000000, 0x00000000a6a00000, 0x00000000e0000000)
  object space 108544K, 42% used [0x00000000a0000000,0x00000000a2d8bfc8,0x00000000a6a00000)
 Metaspace       used 60429K, capacity 62736K, committed 62808K, reserved 1103872K
  class space    used 8173K, capacity 8790K, committed 8792K, reserved 1048576K
}

