# JRE version: OpenJDK Runtime Environment (8.0_152-b01) (build 1.8.0_152-release-1248-b01)
# Java VM: OpenJDK 64-Bit Server VM (25.152-b01 mixed mode windows-amd64 compressed oops)
Heap:
 PSYoungGen      total 161280K, used 52723K [0x00000000e0000000, 0x00000000ec000000, 0x0000000100000000)
  eden space 126976K, 14% used [0x00000000e0000000,0x00000000e12016f8,0x00000000e7c00000)
  from space 34304K, 99% used [0x00000000e7d00000,0x00000000e9e7b5f0,0x00000000e9e80000)
  to   space 22528K, 0% used [0x00000000eaa00000,0x00000000eaa00000,0x00000000ec000000)
 ParOldGen       total 178176K, used 112610K [0x00000000a0000000, 0x00000000aae00000, 0x00000000e0000000)
  object space 178176K, 63% used [0x00000000a0000000,0x00000000a6df8870,0x00000000aae00000)
 Metaspace       used 83391K, capacity 86530K, committed 86704K, reserved 1124352K
  class space    used 10936K, capacity 11615K, committed 11696K, reserved 1048576K
GC Heap History (10 events):
Event: 50.941 GC heap before
{Heap before GC invocations=27 (full 4):
 PSYoungGen      total 152064K, used 135753K [0x00000000e0000000, 0x00000000eba80000, 0x0000000100000000)
  eden space 117248K, 98% used [0x00000000e0000000,0x00000000e708a410,0x00000000e7280000)
  from space 34816K, 58% used [0x00000000e9880000,0x00000000eac88160,0x00000000eba80000)
  to   space 36864K, 0% used [0x00000000e7280000,0x00000000e7280000,0x00000000e9680000)
 ParOldGen       total 178176K, used 88730K [0x00000000a0000000, 0x00000000aae00000, 0x00000000e0000000)
  object space 178176K, 49% used [0x00000000a0000000,0x00000000a56a69c0,0x00000000aae00000)
 Metaspace       used 67433K, capacity 69744K, committed 69936K, reserved 1110016K
  class space    used 9125K, capacity 9698K, committed 9776K, reserved 1048576K
Event: 50.972 GC heap after
Heap after GC invocations=27 (full 4):
 PSYoungGen      total 154112K, used 18790K [0x00000000e0000000, 0x00000000eca00000, 0x0000000100000000)
  eden space 117248K, 0% used [0x00000000e0000000,0x00000000e0000000,0x00000000e7280000)
  from space 36864K, 50% used [0x00000000e7280000,0x00000000e84d9b38,0x00000000e9680000)
  to   space 36352K, 0% used [0x00000000ea680000,0x00000000ea680000,0x00000000eca00000)
 ParOldGen       total 178176K, used 88738K [0x00000000a0000000, 0x00000000aae00000, 0x00000000e0000000)
  object space 178176K, 49% used [0x00000000a0000000,0x00000000a56a89c0,0x00000000aae00000)
 Metaspace       used 67433K, capacity 69744K, committed 69936K, reserved 1110016K
  class space    used 9125K, capacity 9698K, committed 9776K, reserved 1048576K
}
Event: 1309.739 GC heap before
{Heap before GC invocations=28 (full 4):
 PSYoungGen      total 154112K, used 136038K [0x00000000e0000000, 0x00000000eca00000, 0x0000000100000000)
  eden space 117248K, 100% used [0x00000000e0000000,0x00000000e7280000,0x00000000e7280000)
  from space 36864K, 50% used [0x00000000e7280000,0x00000000e84d9b38,0x00000000e9680000)
  to   space 36352K, 0% used [0x00000000ea680000,0x00000000ea680000,0x00000000eca00000)
 ParOldGen       total 178176K, used 88738K [0x00000000a0000000, 0x00000000aae00000, 0x00000000e0000000)
  object space 178176K, 49% used [0x00000000a0000000,0x00000000a56a89c0,0x00000000aae00000)
 Metaspace       used 72173K, capacity 74858K, committed 75184K, reserved 1114112K
  class space    used 9662K, capacity 10289K, committed 10416K, reserved 1048576K
Event: 1309.782 GC heap after
Heap after GC invocations=28 (full 4):
 PSYoungGen      total 160256K, used 13539K [0x00000000e0000000, 0x00000000ec300000, 0x0000000100000000)
  eden space 131072K, 0% used [0x00000000e0000000,0x00000000e0000000,0x00000000e8000000)
  from space 29184K, 46% used [0x00000000ea680000,0x00000000eb3b8db8,0x00000000ec300000)
  to   space 34304K, 0% used [0x00000000e8000000,0x00000000e8000000,0x00000000ea180000)
 ParOldGen       total 178176K, used 88746K [0x00000000a0000000, 0x00000000aae00000, 0x00000000e0000000)
  object space 178176K, 49% used [0x00000000a0000000,0x00000000a56aa9c0,0x00000000aae00000)
 Metaspace       used 72173K, capacity 74858K, committed 75184K, reserved 1114112K
  class space    used 9662K, capacity 10289K, committed 10416K, reserved 1048576K
}
Event: 3907.550 GC heap before
{Heap before GC invocations=29 (full 4):
 PSYoungGen      total 160256K, used 144611K [0x00000000e0000000, 0x00000000ec300000, 0x0000000100000000)
  eden space 131072K, 100% used [0x00000000e0000000,0x00000000e8000000,0x00000000e8000000)
  from space 29184K, 46% used [0x00000000ea680000,0x00000000eb3b8db8,0x00000000ec300000)
  to   space 34304K, 0% used [0x00000000e8000000,0x00000000e8000000,0x00000000ea180000)
 ParOldGen       total 178176K, used 88746K [0x00000000a0000000, 0x00000000aae00000, 0x00000000e0000000)
  object space 178176K, 49% used [0x00000000a0000000,0x00000000a56aa9c0,0x00000000aae00000)
 Metaspace       used 73943K, capacity 76758K, committed 77104K, reserved 1116160K
  class space    used 9786K, capacity 10461K, committed 10544K, reserved 1048576K
Event: 3907.600 GC heap after
Heap after GC invocations=29 (full 4):
 PSYoungGen      total 165376K, used 10626K [0x00000000e0000000, 0x00000000eca80000, 0x0000000100000000)
  eden space 131072K, 0% used [0x00000000e0000000,0x00000000e0000000,0x00000000e8000000)
  from space 34304K, 30% used [0x00000000e8000000,0x00000000e8a60bd0,0x00000000ea180000)
  to   space 33280K, 0% used [0x00000000eaa00000,0x00000000eaa00000,0x00000000eca80000)
 ParOldGen       total 178176K, used 88754K [0x00000000a0000000, 0x00000000aae00000, 0x00000000e0000000)
  object space 178176K, 49% used [0x00000000a0000000,0x00000000a56ac9c0,0x00000000aae00000)
 Metaspace       used 73943K, capacity 76758K, committed 77104K, reserved 1116160K
  class space    used 9786K, capacity 10461K, committed 10544K, reserved 1048576K
}
Event: 3927.024 GC heap before
{Heap before GC invocations=30 (full 4):
 PSYoungGen      total 165376K, used 141698K [0x00000000e0000000, 0x00000000eca80000, 0x0000000100000000)
  eden space 131072K, 100% used [0x00000000e0000000,0x00000000e8000000,0x00000000e8000000)
  from space 34304K, 30% used [0x00000000e8000000,0x00000000e8a60bd0,0x00000000ea180000)
  to   space 33280K, 0% used [0x00000000eaa00000,0x00000000eaa00000,0x00000000eca80000)
 ParOldGen       total 178176K, used 88754K [0x00000000a0000000, 0x00000000aae00000, 0x00000000e0000000)
  object space 178176K, 49% used [0x00000000a0000000,0x00000000a56ac9c0,0x00000000aae00000)
 Metaspace       used 79443K, capacity 82284K, committed 82352K, reserved 1120256K
  class space    used 10448K, capacity 11124K, committed 11184K, reserved 1048576K
Event: 3927.069 GC heap after
Heap after GC invocations=30 (full 4):
 PSYoungGen      total 149504K, used 22373K [0x00000000e0000000, 0x00000000ec000000, 0x0000000100000000)
  eden space 126976K, 0% used [0x00000000e0000000,0x00000000e0000000,0x00000000e7c00000)
  from space 22528K, 99% used [0x00000000eaa00000,0x00000000ebfd9548,0x00000000ec000000)
  to   space 34304K, 0% used [0x00000000e7d00000,0x00000000e7d00000,0x00000000e9e80000)
 ParOldGen       total 178176K, used 88762K [0x00000000a0000000, 0x00000000aae00000, 0x00000000e0000000)
  object space 178176K, 49% used [0x00000000a0000000,0x00000000a56ae9c0,0x00000000aae00000)
 Metaspace       used 79443K, capacity 82284K, committed 82352K, reserved 1120256K
  class space    used 10448K, capacity 11124K, committed 11184K, reserved 1048576K
}
Event: 3935.380 GC heap before
{Heap before GC invocations=31 (full 4):
 PSYoungGen      total 149504K, used 149349K [0x00000000e0000000, 0x00000000ec000000, 0x0000000100000000)
  eden space 126976K, 100% used [0x00000000e0000000,0x00000000e7c00000,0x00000000e7c00000)
  from space 22528K, 99% used [0x00000000eaa00000,0x00000000ebfd9548,0x00000000ec000000)
  to   space 34304K, 0% used [0x00000000e7d00000,0x00000000e7d00000,0x00000000e9e80000)
 ParOldGen       total 178176K, used 88762K [0x00000000a0000000, 0x00000000aae00000, 0x00000000e0000000)
  object space 178176K, 49% used [0x00000000a0000000,0x00000000a56ae9c0,0x00000000aae00000)
 Metaspace       used 83390K, capacity 86530K, committed 86704K, reserved 1124352K
  class space    used 10936K, capacity 11615K, committed 11696K, reserved 1048576K
Event: 3935.592 GC heap after
Heap after GC invocations=31 (full 4):
 PSYoungGen      total 161280K, used 34285K [0x00000000e0000000, 0x00000000ec000000, 0x0000000100000000)
  eden space 126976K, 0% used [0x00000000e0000000,0x00000000e0000000,0x00000000e7c00000)
  from space 34304K, 99% used [0x00000000e7d00000,0x00000000e9e7b5f0,0x00000000e9e80000)
  to   space 22528K, 0% used [0x00000000eaa00000,0x00000000eaa00000,0x00000000ec000000)
 ParOldGen       total 178176K, used 112610K [0x00000000a0000000, 0x00000000aae00000, 0x00000000e0000000)
  object space 178176K, 63% used [0x00000000a0000000,0x00000000a6df8870,0x00000000aae00000)
 Metaspace       used 83390K, capacity 86530K, committed 86704K, reserved 1124352K
  class space    used 10936K, capacity 11615K, committed 11696K, reserved 1048576K
}

