# JRE version: OpenJDK Runtime Environment (8.0_152-b02) (build 1.8.0_152-release-1024-b02)
# Java VM: OpenJDK 64-Bit Server VM (25.152-b02 mixed mode windows-amd64 compressed oops)
Heap:
 PSYoungGen      total 178688K, used 77254K [0x00000000e0000000, 0x00000000ee600000, 0x0000000100000000)
  eden space 158720K, 36% used [0x00000000e0000000,0x00000000e37f5610,0x00000000e9b00000)
  from space 19968K, 99% used [0x00000000e9b00000,0x00000000eae7c3b0,0x00000000eae80000)
  to   space 29696K, 0% used [0x00000000ec900000,0x00000000ec900000,0x00000000ee600000)
 ParOldGen       total 96768K, used 57442K [0x00000000a0000000, 0x00000000a5e80000, 0x00000000e0000000)
  object space 96768K, 59% used [0x00000000a0000000,0x00000000a3818a40,0x00000000a5e80000)
 Metaspace       used 69984K, capacity 73335K, committed 73600K, reserved 1112064K
  class space    used 9412K, capacity 10093K, committed 10112K, reserved 1048576K
GC Heap History (10 events):
Event: 18.540 GC heap before
{Heap before GC invocations=16 (full 2):
 PSYoungGen      total 121856K, used 121825K [0x00000000e0000000, 0x00000000ea180000, 0x0000000100000000)
  eden space 111104K, 100% used [0x00000000e0000000,0x00000000e6c80000,0x00000000e6c80000)
  from space 10752K, 99% used [0x00000000e6c80000,0x00000000e76f85a8,0x00000000e7700000)
  to   space 14848K, 0% used [0x00000000e9300000,0x00000000e9300000,0x00000000ea180000)
 ParOldGen       total 56320K, used 23780K [0x00000000a0000000, 0x00000000a3700000, 0x00000000e0000000)
  object space 56320K, 42% used [0x00000000a0000000,0x00000000a1739360,0x00000000a3700000)
 Metaspace       used 54107K, capacity 55855K, committed 56064K, reserved 1097728K
  class space    used 7439K, capacity 7933K, committed 7936K, reserved 1048576K
Event: 18.575 GC heap after
Heap after GC invocations=16 (full 2):
 PSYoungGen      total 149504K, used 11598K [0x00000000e0000000, 0x00000000ea500000, 0x0000000100000000)
  eden space 134656K, 0% used [0x00000000e0000000,0x00000000e0000000,0x00000000e8380000)
  from space 14848K, 78% used [0x00000000e9300000,0x00000000e9e53970,0x00000000ea180000)
  to   space 15872K, 0% used [0x00000000e8380000,0x00000000e8380000,0x00000000e9300000)
 ParOldGen       total 56320K, used 30403K [0x00000000a0000000, 0x00000000a3700000, 0x00000000e0000000)
  object space 56320K, 53% used [0x00000000a0000000,0x00000000a1db0df0,0x00000000a3700000)
 Metaspace       used 54107K, capacity 55855K, committed 56064K, reserved 1097728K
  class space    used 7439K, capacity 7933K, committed 7936K, reserved 1048576K
}
Event: 22.713 GC heap before
{Heap before GC invocations=17 (full 2):
 PSYoungGen      total 149504K, used 93219K [0x00000000e0000000, 0x00000000ea500000, 0x0000000100000000)
  eden space 134656K, 60% used [0x00000000e0000000,0x00000000e4fb5360,0x00000000e8380000)
  from space 14848K, 78% used [0x00000000e9300000,0x00000000e9e53970,0x00000000ea180000)
  to   space 15872K, 0% used [0x00000000e8380000,0x00000000e8380000,0x00000000e9300000)
 ParOldGen       total 56320K, used 30403K [0x00000000a0000000, 0x00000000a3700000, 0x00000000e0000000)
  object space 56320K, 53% used [0x00000000a0000000,0x00000000a1db0df0,0x00000000a3700000)
 Metaspace       used 56939K, capacity 58893K, committed 59028K, reserved 1099776K
  class space    used 7833K, capacity 8342K, committed 8448K, reserved 1048576K
Event: 22.746 GC heap after
Heap after GC invocations=17 (full 2):
 PSYoungGen      total 150528K, used 13184K [0x00000000e0000000, 0x00000000ec200000, 0x0000000100000000)
  eden space 134656K, 0% used [0x00000000e0000000,0x00000000e0000000,0x00000000e8380000)
  from space 15872K, 83% used [0x00000000e8380000,0x00000000e90602a0,0x00000000e9300000)
  to   space 17408K, 0% used [0x00000000eb100000,0x00000000eb100000,0x00000000ec200000)
 ParOldGen       total 56320K, used 30411K [0x00000000a0000000, 0x00000000a3700000, 0x00000000e0000000)
  object space 56320K, 53% used [0x00000000a0000000,0x00000000a1db2df0,0x00000000a3700000)
 Metaspace       used 56939K, capacity 58893K, committed 59028K, reserved 1099776K
  class space    used 7833K, capacity 8342K, committed 8448K, reserved 1048576K
}
Event: 22.746 GC heap before
{Heap before GC invocations=18 (full 3):
 PSYoungGen      total 150528K, used 13184K [0x00000000e0000000, 0x00000000ec200000, 0x0000000100000000)
  eden space 134656K, 0% used [0x00000000e0000000,0x00000000e0000000,0x00000000e8380000)
  from space 15872K, 83% used [0x00000000e8380000,0x00000000e90602a0,0x00000000e9300000)
  to   space 17408K, 0% used [0x00000000eb100000,0x00000000eb100000,0x00000000ec200000)
 ParOldGen       total 56320K, used 30411K [0x00000000a0000000, 0x00000000a3700000, 0x00000000e0000000)
  object space 56320K, 53% used [0x00000000a0000000,0x00000000a1db2df0,0x00000000a3700000)
 Metaspace       used 56939K, capacity 58893K, committed 59028K, reserved 1099776K
  class space    used 7833K, capacity 8342K, committed 8448K, reserved 1048576K
Event: 23.152 GC heap after
Heap after GC invocations=18 (full 3):
 PSYoungGen      total 150528K, used 0K [0x00000000e0000000, 0x00000000ec200000, 0x0000000100000000)
  eden space 134656K, 0% used [0x00000000e0000000,0x00000000e0000000,0x00000000e8380000)
  from space 15872K, 0% used [0x00000000e8380000,0x00000000e8380000,0x00000000e9300000)
  to   space 17408K, 0% used [0x00000000eb100000,0x00000000eb100000,0x00000000ec200000)
 ParOldGen       total 96768K, used 38653K [0x00000000a0000000, 0x00000000a5e80000, 0x00000000e0000000)
  object space 96768K, 39% used [0x00000000a0000000,0x00000000a25bf690,0x00000000a5e80000)
 Metaspace       used 56939K, capacity 58893K, committed 59028K, reserved 1099776K
  class space    used 7833K, capacity 8342K, committed 8448K, reserved 1048576K
}
Event: 28.552 GC heap before
{Heap before GC invocations=19 (full 3):
 PSYoungGen      total 150528K, used 134656K [0x00000000e0000000, 0x00000000ec200000, 0x0000000100000000)
  eden space 134656K, 100% used [0x00000000e0000000,0x00000000e8380000,0x00000000e8380000)
  from space 15872K, 0% used [0x00000000e8380000,0x00000000e8380000,0x00000000e9300000)
  to   space 17408K, 0% used [0x00000000eb100000,0x00000000eb100000,0x00000000ec200000)
 ParOldGen       total 96768K, used 38653K [0x00000000a0000000, 0x00000000a5e80000, 0x00000000e0000000)
  object space 96768K, 39% used [0x00000000a0000000,0x00000000a25bf690,0x00000000a5e80000)
 Metaspace       used 60721K, capacity 62637K, committed 62720K, reserved 1103872K
  class space    used 8140K, capacity 8630K, committed 8704K, reserved 1048576K
Event: 28.584 GC heap after
Heap after GC invocations=19 (full 3):
 PSYoungGen      total 176128K, used 17384K [0x00000000e0000000, 0x00000000ec200000, 0x0000000100000000)
  eden space 158720K, 0% used [0x00000000e0000000,0x00000000e0000000,0x00000000e9b00000)
  from space 17408K, 99% used [0x00000000eb100000,0x00000000ec1fa388,0x00000000ec200000)
  to   space 19968K, 0% used [0x00000000e9b00000,0x00000000e9b00000,0x00000000eae80000)
 ParOldGen       total 96768K, used 38881K [0x00000000a0000000, 0x00000000a5e80000, 0x00000000e0000000)
  object space 96768K, 40% used [0x00000000a0000000,0x00000000a25f8688,0x00000000a5e80000)
 Metaspace       used 60721K, capacity 62637K, committed 62720K, reserved 1103872K
  class space    used 8140K, capacity 8630K, committed 8704K, reserved 1048576K
}
Event: 37.765 GC heap before
{Heap before GC invocations=20 (full 3):
 PSYoungGen      total 176128K, used 176104K [0x00000000e0000000, 0x00000000ec200000, 0x0000000100000000)
  eden space 158720K, 100% used [0x00000000e0000000,0x00000000e9b00000,0x00000000e9b00000)
  from space 17408K, 99% used [0x00000000eb100000,0x00000000ec1fa388,0x00000000ec200000)
  to   space 19968K, 0% used [0x00000000e9b00000,0x00000000e9b00000,0x00000000eae80000)
 ParOldGen       total 96768K, used 38881K [0x00000000a0000000, 0x00000000a5e80000, 0x00000000e0000000)
  object space 96768K, 40% used [0x00000000a0000000,0x00000000a25f8688,0x00000000a5e80000)
 Metaspace       used 69260K, capacity 72541K, committed 72704K, reserved 1112064K
  class space    used 9297K, capacity 9972K, committed 9984K, reserved 1048576K
Event: 37.818 GC heap after
Heap after GC invocations=20 (full 3):
 PSYoungGen      total 178688K, used 19952K [0x00000000e0000000, 0x00000000ee600000, 0x0000000100000000)
  eden space 158720K, 0% used [0x00000000e0000000,0x00000000e0000000,0x00000000e9b00000)
  from space 19968K, 99% used [0x00000000e9b00000,0x00000000eae7c3b0,0x00000000eae80000)
  to   space 29696K, 0% used [0x00000000ec900000,0x00000000ec900000,0x00000000ee600000)
 ParOldGen       total 96768K, used 57442K [0x00000000a0000000, 0x00000000a5e80000, 0x00000000e0000000)
  object space 96768K, 59% used [0x00000000a0000000,0x00000000a3818a40,0x00000000a5e80000)
 Metaspace       used 69260K, capacity 72541K, committed 72704K, reserved 1112064K
  class space    used 9297K, capacity 9972K, committed 9984K, reserved 1048576K
}

