# JRE version: OpenJDK Runtime Environment (8.0_152-b02) (build 1.8.0_152-release-1024-b02)
# Java VM: OpenJDK 64-Bit Server VM (25.152-b02 mixed mode windows-amd64 compressed oops)
Heap:
 PSYoungGen      total 122880K, used 52514K [0x00000000e0000000, 0x00000000e9a80000, 0x0000000100000000)
  eden space 109568K, 40% used [0x00000000e0000000,0x00000000e2ae8ca0,0x00000000e6b00000)
  from space 13312K, 64% used [0x00000000e6b00000,0x00000000e735fce8,0x00000000e7800000)
  to   space 13312K, 0% used [0x00000000e8d80000,0x00000000e8d80000,0x00000000e9a80000)
 ParOldGen       total 99328K, used 43585K [0x00000000a0000000, 0x00000000a6100000, 0x00000000e0000000)
  object space 99328K, 43% used [0x00000000a0000000,0x00000000a2a90738,0x00000000a6100000)
 Metaspace       used 62652K, capacity 64524K, committed 64856K, reserved 1105920K
  class space    used 8460K, capacity 8971K, committed 9088K, reserved 1048576K
GC Heap History (10 events):
Event: 26.578 GC heap before
{Heap before GC invocations=18 (full 2):
 PSYoungGen      total 84480K, used 84476K [0x00000000e0000000, 0x00000000e6f80000, 0x0000000100000000)
  eden space 76800K, 100% used [0x00000000e0000000,0x00000000e4b00000,0x00000000e4b00000)
  from space 7680K, 99% used [0x00000000e4b00000,0x00000000e527f2e0,0x00000000e5280000)
  to   space 10240K, 0% used [0x00000000e6580000,0x00000000e6580000,0x00000000e6f80000)
 ParOldGen       total 58880K, used 22322K [0x00000000a0000000, 0x00000000a3980000, 0x00000000e0000000)
  object space 58880K, 37% used [0x00000000a0000000,0x00000000a15ccb90,0x00000000a3980000)
 Metaspace       used 52744K, capacity 54288K, committed 54488K, reserved 1095680K
  class space    used 7129K, capacity 7572K, committed 7680K, reserved 1048576K
Event: 26.606 GC heap after
Heap after GC invocations=18 (full 2):
 PSYoungGen      total 103424K, used 8593K [0x00000000e0000000, 0x00000000e7380000, 0x0000000100000000)
  eden space 93184K, 0% used [0x00000000e0000000,0x00000000e0000000,0x00000000e5b00000)
  from space 10240K, 83% used [0x00000000e6580000,0x00000000e6de44e0,0x00000000e6f80000)
  to   space 10752K, 0% used [0x00000000e5b00000,0x00000000e5b00000,0x00000000e6580000)
 ParOldGen       total 58880K, used 30057K [0x00000000a0000000, 0x00000000a3980000, 0x00000000e0000000)
  object space 58880K, 51% used [0x00000000a0000000,0x00000000a1d5a518,0x00000000a3980000)
 Metaspace       used 52744K, capacity 54288K, committed 54488K, reserved 1095680K
  class space    used 7129K, capacity 7572K, committed 7680K, reserved 1048576K
}
Event: 29.179 GC heap before
{Heap before GC invocations=19 (full 2):
 PSYoungGen      total 103424K, used 101777K [0x00000000e0000000, 0x00000000e7380000, 0x0000000100000000)
  eden space 93184K, 100% used [0x00000000e0000000,0x00000000e5b00000,0x00000000e5b00000)
  from space 10240K, 83% used [0x00000000e6580000,0x00000000e6de44e0,0x00000000e6f80000)
  to   space 10752K, 0% used [0x00000000e5b00000,0x00000000e5b00000,0x00000000e6580000)
 ParOldGen       total 58880K, used 30057K [0x00000000a0000000, 0x00000000a3980000, 0x00000000e0000000)
  object space 58880K, 51% used [0x00000000a0000000,0x00000000a1d5a518,0x00000000a3980000)
 Metaspace       used 56789K, capacity 58528K, committed 58712K, reserved 1099776K
  class space    used 7808K, capacity 8274K, committed 8320K, reserved 1048576K
Event: 29.207 GC heap after
Heap after GC invocations=19 (full 2):
 PSYoungGen      total 103936K, used 10736K [0x00000000e0000000, 0x00000000e8480000, 0x0000000100000000)
  eden space 93184K, 0% used [0x00000000e0000000,0x00000000e0000000,0x00000000e5b00000)
  from space 10752K, 99% used [0x00000000e5b00000,0x00000000e657c230,0x00000000e6580000)
  to   space 12800K, 0% used [0x00000000e7800000,0x00000000e7800000,0x00000000e8480000)
 ParOldGen       total 58880K, used 32393K [0x00000000a0000000, 0x00000000a3980000, 0x00000000e0000000)
  object space 58880K, 55% used [0x00000000a0000000,0x00000000a1fa24e0,0x00000000a3980000)
 Metaspace       used 56789K, capacity 58528K, committed 58712K, reserved 1099776K
  class space    used 7808K, capacity 8274K, committed 8320K, reserved 1048576K
}
Event: 29.989 GC heap before
{Heap before GC invocations=20 (full 2):
 PSYoungGen      total 103936K, used 84056K [0x00000000e0000000, 0x00000000e8480000, 0x0000000100000000)
  eden space 93184K, 78% used [0x00000000e0000000,0x00000000e479a038,0x00000000e5b00000)
  from space 10752K, 99% used [0x00000000e5b00000,0x00000000e657c230,0x00000000e6580000)
  to   space 12800K, 0% used [0x00000000e7800000,0x00000000e7800000,0x00000000e8480000)
 ParOldGen       total 58880K, used 32393K [0x00000000a0000000, 0x00000000a3980000, 0x00000000e0000000)
  object space 58880K, 55% used [0x00000000a0000000,0x00000000a1fa24e0,0x00000000a3980000)
 Metaspace       used 57107K, capacity 58896K, committed 58968K, reserved 1099776K
  class space    used 7844K, capacity 8300K, committed 8320K, reserved 1048576K
Event: 30.074 GC heap after
Heap after GC invocations=20 (full 2):
 PSYoungGen      total 122368K, used 8582K [0x00000000e0000000, 0x00000000e8f80000, 0x0000000100000000)
  eden space 109568K, 0% used [0x00000000e0000000,0x00000000e0000000,0x00000000e6b00000)
  from space 12800K, 67% used [0x00000000e7800000,0x00000000e8061930,0x00000000e8480000)
  to   space 13312K, 0% used [0x00000000e6b00000,0x00000000e6b00000,0x00000000e7800000)
 ParOldGen       total 58880K, used 43010K [0x00000000a0000000, 0x00000000a3980000, 0x00000000e0000000)
  object space 58880K, 73% used [0x00000000a0000000,0x00000000a2a00b48,0x00000000a3980000)
 Metaspace       used 57107K, capacity 58896K, committed 58968K, reserved 1099776K
  class space    used 7844K, capacity 8300K, committed 8320K, reserved 1048576K
}
Event: 30.074 GC heap before
{Heap before GC invocations=21 (full 3):
 PSYoungGen      total 122368K, used 8582K [0x00000000e0000000, 0x00000000e8f80000, 0x0000000100000000)
  eden space 109568K, 0% used [0x00000000e0000000,0x00000000e0000000,0x00000000e6b00000)
  from space 12800K, 67% used [0x00000000e7800000,0x00000000e8061930,0x00000000e8480000)
  to   space 13312K, 0% used [0x00000000e6b00000,0x00000000e6b00000,0x00000000e7800000)
 ParOldGen       total 58880K, used 43010K [0x00000000a0000000, 0x00000000a3980000, 0x00000000e0000000)
  object space 58880K, 73% used [0x00000000a0000000,0x00000000a2a00b48,0x00000000a3980000)
 Metaspace       used 57107K, capacity 58896K, committed 58968K, reserved 1099776K
  class space    used 7844K, capacity 8300K, committed 8320K, reserved 1048576K
Event: 30.640 GC heap after
Heap after GC invocations=21 (full 3):
 PSYoungGen      total 122368K, used 0K [0x00000000e0000000, 0x00000000e8f80000, 0x0000000100000000)
  eden space 109568K, 0% used [0x00000000e0000000,0x00000000e0000000,0x00000000e6b00000)
  from space 12800K, 0% used [0x00000000e7800000,0x00000000e7800000,0x00000000e8480000)
  to   space 13312K, 0% used [0x00000000e6b00000,0x00000000e6b00000,0x00000000e7800000)
 ParOldGen       total 99328K, used 43550K [0x00000000a0000000, 0x00000000a6100000, 0x00000000e0000000)
  object space 99328K, 43% used [0x00000000a0000000,0x00000000a2a87ae8,0x00000000a6100000)
 Metaspace       used 57107K, capacity 58896K, committed 58968K, reserved 1099776K
  class space    used 7844K, capacity 8300K, committed 8320K, reserved 1048576K
}
Event: 69.919 GC heap before
{Heap before GC invocations=22 (full 3):
 PSYoungGen      total 122368K, used 109568K [0x00000000e0000000, 0x00000000e8f80000, 0x0000000100000000)
  eden space 109568K, 100% used [0x00000000e0000000,0x00000000e6b00000,0x00000000e6b00000)
  from space 12800K, 0% used [0x00000000e7800000,0x00000000e7800000,0x00000000e8480000)
  to   space 13312K, 0% used [0x00000000e6b00000,0x00000000e6b00000,0x00000000e7800000)
 ParOldGen       total 99328K, used 43550K [0x00000000a0000000, 0x00000000a6100000, 0x00000000e0000000)
  object space 99328K, 43% used [0x00000000a0000000,0x00000000a2a87ae8,0x00000000a6100000)
 Metaspace       used 62496K, capacity 64442K, committed 64856K, reserved 1105920K
  class space    used 8452K, capacity 8968K, committed 9088K, reserved 1048576K
Event: 69.936 GC heap after
Heap after GC invocations=22 (full 3):
 PSYoungGen      total 122880K, used 8575K [0x00000000e0000000, 0x00000000e9a80000, 0x0000000100000000)
  eden space 109568K, 0% used [0x00000000e0000000,0x00000000e0000000,0x00000000e6b00000)
  from space 13312K, 64% used [0x00000000e6b00000,0x00000000e735fce8,0x00000000e7800000)
  to   space 13312K, 0% used [0x00000000e8d80000,0x00000000e8d80000,0x00000000e9a80000)
 ParOldGen       total 99328K, used 43585K [0x00000000a0000000, 0x00000000a6100000, 0x00000000e0000000)
  object space 99328K, 43% used [0x00000000a0000000,0x00000000a2a90738,0x00000000a6100000)
 Metaspace       used 62496K, capacity 64442K, committed 64856K, reserved 1105920K
  class space    used 8452K, capacity 8968K, committed 9088K, reserved 1048576K
}

