# JRE version: OpenJDK Runtime Environment (8.0_152-b02) (build 1.8.0_152-release-1024-b02)
# Java VM: OpenJDK 64-Bit Server VM (25.152-b02 mixed mode windows-amd64 compressed oops)
Heap:
 PSYoungGen      total 136704K, used 92145K [0x00000000e0000000, 0x00000000eb580000, 0x0000000100000000)
  eden space 96768K, 63% used [0x00000000e0000000,0x00000000e3c37e28,0x00000000e5e80000)
  from space 39936K, 76% used [0x00000000e5e80000,0x00000000e7c44658,0x00000000e8580000)
  to   space 43520K, 0% used [0x00000000e8b00000,0x00000000e8b00000,0x00000000eb580000)
 ParOldGen       total 108032K, used 56026K [0x00000000a0000000, 0x00000000a6980000, 0x00000000e0000000)
  object space 108032K, 51% used [0x00000000a0000000,0x00000000a36b6a98,0x00000000a6980000)
 Metaspace       used 78992K, capacity 82209K, committed 82264K, reserved 1120256K
  class space    used 10191K, capacity 10858K, committed 10880K, reserved 1048576K
GC Heap History (10 events):
Event: 89.582 GC heap before
{Heap before GC invocations=39 (full 6):
 PSYoungGen      total 118784K, used 102976K [0x00000000e0000000, 0x00000000ea900000, 0x0000000100000000)
  eden space 95232K, 98% used [0x00000000e0000000,0x00000000e5c09630,0x00000000e5d00000)
  from space 23552K, 37% used [0x00000000e9200000,0x00000000e9a86d80,0x00000000ea900000)
  to   space 38912K, 0% used [0x00000000e5d00000,0x00000000e5d00000,0x00000000e8300000)
 ParOldGen       total 108032K, used 56010K [0x00000000a0000000, 0x00000000a6980000, 0x00000000e0000000)
  object space 108032K, 51% used [0x00000000a0000000,0x00000000a36b2a98,0x00000000a6980000)
 Metaspace       used 75167K, capacity 78103K, committed 78680K, reserved 1118208K
  class space    used 9851K, capacity 10493K, committed 10624K, reserved 1048576K
Event: 89.592 GC heap after
Heap after GC invocations=39 (full 6):
 PSYoungGen      total 134144K, used 17800K [0x00000000e0000000, 0x00000000eaa00000, 0x0000000100000000)
  eden space 95232K, 0% used [0x00000000e0000000,0x00000000e0000000,0x00000000e5d00000)
  from space 38912K, 45% used [0x00000000e5d00000,0x00000000e6e623a0,0x00000000e8300000)
  to   space 37888K, 0% used [0x00000000e8500000,0x00000000e8500000,0x00000000eaa00000)
 ParOldGen       total 108032K, used 56018K [0x00000000a0000000, 0x00000000a6980000, 0x00000000e0000000)
  object space 108032K, 51% used [0x00000000a0000000,0x00000000a36b4a98,0x00000000a6980000)
 Metaspace       used 75167K, capacity 78103K, committed 78680K, reserved 1118208K
  class space    used 9851K, capacity 10493K, committed 10624K, reserved 1048576K
}
Event: 89.738 GC heap before
{Heap before GC invocations=40 (full 6):
 PSYoungGen      total 134144K, used 113032K [0x00000000e0000000, 0x00000000eaa00000, 0x0000000100000000)
  eden space 95232K, 100% used [0x00000000e0000000,0x00000000e5d00000,0x00000000e5d00000)
  from space 38912K, 45% used [0x00000000e5d00000,0x00000000e6e623a0,0x00000000e8300000)
  to   space 37888K, 0% used [0x00000000e8500000,0x00000000e8500000,0x00000000eaa00000)
 ParOldGen       total 108032K, used 56018K [0x00000000a0000000, 0x00000000a6980000, 0x00000000e0000000)
  object space 108032K, 51% used [0x00000000a0000000,0x00000000a36b4a98,0x00000000a6980000)
 Metaspace       used 75215K, capacity 78135K, committed 78680K, reserved 1118208K
  class space    used 9862K, capacity 10501K, committed 10624K, reserved 1048576K
Event: 89.742 GC heap after
Heap after GC invocations=40 (full 6):
 PSYoungGen      total 136192K, used 1361K [0x00000000e0000000, 0x00000000eaa00000, 0x0000000100000000)
  eden space 98304K, 0% used [0x00000000e0000000,0x00000000e0000000,0x00000000e6000000)
  from space 37888K, 3% used [0x00000000e8500000,0x00000000e8654530,0x00000000eaa00000)
  to   space 37888K, 0% used [0x00000000e6000000,0x00000000e6000000,0x00000000e8500000)
 ParOldGen       total 108032K, used 56018K [0x00000000a0000000, 0x00000000a6980000, 0x00000000e0000000)
  object space 108032K, 51% used [0x00000000a0000000,0x00000000a36b4a98,0x00000000a6980000)
 Metaspace       used 75215K, capacity 78135K, committed 78680K, reserved 1118208K
  class space    used 9862K, capacity 10501K, committed 10624K, reserved 1048576K
}
Event: 283.965 GC heap before
{Heap before GC invocations=41 (full 6):
 PSYoungGen      total 136192K, used 99665K [0x00000000e0000000, 0x00000000eaa00000, 0x0000000100000000)
  eden space 98304K, 100% used [0x00000000e0000000,0x00000000e6000000,0x00000000e6000000)
  from space 37888K, 3% used [0x00000000e8500000,0x00000000e8654530,0x00000000eaa00000)
  to   space 37888K, 0% used [0x00000000e6000000,0x00000000e6000000,0x00000000e8500000)
 ParOldGen       total 108032K, used 56018K [0x00000000a0000000, 0x00000000a6980000, 0x00000000e0000000)
  object space 108032K, 51% used [0x00000000a0000000,0x00000000a36b4a98,0x00000000a6980000)
 Metaspace       used 78646K, capacity 81815K, committed 82008K, reserved 1120256K
  class space    used 10178K, capacity 10837K, committed 10880K, reserved 1048576K
Event: 283.983 GC heap after
Heap after GC invocations=41 (full 6):
 PSYoungGen      total 136192K, used 9491K [0x00000000e0000000, 0x00000000ea880000, 0x0000000100000000)
  eden space 98304K, 0% used [0x00000000e0000000,0x00000000e0000000,0x00000000e6000000)
  from space 37888K, 25% used [0x00000000e6000000,0x00000000e6944e20,0x00000000e8500000)
  to   space 35840K, 0% used [0x00000000e8580000,0x00000000e8580000,0x00000000ea880000)
 ParOldGen       total 108032K, used 56026K [0x00000000a0000000, 0x00000000a6980000, 0x00000000e0000000)
  object space 108032K, 51% used [0x00000000a0000000,0x00000000a36b6a98,0x00000000a6980000)
 Metaspace       used 78646K, capacity 81815K, committed 82008K, reserved 1120256K
  class space    used 10178K, capacity 10837K, committed 10880K, reserved 1048576K
}
Event: 293.819 GC heap before
{Heap before GC invocations=42 (full 6):
 PSYoungGen      total 136192K, used 107795K [0x00000000e0000000, 0x00000000ea880000, 0x0000000100000000)
  eden space 98304K, 100% used [0x00000000e0000000,0x00000000e6000000,0x00000000e6000000)
  from space 37888K, 25% used [0x00000000e6000000,0x00000000e6944e20,0x00000000e8500000)
  to   space 35840K, 0% used [0x00000000e8580000,0x00000000e8580000,0x00000000ea880000)
 ParOldGen       total 108032K, used 56026K [0x00000000a0000000, 0x00000000a6980000, 0x00000000e0000000)
  object space 108032K, 51% used [0x00000000a0000000,0x00000000a36b6a98,0x00000000a6980000)
 Metaspace       used 78851K, capacity 82091K, committed 82264K, reserved 1120256K
  class space    used 10187K, capacity 10851K, committed 10880K, reserved 1048576K
Event: 293.895 GC heap after
Heap after GC invocations=42 (full 6):
 PSYoungGen      total 132608K, used 30213K [0x00000000e0000000, 0x00000000eb080000, 0x0000000100000000)
  eden space 96768K, 0% used [0x00000000e0000000,0x00000000e0000000,0x00000000e5e80000)
  from space 35840K, 84% used [0x00000000e8580000,0x00000000ea301488,0x00000000ea880000)
  to   space 39936K, 0% used [0x00000000e5e80000,0x00000000e5e80000,0x00000000e8580000)
 ParOldGen       total 108032K, used 56026K [0x00000000a0000000, 0x00000000a6980000, 0x00000000e0000000)
  object space 108032K, 51% used [0x00000000a0000000,0x00000000a36b6a98,0x00000000a6980000)
 Metaspace       used 78851K, capacity 82091K, committed 82264K, reserved 1120256K
  class space    used 10187K, capacity 10851K, committed 10880K, reserved 1048576K
}
Event: 303.249 GC heap before
{Heap before GC invocations=43 (full 6):
 PSYoungGen      total 132608K, used 126981K [0x00000000e0000000, 0x00000000eb080000, 0x0000000100000000)
  eden space 96768K, 100% used [0x00000000e0000000,0x00000000e5e80000,0x00000000e5e80000)
  from space 35840K, 84% used [0x00000000e8580000,0x00000000ea301488,0x00000000ea880000)
  to   space 39936K, 0% used [0x00000000e5e80000,0x00000000e5e80000,0x00000000e8580000)
 ParOldGen       total 108032K, used 56026K [0x00000000a0000000, 0x00000000a6980000, 0x00000000e0000000)
  object space 108032K, 51% used [0x00000000a0000000,0x00000000a36b6a98,0x00000000a6980000)
 Metaspace       used 78970K, capacity 82209K, committed 82264K, reserved 1120256K
  class space    used 10191K, capacity 10858K, committed 10880K, reserved 1048576K
Event: 303.278 GC heap after
Heap after GC invocations=43 (full 6):
 PSYoungGen      total 136704K, used 30481K [0x00000000e0000000, 0x00000000eb580000, 0x0000000100000000)
  eden space 96768K, 0% used [0x00000000e0000000,0x00000000e0000000,0x00000000e5e80000)
  from space 39936K, 76% used [0x00000000e5e80000,0x00000000e7c44658,0x00000000e8580000)
  to   space 43520K, 0% used [0x00000000e8b00000,0x00000000e8b00000,0x00000000eb580000)
 ParOldGen       total 108032K, used 56026K [0x00000000a0000000, 0x00000000a6980000, 0x00000000e0000000)
  object space 108032K, 51% used [0x00000000a0000000,0x00000000a36b6a98,0x00000000a6980000)
 Metaspace       used 78970K, capacity 82209K, committed 82264K, reserved 1120256K
  class space    used 10191K, capacity 10858K, committed 10880K, reserved 1048576K
}

