# JRE version: OpenJDK Runtime Environment (8.0_152-b02) (build 1.8.0_152-release-1024-b02)
# Java VM: OpenJDK 64-Bit Server VM (25.152-b02 mixed mode windows-amd64 compressed oops)
Heap:
 PSYoungGen      total 22016K, used 18953K [0x00000000e0000000, 0x00000000e2080000, 0x0000000100000000)
  eden space 16384K, 96% used [0x00000000e0000000,0x00000000e0f81f98,0x00000000e1000000)
  from space 5632K, 54% used [0x00000000e1000000,0x00000000e13007f0,0x00000000e1580000)
  to   space 5632K, 0% used [0x00000000e1b00000,0x00000000e1b00000,0x00000000e2080000)
 ParOldGen       total 34304K, used 7881K [0x00000000a0000000, 0x00000000a2180000, 0x00000000e0000000)
  object space 34304K, 22% used [0x00000000a0000000,0x00000000a07b27e0,0x00000000a2180000)
 Metaspace       used 25778K, capacity 26252K, committed 26496K, reserved 1073152K
  class space    used 3534K, capacity 3689K, committed 3712K, reserved 1048576K
GC Heap History (10 events):
Event: 14.281 GC heap before
{Heap before GC invocations=8 (full 0):
 PSYoungGen      total 22016K, used 20641K [0x00000000e0000000, 0x00000000e1b00000, 0x0000000100000000)
  eden space 16384K, 100% used [0x00000000e0000000,0x00000000e1000000,0x00000000e1000000)
  from space 5632K, 75% used [0x00000000e1000000,0x00000000e14286a8,0x00000000e1580000)
  to   space 5632K, 0% used [0x00000000e1580000,0x00000000e1580000,0x00000000e1b00000)
 ParOldGen       total 44032K, used 5692K [0x00000000a0000000, 0x00000000a2b00000, 0x00000000e0000000)
  object space 44032K, 12% used [0x00000000a0000000,0x00000000a058f078,0x00000000a2b00000)
 Metaspace       used 17778K, capacity 18160K, committed 18304K, reserved 1064960K
  class space    used 2557K, capacity 2686K, committed 2688K, reserved 1048576K
Event: 14.287 GC heap after
Heap after GC invocations=8 (full 0):
 PSYoungGen      total 22016K, used 3703K [0x00000000e0000000, 0x00000000e1b00000, 0x0000000100000000)
  eden space 16384K, 0% used [0x00000000e0000000,0x00000000e0000000,0x00000000e1000000)
  from space 5632K, 65% used [0x00000000e1580000,0x00000000e191dd38,0x00000000e1b00000)
  to   space 5632K, 0% used [0x00000000e1000000,0x00000000e1000000,0x00000000e1580000)
 ParOldGen       total 44032K, used 6776K [0x00000000a0000000, 0x00000000a2b00000, 0x00000000e0000000)
  object space 44032K, 15% used [0x00000000a0000000,0x00000000a069e118,0x00000000a2b00000)
 Metaspace       used 17778K, capacity 18160K, committed 18304K, reserved 1064960K
  class space    used 2557K, capacity 2686K, committed 2688K, reserved 1048576K
}
Event: 15.934 GC heap before
{Heap before GC invocations=9 (full 0):
 PSYoungGen      total 22016K, used 16085K [0x00000000e0000000, 0x00000000e1b00000, 0x0000000100000000)
  eden space 16384K, 75% used [0x00000000e0000000,0x00000000e0c17ac0,0x00000000e1000000)
  from space 5632K, 65% used [0x00000000e1580000,0x00000000e191dd38,0x00000000e1b00000)
  to   space 5632K, 0% used [0x00000000e1000000,0x00000000e1000000,0x00000000e1580000)
 ParOldGen       total 44032K, used 6776K [0x00000000a0000000, 0x00000000a2b00000, 0x00000000e0000000)
  object space 44032K, 15% used [0x00000000a0000000,0x00000000a069e118,0x00000000a2b00000)
 Metaspace       used 20819K, capacity 21200K, committed 21248K, reserved 1067008K
  class space    used 2905K, capacity 3038K, committed 3072K, reserved 1048576K
Event: 15.941 GC heap after
Heap after GC invocations=9 (full 0):
 PSYoungGen      total 22016K, used 3976K [0x00000000e0000000, 0x00000000e1b00000, 0x0000000100000000)
  eden space 16384K, 0% used [0x00000000e0000000,0x00000000e0000000,0x00000000e1000000)
  from space 5632K, 70% used [0x00000000e1000000,0x00000000e13e2080,0x00000000e1580000)
  to   space 5632K, 0% used [0x00000000e1580000,0x00000000e1580000,0x00000000e1b00000)
 ParOldGen       total 44032K, used 7627K [0x00000000a0000000, 0x00000000a2b00000, 0x00000000e0000000)
  object space 44032K, 17% used [0x00000000a0000000,0x00000000a0772fb8,0x00000000a2b00000)
 Metaspace       used 20819K, capacity 21200K, committed 21248K, reserved 1067008K
  class space    used 2905K, capacity 3038K, committed 3072K, reserved 1048576K
}
Event: 15.941 GC heap before
{Heap before GC invocations=10 (full 1):
 PSYoungGen      total 22016K, used 3976K [0x00000000e0000000, 0x00000000e1b00000, 0x0000000100000000)
  eden space 16384K, 0% used [0x00000000e0000000,0x00000000e0000000,0x00000000e1000000)
  from space 5632K, 70% used [0x00000000e1000000,0x00000000e13e2080,0x00000000e1580000)
  to   space 5632K, 0% used [0x00000000e1580000,0x00000000e1580000,0x00000000e1b00000)
 ParOldGen       total 44032K, used 7627K [0x00000000a0000000, 0x00000000a2b00000, 0x00000000e0000000)
  object space 44032K, 17% used [0x00000000a0000000,0x00000000a0772fb8,0x00000000a2b00000)
 Metaspace       used 20819K, capacity 21200K, committed 21248K, reserved 1067008K
  class space    used 2905K, capacity 3038K, committed 3072K, reserved 1048576K
Event: 16.026 GC heap after
Heap after GC invocations=10 (full 1):
 PSYoungGen      total 22016K, used 0K [0x00000000e0000000, 0x00000000e1b00000, 0x0000000100000000)
  eden space 16384K, 0% used [0x00000000e0000000,0x00000000e0000000,0x00000000e1000000)
  from space 5632K, 0% used [0x00000000e1000000,0x00000000e1000000,0x00000000e1580000)
  to   space 5632K, 0% used [0x00000000e1580000,0x00000000e1580000,0x00000000e1b00000)
 ParOldGen       total 34304K, used 7873K [0x00000000a0000000, 0x00000000a2180000, 0x00000000e0000000)
  object space 34304K, 22% used [0x00000000a0000000,0x00000000a07b07e0,0x00000000a2180000)
 Metaspace       used 20819K, capacity 21200K, committed 21248K, reserved 1067008K
  class space    used 2905K, capacity 3038K, committed 3072K, reserved 1048576K
}
Event: 17.233 GC heap before
{Heap before GC invocations=11 (full 1):
 PSYoungGen      total 22016K, used 16384K [0x00000000e0000000, 0x00000000e1b00000, 0x0000000100000000)
  eden space 16384K, 100% used [0x00000000e0000000,0x00000000e1000000,0x00000000e1000000)
  from space 5632K, 0% used [0x00000000e1000000,0x00000000e1000000,0x00000000e1580000)
  to   space 5632K, 0% used [0x00000000e1580000,0x00000000e1580000,0x00000000e1b00000)
 ParOldGen       total 34304K, used 7873K [0x00000000a0000000, 0x00000000a2180000, 0x00000000e0000000)
  object space 34304K, 22% used [0x00000000a0000000,0x00000000a07b07e0,0x00000000a2180000)
 Metaspace       used 22784K, capacity 23284K, committed 23552K, reserved 1069056K
  class space    used 3087K, capacity 3237K, committed 3328K, reserved 1048576K
Event: 17.239 GC heap after
Heap after GC invocations=11 (full 1):
 PSYoungGen      total 22016K, used 2214K [0x00000000e0000000, 0x00000000e2080000, 0x0000000100000000)
  eden space 16384K, 0% used [0x00000000e0000000,0x00000000e0000000,0x00000000e1000000)
  from space 5632K, 39% used [0x00000000e1580000,0x00000000e17a9b08,0x00000000e1b00000)
  to   space 5632K, 0% used [0x00000000e1000000,0x00000000e1000000,0x00000000e1580000)
 ParOldGen       total 34304K, used 7881K [0x00000000a0000000, 0x00000000a2180000, 0x00000000e0000000)
  object space 34304K, 22% used [0x00000000a0000000,0x00000000a07b27e0,0x00000000a2180000)
 Metaspace       used 22784K, capacity 23284K, committed 23552K, reserved 1069056K
  class space    used 3087K, capacity 3237K, committed 3328K, reserved 1048576K
}
Event: 18.236 GC heap before
{Heap before GC invocations=12 (full 1):
 PSYoungGen      total 22016K, used 18598K [0x00000000e0000000, 0x00000000e2080000, 0x0000000100000000)
  eden space 16384K, 100% used [0x00000000e0000000,0x00000000e1000000,0x00000000e1000000)
  from space 5632K, 39% used [0x00000000e1580000,0x00000000e17a9b08,0x00000000e1b00000)
  to   space 5632K, 0% used [0x00000000e1000000,0x00000000e1000000,0x00000000e1580000)
 ParOldGen       total 34304K, used 7881K [0x00000000a0000000, 0x00000000a2180000, 0x00000000e0000000)
  object space 34304K, 22% used [0x00000000a0000000,0x00000000a07b27e0,0x00000000a2180000)
 Metaspace       used 24149K, capacity 24640K, committed 24832K, reserved 1071104K
  class space    used 3326K, capacity 3495K, committed 3584K, reserved 1048576K
Event: 18.240 GC heap after
Heap after GC invocations=12 (full 1):
 PSYoungGen      total 22016K, used 3073K [0x00000000e0000000, 0x00000000e2080000, 0x0000000100000000)
  eden space 16384K, 0% used [0x00000000e0000000,0x00000000e0000000,0x00000000e1000000)
  from space 5632K, 54% used [0x00000000e1000000,0x00000000e13007f0,0x00000000e1580000)
  to   space 5632K, 0% used [0x00000000e1b00000,0x00000000e1b00000,0x00000000e2080000)
 ParOldGen       total 34304K, used 7881K [0x00000000a0000000, 0x00000000a2180000, 0x00000000e0000000)
  object space 34304K, 22% used [0x00000000a0000000,0x00000000a07b27e0,0x00000000a2180000)
 Metaspace       used 24149K, capacity 24640K, committed 24832K, reserved 1071104K
  class space    used 3326K, capacity 3495K, committed 3584K, reserved 1048576K
}

