# JRE version: OpenJDK Runtime Environment (8.0_152-b02) (build 1.8.0_152-release-1024-b02)
# Java VM: OpenJDK 64-Bit Server VM (25.152-b02 mixed mode windows-amd64 compressed oops)
Heap:
 PSYoungGen      total 358912K, used 337967K [0x00000000e0000000, 0x00000000f6f00000, 0x0000000100000000)
  eden space 342016K, 97% used [0x00000000e0000000,0x00000000f469b290,0x00000000f4e00000)
  from space 16896K, 20% used [0x00000000f4e00000,0x00000000f5170b48,0x00000000f5e80000)
  to   space 12800K, 0% used [0x00000000f6280000,0x00000000f6280000,0x00000000f6f00000)
 ParOldGen       total 101888K, used 85984K [0x00000000a0000000, 0x00000000a6380000, 0x00000000e0000000)
  object space 101888K, 84% used [0x00000000a0000000,0x00000000a53f8318,0x00000000a6380000)
 Metaspace       used 71235K, capacity 74223K, committed 74328K, reserved 1114112K
  class space    used 9448K, capacity 10059K, committed 10112K, reserved 1048576K
GC Heap History (10 events):
Event: 63.785 GC heap before
{Heap before GC invocations=30 (full 3):
 PSYoungGen      total 354816K, used 346067K [0x00000000e0000000, 0x00000000f6f00000, 0x0000000100000000)
  eden space 342016K, 100% used [0x00000000e0000000,0x00000000f4e00000,0x00000000f4e00000)
  from space 12800K, 31% used [0x00000000f6280000,0x00000000f6674ff8,0x00000000f6f00000)
  to   space 16896K, 0% used [0x00000000f4e00000,0x00000000f4e00000,0x00000000f5e80000)
 ParOldGen       total 101888K, used 84623K [0x00000000a0000000, 0x00000000a6380000, 0x00000000e0000000)
  object space 101888K, 83% used [0x00000000a0000000,0x00000000a52a3c10,0x00000000a6380000)
 Metaspace       used 70096K, capacity 73015K, committed 73304K, reserved 1112064K
  class space    used 9368K, capacity 9987K, committed 10112K, reserved 1048576K
Event: 63.810 GC heap after
Heap after GC invocations=30 (full 3):
 PSYoungGen      total 358912K, used 4400K [0x00000000e0000000, 0x00000000f6f00000, 0x0000000100000000)
  eden space 342016K, 0% used [0x00000000e0000000,0x00000000e0000000,0x00000000f4e00000)
  from space 16896K, 26% used [0x00000000f4e00000,0x00000000f524c010,0x00000000f5e80000)
  to   space 12800K, 0% used [0x00000000f6280000,0x00000000f6280000,0x00000000f6f00000)
 ParOldGen       total 101888K, used 85638K [0x00000000a0000000, 0x00000000a6380000, 0x00000000e0000000)
  object space 101888K, 84% used [0x00000000a0000000,0x00000000a53a1b98,0x00000000a6380000)
 Metaspace       used 70096K, capacity 73015K, committed 73304K, reserved 1112064K
  class space    used 9368K, capacity 9987K, committed 10112K, reserved 1048576K
}
Event: 65.519 GC heap before
{Heap before GC invocations=31 (full 3):
 PSYoungGen      total 358912K, used 346416K [0x00000000e0000000, 0x00000000f6f00000, 0x0000000100000000)
  eden space 342016K, 100% used [0x00000000e0000000,0x00000000f4e00000,0x00000000f4e00000)
  from space 16896K, 26% used [0x00000000f4e00000,0x00000000f524c010,0x00000000f5e80000)
  to   space 12800K, 0% used [0x00000000f6280000,0x00000000f6280000,0x00000000f6f00000)
 ParOldGen       total 101888K, used 85638K [0x00000000a0000000, 0x00000000a6380000, 0x00000000e0000000)
  object space 101888K, 84% used [0x00000000a0000000,0x00000000a53a1b98,0x00000000a6380000)
 Metaspace       used 70143K, capacity 73023K, committed 73304K, reserved 1112064K
  class space    used 9368K, capacity 9987K, committed 10112K, reserved 1048576K
Event: 65.525 GC heap after
Heap after GC invocations=31 (full 3):
 PSYoungGen      total 354816K, used 625K [0x00000000e0000000, 0x00000000f6f00000, 0x0000000100000000)
  eden space 342016K, 0% used [0x00000000e0000000,0x00000000e0000000,0x00000000f4e00000)
  from space 12800K, 4% used [0x00000000f6280000,0x00000000f631c7e0,0x00000000f6f00000)
  to   space 16896K, 0% used [0x00000000f4e00000,0x00000000f4e00000,0x00000000f5e80000)
 ParOldGen       total 101888K, used 85968K [0x00000000a0000000, 0x00000000a6380000, 0x00000000e0000000)
  object space 101888K, 84% used [0x00000000a0000000,0x00000000a53f4318,0x00000000a6380000)
 Metaspace       used 70143K, capacity 73023K, committed 73304K, reserved 1112064K
  class space    used 9368K, capacity 9987K, committed 10112K, reserved 1048576K
}
Event: 67.162 GC heap before
{Heap before GC invocations=32 (full 3):
 PSYoungGen      total 354816K, used 342641K [0x00000000e0000000, 0x00000000f6f00000, 0x0000000100000000)
  eden space 342016K, 100% used [0x00000000e0000000,0x00000000f4e00000,0x00000000f4e00000)
  from space 12800K, 4% used [0x00000000f6280000,0x00000000f631c7e0,0x00000000f6f00000)
  to   space 16896K, 0% used [0x00000000f4e00000,0x00000000f4e00000,0x00000000f5e80000)
 ParOldGen       total 101888K, used 85968K [0x00000000a0000000, 0x00000000a6380000, 0x00000000e0000000)
  object space 101888K, 84% used [0x00000000a0000000,0x00000000a53f4318,0x00000000a6380000)
 Metaspace       used 70197K, capacity 73151K, committed 73304K, reserved 1112064K
  class space    used 9368K, capacity 9987K, committed 10112K, reserved 1048576K
Event: 67.175 GC heap after
Heap after GC invocations=32 (full 3):
 PSYoungGen      total 358912K, used 5302K [0x00000000e0000000, 0x00000000f6f00000, 0x0000000100000000)
  eden space 342016K, 0% used [0x00000000e0000000,0x00000000e0000000,0x00000000f4e00000)
  from space 16896K, 31% used [0x00000000f4e00000,0x00000000f532dad8,0x00000000f5e80000)
  to   space 12800K, 0% used [0x00000000f6280000,0x00000000f6280000,0x00000000f6f00000)
 ParOldGen       total 101888K, used 85976K [0x00000000a0000000, 0x00000000a6380000, 0x00000000e0000000)
  object space 101888K, 84% used [0x00000000a0000000,0x00000000a53f6318,0x00000000a6380000)
 Metaspace       used 70197K, capacity 73151K, committed 73304K, reserved 1112064K
  class space    used 9368K, capacity 9987K, committed 10112K, reserved 1048576K
}
Event: 68.821 GC heap before
{Heap before GC invocations=33 (full 3):
 PSYoungGen      total 358912K, used 347318K [0x00000000e0000000, 0x00000000f6f00000, 0x0000000100000000)
  eden space 342016K, 100% used [0x00000000e0000000,0x00000000f4e00000,0x00000000f4e00000)
  from space 16896K, 31% used [0x00000000f4e00000,0x00000000f532dad8,0x00000000f5e80000)
  to   space 12800K, 0% used [0x00000000f6280000,0x00000000f6280000,0x00000000f6f00000)
 ParOldGen       total 101888K, used 85976K [0x00000000a0000000, 0x00000000a6380000, 0x00000000e0000000)
  object space 101888K, 84% used [0x00000000a0000000,0x00000000a53f6318,0x00000000a6380000)
 Metaspace       used 70222K, capacity 73151K, committed 73304K, reserved 1112064K
  class space    used 9368K, capacity 9987K, committed 10112K, reserved 1048576K
Event: 68.852 GC heap after
Heap after GC invocations=33 (full 3):
 PSYoungGen      total 354816K, used 9687K [0x00000000e0000000, 0x00000000f6f00000, 0x0000000100000000)
  eden space 342016K, 0% used [0x00000000e0000000,0x00000000e0000000,0x00000000f4e00000)
  from space 12800K, 75% used [0x00000000f6280000,0x00000000f6bf5f10,0x00000000f6f00000)
  to   space 16896K, 0% used [0x00000000f4e00000,0x00000000f4e00000,0x00000000f5e80000)
 ParOldGen       total 101888K, used 85976K [0x00000000a0000000, 0x00000000a6380000, 0x00000000e0000000)
  object space 101888K, 84% used [0x00000000a0000000,0x00000000a53f6318,0x00000000a6380000)
 Metaspace       used 70222K, capacity 73151K, committed 73304K, reserved 1112064K
  class space    used 9368K, capacity 9987K, committed 10112K, reserved 1048576K
}
Event: 71.536 GC heap before
{Heap before GC invocations=34 (full 3):
 PSYoungGen      total 354816K, used 351703K [0x00000000e0000000, 0x00000000f6f00000, 0x0000000100000000)
  eden space 342016K, 100% used [0x00000000e0000000,0x00000000f4e00000,0x00000000f4e00000)
  from space 12800K, 75% used [0x00000000f6280000,0x00000000f6bf5f10,0x00000000f6f00000)
  to   space 16896K, 0% used [0x00000000f4e00000,0x00000000f4e00000,0x00000000f5e80000)
 ParOldGen       total 101888K, used 85976K [0x00000000a0000000, 0x00000000a6380000, 0x00000000e0000000)
  object space 101888K, 84% used [0x00000000a0000000,0x00000000a53f6318,0x00000000a6380000)
 Metaspace       used 70335K, capacity 73259K, committed 73560K, reserved 1112064K
  class space    used 9376K, capacity 9995K, committed 10112K, reserved 1048576K
Event: 71.547 GC heap after
Heap after GC invocations=34 (full 3):
 PSYoungGen      total 358912K, used 3522K [0x00000000e0000000, 0x00000000f6f00000, 0x0000000100000000)
  eden space 342016K, 0% used [0x00000000e0000000,0x00000000e0000000,0x00000000f4e00000)
  from space 16896K, 20% used [0x00000000f4e00000,0x00000000f5170b48,0x00000000f5e80000)
  to   space 12800K, 0% used [0x00000000f6280000,0x00000000f6280000,0x00000000f6f00000)
 ParOldGen       total 101888K, used 85984K [0x00000000a0000000, 0x00000000a6380000, 0x00000000e0000000)
  object space 101888K, 84% used [0x00000000a0000000,0x00000000a53f8318,0x00000000a6380000)
 Metaspace       used 70335K, capacity 73259K, committed 73560K, reserved 1112064K
  class space    used 9376K, capacity 9995K, committed 10112K, reserved 1048576K
}

