# JRE version: OpenJDK Runtime Environment (8.0_152-b02) (build 1.8.0_152-release-1024-b02)
# Java VM: OpenJDK 64-Bit Server VM (25.152-b02 mixed mode windows-amd64 compressed oops)
Heap:
 PSYoungGen      total 216064K, used 213582K [0x00000000e0000000, 0x00000000eff80000, 0x0000000100000000)
  eden space 170496K, 98% used [0x00000000e0000000,0x00000000ea417b48,0x00000000ea680000)
  from space 45568K, 99% used [0x00000000ed300000,0x00000000eff7bd50,0x00000000eff80000)
  to   space 27136K, 0% used [0x00000000ead00000,0x00000000ead00000,0x00000000ec780000)
 ParOldGen       total 168448K, used 90948K [0x00000000a0000000, 0x00000000aa480000, 0x00000000e0000000)
  object space 168448K, 53% used [0x00000000a0000000,0x00000000a58d1098,0x00000000aa480000)
 Metaspace       used 96385K, capacity 101544K, committed 101836K, reserved 1136640K
  class space    used 12564K, capacity 13703K, committed 13784K, reserved 1048576K
GC Heap History (10 events):
Event: 1612.790 GC heap before
{Heap before GC invocations=24 (full 3):
 PSYoungGen      total 216576K, used 216553K [0x00000000e0000000, 0x00000000f0300000, 0x0000000100000000)
  eden space 193024K, 100% used [0x00000000e0000000,0x00000000ebc80000,0x00000000ebc80000)
  from space 23552K, 99% used [0x00000000eda00000,0x00000000ef0fa520,0x00000000ef100000)
  to   space 30208K, 0% used [0x00000000ebc80000,0x00000000ebc80000,0x00000000eda00000)
 ParOldGen       total 113152K, used 55194K [0x00000000a0000000, 0x00000000a6e80000, 0x00000000e0000000)
  object space 113152K, 48% used [0x00000000a0000000,0x00000000a35e6bd8,0x00000000a6e80000)
 Metaspace       used 80751K, capacity 84926K, committed 85208K, reserved 1122304K
  class space    used 10657K, capacity 11624K, committed 11736K, reserved 1048576K
Event: 1612.863 GC heap after
Heap after GC invocations=24 (full 3):
 PSYoungGen      total 215040K, used 28685K [0x00000000e0000000, 0x00000000ef880000, 0x0000000100000000)
  eden space 185856K, 0% used [0x00000000e0000000,0x00000000e0000000,0x00000000eb580000)
  from space 29184K, 98% used [0x00000000ebc80000,0x00000000ed8837d8,0x00000000ed900000)
  to   space 32256K, 0% used [0x00000000ed900000,0x00000000ed900000,0x00000000ef880000)
 ParOldGen       total 113152K, used 59751K [0x00000000a0000000, 0x00000000a6e80000, 0x00000000e0000000)
  object space 113152K, 52% used [0x00000000a0000000,0x00000000a3a59d58,0x00000000a6e80000)
 Metaspace       used 80751K, capacity 84926K, committed 85208K, reserved 1122304K
  class space    used 10657K, capacity 11624K, committed 11736K, reserved 1048576K
}
Event: 1628.972 GC heap before
{Heap before GC invocations=25 (full 3):
 PSYoungGen      total 215040K, used 214541K [0x00000000e0000000, 0x00000000ef880000, 0x0000000100000000)
  eden space 185856K, 100% used [0x00000000e0000000,0x00000000eb580000,0x00000000eb580000)
  from space 29184K, 98% used [0x00000000ebc80000,0x00000000ed8837d8,0x00000000ed900000)
  to   space 32256K, 0% used [0x00000000ed900000,0x00000000ed900000,0x00000000ef880000)
 ParOldGen       total 113152K, used 59751K [0x00000000a0000000, 0x00000000a6e80000, 0x00000000e0000000)
  object space 113152K, 52% used [0x00000000a0000000,0x00000000a3a59d58,0x00000000a6e80000)
 Metaspace       used 86453K, capacity 90652K, committed 90968K, reserved 1128448K
  class space    used 11301K, capacity 12311K, committed 12376K, reserved 1048576K
Event: 1629.044 GC heap after
Heap after GC invocations=25 (full 3):
 PSYoungGen      total 209408K, used 32227K [0x00000000e0000000, 0x00000000f0680000, 0x0000000100000000)
  eden space 177152K, 0% used [0x00000000e0000000,0x00000000e0000000,0x00000000ead00000)
  from space 32256K, 99% used [0x00000000ed900000,0x00000000ef878d98,0x00000000ef880000)
  to   space 45056K, 0% used [0x00000000ead00000,0x00000000ead00000,0x00000000ed900000)
 ParOldGen       total 113152K, used 74906K [0x00000000a0000000, 0x00000000a6e80000, 0x00000000e0000000)
  object space 113152K, 66% used [0x00000000a0000000,0x00000000a4926bd8,0x00000000a6e80000)
 Metaspace       used 86453K, capacity 90652K, committed 90968K, reserved 1128448K
  class space    used 11301K, capacity 12311K, committed 12376K, reserved 1048576K
}
Event: 1634.471 GC heap before
{Heap before GC invocations=26 (full 3):
 PSYoungGen      total 209408K, used 116921K [0x00000000e0000000, 0x00000000f0680000, 0x0000000100000000)
  eden space 177152K, 47% used [0x00000000e0000000,0x00000000e52b5878,0x00000000ead00000)
  from space 32256K, 99% used [0x00000000ed900000,0x00000000ef878d98,0x00000000ef880000)
  to   space 45056K, 0% used [0x00000000ead00000,0x00000000ead00000,0x00000000ed900000)
 ParOldGen       total 113152K, used 74906K [0x00000000a0000000, 0x00000000a6e80000, 0x00000000e0000000)
  object space 113152K, 66% used [0x00000000a0000000,0x00000000a4926bd8,0x00000000a6e80000)
 Metaspace       used 93358K, capacity 98328K, committed 98380K, reserved 1134592K
  class space    used 12225K, capacity 13375K, committed 13400K, reserved 1048576K
Event: 1634.531 GC heap after
Heap after GC invocations=26 (full 3):
 PSYoungGen      total 197632K, used 26818K [0x00000000e0000000, 0x00000000eff80000, 0x0000000100000000)
  eden space 170496K, 0% used [0x00000000e0000000,0x00000000e0000000,0x00000000ea680000)
  from space 27136K, 98% used [0x00000000ead00000,0x00000000ec730998,0x00000000ec780000)
  to   space 45568K, 0% used [0x00000000ed300000,0x00000000ed300000,0x00000000eff80000)
 ParOldGen       total 113152K, used 87160K [0x00000000a0000000, 0x00000000a6e80000, 0x00000000e0000000)
  object space 113152K, 77% used [0x00000000a0000000,0x00000000a551e200,0x00000000a6e80000)
 Metaspace       used 93358K, capacity 98328K, committed 98380K, reserved 1134592K
  class space    used 12225K, capacity 13375K, committed 13400K, reserved 1048576K
}
Event: 1634.531 GC heap before
{Heap before GC invocations=27 (full 4):
 PSYoungGen      total 197632K, used 26818K [0x00000000e0000000, 0x00000000eff80000, 0x0000000100000000)
  eden space 170496K, 0% used [0x00000000e0000000,0x00000000e0000000,0x00000000ea680000)
  from space 27136K, 98% used [0x00000000ead00000,0x00000000ec730998,0x00000000ec780000)
  to   space 45568K, 0% used [0x00000000ed300000,0x00000000ed300000,0x00000000eff80000)
 ParOldGen       total 113152K, used 87160K [0x00000000a0000000, 0x00000000a6e80000, 0x00000000e0000000)
  object space 113152K, 77% used [0x00000000a0000000,0x00000000a551e200,0x00000000a6e80000)
 Metaspace       used 93358K, capacity 98328K, committed 98380K, reserved 1134592K
  class space    used 12225K, capacity 13375K, committed 13400K, reserved 1048576K
Event: 1635.276 GC heap after
Heap after GC invocations=27 (full 4):
 PSYoungGen      total 197632K, used 0K [0x00000000e0000000, 0x00000000eff80000, 0x0000000100000000)
  eden space 170496K, 0% used [0x00000000e0000000,0x00000000e0000000,0x00000000ea680000)
  from space 27136K, 0% used [0x00000000ead00000,0x00000000ead00000,0x00000000ec780000)
  to   space 45568K, 0% used [0x00000000ed300000,0x00000000ed300000,0x00000000eff80000)
 ParOldGen       total 168448K, used 79449K [0x00000000a0000000, 0x00000000aa480000, 0x00000000e0000000)
  object space 168448K, 47% used [0x00000000a0000000,0x00000000a4d96740,0x00000000aa480000)
 Metaspace       used 92846K, capacity 97280K, committed 98380K, reserved 1134592K
  class space    used 12087K, capacity 13131K, committed 13400K, reserved 1048576K
}
Event: 1640.238 GC heap before
{Heap before GC invocations=28 (full 4):
 PSYoungGen      total 197632K, used 170496K [0x00000000e0000000, 0x00000000eff80000, 0x0000000100000000)
  eden space 170496K, 100% used [0x00000000e0000000,0x00000000ea680000,0x00000000ea680000)
  from space 27136K, 0% used [0x00000000ead00000,0x00000000ead00000,0x00000000ec780000)
  to   space 45568K, 0% used [0x00000000ed300000,0x00000000ed300000,0x00000000eff80000)
 ParOldGen       total 168448K, used 79449K [0x00000000a0000000, 0x00000000aa480000, 0x00000000e0000000)
  object space 168448K, 47% used [0x00000000a0000000,0x00000000a4d96740,0x00000000aa480000)
 Metaspace       used 94675K, capacity 99730K, committed 100172K, reserved 1136640K
  class space    used 12362K, capacity 13458K, committed 13656K, reserved 1048576K
Event: 1640.382 GC heap after
Heap after GC invocations=28 (full 4):
 PSYoungGen      total 216064K, used 45551K [0x00000000e0000000, 0x00000000eff80000, 0x0000000100000000)
  eden space 170496K, 0% used [0x00000000e0000000,0x00000000e0000000,0x00000000ea680000)
  from space 45568K, 99% used [0x00000000ed300000,0x00000000eff7bd50,0x00000000eff80000)
  to   space 27136K, 0% used [0x00000000ead00000,0x00000000ead00000,0x00000000ec780000)
 ParOldGen       total 168448K, used 90948K [0x00000000a0000000, 0x00000000aa480000, 0x00000000e0000000)
  object space 168448K, 53% used [0x00000000a0000000,0x00000000a58d1098,0x00000000aa480000)
 Metaspace       used 94675K, capacity 99730K, committed 100172K, reserved 1136640K
  class space    used 12362K, capacity 13458K, committed 13656K, reserved 1048576K
}

