# JRE version: OpenJDK Runtime Environment (8.0_152-b02) (build 1.8.0_152-release-1024-b02)
# Java VM: OpenJDK 64-Bit Server VM (25.152-b02 mixed mode windows-amd64 compressed oops)
Heap:
 PSYoungGen      total 274432K, used 127538K [0x00000000e0000000, 0x00000000f2280000, 0x0000000100000000)
  eden space 257536K, 45% used [0x00000000e0000000,0x00000000e71a6278,0x00000000efb80000)
  from space 16896K, 66% used [0x00000000f0c00000,0x00000000f16e66e8,0x00000000f1c80000)
  to   space 16896K, 0% used [0x00000000efb80000,0x00000000efb80000,0x00000000f0c00000)
 ParOldGen       total 93696K, used 40515K [0x00000000a0000000, 0x00000000a5b80000, 0x00000000e0000000)
  object space 93696K, 43% used [0x00000000a0000000,0x00000000a2790c60,0x00000000a5b80000)
 Metaspace       used 63911K, capacity 66307K, committed 66432K, reserved 1105920K
  class space    used 8535K, capacity 9062K, committed 9088K, reserved 1048576K
GC Heap History (10 events):
Event: 30.550 GC heap before
{Heap before GC invocations=21 (full 3):
 PSYoungGen      total 203264K, used 195212K [0x00000000e0000000, 0x00000000ef600000, 0x0000000100000000)
  eden space 185856K, 100% used [0x00000000e0000000,0x00000000eb580000,0x00000000eb580000)
  from space 17408K, 53% used [0x00000000eb580000,0x00000000ebea31a8,0x00000000ec680000)
  to   space 16896K, 0% used [0x00000000ee580000,0x00000000ee580000,0x00000000ef600000)
 ParOldGen       total 93696K, used 40483K [0x00000000a0000000, 0x00000000a5b80000, 0x00000000e0000000)
  object space 93696K, 43% used [0x00000000a0000000,0x00000000a2788c60,0x00000000a5b80000)
 Metaspace       used 63088K, capacity 65315K, committed 65664K, reserved 1105920K
  class space    used 8463K, capacity 8978K, committed 9088K, reserved 1048576K
Event: 30.585 GC heap after
Heap after GC invocations=21 (full 3):
 PSYoungGen      total 235008K, used 9729K [0x00000000e0000000, 0x00000000ef880000, 0x0000000100000000)
  eden space 218112K, 0% used [0x00000000e0000000,0x00000000e0000000,0x00000000ed500000)
  from space 16896K, 57% used [0x00000000ee580000,0x00000000eef007d0,0x00000000ef600000)
  to   space 16896K, 0% used [0x00000000ed500000,0x00000000ed500000,0x00000000ee580000)
 ParOldGen       total 93696K, used 40491K [0x00000000a0000000, 0x00000000a5b80000, 0x00000000e0000000)
  object space 93696K, 43% used [0x00000000a0000000,0x00000000a278ac60,0x00000000a5b80000)
 Metaspace       used 63088K, capacity 65315K, committed 65664K, reserved 1105920K
  class space    used 8463K, capacity 8978K, committed 9088K, reserved 1048576K
}
Event: 32.288 GC heap before
{Heap before GC invocations=22 (full 3):
 PSYoungGen      total 235008K, used 227841K [0x00000000e0000000, 0x00000000ef880000, 0x0000000100000000)
  eden space 218112K, 100% used [0x00000000e0000000,0x00000000ed500000,0x00000000ed500000)
  from space 16896K, 57% used [0x00000000ee580000,0x00000000eef007d0,0x00000000ef600000)
  to   space 16896K, 0% used [0x00000000ed500000,0x00000000ed500000,0x00000000ee580000)
 ParOldGen       total 93696K, used 40491K [0x00000000a0000000, 0x00000000a5b80000, 0x00000000e0000000)
  object space 93696K, 43% used [0x00000000a0000000,0x00000000a278ac60,0x00000000a5b80000)
 Metaspace       used 63693K, capacity 66063K, committed 66176K, reserved 1105920K
  class space    used 8517K, capacity 9028K, committed 9088K, reserved 1048576K
Event: 32.315 GC heap after
Heap after GC invocations=22 (full 3):
 PSYoungGen      total 235008K, used 9352K [0x00000000e0000000, 0x00000000ef880000, 0x0000000100000000)
  eden space 218112K, 0% used [0x00000000e0000000,0x00000000e0000000,0x00000000ed500000)
  from space 16896K, 55% used [0x00000000ed500000,0x00000000ede223a8,0x00000000ee580000)
  to   space 16896K, 0% used [0x00000000ee580000,0x00000000ee580000,0x00000000ef600000)
 ParOldGen       total 93696K, used 40499K [0x00000000a0000000, 0x00000000a5b80000, 0x00000000e0000000)
  object space 93696K, 43% used [0x00000000a0000000,0x00000000a278cc60,0x00000000a5b80000)
 Metaspace       used 63693K, capacity 66063K, committed 66176K, reserved 1105920K
  class space    used 8517K, capacity 9028K, committed 9088K, reserved 1048576K
}
Event: 33.944 GC heap before
{Heap before GC invocations=23 (full 3):
 PSYoungGen      total 235008K, used 227464K [0x00000000e0000000, 0x00000000ef880000, 0x0000000100000000)
  eden space 218112K, 100% used [0x00000000e0000000,0x00000000ed500000,0x00000000ed500000)
  from space 16896K, 55% used [0x00000000ed500000,0x00000000ede223a8,0x00000000ee580000)
  to   space 16896K, 0% used [0x00000000ee580000,0x00000000ee580000,0x00000000ef600000)
 ParOldGen       total 93696K, used 40499K [0x00000000a0000000, 0x00000000a5b80000, 0x00000000e0000000)
  object space 93696K, 43% used [0x00000000a0000000,0x00000000a278cc60,0x00000000a5b80000)
 Metaspace       used 63819K, capacity 66227K, committed 66432K, reserved 1105920K
  class space    used 8533K, capacity 9060K, committed 9088K, reserved 1048576K
Event: 33.979 GC heap after
Heap after GC invocations=23 (full 3):
 PSYoungGen      total 235008K, used 12634K [0x00000000e0000000, 0x00000000ef880000, 0x0000000100000000)
  eden space 218112K, 0% used [0x00000000e0000000,0x00000000e0000000,0x00000000ed500000)
  from space 16896K, 74% used [0x00000000ee580000,0x00000000ef1d6b98,0x00000000ef600000)
  to   space 16896K, 0% used [0x00000000ed500000,0x00000000ed500000,0x00000000ee580000)
 ParOldGen       total 93696K, used 40499K [0x00000000a0000000, 0x00000000a5b80000, 0x00000000e0000000)
  object space 93696K, 43% used [0x00000000a0000000,0x00000000a278cc60,0x00000000a5b80000)
 Metaspace       used 63819K, capacity 66227K, committed 66432K, reserved 1105920K
  class space    used 8533K, capacity 9060K, committed 9088K, reserved 1048576K
}
Event: 35.719 GC heap before
{Heap before GC invocations=24 (full 3):
 PSYoungGen      total 235008K, used 230746K [0x00000000e0000000, 0x00000000ef880000, 0x0000000100000000)
  eden space 218112K, 100% used [0x00000000e0000000,0x00000000ed500000,0x00000000ed500000)
  from space 16896K, 74% used [0x00000000ee580000,0x00000000ef1d6b98,0x00000000ef600000)
  to   space 16896K, 0% used [0x00000000ed500000,0x00000000ed500000,0x00000000ee580000)
 ParOldGen       total 93696K, used 40499K [0x00000000a0000000, 0x00000000a5b80000, 0x00000000e0000000)
  object space 93696K, 43% used [0x00000000a0000000,0x00000000a278cc60,0x00000000a5b80000)
 Metaspace       used 63876K, capacity 66237K, committed 66432K, reserved 1105920K
  class space    used 8534K, capacity 9061K, committed 9088K, reserved 1048576K
Event: 35.743 GC heap after
Heap after GC invocations=24 (full 3):
 PSYoungGen      total 235008K, used 10610K [0x00000000e0000000, 0x00000000f1c80000, 0x0000000100000000)
  eden space 218112K, 0% used [0x00000000e0000000,0x00000000e0000000,0x00000000ed500000)
  from space 16896K, 62% used [0x00000000ed500000,0x00000000edf5c948,0x00000000ee580000)
  to   space 16896K, 0% used [0x00000000f0c00000,0x00000000f0c00000,0x00000000f1c80000)
 ParOldGen       total 93696K, used 40507K [0x00000000a0000000, 0x00000000a5b80000, 0x00000000e0000000)
  object space 93696K, 43% used [0x00000000a0000000,0x00000000a278ec60,0x00000000a5b80000)
 Metaspace       used 63876K, capacity 66237K, committed 66432K, reserved 1105920K
  class space    used 8534K, capacity 9061K, committed 9088K, reserved 1048576K
}
Event: 37.063 GC heap before
{Heap before GC invocations=25 (full 3):
 PSYoungGen      total 235008K, used 228722K [0x00000000e0000000, 0x00000000f1c80000, 0x0000000100000000)
  eden space 218112K, 100% used [0x00000000e0000000,0x00000000ed500000,0x00000000ed500000)
  from space 16896K, 62% used [0x00000000ed500000,0x00000000edf5c948,0x00000000ee580000)
  to   space 16896K, 0% used [0x00000000f0c00000,0x00000000f0c00000,0x00000000f1c80000)
 ParOldGen       total 93696K, used 40507K [0x00000000a0000000, 0x00000000a5b80000, 0x00000000e0000000)
  object space 93696K, 43% used [0x00000000a0000000,0x00000000a278ec60,0x00000000a5b80000)
 Metaspace       used 63896K, capacity 66303K, committed 66432K, reserved 1105920K
  class space    used 8535K, capacity 9062K, committed 9088K, reserved 1048576K
Event: 37.115 GC heap after
Heap after GC invocations=25 (full 3):
 PSYoungGen      total 274432K, used 11161K [0x00000000e0000000, 0x00000000f2280000, 0x0000000100000000)
  eden space 257536K, 0% used [0x00000000e0000000,0x00000000e0000000,0x00000000efb80000)
  from space 16896K, 66% used [0x00000000f0c00000,0x00000000f16e66e8,0x00000000f1c80000)
  to   space 16896K, 0% used [0x00000000efb80000,0x00000000efb80000,0x00000000f0c00000)
 ParOldGen       total 93696K, used 40515K [0x00000000a0000000, 0x00000000a5b80000, 0x00000000e0000000)
  object space 93696K, 43% used [0x00000000a0000000,0x00000000a2790c60,0x00000000a5b80000)
 Metaspace       used 63896K, capacity 66303K, committed 66432K, reserved 1105920K
  class space    used 8535K, capacity 9062K, committed 9088K, reserved 1048576K
}

