# JRE version: Java(TM) SE Runtime Environment (8.0_201-b09) (build 1.8.0_201-b09)
# Java VM: Java HotSpot(TM) 64-Bit Server VM (25.201-b09 mixed mode windows-amd64 compressed oops)
Heap:
 PSYoungGen      total 183296K, used 65396K [0x00000000eab00000, 0x00000000f7d00000, 0x0000000100000000)
  eden space 153088K, 28% used [0x00000000eab00000,0x00000000ed61f220,0x00000000f4080000)
  from space 30208K, 70% used [0x00000000f4080000,0x00000000f553e110,0x00000000f5e00000)
  to   space 31232K, 0% used [0x00000000f5e00000,0x00000000f5e00000,0x00000000f7c80000)
 ParOldGen       total 145920K, used 61678K [0x00000000c0000000, 0x00000000c8e80000, 0x00000000eab00000)
  object space 145920K, 42% used [0x00000000c0000000,0x00000000c3c3ba00,0x00000000c8e80000)
 Metaspace       used 95885K, capacity 100072K, committed 100264K, reserved 1136640K
  class space    used 12422K, capacity 13388K, committed 13480K, reserved 1048576K
GC Heap History (10 events):
Event: 1538.043 GC heap before
{Heap before GC invocations=47 (full 4):
 PSYoungGen      total 152576K, used 136601K [0x00000000eab00000, 0x00000000f6200000, 0x0000000100000000)
  eden space 117248K, 100% used [0x00000000eab00000,0x00000000f1d80000,0x00000000f1d80000)
  from space 35328K, 54% used [0x00000000f3f80000,0x00000000f5266430,0x00000000f6200000)
  to   space 34816K, 0% used [0x00000000f1d80000,0x00000000f1d80000,0x00000000f3f80000)
 ParOldGen       total 145920K, used 61670K [0x00000000c0000000, 0x00000000c8e80000, 0x00000000eab00000)
  object space 145920K, 42% used [0x00000000c0000000,0x00000000c3c39a00,0x00000000c8e80000)
 Metaspace       used 95723K, capacity 99908K, committed 100264K, reserved 1136640K
  class space    used 12416K, capacity 13356K, committed 13480K, reserved 1048576K
Event: 1538.076 GC heap after
Heap after GC invocations=47 (full 4):
 PSYoungGen      total 152064K, used 19326K [0x00000000eab00000, 0x00000000f6d00000, 0x0000000100000000)
  eden space 117248K, 0% used [0x00000000eab00000,0x00000000eab00000,0x00000000f1d80000)
  from space 34816K, 55% used [0x00000000f1d80000,0x00000000f305fb10,0x00000000f3f80000)
  to   space 33280K, 0% used [0x00000000f4c80000,0x00000000f4c80000,0x00000000f6d00000)
 ParOldGen       total 145920K, used 61678K [0x00000000c0000000, 0x00000000c8e80000, 0x00000000eab00000)
  object space 145920K, 42% used [0x00000000c0000000,0x00000000c3c3ba00,0x00000000c8e80000)
 Metaspace       used 95723K, capacity 99908K, committed 100264K, reserved 1136640K
  class space    used 12416K, capacity 13356K, committed 13480K, reserved 1048576K
}
Event: 1539.106 GC heap before
{Heap before GC invocations=48 (full 4):
 PSYoungGen      total 152064K, used 136574K [0x00000000eab00000, 0x00000000f6d00000, 0x0000000100000000)
  eden space 117248K, 100% used [0x00000000eab00000,0x00000000f1d80000,0x00000000f1d80000)
  from space 34816K, 55% used [0x00000000f1d80000,0x00000000f305fb10,0x00000000f3f80000)
  to   space 33280K, 0% used [0x00000000f4c80000,0x00000000f4c80000,0x00000000f6d00000)
 ParOldGen       total 145920K, used 61678K [0x00000000c0000000, 0x00000000c8e80000, 0x00000000eab00000)
  object space 145920K, 42% used [0x00000000c0000000,0x00000000c3c3ba00,0x00000000c8e80000)
 Metaspace       used 95743K, capacity 99908K, committed 100264K, reserved 1136640K
  class space    used 12416K, capacity 13356K, committed 13480K, reserved 1048576K
Event: 1539.169 GC heap after
Heap after GC invocations=48 (full 4):
 PSYoungGen      total 165888K, used 20089K [0x00000000eab00000, 0x00000000f6c80000, 0x0000000100000000)
  eden space 133120K, 0% used [0x00000000eab00000,0x00000000eab00000,0x00000000f2d00000)
  from space 32768K, 61% used [0x00000000f4c80000,0x00000000f601e628,0x00000000f6c80000)
  to   space 32256K, 0% used [0x00000000f2d00000,0x00000000f2d00000,0x00000000f4c80000)
 ParOldGen       total 145920K, used 61678K [0x00000000c0000000, 0x00000000c8e80000, 0x00000000eab00000)
  object space 145920K, 42% used [0x00000000c0000000,0x00000000c3c3ba00,0x00000000c8e80000)
 Metaspace       used 95743K, capacity 99908K, committed 100264K, reserved 1136640K
  class space    used 12416K, capacity 13356K, committed 13480K, reserved 1048576K
}
Event: 1540.551 GC heap before
{Heap before GC invocations=49 (full 4):
 PSYoungGen      total 165888K, used 153209K [0x00000000eab00000, 0x00000000f6c80000, 0x0000000100000000)
  eden space 133120K, 100% used [0x00000000eab00000,0x00000000f2d00000,0x00000000f2d00000)
  from space 32768K, 61% used [0x00000000f4c80000,0x00000000f601e628,0x00000000f6c80000)
  to   space 32256K, 0% used [0x00000000f2d00000,0x00000000f2d00000,0x00000000f4c80000)
 ParOldGen       total 145920K, used 61678K [0x00000000c0000000, 0x00000000c8e80000, 0x00000000eab00000)
  object space 145920K, 42% used [0x00000000c0000000,0x00000000c3c3ba00,0x00000000c8e80000)
 Metaspace       used 95782K, capacity 100008K, committed 100264K, reserved 1136640K
  class space    used 12420K, capacity 13388K, committed 13480K, reserved 1048576K
Event: 1540.614 GC heap after
Heap after GC invocations=49 (full 4):
 PSYoungGen      total 165376K, used 19995K [0x00000000eab00000, 0x00000000f7c80000, 0x0000000100000000)
  eden space 133120K, 0% used [0x00000000eab00000,0x00000000eab00000,0x00000000f2d00000)
  from space 32256K, 61% used [0x00000000f2d00000,0x00000000f4086c90,0x00000000f4c80000)
  to   space 31232K, 0% used [0x00000000f5e00000,0x00000000f5e00000,0x00000000f7c80000)
 ParOldGen       total 145920K, used 61678K [0x00000000c0000000, 0x00000000c8e80000, 0x00000000eab00000)
  object space 145920K, 42% used [0x00000000c0000000,0x00000000c3c3ba00,0x00000000c8e80000)
 Metaspace       used 95782K, capacity 100008K, committed 100264K, reserved 1136640K
  class space    used 12420K, capacity 13388K, committed 13480K, reserved 1048576K
}
Event: 1541.447 GC heap before
{Heap before GC invocations=50 (full 4):
 PSYoungGen      total 165376K, used 153115K [0x00000000eab00000, 0x00000000f7c80000, 0x0000000100000000)
  eden space 133120K, 100% used [0x00000000eab00000,0x00000000f2d00000,0x00000000f2d00000)
  from space 32256K, 61% used [0x00000000f2d00000,0x00000000f4086c90,0x00000000f4c80000)
  to   space 31232K, 0% used [0x00000000f5e00000,0x00000000f5e00000,0x00000000f7c80000)
 ParOldGen       total 145920K, used 61678K [0x00000000c0000000, 0x00000000c8e80000, 0x00000000eab00000)
  object space 145920K, 42% used [0x00000000c0000000,0x00000000c3c3ba00,0x00000000c8e80000)
 Metaspace       used 95802K, capacity 100008K, committed 100264K, reserved 1136640K
  class space    used 12420K, capacity 13388K, committed 13480K, reserved 1048576K
Event: 1541.547 GC heap after
Heap after GC invocations=50 (full 4):
 PSYoungGen      total 184320K, used 20328K [0x00000000eab00000, 0x00000000f7d00000, 0x0000000100000000)
  eden space 153088K, 0% used [0x00000000eab00000,0x00000000eab00000,0x00000000f4080000)
  from space 31232K, 65% used [0x00000000f5e00000,0x00000000f71da318,0x00000000f7c80000)
  to   space 30208K, 0% used [0x00000000f4080000,0x00000000f4080000,0x00000000f5e00000)
 ParOldGen       total 145920K, used 61678K [0x00000000c0000000, 0x00000000c8e80000, 0x00000000eab00000)
  object space 145920K, 42% used [0x00000000c0000000,0x00000000c3c3ba00,0x00000000c8e80000)
 Metaspace       used 95802K, capacity 100008K, committed 100264K, reserved 1136640K
  class space    used 12420K, capacity 13388K, committed 13480K, reserved 1048576K
}
Event: 1542.703 GC heap before
{Heap before GC invocations=51 (full 4):
 PSYoungGen      total 184320K, used 173416K [0x00000000eab00000, 0x00000000f7d00000, 0x0000000100000000)
  eden space 153088K, 100% used [0x00000000eab00000,0x00000000f4080000,0x00000000f4080000)
  from space 31232K, 65% used [0x00000000f5e00000,0x00000000f71da318,0x00000000f7c80000)
  to   space 30208K, 0% used [0x00000000f4080000,0x00000000f4080000,0x00000000f5e00000)
 ParOldGen       total 145920K, used 61678K [0x00000000c0000000, 0x00000000c8e80000, 0x00000000eab00000)
  object space 145920K, 42% used [0x00000000c0000000,0x00000000c3c3ba00,0x00000000c8e80000)
 Metaspace       used 95832K, capacity 100008K, committed 100264K, reserved 1136640K
  class space    used 12422K, capacity 13388K, committed 13480K, reserved 1048576K
Event: 1542.739 GC heap after
Heap after GC invocations=51 (full 4):
 PSYoungGen      total 183296K, used 21240K [0x00000000eab00000, 0x00000000f7d00000, 0x0000000100000000)
  eden space 153088K, 0% used [0x00000000eab00000,0x00000000eab00000,0x00000000f4080000)
  from space 30208K, 70% used [0x00000000f4080000,0x00000000f553e110,0x00000000f5e00000)
  to   space 31232K, 0% used [0x00000000f5e00000,0x00000000f5e00000,0x00000000f7c80000)
 ParOldGen       total 145920K, used 61678K [0x00000000c0000000, 0x00000000c8e80000, 0x00000000eab00000)
  object space 145920K, 42% used [0x00000000c0000000,0x00000000c3c3ba00,0x00000000c8e80000)
 Metaspace       used 95832K, capacity 100008K, committed 100264K, reserved 1136640K
  class space    used 12422K, capacity 13388K, committed 13480K, reserved 1048576K
}

