# JRE version: OpenJDK Runtime Environment (8.0_152-b01) (build 1.8.0_152-release-1248-b01)
# Java VM: OpenJDK 64-Bit Server VM (25.152-b01 mixed mode windows-amd64 compressed oops)
Heap:
 PSYoungGen      total 149504K, used 10482K [0x00000000e0000000, 0x00000000ed880000, 0x0000000100000000)
  eden space 129536K, 8% used [0x00000000e0000000,0x00000000e0a3cb10,0x00000000e7e80000)
  from space 19968K, 0% used [0x00000000e7e80000,0x00000000e7e80000,0x00000000e9200000)
  to   space 37376K, 0% used [0x00000000eb400000,0x00000000eb400000,0x00000000ed880000)
 ParOldGen       total 191488K, used 95861K [0x00000000a0000000, 0x00000000abb00000, 0x00000000e0000000)
  object space 191488K, 50% used [0x00000000a0000000,0x00000000a5d9d560,0x00000000abb00000)
 Metaspace       used 79264K, capacity 81764K, committed 82224K, reserved 1120256K
  class space    used 10368K, capacity 10970K, committed 11056K, reserved 1048576K
GC Heap History (10 events):
Event: 51.673 GC heap before
{Heap before GC invocations=23 (full 3):
 PSYoungGen      total 121856K, used 121837K [0x00000000e0000000, 0x00000000e9200000, 0x0000000100000000)
  eden space 110080K, 100% used [0x00000000e0000000,0x00000000e6b80000,0x00000000e6b80000)
  from space 11776K, 99% used [0x00000000e6b80000,0x00000000e76fb4c0,0x00000000e7700000)
  to   space 15360K, 0% used [0x00000000e8300000,0x00000000e8300000,0x00000000e9200000)
 ParOldGen       total 93184K, used 42130K [0x00000000a0000000, 0x00000000a5b00000, 0x00000000e0000000)
  object space 93184K, 45% used [0x00000000a0000000,0x00000000a2924bd0,0x00000000a5b00000)
 Metaspace       used 63985K, capacity 65778K, committed 66224K, reserved 1105920K
  class space    used 8532K, capacity 9023K, committed 9136K, reserved 1048576K
Event: 51.704 GC heap after
Heap after GC invocations=23 (full 3):
 PSYoungGen      total 134656K, used 6383K [0x00000000e0000000, 0x00000000e9400000, 0x0000000100000000)
  eden space 119296K, 0% used [0x00000000e0000000,0x00000000e0000000,0x00000000e7480000)
  from space 15360K, 41% used [0x00000000e8300000,0x00000000e893bf58,0x00000000e9200000)
  to   space 14848K, 0% used [0x00000000e7480000,0x00000000e7480000,0x00000000e8300000)
 ParOldGen       total 93184K, used 53530K [0x00000000a0000000, 0x00000000a5b00000, 0x00000000e0000000)
  object space 93184K, 57% used [0x00000000a0000000,0x00000000a34468f8,0x00000000a5b00000)
 Metaspace       used 63985K, capacity 65778K, committed 66224K, reserved 1105920K
  class space    used 8532K, capacity 9023K, committed 9136K, reserved 1048576K
}
Event: 64.926 GC heap before
{Heap before GC invocations=24 (full 3):
 PSYoungGen      total 134656K, used 123411K [0x00000000e0000000, 0x00000000e9400000, 0x0000000100000000)
  eden space 119296K, 98% used [0x00000000e0000000,0x00000000e7248d08,0x00000000e7480000)
  from space 15360K, 41% used [0x00000000e8300000,0x00000000e893bf58,0x00000000e9200000)
  to   space 14848K, 0% used [0x00000000e7480000,0x00000000e7480000,0x00000000e8300000)
 ParOldGen       total 93184K, used 53530K [0x00000000a0000000, 0x00000000a5b00000, 0x00000000e0000000)
  object space 93184K, 57% used [0x00000000a0000000,0x00000000a34468f8,0x00000000a5b00000)
 Metaspace       used 69063K, capacity 70982K, committed 71216K, reserved 1110016K
  class space    used 9164K, capacity 9685K, committed 9776K, reserved 1048576K
Event: 64.958 GC heap after
Heap after GC invocations=24 (full 3):
 PSYoungGen      total 134144K, used 14823K [0x00000000e0000000, 0x00000000ea480000, 0x0000000100000000)
  eden space 119296K, 0% used [0x00000000e0000000,0x00000000e0000000,0x00000000e7480000)
  from space 14848K, 99% used [0x00000000e7480000,0x00000000e82f9cf0,0x00000000e8300000)
  to   space 18944K, 0% used [0x00000000e9200000,0x00000000e9200000,0x00000000ea480000)
 ParOldGen       total 93184K, used 58528K [0x00000000a0000000, 0x00000000a5b00000, 0x00000000e0000000)
  object space 93184K, 62% used [0x00000000a0000000,0x00000000a39280d0,0x00000000a5b00000)
 Metaspace       used 69063K, capacity 70982K, committed 71216K, reserved 1110016K
  class space    used 9164K, capacity 9685K, committed 9776K, reserved 1048576K
}
Event: 71.813 GC heap before
{Heap before GC invocations=25 (full 3):
 PSYoungGen      total 134144K, used 134119K [0x00000000e0000000, 0x00000000ea480000, 0x0000000100000000)
  eden space 119296K, 100% used [0x00000000e0000000,0x00000000e7480000,0x00000000e7480000)
  from space 14848K, 99% used [0x00000000e7480000,0x00000000e82f9cf0,0x00000000e8300000)
  to   space 18944K, 0% used [0x00000000e9200000,0x00000000e9200000,0x00000000ea480000)
 ParOldGen       total 93184K, used 58528K [0x00000000a0000000, 0x00000000a5b00000, 0x00000000e0000000)
  object space 93184K, 62% used [0x00000000a0000000,0x00000000a39280d0,0x00000000a5b00000)
 Metaspace       used 71585K, capacity 73622K, committed 74032K, reserved 1114112K
  class space    used 9375K, capacity 9919K, committed 10032K, reserved 1048576K
Event: 71.885 GC heap after
Heap after GC invocations=25 (full 3):
 PSYoungGen      total 148480K, used 14052K [0x00000000e0000000, 0x00000000ea800000, 0x0000000100000000)
  eden space 129536K, 0% used [0x00000000e0000000,0x00000000e0000000,0x00000000e7e80000)
  from space 18944K, 74% used [0x00000000e9200000,0x00000000e9fb91c8,0x00000000ea480000)
  to   space 19968K, 0% used [0x00000000e7e80000,0x00000000e7e80000,0x00000000e9200000)
 ParOldGen       total 93184K, used 70072K [0x00000000a0000000, 0x00000000a5b00000, 0x00000000e0000000)
  object space 93184K, 75% used [0x00000000a0000000,0x00000000a446e2c0,0x00000000a5b00000)
 Metaspace       used 71585K, capacity 73622K, committed 74032K, reserved 1114112K
  class space    used 9375K, capacity 9919K, committed 10032K, reserved 1048576K
}
Event: 79.184 GC heap before
{Heap before GC invocations=26 (full 3):
 PSYoungGen      total 148480K, used 143588K [0x00000000e0000000, 0x00000000ea800000, 0x0000000100000000)
  eden space 129536K, 100% used [0x00000000e0000000,0x00000000e7e80000,0x00000000e7e80000)
  from space 18944K, 74% used [0x00000000e9200000,0x00000000e9fb91c8,0x00000000ea480000)
  to   space 19968K, 0% used [0x00000000e7e80000,0x00000000e7e80000,0x00000000e9200000)
 ParOldGen       total 93184K, used 70072K [0x00000000a0000000, 0x00000000a5b00000, 0x00000000e0000000)
  object space 93184K, 75% used [0x00000000a0000000,0x00000000a446e2c0,0x00000000a5b00000)
 Metaspace       used 79372K, capacity 82040K, committed 82224K, reserved 1120256K
  class space    used 10407K, capacity 11038K, committed 11056K, reserved 1048576K
Event: 79.329 GC heap after
Heap after GC invocations=26 (full 3):
 PSYoungGen      total 149504K, used 19950K [0x00000000e0000000, 0x00000000ed880000, 0x0000000100000000)
  eden space 129536K, 0% used [0x00000000e0000000,0x00000000e0000000,0x00000000e7e80000)
  from space 19968K, 99% used [0x00000000e7e80000,0x00000000e91fb8a8,0x00000000e9200000)
  to   space 37376K, 0% used [0x00000000eb400000,0x00000000eb400000,0x00000000ed880000)
 ParOldGen       total 110592K, used 110249K [0x00000000a0000000, 0x00000000a6c00000, 0x00000000e0000000)
  object space 110592K, 99% used [0x00000000a0000000,0x00000000a6baa738,0x00000000a6c00000)
 Metaspace       used 79372K, capacity 82040K, committed 82224K, reserved 1120256K
  class space    used 10407K, capacity 11038K, committed 11056K, reserved 1048576K
}
Event: 79.329 GC heap before
{Heap before GC invocations=27 (full 4):
 PSYoungGen      total 149504K, used 19950K [0x00000000e0000000, 0x00000000ed880000, 0x0000000100000000)
  eden space 129536K, 0% used [0x00000000e0000000,0x00000000e0000000,0x00000000e7e80000)
  from space 19968K, 99% used [0x00000000e7e80000,0x00000000e91fb8a8,0x00000000e9200000)
  to   space 37376K, 0% used [0x00000000eb400000,0x00000000eb400000,0x00000000ed880000)
 ParOldGen       total 110592K, used 110249K [0x00000000a0000000, 0x00000000a6c00000, 0x00000000e0000000)
  object space 110592K, 99% used [0x00000000a0000000,0x00000000a6baa738,0x00000000a6c00000)
 Metaspace       used 79372K, capacity 82040K, committed 82224K, reserved 1120256K
  class space    used 10407K, capacity 11038K, committed 11056K, reserved 1048576K
Event: 80.043 GC heap after
Heap after GC invocations=27 (full 4):
 PSYoungGen      total 149504K, used 0K [0x00000000e0000000, 0x00000000ed880000, 0x0000000100000000)
  eden space 129536K, 0% used [0x00000000e0000000,0x00000000e0000000,0x00000000e7e80000)
  from space 19968K, 0% used [0x00000000e7e80000,0x00000000e7e80000,0x00000000e9200000)
  to   space 37376K, 0% used [0x00000000eb400000,0x00000000eb400000,0x00000000ed880000)
 ParOldGen       total 191488K, used 95861K [0x00000000a0000000, 0x00000000abb00000, 0x00000000e0000000)
  object space 191488K, 50% used [0x00000000a0000000,0x00000000a5d9d560,0x00000000abb00000)
 Metaspace       used 79263K, capacity 81764K, committed 82224K, reserved 1120256K
  class space    used 10368K, capacity 10970K, committed 11056K, reserved 1048576K
}

