# JRE version: OpenJDK Runtime Environment (8.0_152-b02) (build 1.8.0_152-release-1024-b02)
# Java VM: OpenJDK 64-Bit Server VM (25.152-b02 mixed mode windows-amd64 compressed oops)
Heap:
 PSYoungGen      total 490496K, used 124109K [0x00000000e0000000, 0x00000000ff180000, 0x0000000100000000)
  eden space 475648K, 24% used [0x00000000e0000000,0x00000000e712d8d0,0x00000000fd080000)
  from space 14848K, 55% used [0x00000000fe300000,0x00000000feb05b48,0x00000000ff180000)
  to   space 16896K, 0% used [0x00000000fd080000,0x00000000fd080000,0x00000000fe100000)
 ParOldGen       total 92672K, used 46967K [0x00000000a0000000, 0x00000000a5a80000, 0x00000000e0000000)
  object space 92672K, 50% used [0x00000000a0000000,0x00000000a2dddf28,0x00000000a5a80000)
 Metaspace       used 70920K, capacity 74013K, committed 74240K, reserved 1114112K
  class space    used 9239K, capacity 9870K, committed 9984K, reserved 1048576K
GC Heap History (10 events):
Event: 51.397 GC heap before
{Heap before GC invocations=29 (full 3):
 PSYoungGen      total 373760K, used 357532K [0x00000000e0000000, 0x00000000faf80000, 0x0000000100000000)
  eden space 355328K, 100% used [0x00000000e0000000,0x00000000f5b00000,0x00000000f5b00000)
  from space 18432K, 11% used [0x00000000f5b00000,0x00000000f5d27128,0x00000000f6d00000)
  to   space 18944K, 0% used [0x00000000f9d00000,0x00000000f9d00000,0x00000000faf80000)
 ParOldGen       total 92672K, used 46935K [0x00000000a0000000, 0x00000000a5a80000, 0x00000000e0000000)
  object space 92672K, 50% used [0x00000000a0000000,0x00000000a2dd5f28,0x00000000a5a80000)
 Metaspace       used 64107K, capacity 66567K, committed 66688K, reserved 1107968K
  class space    used 8546K, capacity 9079K, committed 9088K, reserved 1048576K
Event: 51.420 GC heap after
Heap after GC invocations=29 (full 3):
 PSYoungGen      total 416768K, used 8779K [0x00000000e0000000, 0x00000000fab80000, 0x0000000100000000)
  eden space 401920K, 0% used [0x00000000e0000000,0x00000000e0000000,0x00000000f8880000)
  from space 14848K, 59% used [0x00000000f9d00000,0x00000000fa592f68,0x00000000fab80000)
  to   space 17920K, 0% used [0x00000000f8880000,0x00000000f8880000,0x00000000f9a00000)
 ParOldGen       total 92672K, used 46943K [0x00000000a0000000, 0x00000000a5a80000, 0x00000000e0000000)
  object space 92672K, 50% used [0x00000000a0000000,0x00000000a2dd7f28,0x00000000a5a80000)
 Metaspace       used 64107K, capacity 66567K, committed 66688K, reserved 1107968K
  class space    used 8546K, capacity 9079K, committed 9088K, reserved 1048576K
}
Event: 53.542 GC heap before
{Heap before GC invocations=30 (full 3):
 PSYoungGen      total 416768K, used 410699K [0x00000000e0000000, 0x00000000fab80000, 0x0000000100000000)
  eden space 401920K, 100% used [0x00000000e0000000,0x00000000f8880000,0x00000000f8880000)
  from space 14848K, 59% used [0x00000000f9d00000,0x00000000fa592f68,0x00000000fab80000)
  to   space 17920K, 0% used [0x00000000f8880000,0x00000000f8880000,0x00000000f9a00000)
 ParOldGen       total 92672K, used 46943K [0x00000000a0000000, 0x00000000a5a80000, 0x00000000e0000000)
  object space 92672K, 50% used [0x00000000a0000000,0x00000000a2dd7f28,0x00000000a5a80000)
 Metaspace       used 64153K, capacity 66579K, committed 66688K, reserved 1107968K
  class space    used 8547K, capacity 9081K, committed 9088K, reserved 1048576K
Event: 53.551 GC heap after
Heap after GC invocations=30 (full 3):
 PSYoungGen      total 419840K, used 1024K [0x00000000e0000000, 0x00000000fd980000, 0x0000000100000000)
  eden space 401920K, 0% used [0x00000000e0000000,0x00000000e0000000,0x00000000f8880000)
  from space 17920K, 5% used [0x00000000f8880000,0x00000000f8980000,0x00000000f9a00000)
  to   space 18432K, 0% used [0x00000000fc780000,0x00000000fc780000,0x00000000fd980000)
 ParOldGen       total 92672K, used 46943K [0x00000000a0000000, 0x00000000a5a80000, 0x00000000e0000000)
  object space 92672K, 50% used [0x00000000a0000000,0x00000000a2dd7f28,0x00000000a5a80000)
 Metaspace       used 64153K, capacity 66579K, committed 66688K, reserved 1107968K
  class space    used 8547K, capacity 9081K, committed 9088K, reserved 1048576K
}
Event: 62.340 GC heap before
{Heap before GC invocations=31 (full 3):
 PSYoungGen      total 419840K, used 402944K [0x00000000e0000000, 0x00000000fd980000, 0x0000000100000000)
  eden space 401920K, 100% used [0x00000000e0000000,0x00000000f8880000,0x00000000f8880000)
  from space 17920K, 5% used [0x00000000f8880000,0x00000000f8980000,0x00000000f9a00000)
  to   space 18432K, 0% used [0x00000000fc780000,0x00000000fc780000,0x00000000fd980000)
 ParOldGen       total 92672K, used 46943K [0x00000000a0000000, 0x00000000a5a80000, 0x00000000e0000000)
  object space 92672K, 50% used [0x00000000a0000000,0x00000000a2dd7f28,0x00000000a5a80000)
 Metaspace       used 64642K, capacity 67045K, committed 67328K, reserved 1107968K
  class space    used 8574K, capacity 9098K, committed 9216K, reserved 1048576K
Event: 62.348 GC heap after
Heap after GC invocations=31 (full 3):
 PSYoungGen      total 451072K, used 4026K [0x00000000e0000000, 0x00000000fd180000, 0x0000000100000000)
  eden space 440832K, 0% used [0x00000000e0000000,0x00000000e0000000,0x00000000fae80000)
  from space 10240K, 39% used [0x00000000fc780000,0x00000000fcb6ea18,0x00000000fd180000)
  to   space 17920K, 0% used [0x00000000fae80000,0x00000000fae80000,0x00000000fc000000)
 ParOldGen       total 92672K, used 46951K [0x00000000a0000000, 0x00000000a5a80000, 0x00000000e0000000)
  object space 92672K, 50% used [0x00000000a0000000,0x00000000a2dd9f28,0x00000000a5a80000)
 Metaspace       used 64642K, capacity 67045K, committed 67328K, reserved 1107968K
  class space    used 8574K, capacity 9098K, committed 9216K, reserved 1048576K
}
Event: 70.209 GC heap before
{Heap before GC invocations=32 (full 3):
 PSYoungGen      total 451072K, used 444858K [0x00000000e0000000, 0x00000000fd180000, 0x0000000100000000)
  eden space 440832K, 100% used [0x00000000e0000000,0x00000000fae80000,0x00000000fae80000)
  from space 10240K, 39% used [0x00000000fc780000,0x00000000fcb6ea18,0x00000000fd180000)
  to   space 17920K, 0% used [0x00000000fae80000,0x00000000fae80000,0x00000000fc000000)
 ParOldGen       total 92672K, used 46951K [0x00000000a0000000, 0x00000000a5a80000, 0x00000000e0000000)
  object space 92672K, 50% used [0x00000000a0000000,0x00000000a2dd9f28,0x00000000a5a80000)
 Metaspace       used 66156K, capacity 68881K, committed 68992K, reserved 1110016K
  class space    used 8740K, capacity 9336K, committed 9344K, reserved 1048576K
Event: 70.227 GC heap after
Heap after GC invocations=32 (full 3):
 PSYoungGen      total 458752K, used 5064K [0x00000000e0000000, 0x00000000ff400000, 0x0000000100000000)
  eden space 440832K, 0% used [0x00000000e0000000,0x00000000e0000000,0x00000000fae80000)
  from space 17920K, 28% used [0x00000000fae80000,0x00000000fb3721c0,0x00000000fc000000)
  to   space 17408K, 0% used [0x00000000fe300000,0x00000000fe300000,0x00000000ff400000)
 ParOldGen       total 92672K, used 46959K [0x00000000a0000000, 0x00000000a5a80000, 0x00000000e0000000)
  object space 92672K, 50% used [0x00000000a0000000,0x00000000a2ddbf28,0x00000000a5a80000)
 Metaspace       used 66156K, capacity 68881K, committed 68992K, reserved 1110016K
  class space    used 8740K, capacity 9336K, committed 9344K, reserved 1048576K
}
Event: 72.383 GC heap before
{Heap before GC invocations=33 (full 3):
 PSYoungGen      total 458752K, used 444990K [0x00000000e0000000, 0x00000000ff400000, 0x0000000100000000)
  eden space 440832K, 99% used [0x00000000e0000000,0x00000000fad9d708,0x00000000fae80000)
  from space 17920K, 28% used [0x00000000fae80000,0x00000000fb3721c0,0x00000000fc000000)
  to   space 17408K, 0% used [0x00000000fe300000,0x00000000fe300000,0x00000000ff400000)
 ParOldGen       total 92672K, used 46959K [0x00000000a0000000, 0x00000000a5a80000, 0x00000000e0000000)
  object space 92672K, 50% used [0x00000000a0000000,0x00000000a2ddbf28,0x00000000a5a80000)
 Metaspace       used 67396K, capacity 70291K, committed 70528K, reserved 1110016K
  class space    used 8902K, capacity 9473K, committed 9600K, reserved 1048576K
Event: 72.398 GC heap after
Heap after GC invocations=33 (full 3):
 PSYoungGen      total 490496K, used 8214K [0x00000000e0000000, 0x00000000ff180000, 0x0000000100000000)
  eden space 475648K, 0% used [0x00000000e0000000,0x00000000e0000000,0x00000000fd080000)
  from space 14848K, 55% used [0x00000000fe300000,0x00000000feb05b48,0x00000000ff180000)
  to   space 16896K, 0% used [0x00000000fd080000,0x00000000fd080000,0x00000000fe100000)
 ParOldGen       total 92672K, used 46967K [0x00000000a0000000, 0x00000000a5a80000, 0x00000000e0000000)
  object space 92672K, 50% used [0x00000000a0000000,0x00000000a2dddf28,0x00000000a5a80000)
 Metaspace       used 67396K, capacity 70291K, committed 70528K, reserved 1110016K
  class space    used 8902K, capacity 9473K, committed 9600K, reserved 1048576K
}

