# JRE version: OpenJDK Runtime Environment (8.0_152-b01) (build 1.8.0_152-release-1248-b01)
# Java VM: OpenJDK 64-Bit Server VM (25.152-b01 mixed mode windows-amd64 compressed oops)
Heap:
 PSYoungGen      total 184320K, used 133108K [0x00000000e0000000, 0x00000000ee780000, 0x0000000100000000)
  eden space 138752K, 81% used [0x00000000e0000000,0x00000000e6f18648,0x00000000e8780000)
  from space 45568K, 42% used [0x00000000ebb00000,0x00000000ecde4cd8,0x00000000ee780000)
  to   space 49152K, 0% used [0x00000000e8780000,0x00000000e8780000,0x00000000eb780000)
 ParOldGen       total 146944K, used 96938K [0x00000000a0000000, 0x00000000a8f80000, 0x00000000e0000000)
  object space 146944K, 65% used [0x00000000a0000000,0x00000000a5eaab40,0x00000000a8f80000)
 Metaspace       used 85748K, capacity 88950K, committed 89136K, reserved 1126400K
  class space    used 11054K, capacity 11759K, committed 11824K, reserved 1048576K
GC Heap History (10 events):
Event: 571.124 GC heap before
{Heap before GC invocations=26 (full 3):
 PSYoungGen      total 138752K, used 138701K [0x00000000e0000000, 0x00000000eb700000, 0x0000000100000000)
  eden space 119808K, 99% used [0x00000000e0000000,0x00000000e74f52f0,0x00000000e7500000)
  from space 18944K, 99% used [0x00000000e9080000,0x00000000ea2fe3b8,0x00000000ea300000)
  to   space 28160K, 0% used [0x00000000e7500000,0x00000000e7500000,0x00000000e9080000)
 ParOldGen       total 91648K, used 75802K [0x00000000a0000000, 0x00000000a5980000, 0x00000000e0000000)
  object space 91648K, 82% used [0x00000000a0000000,0x00000000a4a06920,0x00000000a5980000)
 Metaspace       used 81909K, capacity 85046K, committed 85168K, reserved 1122304K
  class space    used 10655K, capacity 11337K, committed 11440K, reserved 1048576K
Event: 571.171 GC heap after
Heap after GC invocations=26 (full 3):
 PSYoungGen      total 147968K, used 23991K [0x00000000e0000000, 0x00000000ebf00000, 0x0000000100000000)
  eden space 119808K, 0% used [0x00000000e0000000,0x00000000e0000000,0x00000000e7500000)
  from space 28160K, 85% used [0x00000000e7500000,0x00000000e8c6dd60,0x00000000e9080000)
  to   space 31232K, 0% used [0x00000000ea080000,0x00000000ea080000,0x00000000ebf00000)
 ParOldGen       total 91648K, used 82213K [0x00000000a0000000, 0x00000000a5980000, 0x00000000e0000000)
  object space 91648K, 89% used [0x00000000a0000000,0x00000000a5049698,0x00000000a5980000)
 Metaspace       used 81909K, capacity 85046K, committed 85168K, reserved 1122304K
  class space    used 10655K, capacity 11337K, committed 11440K, reserved 1048576K
}
Event: 571.172 GC heap before
{Heap before GC invocations=27 (full 4):
 PSYoungGen      total 147968K, used 23991K [0x00000000e0000000, 0x00000000ebf00000, 0x0000000100000000)
  eden space 119808K, 0% used [0x00000000e0000000,0x00000000e0000000,0x00000000e7500000)
  from space 28160K, 85% used [0x00000000e7500000,0x00000000e8c6dd60,0x00000000e9080000)
  to   space 31232K, 0% used [0x00000000ea080000,0x00000000ea080000,0x00000000ebf00000)
 ParOldGen       total 91648K, used 82213K [0x00000000a0000000, 0x00000000a5980000, 0x00000000e0000000)
  object space 91648K, 89% used [0x00000000a0000000,0x00000000a5049698,0x00000000a5980000)
 Metaspace       used 81909K, capacity 85046K, committed 85168K, reserved 1122304K
  class space    used 10655K, capacity 11337K, committed 11440K, reserved 1048576K
Event: 571.469 GC heap after
Heap after GC invocations=27 (full 4):
 PSYoungGen      total 147968K, used 0K [0x00000000e0000000, 0x00000000ebf00000, 0x0000000100000000)
  eden space 119808K, 0% used [0x00000000e0000000,0x00000000e0000000,0x00000000e7500000)
  from space 28160K, 0% used [0x00000000e7500000,0x00000000e7500000,0x00000000e9080000)
  to   space 31232K, 0% used [0x00000000ea080000,0x00000000ea080000,0x00000000ebf00000)
 ParOldGen       total 146944K, used 61427K [0x00000000a0000000, 0x00000000a8f80000, 0x00000000e0000000)
  object space 146944K, 41% used [0x00000000a0000000,0x00000000a3bfcd60,0x00000000a8f80000)
 Metaspace       used 81728K, capacity 84536K, committed 85168K, reserved 1122304K
  class space    used 10593K, capacity 11230K, committed 11440K, reserved 1048576K
}
Event: 577.118 GC heap before
{Heap before GC invocations=28 (full 4):
 PSYoungGen      total 147968K, used 119808K [0x00000000e0000000, 0x00000000ebf00000, 0x0000000100000000)
  eden space 119808K, 100% used [0x00000000e0000000,0x00000000e7500000,0x00000000e7500000)
  from space 28160K, 0% used [0x00000000e7500000,0x00000000e7500000,0x00000000e9080000)
  to   space 31232K, 0% used [0x00000000ea080000,0x00000000ea080000,0x00000000ebf00000)
 ParOldGen       total 146944K, used 61427K [0x00000000a0000000, 0x00000000a8f80000, 0x00000000e0000000)
  object space 146944K, 41% used [0x00000000a0000000,0x00000000a3bfcd60,0x00000000a8f80000)
 Metaspace       used 82828K, capacity 85744K, committed 86320K, reserved 1124352K
  class space    used 10749K, capacity 11394K, committed 11568K, reserved 1048576K
Event: 577.287 GC heap after
Heap after GC invocations=28 (full 4):
 PSYoungGen      total 151040K, used 31200K [0x00000000e0000000, 0x00000000ee100000, 0x0000000100000000)
  eden space 119808K, 0% used [0x00000000e0000000,0x00000000e0000000,0x00000000e7500000)
  from space 31232K, 99% used [0x00000000ea080000,0x00000000ebef8318,0x00000000ebf00000)
  to   space 44544K, 0% used [0x00000000e7500000,0x00000000e7500000,0x00000000ea080000)
 ParOldGen       total 146944K, used 84083K [0x00000000a0000000, 0x00000000a8f80000, 0x00000000e0000000)
  object space 146944K, 57% used [0x00000000a0000000,0x00000000a521cc48,0x00000000a8f80000)
 Metaspace       used 82828K, capacity 85744K, committed 86320K, reserved 1124352K
  class space    used 10749K, capacity 11394K, committed 11568K, reserved 1048576K
}
Event: 579.352 GC heap before
{Heap before GC invocations=29 (full 4):
 PSYoungGen      total 151040K, used 151008K [0x00000000e0000000, 0x00000000ee100000, 0x0000000100000000)
  eden space 119808K, 100% used [0x00000000e0000000,0x00000000e7500000,0x00000000e7500000)
  from space 31232K, 99% used [0x00000000ea080000,0x00000000ebef8318,0x00000000ebf00000)
  to   space 44544K, 0% used [0x00000000e7500000,0x00000000e7500000,0x00000000ea080000)
 ParOldGen       total 146944K, used 84083K [0x00000000a0000000, 0x00000000a8f80000, 0x00000000e0000000)
  object space 146944K, 57% used [0x00000000a0000000,0x00000000a521cc48,0x00000000a8f80000)
 Metaspace       used 83031K, capacity 86058K, committed 86576K, reserved 1124352K
  class space    used 10754K, capacity 11427K, committed 11568K, reserved 1048576K
Event: 579.423 GC heap after
Heap after GC invocations=29 (full 4):
 PSYoungGen      total 164352K, used 44537K [0x00000000e0000000, 0x00000000eee00000, 0x0000000100000000)
  eden space 119808K, 0% used [0x00000000e0000000,0x00000000e0000000,0x00000000e7500000)
  from space 44544K, 99% used [0x00000000e7500000,0x00000000ea07e430,0x00000000ea080000)
  to   space 52224K, 0% used [0x00000000ebb00000,0x00000000ebb00000,0x00000000eee00000)
 ParOldGen       total 146944K, used 84706K [0x00000000a0000000, 0x00000000a8f80000, 0x00000000e0000000)
  object space 146944K, 57% used [0x00000000a0000000,0x00000000a52b8938,0x00000000a8f80000)
 Metaspace       used 83031K, capacity 86058K, committed 86576K, reserved 1124352K
  class space    used 10754K, capacity 11427K, committed 11568K, reserved 1048576K
}
Event: 582.955 GC heap before
{Heap before GC invocations=30 (full 4):
 PSYoungGen      total 164352K, used 163031K [0x00000000e0000000, 0x00000000eee00000, 0x0000000100000000)
  eden space 119808K, 98% used [0x00000000e0000000,0x00000000e73b7a60,0x00000000e7500000)
  from space 44544K, 99% used [0x00000000e7500000,0x00000000ea07e430,0x00000000ea080000)
  to   space 52224K, 0% used [0x00000000ebb00000,0x00000000ebb00000,0x00000000eee00000)
 ParOldGen       total 146944K, used 84706K [0x00000000a0000000, 0x00000000a8f80000, 0x00000000e0000000)
  object space 146944K, 57% used [0x00000000a0000000,0x00000000a52b8938,0x00000000a8f80000)
 Metaspace       used 84833K, capacity 87904K, committed 88240K, reserved 1126400K
  class space    used 10976K, capacity 11642K, committed 11696K, reserved 1048576K
Event: 583.005 GC heap after
Heap after GC invocations=30 (full 4):
 PSYoungGen      total 184320K, used 19347K [0x00000000e0000000, 0x00000000ee780000, 0x0000000100000000)
  eden space 138752K, 0% used [0x00000000e0000000,0x00000000e0000000,0x00000000e8780000)
  from space 45568K, 42% used [0x00000000ebb00000,0x00000000ecde4cd8,0x00000000ee780000)
  to   space 49152K, 0% used [0x00000000e8780000,0x00000000e8780000,0x00000000eb780000)
 ParOldGen       total 146944K, used 96938K [0x00000000a0000000, 0x00000000a8f80000, 0x00000000e0000000)
  object space 146944K, 65% used [0x00000000a0000000,0x00000000a5eaab40,0x00000000a8f80000)
 Metaspace       used 84833K, capacity 87904K, committed 88240K, reserved 1126400K
  class space    used 10976K, capacity 11642K, committed 11696K, reserved 1048576K
}

