# JRE version: OpenJDK Runtime Environment (8.0_152-b01) (build 1.8.0_152-release-1248-b01)
# Java VM: OpenJDK 64-Bit Server VM (25.152-b01 mixed mode windows-amd64 compressed oops)
Heap:
 PSYoungGen      total 125952K, used 82111K [0x00000000e0000000, 0x00000000e9e00000, 0x0000000100000000)
  eden space 93184K, 62% used [0x00000000e0000000,0x00000000e38940b8,0x00000000e5b00000)
  from space 32768K, 73% used [0x00000000e7d80000,0x00000000e951bbe8,0x00000000e9d80000)
  to   space 34304K, 0% used [0x00000000e5b00000,0x00000000e5b00000,0x00000000e7c80000)
 ParOldGen       total 188416K, used 100248K [0x00000000a0000000, 0x00000000ab800000, 0x00000000e0000000)
  object space 188416K, 53% used [0x00000000a0000000,0x00000000a61e6088,0x00000000ab800000)
 Metaspace       used 88799K, capacity 92340K, committed 92592K, reserved 1130496K
  class space    used 11390K, capacity 12204K, committed 12208K, reserved 1048576K
GC Heap History (10 events):
Event: 3020.627 GC heap before
{Heap before GC invocations=30 (full 4):
 PSYoungGen      total 118784K, used 118437K [0x00000000e0000000, 0x00000000ea480000, 0x0000000100000000)
  eden space 109056K, 100% used [0x00000000e0000000,0x00000000e6a80000,0x00000000e6a80000)
  from space 9728K, 96% used [0x00000000e6d80000,0x00000000e76a94b8,0x00000000e7700000)
  to   space 29696K, 0% used [0x00000000e8780000,0x00000000e8780000,0x00000000ea480000)
 ParOldGen       total 188416K, used 94281K [0x00000000a0000000, 0x00000000ab800000, 0x00000000e0000000)
  object space 188416K, 50% used [0x00000000a0000000,0x00000000a5c127a8,0x00000000ab800000)
 Metaspace       used 76371K, capacity 79634K, committed 79792K, reserved 1118208K
  class space    used 10096K, capacity 10889K, committed 10928K, reserved 1048576K
Event: 3020.671 GC heap after
Heap after GC invocations=30 (full 4):
 PSYoungGen      total 135680K, used 22119K [0x00000000e0000000, 0x00000000ea480000, 0x0000000100000000)
  eden space 105984K, 0% used [0x00000000e0000000,0x00000000e0000000,0x00000000e6780000)
  from space 29696K, 74% used [0x00000000e8780000,0x00000000e9d19e58,0x00000000ea480000)
  to   space 31232K, 0% used [0x00000000e6780000,0x00000000e6780000,0x00000000e8600000)
 ParOldGen       total 188416K, used 94289K [0x00000000a0000000, 0x00000000ab800000, 0x00000000e0000000)
  object space 188416K, 50% used [0x00000000a0000000,0x00000000a5c147a8,0x00000000ab800000)
 Metaspace       used 76371K, capacity 79634K, committed 79792K, reserved 1118208K
  class space    used 10096K, capacity 10889K, committed 10928K, reserved 1048576K
}
Event: 3036.220 GC heap before
{Heap before GC invocations=31 (full 4):
 PSYoungGen      total 135680K, used 128103K [0x00000000e0000000, 0x00000000ea480000, 0x0000000100000000)
  eden space 105984K, 100% used [0x00000000e0000000,0x00000000e6780000,0x00000000e6780000)
  from space 29696K, 74% used [0x00000000e8780000,0x00000000e9d19e58,0x00000000ea480000)
  to   space 31232K, 0% used [0x00000000e6780000,0x00000000e6780000,0x00000000e8600000)
 ParOldGen       total 188416K, used 94289K [0x00000000a0000000, 0x00000000ab800000, 0x00000000e0000000)
  object space 188416K, 50% used [0x00000000a0000000,0x00000000a5c147a8,0x00000000ab800000)
 Metaspace       used 78109K, capacity 81416K, committed 81712K, reserved 1120256K
  class space    used 10264K, capacity 11028K, committed 11056K, reserved 1048576K
Event: 3036.255 GC heap after
Heap after GC invocations=31 (full 4):
 PSYoungGen      total 118784K, used 15491K [0x00000000e0000000, 0x00000000e9e80000, 0x0000000100000000)
  eden space 102912K, 0% used [0x00000000e0000000,0x00000000e0000000,0x00000000e6480000)
  from space 15872K, 97% used [0x00000000e6780000,0x00000000e76a0fd0,0x00000000e7700000)
  to   space 29696K, 0% used [0x00000000e8180000,0x00000000e8180000,0x00000000e9e80000)
 ParOldGen       total 188416K, used 94297K [0x00000000a0000000, 0x00000000ab800000, 0x00000000e0000000)
  object space 188416K, 50% used [0x00000000a0000000,0x00000000a5c167a8,0x00000000ab800000)
 Metaspace       used 78109K, capacity 81416K, committed 81712K, reserved 1120256K
  class space    used 10264K, capacity 11028K, committed 11056K, reserved 1048576K
}
Event: 3055.267 GC heap before
{Heap before GC invocations=32 (full 4):
 PSYoungGen      total 118784K, used 118403K [0x00000000e0000000, 0x00000000e9e80000, 0x0000000100000000)
  eden space 102912K, 100% used [0x00000000e0000000,0x00000000e6480000,0x00000000e6480000)
  from space 15872K, 97% used [0x00000000e6780000,0x00000000e76a0fd0,0x00000000e7700000)
  to   space 29696K, 0% used [0x00000000e8180000,0x00000000e8180000,0x00000000e9e80000)
 ParOldGen       total 188416K, used 94297K [0x00000000a0000000, 0x00000000ab800000, 0x00000000e0000000)
  object space 188416K, 50% used [0x00000000a0000000,0x00000000a5c167a8,0x00000000ab800000)
 Metaspace       used 82667K, capacity 85928K, committed 86192K, reserved 1124352K
  class space    used 10823K, capacity 11614K, committed 11696K, reserved 1048576K
Event: 3055.359 GC heap after
Heap after GC invocations=32 (full 4):
 PSYoungGen      total 128000K, used 29680K [0x00000000e0000000, 0x00000000ea500000, 0x0000000100000000)
  eden space 98304K, 0% used [0x00000000e0000000,0x00000000e0000000,0x00000000e6000000)
  from space 29696K, 99% used [0x00000000e8180000,0x00000000e9e7c040,0x00000000e9e80000)
  to   space 34304K, 0% used [0x00000000e6000000,0x00000000e6000000,0x00000000e8180000)
 ParOldGen       total 188416K, used 95076K [0x00000000a0000000, 0x00000000ab800000, 0x00000000e0000000)
  object space 188416K, 50% used [0x00000000a0000000,0x00000000a5cd93f8,0x00000000ab800000)
 Metaspace       used 82667K, capacity 85928K, committed 86192K, reserved 1124352K
  class space    used 10823K, capacity 11614K, committed 11696K, reserved 1048576K
}
Event: 3064.058 GC heap before
{Heap before GC invocations=33 (full 4):
 PSYoungGen      total 128000K, used 127984K [0x00000000e0000000, 0x00000000ea500000, 0x0000000100000000)
  eden space 98304K, 100% used [0x00000000e0000000,0x00000000e6000000,0x00000000e6000000)
  from space 29696K, 99% used [0x00000000e8180000,0x00000000e9e7c040,0x00000000e9e80000)
  to   space 34304K, 0% used [0x00000000e6000000,0x00000000e6000000,0x00000000e8180000)
 ParOldGen       total 188416K, used 95076K [0x00000000a0000000, 0x00000000ab800000, 0x00000000e0000000)
  object space 188416K, 50% used [0x00000000a0000000,0x00000000a5cd93f8,0x00000000ab800000)
 Metaspace       used 84608K, capacity 87942K, committed 88112K, reserved 1126400K
  class space    used 10943K, capacity 11749K, committed 11824K, reserved 1048576K
Event: 3064.136 GC heap after
Heap after GC invocations=33 (full 4):
 PSYoungGen      total 112640K, used 16703K [0x00000000e0000000, 0x00000000e9d80000, 0x0000000100000000)
  eden space 95744K, 0% used [0x00000000e0000000,0x00000000e0000000,0x00000000e5d80000)
  from space 16896K, 98% used [0x00000000e6000000,0x00000000e704ff60,0x00000000e7080000)
  to   space 32768K, 0% used [0x00000000e7d80000,0x00000000e7d80000,0x00000000e9d80000)
 ParOldGen       total 188416K, used 100240K [0x00000000a0000000, 0x00000000ab800000, 0x00000000e0000000)
  object space 188416K, 53% used [0x00000000a0000000,0x00000000a61e4088,0x00000000ab800000)
 Metaspace       used 84608K, capacity 87942K, committed 88112K, reserved 1126400K
  class space    used 10943K, capacity 11749K, committed 11824K, reserved 1048576K
}
Event: 3076.214 GC heap before
{Heap before GC invocations=34 (full 4):
 PSYoungGen      total 112640K, used 107841K [0x00000000e0000000, 0x00000000e9d80000, 0x0000000100000000)
  eden space 95744K, 95% used [0x00000000e0000000,0x00000000e5900518,0x00000000e5d80000)
  from space 16896K, 98% used [0x00000000e6000000,0x00000000e704ff60,0x00000000e7080000)
  to   space 32768K, 0% used [0x00000000e7d80000,0x00000000e7d80000,0x00000000e9d80000)
 ParOldGen       total 188416K, used 100240K [0x00000000a0000000, 0x00000000ab800000, 0x00000000e0000000)
  object space 188416K, 53% used [0x00000000a0000000,0x00000000a61e4088,0x00000000ab800000)
 Metaspace       used 88799K, capacity 92340K, committed 92592K, reserved 1130496K
  class space    used 11390K, capacity 12204K, committed 12208K, reserved 1048576K
Event: 3076.283 GC heap after
Heap after GC invocations=34 (full 4):
 PSYoungGen      total 125952K, used 24174K [0x00000000e0000000, 0x00000000e9e00000, 0x0000000100000000)
  eden space 93184K, 0% used [0x00000000e0000000,0x00000000e0000000,0x00000000e5b00000)
  from space 32768K, 73% used [0x00000000e7d80000,0x00000000e951bbe8,0x00000000e9d80000)
  to   space 34304K, 0% used [0x00000000e5b00000,0x00000000e5b00000,0x00000000e7c80000)
 ParOldGen       total 188416K, used 100248K [0x00000000a0000000, 0x00000000ab800000, 0x00000000e0000000)
  object space 188416K, 53% used [0x00000000a0000000,0x00000000a61e6088,0x00000000ab800000)
 Metaspace       used 88799K, capacity 92340K, committed 92592K, reserved 1130496K
  class space    used 11390K, capacity 12204K, committed 12208K, reserved 1048576K
}

