# JRE version: OpenJDK Runtime Environment (8.0_152-b02) (build 1.8.0_152-release-1024-b02)
# Java VM: OpenJDK 64-Bit Server VM (25.152-b02 mixed mode windows-amd64 compressed oops)
Heap:
 PSYoungGen      total 217600K, used 113074K [0x00000000e0000000, 0x00000000f1e80000, 0x0000000100000000)
  eden space 172032K, 39% used [0x00000000e0000000,0x00000000e42efbb0,0x00000000ea800000)
  from space 45568K, 97% used [0x00000000ea800000,0x00000000ed37cd18,0x00000000ed480000)
  to   space 45056K, 0% used [0x00000000ef280000,0x00000000ef280000,0x00000000f1e80000)
 ParOldGen       total 154624K, used 64873K [0x00000000a0000000, 0x00000000a9700000, 0x00000000e0000000)
  object space 154624K, 41% used [0x00000000a0000000,0x00000000a3f5a6d0,0x00000000a9700000)
 Metaspace       used 81283K, capacity 84547K, committed 84992K, reserved 1122304K
  class space    used 10450K, capacity 11113K, committed 11264K, reserved 1048576K
GC Heap History (10 events):
Event: 2141.335 GC heap before
{Heap before GC invocations=24 (full 4):
 PSYoungGen      total 175616K, used 3568K [0x00000000e0000000, 0x00000000f0100000, 0x0000000100000000)
  eden space 172032K, 0% used [0x00000000e0000000,0x00000000e0000000,0x00000000ea800000)
  from space 3584K, 99% used [0x00000000edf00000,0x00000000ee27c010,0x00000000ee280000)
  to   space 45568K, 0% used [0x00000000ea800000,0x00000000ea800000,0x00000000ed480000)
 ParOldGen       total 122368K, used 122116K [0x00000000a0000000, 0x00000000a7780000, 0x00000000e0000000)
  object space 122368K, 99% used [0x00000000a0000000,0x00000000a77411a0,0x00000000a7780000)
 Metaspace       used 80172K, capacity 83501K, committed 83584K, reserved 1122304K
  class space    used 10439K, capacity 11128K, committed 11136K, reserved 1048576K
Event: 2142.441 GC heap after
Heap after GC invocations=24 (full 4):
 PSYoungGen      total 175616K, used 0K [0x00000000e0000000, 0x00000000f0100000, 0x0000000100000000)
  eden space 172032K, 0% used [0x00000000e0000000,0x00000000e0000000,0x00000000ea800000)
  from space 3584K, 0% used [0x00000000edf00000,0x00000000edf00000,0x00000000ee280000)
  to   space 45568K, 0% used [0x00000000ea800000,0x00000000ea800000,0x00000000ed480000)
 ParOldGen       total 122368K, used 106063K [0x00000000a0000000, 0x00000000a7780000, 0x00000000e0000000)
  object space 122368K, 86% used [0x00000000a0000000,0x00000000a6793d10,0x00000000a7780000)
 Metaspace       used 79374K, capacity 82077K, committed 83584K, reserved 1122304K
  class space    used 10255K, capacity 10802K, committed 11136K, reserved 1048576K
}
Event: 3071.758 GC heap before
{Heap before GC invocations=25 (full 5):
 PSYoungGen      total 175616K, used 172032K [0x00000000e0000000, 0x00000000f0100000, 0x0000000100000000)
  eden space 172032K, 100% used [0x00000000e0000000,0x00000000ea800000,0x00000000ea800000)
  from space 3584K, 0% used [0x00000000edf00000,0x00000000edf00000,0x00000000ee280000)
  to   space 45568K, 0% used [0x00000000ea800000,0x00000000ea800000,0x00000000ed480000)
 ParOldGen       total 122368K, used 106063K [0x00000000a0000000, 0x00000000a7780000, 0x00000000e0000000)
  object space 122368K, 86% used [0x00000000a0000000,0x00000000a6793d10,0x00000000a7780000)
 Metaspace       used 80466K, capacity 83533K, committed 84224K, reserved 1122304K
  class space    used 10414K, capacity 11066K, committed 11264K, reserved 1048576K
Event: 3072.071 GC heap after
Heap after GC invocations=25 (full 5):
 PSYoungGen      total 175616K, used 0K [0x00000000e0000000, 0x00000000f0100000, 0x0000000100000000)
  eden space 172032K, 0% used [0x00000000e0000000,0x00000000e0000000,0x00000000ea800000)
  from space 3584K, 0% used [0x00000000edf00000,0x00000000edf00000,0x00000000ee280000)
  to   space 45568K, 0% used [0x00000000ea800000,0x00000000ea800000,0x00000000ed480000)
 ParOldGen       total 154624K, used 48740K [0x00000000a0000000, 0x00000000a9700000, 0x00000000e0000000)
  object space 154624K, 31% used [0x00000000a0000000,0x00000000a2f991b0,0x00000000a9700000)
 Metaspace       used 79949K, capacity 82777K, committed 84224K, reserved 1122304K
  class space    used 10304K, capacity 10920K, committed 11264K, reserved 1048576K
}
Event: 3088.560 GC heap before
{Heap before GC invocations=26 (full 5):
 PSYoungGen      total 175616K, used 172032K [0x00000000e0000000, 0x00000000f0100000, 0x0000000100000000)
  eden space 172032K, 100% used [0x00000000e0000000,0x00000000ea800000,0x00000000ea800000)
  from space 3584K, 0% used [0x00000000edf00000,0x00000000edf00000,0x00000000ee280000)
  to   space 45568K, 0% used [0x00000000ea800000,0x00000000ea800000,0x00000000ed480000)
 ParOldGen       total 154624K, used 48740K [0x00000000a0000000, 0x00000000a9700000, 0x00000000e0000000)
  object space 154624K, 31% used [0x00000000a0000000,0x00000000a2f991b0,0x00000000a9700000)
 Metaspace       used 80213K, capacity 83193K, committed 84224K, reserved 1122304K
  class space    used 10323K, capacity 10942K, committed 11264K, reserved 1048576K
Event: 3088.569 GC heap after
Heap after GC invocations=26 (full 5):
 PSYoungGen      total 217600K, used 3552K [0x00000000e0000000, 0x00000000f1e80000, 0x0000000100000000)
  eden space 172032K, 0% used [0x00000000e0000000,0x00000000e0000000,0x00000000ea800000)
  from space 45568K, 7% used [0x00000000ea800000,0x00000000eab780e8,0x00000000ed480000)
  to   space 45056K, 0% used [0x00000000ef280000,0x00000000ef280000,0x00000000f1e80000)
 ParOldGen       total 154624K, used 48740K [0x00000000a0000000, 0x00000000a9700000, 0x00000000e0000000)
  object space 154624K, 31% used [0x00000000a0000000,0x00000000a2f991b0,0x00000000a9700000)
 Metaspace       used 80213K, capacity 83193K, committed 84224K, reserved 1122304K
  class space    used 10323K, capacity 10942K, committed 11264K, reserved 1048576K
}
Event: 3094.630 GC heap before
{Heap before GC invocations=27 (full 5):
 PSYoungGen      total 217600K, used 175584K [0x00000000e0000000, 0x00000000f1e80000, 0x0000000100000000)
  eden space 172032K, 100% used [0x00000000e0000000,0x00000000ea800000,0x00000000ea800000)
  from space 45568K, 7% used [0x00000000ea800000,0x00000000eab780e8,0x00000000ed480000)
  to   space 45056K, 0% used [0x00000000ef280000,0x00000000ef280000,0x00000000f1e80000)
 ParOldGen       total 154624K, used 48740K [0x00000000a0000000, 0x00000000a9700000, 0x00000000e0000000)
  object space 154624K, 31% used [0x00000000a0000000,0x00000000a2f991b0,0x00000000a9700000)
 Metaspace       used 80425K, capacity 83395K, committed 84224K, reserved 1122304K
  class space    used 10326K, capacity 10943K, committed 11264K, reserved 1048576K
Event: 3094.797 GC heap after
Heap after GC invocations=27 (full 5):
 PSYoungGen      total 217088K, used 45029K [0x00000000e0000000, 0x00000000f1e80000, 0x0000000100000000)
  eden space 172032K, 0% used [0x00000000e0000000,0x00000000e0000000,0x00000000ea800000)
  from space 45056K, 99% used [0x00000000ef280000,0x00000000f1e79618,0x00000000f1e80000)
  to   space 45568K, 0% used [0x00000000ea800000,0x00000000ea800000,0x00000000ed480000)
 ParOldGen       total 154624K, used 64865K [0x00000000a0000000, 0x00000000a9700000, 0x00000000e0000000)
  object space 154624K, 41% used [0x00000000a0000000,0x00000000a3f586d0,0x00000000a9700000)
 Metaspace       used 80425K, capacity 83395K, committed 84224K, reserved 1122304K
  class space    used 10326K, capacity 10943K, committed 11264K, reserved 1048576K
}
Event: 3097.302 GC heap before
{Heap before GC invocations=28 (full 5):
 PSYoungGen      total 217088K, used 216977K [0x00000000e0000000, 0x00000000f1e80000, 0x0000000100000000)
  eden space 172032K, 99% used [0x00000000e0000000,0x00000000ea7eb190,0x00000000ea800000)
  from space 45056K, 99% used [0x00000000ef280000,0x00000000f1e79618,0x00000000f1e80000)
  to   space 45568K, 0% used [0x00000000ea800000,0x00000000ea800000,0x00000000ed480000)
 ParOldGen       total 154624K, used 64865K [0x00000000a0000000, 0x00000000a9700000, 0x00000000e0000000)
  object space 154624K, 41% used [0x00000000a0000000,0x00000000a3f586d0,0x00000000a9700000)
 Metaspace       used 80466K, capacity 83477K, committed 84480K, reserved 1122304K
  class space    used 10328K, capacity 10946K, committed 11264K, reserved 1048576K
Event: 3097.380 GC heap after
Heap after GC invocations=28 (full 5):
 PSYoungGen      total 217600K, used 44531K [0x00000000e0000000, 0x00000000f1e80000, 0x0000000100000000)
  eden space 172032K, 0% used [0x00000000e0000000,0x00000000e0000000,0x00000000ea800000)
  from space 45568K, 97% used [0x00000000ea800000,0x00000000ed37cd18,0x00000000ed480000)
  to   space 45056K, 0% used [0x00000000ef280000,0x00000000ef280000,0x00000000f1e80000)
 ParOldGen       total 154624K, used 64873K [0x00000000a0000000, 0x00000000a9700000, 0x00000000e0000000)
  object space 154624K, 41% used [0x00000000a0000000,0x00000000a3f5a6d0,0x00000000a9700000)
 Metaspace       used 80466K, capacity 83477K, committed 84480K, reserved 1122304K
  class space    used 10328K, capacity 10946K, committed 11264K, reserved 1048576K
}

