# JRE version: OpenJDK Runtime Environment (8.0_152-b01) (build 1.8.0_152-release-1248-b01)
# Java VM: OpenJDK 64-Bit Server VM (25.152-b01 mixed mode windows-amd64 compressed oops)
Heap:
 PSYoungGen      total 181248K, used 120592K [0x00000000e0000000, 0x00000000edf00000, 0x0000000100000000)
  eden space 143360K, 72% used [0x00000000e0000000,0x00000000e6619090,0x00000000e8c00000)
  from space 37888K, 42% used [0x00000000eba00000,0x00000000ec9ab300,0x00000000edf00000)
  to   space 42496K, 0% used [0x00000000e8c00000,0x00000000e8c00000,0x00000000eb580000)
 ParOldGen       total 185344K, used 107838K [0x00000000a0000000, 0x00000000ab500000, 0x00000000e0000000)
  object space 185344K, 58% used [0x00000000a0000000,0x00000000a694f900,0x00000000ab500000)
 Metaspace       used 78090K, capacity 80960K, committed 81200K, reserved 1120256K
  class space    used 10541K, capacity 11190K, committed 11312K, reserved 1048576K
GC Heap History (10 events):
Event: 33.728 GC heap before
{Heap before GC invocations=22 (full 3):
 PSYoungGen      total 131584K, used 131226K [0x00000000e0000000, 0x00000000e9680000, 0x0000000100000000)
  eden space 123904K, 100% used [0x00000000e0000000,0x00000000e7900000,0x00000000e7900000)
  from space 7680K, 95% used [0x00000000e8f00000,0x00000000e9626ab0,0x00000000e9680000)
  to   space 12800K, 0% used [0x00000000e7d80000,0x00000000e7d80000,0x00000000e8a00000)
 ParOldGen       total 86016K, used 34665K [0x00000000a0000000, 0x00000000a5400000, 0x00000000e0000000)
  object space 86016K, 40% used [0x00000000a0000000,0x00000000a21da590,0x00000000a5400000)
 Metaspace       used 65725K, capacity 67582K, committed 67760K, reserved 1107968K
  class space    used 8831K, capacity 9373K, committed 9392K, reserved 1048576K
Event: 33.761 GC heap after
Heap after GC invocations=22 (full 3):
 PSYoungGen      total 141312K, used 12780K [0x00000000e0000000, 0x00000000ea580000, 0x0000000100000000)
  eden space 128512K, 0% used [0x00000000e0000000,0x00000000e0000000,0x00000000e7d80000)
  from space 12800K, 99% used [0x00000000e7d80000,0x00000000e89fb028,0x00000000e8a00000)
  to   space 15360K, 0% used [0x00000000e9680000,0x00000000e9680000,0x00000000ea580000)
 ParOldGen       total 86016K, used 37522K [0x00000000a0000000, 0x00000000a5400000, 0x00000000e0000000)
  object space 86016K, 43% used [0x00000000a0000000,0x00000000a24a4a30,0x00000000a5400000)
 Metaspace       used 65725K, capacity 67582K, committed 67760K, reserved 1107968K
  class space    used 8831K, capacity 9373K, committed 9392K, reserved 1048576K
}
Event: 40.430 GC heap before
{Heap before GC invocations=23 (full 3):
 PSYoungGen      total 141312K, used 141292K [0x00000000e0000000, 0x00000000ea580000, 0x0000000100000000)
  eden space 128512K, 100% used [0x00000000e0000000,0x00000000e7d80000,0x00000000e7d80000)
  from space 12800K, 99% used [0x00000000e7d80000,0x00000000e89fb028,0x00000000e8a00000)
  to   space 15360K, 0% used [0x00000000e9680000,0x00000000e9680000,0x00000000ea580000)
 ParOldGen       total 86016K, used 37522K [0x00000000a0000000, 0x00000000a5400000, 0x00000000e0000000)
  object space 86016K, 43% used [0x00000000a0000000,0x00000000a24a4a30,0x00000000a5400000)
 Metaspace       used 73577K, capacity 76368K, committed 76464K, reserved 1116160K
  class space    used 9956K, capacity 10628K, committed 10672K, reserved 1048576K
Event: 40.516 GC heap after
Heap after GC invocations=23 (full 3):
 PSYoungGen      total 140288K, used 15350K [0x00000000e0000000, 0x00000000ec680000, 0x0000000100000000)
  eden space 124928K, 0% used [0x00000000e0000000,0x00000000e0000000,0x00000000e7a00000)
  from space 15360K, 99% used [0x00000000e9680000,0x00000000ea57dae0,0x00000000ea580000)
  to   space 29184K, 0% used [0x00000000e7a00000,0x00000000e7a00000,0x00000000e9680000)
 ParOldGen       total 86016K, used 68473K [0x00000000a0000000, 0x00000000a5400000, 0x00000000e0000000)
  object space 86016K, 79% used [0x00000000a0000000,0x00000000a42de650,0x00000000a5400000)
 Metaspace       used 73577K, capacity 76368K, committed 76464K, reserved 1116160K
  class space    used 9956K, capacity 10628K, committed 10672K, reserved 1048576K
}
Event: 43.368 GC heap before
{Heap before GC invocations=24 (full 3):
 PSYoungGen      total 140288K, used 140278K [0x00000000e0000000, 0x00000000ec680000, 0x0000000100000000)
  eden space 124928K, 100% used [0x00000000e0000000,0x00000000e7a00000,0x00000000e7a00000)
  from space 15360K, 99% used [0x00000000e9680000,0x00000000ea57dae0,0x00000000ea580000)
  to   space 29184K, 0% used [0x00000000e7a00000,0x00000000e7a00000,0x00000000e9680000)
 ParOldGen       total 86016K, used 68473K [0x00000000a0000000, 0x00000000a5400000, 0x00000000e0000000)
  object space 86016K, 79% used [0x00000000a0000000,0x00000000a42de650,0x00000000a5400000)
 Metaspace       used 74406K, capacity 77262K, committed 77616K, reserved 1116160K
  class space    used 10024K, capacity 10685K, committed 10800K, reserved 1048576K
Event: 43.466 GC heap after
Heap after GC invocations=24 (full 3):
 PSYoungGen      total 154112K, used 29152K [0x00000000e0000000, 0x00000000ee600000, 0x0000000100000000)
  eden space 124928K, 0% used [0x00000000e0000000,0x00000000e0000000,0x00000000e7a00000)
  from space 29184K, 99% used [0x00000000e7a00000,0x00000000e9678050,0x00000000e9680000)
  to   space 45056K, 0% used [0x00000000eba00000,0x00000000eba00000,0x00000000ee600000)
 ParOldGen       total 98816K, used 98773K [0x00000000a0000000, 0x00000000a6080000, 0x00000000e0000000)
  object space 98816K, 99% used [0x00000000a0000000,0x00000000a6075698,0x00000000a6080000)
 Metaspace       used 74406K, capacity 77262K, committed 77616K, reserved 1116160K
  class space    used 10024K, capacity 10685K, committed 10800K, reserved 1048576K
}
Event: 43.466 GC heap before
{Heap before GC invocations=25 (full 4):
 PSYoungGen      total 154112K, used 29152K [0x00000000e0000000, 0x00000000ee600000, 0x0000000100000000)
  eden space 124928K, 0% used [0x00000000e0000000,0x00000000e0000000,0x00000000e7a00000)
  from space 29184K, 99% used [0x00000000e7a00000,0x00000000e9678050,0x00000000e9680000)
  to   space 45056K, 0% used [0x00000000eba00000,0x00000000eba00000,0x00000000ee600000)
 ParOldGen       total 98816K, used 98773K [0x00000000a0000000, 0x00000000a6080000, 0x00000000e0000000)
  object space 98816K, 99% used [0x00000000a0000000,0x00000000a6075698,0x00000000a6080000)
 Metaspace       used 74406K, capacity 77262K, committed 77616K, reserved 1116160K
  class space    used 10024K, capacity 10685K, committed 10800K, reserved 1048576K
Event: 44.495 GC heap after
Heap after GC invocations=25 (full 4):
 PSYoungGen      total 154112K, used 9370K [0x00000000e0000000, 0x00000000ee600000, 0x0000000100000000)
  eden space 124928K, 0% used [0x00000000e0000000,0x00000000e0000000,0x00000000e7a00000)
  from space 29184K, 32% used [0x00000000e7a00000,0x00000000e8326830,0x00000000e9680000)
  to   space 45056K, 0% used [0x00000000eba00000,0x00000000eba00000,0x00000000ee600000)
 ParOldGen       total 185344K, used 98397K [0x00000000a0000000, 0x00000000ab500000, 0x00000000e0000000)
  object space 185344K, 53% used [0x00000000a0000000,0x00000000a6017748,0x00000000ab500000)
 Metaspace       used 74199K, capacity 76690K, committed 77616K, reserved 1116160K
  class space    used 9952K, capacity 10561K, committed 10800K, reserved 1048576K
}
Event: 47.009 GC heap before
{Heap before GC invocations=26 (full 4):
 PSYoungGen      total 154112K, used 132219K [0x00000000e0000000, 0x00000000ee600000, 0x0000000100000000)
  eden space 124928K, 98% used [0x00000000e0000000,0x00000000e77f83f8,0x00000000e7a00000)
  from space 29184K, 32% used [0x00000000e7a00000,0x00000000e8326830,0x00000000e9680000)
  to   space 45056K, 0% used [0x00000000eba00000,0x00000000eba00000,0x00000000ee600000)
 ParOldGen       total 185344K, used 98397K [0x00000000a0000000, 0x00000000ab500000, 0x00000000e0000000)
  object space 185344K, 53% used [0x00000000a0000000,0x00000000a6017748,0x00000000ab500000)
 Metaspace       used 75927K, capacity 78482K, committed 79024K, reserved 1118208K
  class space    used 10159K, capacity 10763K, committed 10928K, reserved 1048576K
Event: 47.067 GC heap after
Heap after GC invocations=26 (full 4):
 PSYoungGen      total 181248K, used 16044K [0x00000000e0000000, 0x00000000edf00000, 0x0000000100000000)
  eden space 143360K, 0% used [0x00000000e0000000,0x00000000e0000000,0x00000000e8c00000)
  from space 37888K, 42% used [0x00000000eba00000,0x00000000ec9ab300,0x00000000edf00000)
  to   space 42496K, 0% used [0x00000000e8c00000,0x00000000e8c00000,0x00000000eb580000)
 ParOldGen       total 185344K, used 107838K [0x00000000a0000000, 0x00000000ab500000, 0x00000000e0000000)
  object space 185344K, 58% used [0x00000000a0000000,0x00000000a694f900,0x00000000ab500000)
 Metaspace       used 75927K, capacity 78482K, committed 79024K, reserved 1118208K
  class space    used 10159K, capacity 10763K, committed 10928K, reserved 1048576K
}

